[2024-11-05 15:39:16,908] {taskinstance.py:1159} INFO - Dependencies all met for <TaskInstance: dados_climaticos.cria_pasta scheduled__2024-10-28T00:00:00+00:00 [queued]>
[2024-11-05 15:39:16,918] {taskinstance.py:1159} INFO - Dependencies all met for <TaskInstance: dados_climaticos.cria_pasta scheduled__2024-10-28T00:00:00+00:00 [queued]>
[2024-11-05 15:39:16,919] {taskinstance.py:1356} INFO - 
--------------------------------------------------------------------------------
[2024-11-05 15:39:16,919] {taskinstance.py:1357} INFO - Starting attempt 1 of 1
[2024-11-05 15:39:16,919] {taskinstance.py:1358} INFO - 
--------------------------------------------------------------------------------
[2024-11-05 15:39:17,107] {taskinstance.py:1377} INFO - Executing <Task(BashOperator): cria_pasta> on 2024-10-28 00:00:00+00:00
[2024-11-05 15:39:17,110] {standard_task_runner.py:52} INFO - Started process 1065095 to run task
[2024-11-05 15:39:17,113] {standard_task_runner.py:79} INFO - Running: ['airflow', 'tasks', 'run', 'dados_climaticos', 'cria_pasta', 'scheduled__2024-10-28T00:00:00+00:00', '--job-id', '13', '--raw', '--subdir', 'DAGS_FOLDER/dados_climaticos_dag.py', '--cfg-path', '/tmp/tmpnao9tgjm', '--error-file', '/tmp/tmplawv6k2d']
[2024-11-05 15:39:17,113] {standard_task_runner.py:80} INFO - Job 13: Subtask cria_pasta
[2024-11-05 15:39:17,398] {task_command.py:370} INFO - Running <TaskInstance: dados_climaticos.cria_pasta scheduled__2024-10-28T00:00:00+00:00 [running]> on host paula-Aspire-E5-573G
[2024-11-05 15:39:17,825] {taskinstance.py:1569} INFO - Exporting the following env vars:
AIRFLOW_CTX_DAG_OWNER=airflow
AIRFLOW_CTX_DAG_ID=dados_climaticos
AIRFLOW_CTX_TASK_ID=cria_pasta
AIRFLOW_CTX_EXECUTION_DATE=2024-10-28T00:00:00+00:00
AIRFLOW_CTX_TRY_NUMBER=1
AIRFLOW_CTX_DAG_RUN_ID=scheduled__2024-10-28T00:00:00+00:00
[2024-11-05 15:39:17,827] {subprocess.py:62} INFO - Tmp dir root location: 
 /tmp
[2024-11-05 15:39:17,828] {subprocess.py:74} INFO - Running command: ['bash', '-c', 'mkdir -p "/home/paula/Documentos/airflow/semana=2024-11-04"']
[2024-11-05 15:39:17,842] {subprocess.py:85} INFO - Output:
[2024-11-05 15:39:17,843] {subprocess.py:96} INFO - Command exited with return code 0
[2024-11-05 15:39:18,023] {taskinstance.py:1395} INFO - Marking task as SUCCESS. dag_id=dados_climaticos, task_id=cria_pasta, execution_date=20241028T000000, start_date=20241105T183916, end_date=20241105T183918
[2024-11-05 15:39:18,258] {local_task_job.py:156} INFO - Task exited with return code 0
[2024-11-05 15:39:18,439] {local_task_job.py:273} INFO - 1 downstream tasks scheduled from follow-on schedule check
