[2024-11-05 15:07:17,589] {processor.py:153} INFO - Started process (PID=1052995) to work on /home/paula/Documentos/airflow/venv/lib/python3.10/site-packages/airflow/example_dags/plugins/workday.py
[2024-11-05 15:07:17,590] {processor.py:641} INFO - Processing file /home/paula/Documentos/airflow/venv/lib/python3.10/site-packages/airflow/example_dags/plugins/workday.py for tasks to queue
[2024-11-05 15:07:17,590] {logging_mixin.py:115} INFO - [2024-11-05 15:07:17,590] {dagbag.py:507} INFO - Filling up the DagBag from /home/paula/Documentos/airflow/venv/lib/python3.10/site-packages/airflow/example_dags/plugins/workday.py
[2024-11-05 15:07:17,592] {processor.py:653} WARNING - No viable dags retrieved from /home/paula/Documentos/airflow/venv/lib/python3.10/site-packages/airflow/example_dags/plugins/workday.py
[2024-11-05 15:07:17,604] {processor.py:161} INFO - Processing /home/paula/Documentos/airflow/venv/lib/python3.10/site-packages/airflow/example_dags/plugins/workday.py took 0.017 seconds
[2024-11-05 15:08:33,580] {processor.py:153} INFO - Started process (PID=1053621) to work on /home/paula/Documentos/airflow/venv/lib/python3.10/site-packages/airflow/example_dags/plugins/workday.py
[2024-11-05 15:08:33,602] {processor.py:641} INFO - Processing file /home/paula/Documentos/airflow/venv/lib/python3.10/site-packages/airflow/example_dags/plugins/workday.py for tasks to queue
[2024-11-05 15:08:33,603] {logging_mixin.py:115} INFO - [2024-11-05 15:08:33,603] {dagbag.py:507} INFO - Filling up the DagBag from /home/paula/Documentos/airflow/venv/lib/python3.10/site-packages/airflow/example_dags/plugins/workday.py
[2024-11-05 15:08:33,605] {processor.py:653} WARNING - No viable dags retrieved from /home/paula/Documentos/airflow/venv/lib/python3.10/site-packages/airflow/example_dags/plugins/workday.py
[2024-11-05 15:08:33,617] {processor.py:161} INFO - Processing /home/paula/Documentos/airflow/venv/lib/python3.10/site-packages/airflow/example_dags/plugins/workday.py took 0.041 seconds
[2024-11-05 15:09:14,903] {processor.py:153} INFO - Started process (PID=1053838) to work on /home/paula/Documentos/airflow/venv/lib/python3.10/site-packages/airflow/example_dags/plugins/workday.py
[2024-11-05 15:09:14,927] {processor.py:641} INFO - Processing file /home/paula/Documentos/airflow/venv/lib/python3.10/site-packages/airflow/example_dags/plugins/workday.py for tasks to queue
[2024-11-05 15:09:14,928] {logging_mixin.py:115} INFO - [2024-11-05 15:09:14,928] {dagbag.py:507} INFO - Filling up the DagBag from /home/paula/Documentos/airflow/venv/lib/python3.10/site-packages/airflow/example_dags/plugins/workday.py
[2024-11-05 15:09:14,931] {processor.py:653} WARNING - No viable dags retrieved from /home/paula/Documentos/airflow/venv/lib/python3.10/site-packages/airflow/example_dags/plugins/workday.py
[2024-11-05 15:09:14,947] {processor.py:161} INFO - Processing /home/paula/Documentos/airflow/venv/lib/python3.10/site-packages/airflow/example_dags/plugins/workday.py took 0.046 seconds
[2024-11-05 15:09:54,887] {processor.py:153} INFO - Started process (PID=1054033) to work on /home/paula/Documentos/airflow/venv/lib/python3.10/site-packages/airflow/example_dags/plugins/workday.py
[2024-11-05 15:09:54,923] {processor.py:641} INFO - Processing file /home/paula/Documentos/airflow/venv/lib/python3.10/site-packages/airflow/example_dags/plugins/workday.py for tasks to queue
[2024-11-05 15:09:54,924] {logging_mixin.py:115} INFO - [2024-11-05 15:09:54,923] {dagbag.py:507} INFO - Filling up the DagBag from /home/paula/Documentos/airflow/venv/lib/python3.10/site-packages/airflow/example_dags/plugins/workday.py
[2024-11-05 15:09:54,926] {processor.py:653} WARNING - No viable dags retrieved from /home/paula/Documentos/airflow/venv/lib/python3.10/site-packages/airflow/example_dags/plugins/workday.py
[2024-11-05 15:09:54,936] {processor.py:161} INFO - Processing /home/paula/Documentos/airflow/venv/lib/python3.10/site-packages/airflow/example_dags/plugins/workday.py took 0.052 seconds
[2024-11-05 15:10:26,830] {processor.py:153} INFO - Started process (PID=1054456) to work on /home/paula/Documentos/airflow/venv/lib/python3.10/site-packages/airflow/example_dags/plugins/workday.py
[2024-11-05 15:10:26,860] {processor.py:641} INFO - Processing file /home/paula/Documentos/airflow/venv/lib/python3.10/site-packages/airflow/example_dags/plugins/workday.py for tasks to queue
[2024-11-05 15:10:26,861] {logging_mixin.py:115} INFO - [2024-11-05 15:10:26,861] {dagbag.py:507} INFO - Filling up the DagBag from /home/paula/Documentos/airflow/venv/lib/python3.10/site-packages/airflow/example_dags/plugins/workday.py
[2024-11-05 15:10:26,863] {processor.py:653} WARNING - No viable dags retrieved from /home/paula/Documentos/airflow/venv/lib/python3.10/site-packages/airflow/example_dags/plugins/workday.py
[2024-11-05 15:10:26,875] {processor.py:161} INFO - Processing /home/paula/Documentos/airflow/venv/lib/python3.10/site-packages/airflow/example_dags/plugins/workday.py took 0.048 seconds
[2024-11-05 15:11:03,070] {processor.py:153} INFO - Started process (PID=1054637) to work on /home/paula/Documentos/airflow/venv/lib/python3.10/site-packages/airflow/example_dags/plugins/workday.py
[2024-11-05 15:11:03,091] {processor.py:641} INFO - Processing file /home/paula/Documentos/airflow/venv/lib/python3.10/site-packages/airflow/example_dags/plugins/workday.py for tasks to queue
[2024-11-05 15:11:03,092] {logging_mixin.py:115} INFO - [2024-11-05 15:11:03,092] {dagbag.py:507} INFO - Filling up the DagBag from /home/paula/Documentos/airflow/venv/lib/python3.10/site-packages/airflow/example_dags/plugins/workday.py
[2024-11-05 15:11:03,095] {processor.py:653} WARNING - No viable dags retrieved from /home/paula/Documentos/airflow/venv/lib/python3.10/site-packages/airflow/example_dags/plugins/workday.py
[2024-11-05 15:11:03,107] {processor.py:161} INFO - Processing /home/paula/Documentos/airflow/venv/lib/python3.10/site-packages/airflow/example_dags/plugins/workday.py took 0.040 seconds
[2024-11-05 15:11:37,547] {processor.py:153} INFO - Started process (PID=1054823) to work on /home/paula/Documentos/airflow/venv/lib/python3.10/site-packages/airflow/example_dags/plugins/workday.py
[2024-11-05 15:11:37,575] {processor.py:641} INFO - Processing file /home/paula/Documentos/airflow/venv/lib/python3.10/site-packages/airflow/example_dags/plugins/workday.py for tasks to queue
[2024-11-05 15:11:37,575] {logging_mixin.py:115} INFO - [2024-11-05 15:11:37,575] {dagbag.py:507} INFO - Filling up the DagBag from /home/paula/Documentos/airflow/venv/lib/python3.10/site-packages/airflow/example_dags/plugins/workday.py
[2024-11-05 15:11:37,577] {processor.py:653} WARNING - No viable dags retrieved from /home/paula/Documentos/airflow/venv/lib/python3.10/site-packages/airflow/example_dags/plugins/workday.py
[2024-11-05 15:11:37,589] {processor.py:161} INFO - Processing /home/paula/Documentos/airflow/venv/lib/python3.10/site-packages/airflow/example_dags/plugins/workday.py took 0.045 seconds
[2024-11-05 15:12:11,186] {processor.py:153} INFO - Started process (PID=1055049) to work on /home/paula/Documentos/airflow/venv/lib/python3.10/site-packages/airflow/example_dags/plugins/workday.py
[2024-11-05 15:12:11,196] {processor.py:641} INFO - Processing file /home/paula/Documentos/airflow/venv/lib/python3.10/site-packages/airflow/example_dags/plugins/workday.py for tasks to queue
[2024-11-05 15:12:11,197] {logging_mixin.py:115} INFO - [2024-11-05 15:12:11,196] {dagbag.py:507} INFO - Filling up the DagBag from /home/paula/Documentos/airflow/venv/lib/python3.10/site-packages/airflow/example_dags/plugins/workday.py
[2024-11-05 15:12:11,199] {processor.py:653} WARNING - No viable dags retrieved from /home/paula/Documentos/airflow/venv/lib/python3.10/site-packages/airflow/example_dags/plugins/workday.py
[2024-11-05 15:12:11,216] {processor.py:161} INFO - Processing /home/paula/Documentos/airflow/venv/lib/python3.10/site-packages/airflow/example_dags/plugins/workday.py took 0.032 seconds
[2024-11-05 15:12:43,903] {processor.py:153} INFO - Started process (PID=1055241) to work on /home/paula/Documentos/airflow/venv/lib/python3.10/site-packages/airflow/example_dags/plugins/workday.py
[2024-11-05 15:12:43,928] {processor.py:641} INFO - Processing file /home/paula/Documentos/airflow/venv/lib/python3.10/site-packages/airflow/example_dags/plugins/workday.py for tasks to queue
[2024-11-05 15:12:43,929] {logging_mixin.py:115} INFO - [2024-11-05 15:12:43,929] {dagbag.py:507} INFO - Filling up the DagBag from /home/paula/Documentos/airflow/venv/lib/python3.10/site-packages/airflow/example_dags/plugins/workday.py
[2024-11-05 15:12:43,931] {processor.py:653} WARNING - No viable dags retrieved from /home/paula/Documentos/airflow/venv/lib/python3.10/site-packages/airflow/example_dags/plugins/workday.py
[2024-11-05 15:12:43,944] {processor.py:161} INFO - Processing /home/paula/Documentos/airflow/venv/lib/python3.10/site-packages/airflow/example_dags/plugins/workday.py took 0.044 seconds
[2024-11-05 15:13:17,909] {processor.py:153} INFO - Started process (PID=1055440) to work on /home/paula/Documentos/airflow/venv/lib/python3.10/site-packages/airflow/example_dags/plugins/workday.py
[2024-11-05 15:13:17,938] {processor.py:641} INFO - Processing file /home/paula/Documentos/airflow/venv/lib/python3.10/site-packages/airflow/example_dags/plugins/workday.py for tasks to queue
[2024-11-05 15:13:17,939] {logging_mixin.py:115} INFO - [2024-11-05 15:13:17,939] {dagbag.py:507} INFO - Filling up the DagBag from /home/paula/Documentos/airflow/venv/lib/python3.10/site-packages/airflow/example_dags/plugins/workday.py
[2024-11-05 15:13:17,941] {processor.py:653} WARNING - No viable dags retrieved from /home/paula/Documentos/airflow/venv/lib/python3.10/site-packages/airflow/example_dags/plugins/workday.py
[2024-11-05 15:13:17,958] {processor.py:161} INFO - Processing /home/paula/Documentos/airflow/venv/lib/python3.10/site-packages/airflow/example_dags/plugins/workday.py took 0.053 seconds
[2024-11-05 15:13:54,769] {processor.py:153} INFO - Started process (PID=1055655) to work on /home/paula/Documentos/airflow/venv/lib/python3.10/site-packages/airflow/example_dags/plugins/workday.py
[2024-11-05 15:13:54,821] {processor.py:641} INFO - Processing file /home/paula/Documentos/airflow/venv/lib/python3.10/site-packages/airflow/example_dags/plugins/workday.py for tasks to queue
[2024-11-05 15:13:54,822] {logging_mixin.py:115} INFO - [2024-11-05 15:13:54,822] {dagbag.py:507} INFO - Filling up the DagBag from /home/paula/Documentos/airflow/venv/lib/python3.10/site-packages/airflow/example_dags/plugins/workday.py
[2024-11-05 15:13:54,824] {processor.py:653} WARNING - No viable dags retrieved from /home/paula/Documentos/airflow/venv/lib/python3.10/site-packages/airflow/example_dags/plugins/workday.py
[2024-11-05 15:13:54,841] {processor.py:161} INFO - Processing /home/paula/Documentos/airflow/venv/lib/python3.10/site-packages/airflow/example_dags/plugins/workday.py took 0.075 seconds
[2024-11-05 15:14:28,983] {processor.py:153} INFO - Started process (PID=1055850) to work on /home/paula/Documentos/airflow/venv/lib/python3.10/site-packages/airflow/example_dags/plugins/workday.py
[2024-11-05 15:14:28,986] {processor.py:641} INFO - Processing file /home/paula/Documentos/airflow/venv/lib/python3.10/site-packages/airflow/example_dags/plugins/workday.py for tasks to queue
[2024-11-05 15:14:28,987] {logging_mixin.py:115} INFO - [2024-11-05 15:14:28,987] {dagbag.py:507} INFO - Filling up the DagBag from /home/paula/Documentos/airflow/venv/lib/python3.10/site-packages/airflow/example_dags/plugins/workday.py
[2024-11-05 15:14:28,991] {processor.py:653} WARNING - No viable dags retrieved from /home/paula/Documentos/airflow/venv/lib/python3.10/site-packages/airflow/example_dags/plugins/workday.py
[2024-11-05 15:14:29,018] {processor.py:161} INFO - Processing /home/paula/Documentos/airflow/venv/lib/python3.10/site-packages/airflow/example_dags/plugins/workday.py took 0.045 seconds
[2024-11-05 15:15:04,681] {processor.py:153} INFO - Started process (PID=1056074) to work on /home/paula/Documentos/airflow/venv/lib/python3.10/site-packages/airflow/example_dags/plugins/workday.py
[2024-11-05 15:15:04,695] {processor.py:641} INFO - Processing file /home/paula/Documentos/airflow/venv/lib/python3.10/site-packages/airflow/example_dags/plugins/workday.py for tasks to queue
[2024-11-05 15:15:04,696] {logging_mixin.py:115} INFO - [2024-11-05 15:15:04,696] {dagbag.py:507} INFO - Filling up the DagBag from /home/paula/Documentos/airflow/venv/lib/python3.10/site-packages/airflow/example_dags/plugins/workday.py
[2024-11-05 15:15:04,699] {processor.py:653} WARNING - No viable dags retrieved from /home/paula/Documentos/airflow/venv/lib/python3.10/site-packages/airflow/example_dags/plugins/workday.py
[2024-11-05 15:15:04,708] {processor.py:161} INFO - Processing /home/paula/Documentos/airflow/venv/lib/python3.10/site-packages/airflow/example_dags/plugins/workday.py took 0.030 seconds
[2024-11-05 15:15:38,804] {processor.py:153} INFO - Started process (PID=1056283) to work on /home/paula/Documentos/airflow/venv/lib/python3.10/site-packages/airflow/example_dags/plugins/workday.py
[2024-11-05 15:15:38,816] {processor.py:641} INFO - Processing file /home/paula/Documentos/airflow/venv/lib/python3.10/site-packages/airflow/example_dags/plugins/workday.py for tasks to queue
[2024-11-05 15:15:38,817] {logging_mixin.py:115} INFO - [2024-11-05 15:15:38,817] {dagbag.py:507} INFO - Filling up the DagBag from /home/paula/Documentos/airflow/venv/lib/python3.10/site-packages/airflow/example_dags/plugins/workday.py
[2024-11-05 15:15:38,819] {processor.py:653} WARNING - No viable dags retrieved from /home/paula/Documentos/airflow/venv/lib/python3.10/site-packages/airflow/example_dags/plugins/workday.py
[2024-11-05 15:15:38,837] {processor.py:161} INFO - Processing /home/paula/Documentos/airflow/venv/lib/python3.10/site-packages/airflow/example_dags/plugins/workday.py took 0.036 seconds
[2024-11-05 15:16:19,779] {processor.py:153} INFO - Started process (PID=1056544) to work on /home/paula/Documentos/airflow/venv/lib/python3.10/site-packages/airflow/example_dags/plugins/workday.py
[2024-11-05 15:16:19,800] {processor.py:641} INFO - Processing file /home/paula/Documentos/airflow/venv/lib/python3.10/site-packages/airflow/example_dags/plugins/workday.py for tasks to queue
[2024-11-05 15:16:19,801] {logging_mixin.py:115} INFO - [2024-11-05 15:16:19,801] {dagbag.py:507} INFO - Filling up the DagBag from /home/paula/Documentos/airflow/venv/lib/python3.10/site-packages/airflow/example_dags/plugins/workday.py
[2024-11-05 15:16:19,807] {processor.py:653} WARNING - No viable dags retrieved from /home/paula/Documentos/airflow/venv/lib/python3.10/site-packages/airflow/example_dags/plugins/workday.py
[2024-11-05 15:16:19,821] {processor.py:161} INFO - Processing /home/paula/Documentos/airflow/venv/lib/python3.10/site-packages/airflow/example_dags/plugins/workday.py took 0.045 seconds
[2024-11-05 15:16:54,799] {processor.py:153} INFO - Started process (PID=1056763) to work on /home/paula/Documentos/airflow/venv/lib/python3.10/site-packages/airflow/example_dags/plugins/workday.py
[2024-11-05 15:16:54,800] {processor.py:641} INFO - Processing file /home/paula/Documentos/airflow/venv/lib/python3.10/site-packages/airflow/example_dags/plugins/workday.py for tasks to queue
[2024-11-05 15:16:54,801] {logging_mixin.py:115} INFO - [2024-11-05 15:16:54,801] {dagbag.py:507} INFO - Filling up the DagBag from /home/paula/Documentos/airflow/venv/lib/python3.10/site-packages/airflow/example_dags/plugins/workday.py
[2024-11-05 15:16:54,803] {processor.py:653} WARNING - No viable dags retrieved from /home/paula/Documentos/airflow/venv/lib/python3.10/site-packages/airflow/example_dags/plugins/workday.py
[2024-11-05 15:16:54,816] {processor.py:161} INFO - Processing /home/paula/Documentos/airflow/venv/lib/python3.10/site-packages/airflow/example_dags/plugins/workday.py took 0.019 seconds
[2024-11-05 15:17:31,252] {processor.py:153} INFO - Started process (PID=1056989) to work on /home/paula/Documentos/airflow/venv/lib/python3.10/site-packages/airflow/example_dags/plugins/workday.py
[2024-11-05 15:17:31,255] {processor.py:641} INFO - Processing file /home/paula/Documentos/airflow/venv/lib/python3.10/site-packages/airflow/example_dags/plugins/workday.py for tasks to queue
[2024-11-05 15:17:31,255] {logging_mixin.py:115} INFO - [2024-11-05 15:17:31,255] {dagbag.py:507} INFO - Filling up the DagBag from /home/paula/Documentos/airflow/venv/lib/python3.10/site-packages/airflow/example_dags/plugins/workday.py
[2024-11-05 15:17:31,257] {processor.py:653} WARNING - No viable dags retrieved from /home/paula/Documentos/airflow/venv/lib/python3.10/site-packages/airflow/example_dags/plugins/workday.py
[2024-11-05 15:17:31,270] {processor.py:161} INFO - Processing /home/paula/Documentos/airflow/venv/lib/python3.10/site-packages/airflow/example_dags/plugins/workday.py took 0.021 seconds
[2024-11-05 15:18:08,060] {processor.py:153} INFO - Started process (PID=1057222) to work on /home/paula/Documentos/airflow/venv/lib/python3.10/site-packages/airflow/example_dags/plugins/workday.py
[2024-11-05 15:18:08,080] {processor.py:641} INFO - Processing file /home/paula/Documentos/airflow/venv/lib/python3.10/site-packages/airflow/example_dags/plugins/workday.py for tasks to queue
[2024-11-05 15:18:08,081] {logging_mixin.py:115} INFO - [2024-11-05 15:18:08,081] {dagbag.py:507} INFO - Filling up the DagBag from /home/paula/Documentos/airflow/venv/lib/python3.10/site-packages/airflow/example_dags/plugins/workday.py
[2024-11-05 15:18:08,083] {processor.py:653} WARNING - No viable dags retrieved from /home/paula/Documentos/airflow/venv/lib/python3.10/site-packages/airflow/example_dags/plugins/workday.py
[2024-11-05 15:18:08,097] {processor.py:161} INFO - Processing /home/paula/Documentos/airflow/venv/lib/python3.10/site-packages/airflow/example_dags/plugins/workday.py took 0.040 seconds
[2024-11-05 15:18:42,135] {processor.py:153} INFO - Started process (PID=1057432) to work on /home/paula/Documentos/airflow/venv/lib/python3.10/site-packages/airflow/example_dags/plugins/workday.py
[2024-11-05 15:18:42,164] {processor.py:641} INFO - Processing file /home/paula/Documentos/airflow/venv/lib/python3.10/site-packages/airflow/example_dags/plugins/workday.py for tasks to queue
[2024-11-05 15:18:42,165] {logging_mixin.py:115} INFO - [2024-11-05 15:18:42,165] {dagbag.py:507} INFO - Filling up the DagBag from /home/paula/Documentos/airflow/venv/lib/python3.10/site-packages/airflow/example_dags/plugins/workday.py
[2024-11-05 15:18:42,167] {processor.py:653} WARNING - No viable dags retrieved from /home/paula/Documentos/airflow/venv/lib/python3.10/site-packages/airflow/example_dags/plugins/workday.py
[2024-11-05 15:18:42,182] {processor.py:161} INFO - Processing /home/paula/Documentos/airflow/venv/lib/python3.10/site-packages/airflow/example_dags/plugins/workday.py took 0.049 seconds
[2024-11-05 15:19:14,015] {processor.py:153} INFO - Started process (PID=1057609) to work on /home/paula/Documentos/airflow/venv/lib/python3.10/site-packages/airflow/example_dags/plugins/workday.py
[2024-11-05 15:19:14,035] {processor.py:641} INFO - Processing file /home/paula/Documentos/airflow/venv/lib/python3.10/site-packages/airflow/example_dags/plugins/workday.py for tasks to queue
[2024-11-05 15:19:14,036] {logging_mixin.py:115} INFO - [2024-11-05 15:19:14,036] {dagbag.py:507} INFO - Filling up the DagBag from /home/paula/Documentos/airflow/venv/lib/python3.10/site-packages/airflow/example_dags/plugins/workday.py
[2024-11-05 15:19:14,039] {processor.py:653} WARNING - No viable dags retrieved from /home/paula/Documentos/airflow/venv/lib/python3.10/site-packages/airflow/example_dags/plugins/workday.py
[2024-11-05 15:19:14,053] {processor.py:161} INFO - Processing /home/paula/Documentos/airflow/venv/lib/python3.10/site-packages/airflow/example_dags/plugins/workday.py took 0.042 seconds
[2024-11-05 15:19:47,995] {processor.py:153} INFO - Started process (PID=1057849) to work on /home/paula/Documentos/airflow/venv/lib/python3.10/site-packages/airflow/example_dags/plugins/workday.py
[2024-11-05 15:19:47,995] {processor.py:641} INFO - Processing file /home/paula/Documentos/airflow/venv/lib/python3.10/site-packages/airflow/example_dags/plugins/workday.py for tasks to queue
[2024-11-05 15:19:47,996] {logging_mixin.py:115} INFO - [2024-11-05 15:19:47,996] {dagbag.py:507} INFO - Filling up the DagBag from /home/paula/Documentos/airflow/venv/lib/python3.10/site-packages/airflow/example_dags/plugins/workday.py
[2024-11-05 15:19:47,999] {processor.py:653} WARNING - No viable dags retrieved from /home/paula/Documentos/airflow/venv/lib/python3.10/site-packages/airflow/example_dags/plugins/workday.py
[2024-11-05 15:19:48,012] {processor.py:161} INFO - Processing /home/paula/Documentos/airflow/venv/lib/python3.10/site-packages/airflow/example_dags/plugins/workday.py took 0.020 seconds
[2024-11-05 15:20:22,288] {processor.py:153} INFO - Started process (PID=1058054) to work on /home/paula/Documentos/airflow/venv/lib/python3.10/site-packages/airflow/example_dags/plugins/workday.py
[2024-11-05 15:20:22,309] {processor.py:641} INFO - Processing file /home/paula/Documentos/airflow/venv/lib/python3.10/site-packages/airflow/example_dags/plugins/workday.py for tasks to queue
[2024-11-05 15:20:22,310] {logging_mixin.py:115} INFO - [2024-11-05 15:20:22,310] {dagbag.py:507} INFO - Filling up the DagBag from /home/paula/Documentos/airflow/venv/lib/python3.10/site-packages/airflow/example_dags/plugins/workday.py
[2024-11-05 15:20:22,312] {processor.py:653} WARNING - No viable dags retrieved from /home/paula/Documentos/airflow/venv/lib/python3.10/site-packages/airflow/example_dags/plugins/workday.py
[2024-11-05 15:20:22,325] {processor.py:161} INFO - Processing /home/paula/Documentos/airflow/venv/lib/python3.10/site-packages/airflow/example_dags/plugins/workday.py took 0.040 seconds
[2024-11-05 15:21:08,109] {processor.py:153} INFO - Started process (PID=1058353) to work on /home/paula/Documentos/airflow/venv/lib/python3.10/site-packages/airflow/example_dags/plugins/workday.py
[2024-11-05 15:21:08,129] {processor.py:641} INFO - Processing file /home/paula/Documentos/airflow/venv/lib/python3.10/site-packages/airflow/example_dags/plugins/workday.py for tasks to queue
[2024-11-05 15:21:08,131] {logging_mixin.py:115} INFO - [2024-11-05 15:21:08,131] {dagbag.py:507} INFO - Filling up the DagBag from /home/paula/Documentos/airflow/venv/lib/python3.10/site-packages/airflow/example_dags/plugins/workday.py
[2024-11-05 15:21:08,137] {processor.py:653} WARNING - No viable dags retrieved from /home/paula/Documentos/airflow/venv/lib/python3.10/site-packages/airflow/example_dags/plugins/workday.py
[2024-11-05 15:21:08,163] {processor.py:161} INFO - Processing /home/paula/Documentos/airflow/venv/lib/python3.10/site-packages/airflow/example_dags/plugins/workday.py took 0.072 seconds
[2024-11-05 15:21:50,786] {processor.py:153} INFO - Started process (PID=1058632) to work on /home/paula/Documentos/airflow/venv/lib/python3.10/site-packages/airflow/example_dags/plugins/workday.py
[2024-11-05 15:21:50,787] {processor.py:641} INFO - Processing file /home/paula/Documentos/airflow/venv/lib/python3.10/site-packages/airflow/example_dags/plugins/workday.py for tasks to queue
[2024-11-05 15:21:50,787] {logging_mixin.py:115} INFO - [2024-11-05 15:21:50,787] {dagbag.py:507} INFO - Filling up the DagBag from /home/paula/Documentos/airflow/venv/lib/python3.10/site-packages/airflow/example_dags/plugins/workday.py
[2024-11-05 15:21:50,789] {processor.py:653} WARNING - No viable dags retrieved from /home/paula/Documentos/airflow/venv/lib/python3.10/site-packages/airflow/example_dags/plugins/workday.py
[2024-11-05 15:21:50,801] {processor.py:161} INFO - Processing /home/paula/Documentos/airflow/venv/lib/python3.10/site-packages/airflow/example_dags/plugins/workday.py took 0.017 seconds
[2024-11-05 15:22:27,326] {processor.py:153} INFO - Started process (PID=1058850) to work on /home/paula/Documentos/airflow/venv/lib/python3.10/site-packages/airflow/example_dags/plugins/workday.py
[2024-11-05 15:22:27,327] {processor.py:641} INFO - Processing file /home/paula/Documentos/airflow/venv/lib/python3.10/site-packages/airflow/example_dags/plugins/workday.py for tasks to queue
[2024-11-05 15:22:27,328] {logging_mixin.py:115} INFO - [2024-11-05 15:22:27,327] {dagbag.py:507} INFO - Filling up the DagBag from /home/paula/Documentos/airflow/venv/lib/python3.10/site-packages/airflow/example_dags/plugins/workday.py
[2024-11-05 15:22:27,330] {processor.py:653} WARNING - No viable dags retrieved from /home/paula/Documentos/airflow/venv/lib/python3.10/site-packages/airflow/example_dags/plugins/workday.py
[2024-11-05 15:22:27,340] {processor.py:161} INFO - Processing /home/paula/Documentos/airflow/venv/lib/python3.10/site-packages/airflow/example_dags/plugins/workday.py took 0.017 seconds
[2024-11-05 15:23:01,983] {processor.py:153} INFO - Started process (PID=1059066) to work on /home/paula/Documentos/airflow/venv/lib/python3.10/site-packages/airflow/example_dags/plugins/workday.py
[2024-11-05 15:23:01,983] {processor.py:641} INFO - Processing file /home/paula/Documentos/airflow/venv/lib/python3.10/site-packages/airflow/example_dags/plugins/workday.py for tasks to queue
[2024-11-05 15:23:01,984] {logging_mixin.py:115} INFO - [2024-11-05 15:23:01,984] {dagbag.py:507} INFO - Filling up the DagBag from /home/paula/Documentos/airflow/venv/lib/python3.10/site-packages/airflow/example_dags/plugins/workday.py
[2024-11-05 15:23:01,986] {processor.py:653} WARNING - No viable dags retrieved from /home/paula/Documentos/airflow/venv/lib/python3.10/site-packages/airflow/example_dags/plugins/workday.py
[2024-11-05 15:23:01,997] {processor.py:161} INFO - Processing /home/paula/Documentos/airflow/venv/lib/python3.10/site-packages/airflow/example_dags/plugins/workday.py took 0.017 seconds
[2024-11-05 15:23:36,265] {processor.py:153} INFO - Started process (PID=1059290) to work on /home/paula/Documentos/airflow/venv/lib/python3.10/site-packages/airflow/example_dags/plugins/workday.py
[2024-11-05 15:23:36,287] {processor.py:641} INFO - Processing file /home/paula/Documentos/airflow/venv/lib/python3.10/site-packages/airflow/example_dags/plugins/workday.py for tasks to queue
[2024-11-05 15:23:36,288] {logging_mixin.py:115} INFO - [2024-11-05 15:23:36,288] {dagbag.py:507} INFO - Filling up the DagBag from /home/paula/Documentos/airflow/venv/lib/python3.10/site-packages/airflow/example_dags/plugins/workday.py
[2024-11-05 15:23:36,291] {processor.py:653} WARNING - No viable dags retrieved from /home/paula/Documentos/airflow/venv/lib/python3.10/site-packages/airflow/example_dags/plugins/workday.py
[2024-11-05 15:23:36,304] {processor.py:161} INFO - Processing /home/paula/Documentos/airflow/venv/lib/python3.10/site-packages/airflow/example_dags/plugins/workday.py took 0.041 seconds
[2024-11-05 15:24:12,749] {processor.py:153} INFO - Started process (PID=1059523) to work on /home/paula/Documentos/airflow/venv/lib/python3.10/site-packages/airflow/example_dags/plugins/workday.py
[2024-11-05 15:24:12,762] {processor.py:641} INFO - Processing file /home/paula/Documentos/airflow/venv/lib/python3.10/site-packages/airflow/example_dags/plugins/workday.py for tasks to queue
[2024-11-05 15:24:12,763] {logging_mixin.py:115} INFO - [2024-11-05 15:24:12,763] {dagbag.py:507} INFO - Filling up the DagBag from /home/paula/Documentos/airflow/venv/lib/python3.10/site-packages/airflow/example_dags/plugins/workday.py
[2024-11-05 15:24:12,766] {processor.py:653} WARNING - No viable dags retrieved from /home/paula/Documentos/airflow/venv/lib/python3.10/site-packages/airflow/example_dags/plugins/workday.py
[2024-11-05 15:24:12,781] {processor.py:161} INFO - Processing /home/paula/Documentos/airflow/venv/lib/python3.10/site-packages/airflow/example_dags/plugins/workday.py took 0.035 seconds
[2024-11-05 15:24:49,261] {processor.py:153} INFO - Started process (PID=1059747) to work on /home/paula/Documentos/airflow/venv/lib/python3.10/site-packages/airflow/example_dags/plugins/workday.py
[2024-11-05 15:24:49,262] {processor.py:641} INFO - Processing file /home/paula/Documentos/airflow/venv/lib/python3.10/site-packages/airflow/example_dags/plugins/workday.py for tasks to queue
[2024-11-05 15:24:49,263] {logging_mixin.py:115} INFO - [2024-11-05 15:24:49,263] {dagbag.py:507} INFO - Filling up the DagBag from /home/paula/Documentos/airflow/venv/lib/python3.10/site-packages/airflow/example_dags/plugins/workday.py
[2024-11-05 15:24:49,266] {processor.py:653} WARNING - No viable dags retrieved from /home/paula/Documentos/airflow/venv/lib/python3.10/site-packages/airflow/example_dags/plugins/workday.py
[2024-11-05 15:24:49,283] {processor.py:161} INFO - Processing /home/paula/Documentos/airflow/venv/lib/python3.10/site-packages/airflow/example_dags/plugins/workday.py took 0.026 seconds
[2024-11-05 15:25:34,468] {processor.py:153} INFO - Started process (PID=1060130) to work on /home/paula/Documentos/airflow/venv/lib/python3.10/site-packages/airflow/example_dags/plugins/workday.py
[2024-11-05 15:25:34,485] {processor.py:641} INFO - Processing file /home/paula/Documentos/airflow/venv/lib/python3.10/site-packages/airflow/example_dags/plugins/workday.py for tasks to queue
[2024-11-05 15:25:34,486] {logging_mixin.py:115} INFO - [2024-11-05 15:25:34,486] {dagbag.py:507} INFO - Filling up the DagBag from /home/paula/Documentos/airflow/venv/lib/python3.10/site-packages/airflow/example_dags/plugins/workday.py
[2024-11-05 15:25:34,491] {processor.py:653} WARNING - No viable dags retrieved from /home/paula/Documentos/airflow/venv/lib/python3.10/site-packages/airflow/example_dags/plugins/workday.py
[2024-11-05 15:25:34,506] {processor.py:161} INFO - Processing /home/paula/Documentos/airflow/venv/lib/python3.10/site-packages/airflow/example_dags/plugins/workday.py took 0.042 seconds
[2024-11-05 15:26:06,712] {processor.py:153} INFO - Started process (PID=1060323) to work on /home/paula/Documentos/airflow/venv/lib/python3.10/site-packages/airflow/example_dags/plugins/workday.py
[2024-11-05 15:26:06,732] {processor.py:641} INFO - Processing file /home/paula/Documentos/airflow/venv/lib/python3.10/site-packages/airflow/example_dags/plugins/workday.py for tasks to queue
[2024-11-05 15:26:06,733] {logging_mixin.py:115} INFO - [2024-11-05 15:26:06,733] {dagbag.py:507} INFO - Filling up the DagBag from /home/paula/Documentos/airflow/venv/lib/python3.10/site-packages/airflow/example_dags/plugins/workday.py
[2024-11-05 15:26:06,737] {processor.py:653} WARNING - No viable dags retrieved from /home/paula/Documentos/airflow/venv/lib/python3.10/site-packages/airflow/example_dags/plugins/workday.py
[2024-11-05 15:26:06,754] {processor.py:161} INFO - Processing /home/paula/Documentos/airflow/venv/lib/python3.10/site-packages/airflow/example_dags/plugins/workday.py took 0.045 seconds
[2024-11-05 15:27:36,841] {processor.py:153} INFO - Started process (PID=1060774) to work on /home/paula/Documentos/airflow/venv/lib/python3.10/site-packages/airflow/example_dags/plugins/workday.py
[2024-11-05 15:27:36,854] {processor.py:641} INFO - Processing file /home/paula/Documentos/airflow/venv/lib/python3.10/site-packages/airflow/example_dags/plugins/workday.py for tasks to queue
[2024-11-05 15:27:36,855] {logging_mixin.py:115} INFO - [2024-11-05 15:27:36,855] {dagbag.py:507} INFO - Filling up the DagBag from /home/paula/Documentos/airflow/venv/lib/python3.10/site-packages/airflow/example_dags/plugins/workday.py
[2024-11-05 15:27:36,861] {processor.py:653} WARNING - No viable dags retrieved from /home/paula/Documentos/airflow/venv/lib/python3.10/site-packages/airflow/example_dags/plugins/workday.py
[2024-11-05 15:27:36,896] {processor.py:161} INFO - Processing /home/paula/Documentos/airflow/venv/lib/python3.10/site-packages/airflow/example_dags/plugins/workday.py took 0.064 seconds
[2024-11-05 15:28:36,778] {processor.py:153} INFO - Started process (PID=1061233) to work on /home/paula/Documentos/airflow/venv/lib/python3.10/site-packages/airflow/example_dags/plugins/workday.py
[2024-11-05 15:28:36,853] {processor.py:641} INFO - Processing file /home/paula/Documentos/airflow/venv/lib/python3.10/site-packages/airflow/example_dags/plugins/workday.py for tasks to queue
[2024-11-05 15:28:36,854] {logging_mixin.py:115} INFO - [2024-11-05 15:28:36,854] {dagbag.py:507} INFO - Filling up the DagBag from /home/paula/Documentos/airflow/venv/lib/python3.10/site-packages/airflow/example_dags/plugins/workday.py
[2024-11-05 15:28:36,863] {processor.py:653} WARNING - No viable dags retrieved from /home/paula/Documentos/airflow/venv/lib/python3.10/site-packages/airflow/example_dags/plugins/workday.py
[2024-11-05 15:28:36,894] {processor.py:161} INFO - Processing /home/paula/Documentos/airflow/venv/lib/python3.10/site-packages/airflow/example_dags/plugins/workday.py took 0.123 seconds
[2024-11-05 15:29:19,857] {processor.py:153} INFO - Started process (PID=1061489) to work on /home/paula/Documentos/airflow/venv/lib/python3.10/site-packages/airflow/example_dags/plugins/workday.py
[2024-11-05 15:29:19,858] {processor.py:641} INFO - Processing file /home/paula/Documentos/airflow/venv/lib/python3.10/site-packages/airflow/example_dags/plugins/workday.py for tasks to queue
[2024-11-05 15:29:19,858] {logging_mixin.py:115} INFO - [2024-11-05 15:29:19,858] {dagbag.py:507} INFO - Filling up the DagBag from /home/paula/Documentos/airflow/venv/lib/python3.10/site-packages/airflow/example_dags/plugins/workday.py
[2024-11-05 15:29:19,861] {processor.py:653} WARNING - No viable dags retrieved from /home/paula/Documentos/airflow/venv/lib/python3.10/site-packages/airflow/example_dags/plugins/workday.py
[2024-11-05 15:29:19,874] {processor.py:161} INFO - Processing /home/paula/Documentos/airflow/venv/lib/python3.10/site-packages/airflow/example_dags/plugins/workday.py took 0.021 seconds
[2024-11-05 15:30:05,575] {processor.py:153} INFO - Started process (PID=1061804) to work on /home/paula/Documentos/airflow/venv/lib/python3.10/site-packages/airflow/example_dags/plugins/workday.py
[2024-11-05 15:30:05,576] {processor.py:641} INFO - Processing file /home/paula/Documentos/airflow/venv/lib/python3.10/site-packages/airflow/example_dags/plugins/workday.py for tasks to queue
[2024-11-05 15:30:05,577] {logging_mixin.py:115} INFO - [2024-11-05 15:30:05,577] {dagbag.py:507} INFO - Filling up the DagBag from /home/paula/Documentos/airflow/venv/lib/python3.10/site-packages/airflow/example_dags/plugins/workday.py
[2024-11-05 15:30:05,580] {processor.py:653} WARNING - No viable dags retrieved from /home/paula/Documentos/airflow/venv/lib/python3.10/site-packages/airflow/example_dags/plugins/workday.py
[2024-11-05 15:30:05,596] {processor.py:161} INFO - Processing /home/paula/Documentos/airflow/venv/lib/python3.10/site-packages/airflow/example_dags/plugins/workday.py took 0.024 seconds
[2024-11-05 15:30:44,027] {processor.py:153} INFO - Started process (PID=1062034) to work on /home/paula/Documentos/airflow/venv/lib/python3.10/site-packages/airflow/example_dags/plugins/workday.py
[2024-11-05 15:30:44,028] {processor.py:641} INFO - Processing file /home/paula/Documentos/airflow/venv/lib/python3.10/site-packages/airflow/example_dags/plugins/workday.py for tasks to queue
[2024-11-05 15:30:44,029] {logging_mixin.py:115} INFO - [2024-11-05 15:30:44,029] {dagbag.py:507} INFO - Filling up the DagBag from /home/paula/Documentos/airflow/venv/lib/python3.10/site-packages/airflow/example_dags/plugins/workday.py
[2024-11-05 15:30:44,032] {processor.py:653} WARNING - No viable dags retrieved from /home/paula/Documentos/airflow/venv/lib/python3.10/site-packages/airflow/example_dags/plugins/workday.py
[2024-11-05 15:30:44,045] {processor.py:161} INFO - Processing /home/paula/Documentos/airflow/venv/lib/python3.10/site-packages/airflow/example_dags/plugins/workday.py took 0.021 seconds
[2024-11-05 15:31:25,858] {processor.py:153} INFO - Started process (PID=1062280) to work on /home/paula/Documentos/airflow/venv/lib/python3.10/site-packages/airflow/example_dags/plugins/workday.py
[2024-11-05 15:31:25,873] {processor.py:641} INFO - Processing file /home/paula/Documentos/airflow/venv/lib/python3.10/site-packages/airflow/example_dags/plugins/workday.py for tasks to queue
[2024-11-05 15:31:25,874] {logging_mixin.py:115} INFO - [2024-11-05 15:31:25,874] {dagbag.py:507} INFO - Filling up the DagBag from /home/paula/Documentos/airflow/venv/lib/python3.10/site-packages/airflow/example_dags/plugins/workday.py
[2024-11-05 15:31:25,877] {processor.py:653} WARNING - No viable dags retrieved from /home/paula/Documentos/airflow/venv/lib/python3.10/site-packages/airflow/example_dags/plugins/workday.py
[2024-11-05 15:31:25,891] {processor.py:161} INFO - Processing /home/paula/Documentos/airflow/venv/lib/python3.10/site-packages/airflow/example_dags/plugins/workday.py took 0.036 seconds
[2024-11-05 15:32:23,927] {processor.py:153} INFO - Started process (PID=1062640) to work on /home/paula/Documentos/airflow/venv/lib/python3.10/site-packages/airflow/example_dags/plugins/workday.py
[2024-11-05 15:32:23,954] {processor.py:641} INFO - Processing file /home/paula/Documentos/airflow/venv/lib/python3.10/site-packages/airflow/example_dags/plugins/workday.py for tasks to queue
[2024-11-05 15:32:23,956] {logging_mixin.py:115} INFO - [2024-11-05 15:32:23,955] {dagbag.py:507} INFO - Filling up the DagBag from /home/paula/Documentos/airflow/venv/lib/python3.10/site-packages/airflow/example_dags/plugins/workday.py
[2024-11-05 15:32:23,961] {processor.py:653} WARNING - No viable dags retrieved from /home/paula/Documentos/airflow/venv/lib/python3.10/site-packages/airflow/example_dags/plugins/workday.py
[2024-11-05 15:32:24,317] {processor.py:161} INFO - Processing /home/paula/Documentos/airflow/venv/lib/python3.10/site-packages/airflow/example_dags/plugins/workday.py took 0.393 seconds
[2024-11-05 15:33:04,583] {processor.py:153} INFO - Started process (PID=1062884) to work on /home/paula/Documentos/airflow/venv/lib/python3.10/site-packages/airflow/example_dags/plugins/workday.py
[2024-11-05 15:33:04,603] {processor.py:641} INFO - Processing file /home/paula/Documentos/airflow/venv/lib/python3.10/site-packages/airflow/example_dags/plugins/workday.py for tasks to queue
[2024-11-05 15:33:04,603] {logging_mixin.py:115} INFO - [2024-11-05 15:33:04,603] {dagbag.py:507} INFO - Filling up the DagBag from /home/paula/Documentos/airflow/venv/lib/python3.10/site-packages/airflow/example_dags/plugins/workday.py
[2024-11-05 15:33:04,606] {processor.py:653} WARNING - No viable dags retrieved from /home/paula/Documentos/airflow/venv/lib/python3.10/site-packages/airflow/example_dags/plugins/workday.py
[2024-11-05 15:33:04,623] {processor.py:161} INFO - Processing /home/paula/Documentos/airflow/venv/lib/python3.10/site-packages/airflow/example_dags/plugins/workday.py took 0.043 seconds
[2024-11-05 15:33:47,389] {processor.py:153} INFO - Started process (PID=1063190) to work on /home/paula/Documentos/airflow/venv/lib/python3.10/site-packages/airflow/example_dags/plugins/workday.py
[2024-11-05 15:33:47,399] {processor.py:641} INFO - Processing file /home/paula/Documentos/airflow/venv/lib/python3.10/site-packages/airflow/example_dags/plugins/workday.py for tasks to queue
[2024-11-05 15:33:47,400] {logging_mixin.py:115} INFO - [2024-11-05 15:33:47,400] {dagbag.py:507} INFO - Filling up the DagBag from /home/paula/Documentos/airflow/venv/lib/python3.10/site-packages/airflow/example_dags/plugins/workday.py
[2024-11-05 15:33:47,403] {processor.py:653} WARNING - No viable dags retrieved from /home/paula/Documentos/airflow/venv/lib/python3.10/site-packages/airflow/example_dags/plugins/workday.py
[2024-11-05 15:33:47,416] {processor.py:161} INFO - Processing /home/paula/Documentos/airflow/venv/lib/python3.10/site-packages/airflow/example_dags/plugins/workday.py took 0.030 seconds
[2024-11-05 15:34:30,428] {processor.py:153} INFO - Started process (PID=1063554) to work on /home/paula/Documentos/airflow/venv/lib/python3.10/site-packages/airflow/example_dags/plugins/workday.py
[2024-11-05 15:34:30,451] {processor.py:641} INFO - Processing file /home/paula/Documentos/airflow/venv/lib/python3.10/site-packages/airflow/example_dags/plugins/workday.py for tasks to queue
[2024-11-05 15:34:30,451] {logging_mixin.py:115} INFO - [2024-11-05 15:34:30,451] {dagbag.py:507} INFO - Filling up the DagBag from /home/paula/Documentos/airflow/venv/lib/python3.10/site-packages/airflow/example_dags/plugins/workday.py
[2024-11-05 15:34:30,454] {processor.py:653} WARNING - No viable dags retrieved from /home/paula/Documentos/airflow/venv/lib/python3.10/site-packages/airflow/example_dags/plugins/workday.py
[2024-11-05 15:34:30,467] {processor.py:161} INFO - Processing /home/paula/Documentos/airflow/venv/lib/python3.10/site-packages/airflow/example_dags/plugins/workday.py took 0.042 seconds
[2024-11-05 15:35:04,390] {processor.py:153} INFO - Started process (PID=1063806) to work on /home/paula/Documentos/airflow/venv/lib/python3.10/site-packages/airflow/example_dags/plugins/workday.py
[2024-11-05 15:35:04,391] {processor.py:641} INFO - Processing file /home/paula/Documentos/airflow/venv/lib/python3.10/site-packages/airflow/example_dags/plugins/workday.py for tasks to queue
[2024-11-05 15:35:04,391] {logging_mixin.py:115} INFO - [2024-11-05 15:35:04,391] {dagbag.py:507} INFO - Filling up the DagBag from /home/paula/Documentos/airflow/venv/lib/python3.10/site-packages/airflow/example_dags/plugins/workday.py
[2024-11-05 15:35:04,394] {processor.py:653} WARNING - No viable dags retrieved from /home/paula/Documentos/airflow/venv/lib/python3.10/site-packages/airflow/example_dags/plugins/workday.py
[2024-11-05 15:35:04,405] {processor.py:161} INFO - Processing /home/paula/Documentos/airflow/venv/lib/python3.10/site-packages/airflow/example_dags/plugins/workday.py took 0.018 seconds
[2024-11-05 15:35:39,142] {processor.py:153} INFO - Started process (PID=1064020) to work on /home/paula/Documentos/airflow/venv/lib/python3.10/site-packages/airflow/example_dags/plugins/workday.py
[2024-11-05 15:35:39,143] {processor.py:641} INFO - Processing file /home/paula/Documentos/airflow/venv/lib/python3.10/site-packages/airflow/example_dags/plugins/workday.py for tasks to queue
[2024-11-05 15:35:39,144] {logging_mixin.py:115} INFO - [2024-11-05 15:35:39,144] {dagbag.py:507} INFO - Filling up the DagBag from /home/paula/Documentos/airflow/venv/lib/python3.10/site-packages/airflow/example_dags/plugins/workday.py
[2024-11-05 15:35:39,147] {processor.py:653} WARNING - No viable dags retrieved from /home/paula/Documentos/airflow/venv/lib/python3.10/site-packages/airflow/example_dags/plugins/workday.py
[2024-11-05 15:35:39,162] {processor.py:161} INFO - Processing /home/paula/Documentos/airflow/venv/lib/python3.10/site-packages/airflow/example_dags/plugins/workday.py took 0.023 seconds
[2024-11-05 15:39:19,201] {processor.py:153} INFO - Started process (PID=1065099) to work on /home/paula/Documentos/airflow/venv/lib/python3.10/site-packages/airflow/example_dags/plugins/workday.py
[2024-11-05 15:39:19,216] {processor.py:641} INFO - Processing file /home/paula/Documentos/airflow/venv/lib/python3.10/site-packages/airflow/example_dags/plugins/workday.py for tasks to queue
[2024-11-05 15:39:19,217] {logging_mixin.py:115} INFO - [2024-11-05 15:39:19,217] {dagbag.py:507} INFO - Filling up the DagBag from /home/paula/Documentos/airflow/venv/lib/python3.10/site-packages/airflow/example_dags/plugins/workday.py
[2024-11-05 15:39:19,222] {processor.py:653} WARNING - No viable dags retrieved from /home/paula/Documentos/airflow/venv/lib/python3.10/site-packages/airflow/example_dags/plugins/workday.py
[2024-11-05 15:39:19,255] {processor.py:161} INFO - Processing /home/paula/Documentos/airflow/venv/lib/python3.10/site-packages/airflow/example_dags/plugins/workday.py took 0.059 seconds
[2024-11-05 15:40:12,131] {processor.py:153} INFO - Started process (PID=1066050) to work on /home/paula/Documentos/airflow/venv/lib/python3.10/site-packages/airflow/example_dags/plugins/workday.py
[2024-11-05 15:40:12,153] {processor.py:641} INFO - Processing file /home/paula/Documentos/airflow/venv/lib/python3.10/site-packages/airflow/example_dags/plugins/workday.py for tasks to queue
[2024-11-05 15:40:12,154] {logging_mixin.py:115} INFO - [2024-11-05 15:40:12,154] {dagbag.py:507} INFO - Filling up the DagBag from /home/paula/Documentos/airflow/venv/lib/python3.10/site-packages/airflow/example_dags/plugins/workday.py
[2024-11-05 15:40:12,157] {processor.py:653} WARNING - No viable dags retrieved from /home/paula/Documentos/airflow/venv/lib/python3.10/site-packages/airflow/example_dags/plugins/workday.py
[2024-11-05 15:40:12,170] {processor.py:161} INFO - Processing /home/paula/Documentos/airflow/venv/lib/python3.10/site-packages/airflow/example_dags/plugins/workday.py took 0.041 seconds
[2024-11-05 15:40:44,103] {processor.py:153} INFO - Started process (PID=1066273) to work on /home/paula/Documentos/airflow/venv/lib/python3.10/site-packages/airflow/example_dags/plugins/workday.py
[2024-11-05 15:40:44,104] {processor.py:641} INFO - Processing file /home/paula/Documentos/airflow/venv/lib/python3.10/site-packages/airflow/example_dags/plugins/workday.py for tasks to queue
[2024-11-05 15:40:44,104] {logging_mixin.py:115} INFO - [2024-11-05 15:40:44,104] {dagbag.py:507} INFO - Filling up the DagBag from /home/paula/Documentos/airflow/venv/lib/python3.10/site-packages/airflow/example_dags/plugins/workday.py
[2024-11-05 15:40:44,107] {processor.py:653} WARNING - No viable dags retrieved from /home/paula/Documentos/airflow/venv/lib/python3.10/site-packages/airflow/example_dags/plugins/workday.py
[2024-11-05 15:40:44,121] {processor.py:161} INFO - Processing /home/paula/Documentos/airflow/venv/lib/python3.10/site-packages/airflow/example_dags/plugins/workday.py took 0.021 seconds
