[2024-11-05 15:08:24,626] {processor.py:153} INFO - Started process (PID=1053579) to work on /home/paula/Documentos/airflow/venv/lib/python3.10/site-packages/airflow/example_dags/example_branch_labels.py
[2024-11-05 15:08:24,626] {processor.py:641} INFO - Processing file /home/paula/Documentos/airflow/venv/lib/python3.10/site-packages/airflow/example_dags/example_branch_labels.py for tasks to queue
[2024-11-05 15:08:24,627] {logging_mixin.py:115} INFO - [2024-11-05 15:08:24,627] {dagbag.py:507} INFO - Filling up the DagBag from /home/paula/Documentos/airflow/venv/lib/python3.10/site-packages/airflow/example_dags/example_branch_labels.py
[2024-11-05 15:08:24,634] {processor.py:651} INFO - DAG(s) dict_keys(['example_branch_labels']) retrieved from /home/paula/Documentos/airflow/venv/lib/python3.10/site-packages/airflow/example_dags/example_branch_labels.py
[2024-11-05 15:08:25,106] {logging_mixin.py:115} INFO - [2024-11-05 15:08:25,105] {manager.py:508} INFO - Created Permission View: can edit on DAG:example_branch_labels
[2024-11-05 15:08:25,274] {logging_mixin.py:115} INFO - [2024-11-05 15:08:25,273] {manager.py:508} INFO - Created Permission View: can read on DAG:example_branch_labels
[2024-11-05 15:08:25,487] {logging_mixin.py:115} INFO - [2024-11-05 15:08:25,487] {manager.py:508} INFO - Created Permission View: can delete on DAG:example_branch_labels
[2024-11-05 15:08:25,488] {logging_mixin.py:115} INFO - [2024-11-05 15:08:25,488] {dag.py:2379} INFO - Sync 1 DAGs
[2024-11-05 15:08:25,510] {logging_mixin.py:115} INFO - [2024-11-05 15:08:25,510] {dag.py:2398} INFO - Creating ORM DAG for example_branch_labels
[2024-11-05 15:08:25,538] {logging_mixin.py:115} INFO - [2024-11-05 15:08:25,538] {dag.py:2927} INFO - Setting next_dagrun for example_branch_labels to 2024-11-04T00:00:00+00:00, run_after=2024-11-05T00:00:00+00:00
[2024-11-05 15:08:25,753] {processor.py:161} INFO - Processing /home/paula/Documentos/airflow/venv/lib/python3.10/site-packages/airflow/example_dags/example_branch_labels.py took 1.130 seconds
[2024-11-05 15:09:11,915] {processor.py:153} INFO - Started process (PID=1053819) to work on /home/paula/Documentos/airflow/venv/lib/python3.10/site-packages/airflow/example_dags/example_branch_labels.py
[2024-11-05 15:09:11,940] {processor.py:641} INFO - Processing file /home/paula/Documentos/airflow/venv/lib/python3.10/site-packages/airflow/example_dags/example_branch_labels.py for tasks to queue
[2024-11-05 15:09:11,941] {logging_mixin.py:115} INFO - [2024-11-05 15:09:11,940] {dagbag.py:507} INFO - Filling up the DagBag from /home/paula/Documentos/airflow/venv/lib/python3.10/site-packages/airflow/example_dags/example_branch_labels.py
[2024-11-05 15:09:11,948] {processor.py:651} INFO - DAG(s) dict_keys(['example_branch_labels']) retrieved from /home/paula/Documentos/airflow/venv/lib/python3.10/site-packages/airflow/example_dags/example_branch_labels.py
[2024-11-05 15:09:11,969] {logging_mixin.py:115} INFO - [2024-11-05 15:09:11,969] {dag.py:2379} INFO - Sync 1 DAGs
[2024-11-05 15:09:11,992] {logging_mixin.py:115} INFO - [2024-11-05 15:09:11,992] {dag.py:2927} INFO - Setting next_dagrun for example_branch_labels to 2024-11-04T00:00:00+00:00, run_after=2024-11-05T00:00:00+00:00
[2024-11-05 15:09:12,145] {processor.py:161} INFO - Processing /home/paula/Documentos/airflow/venv/lib/python3.10/site-packages/airflow/example_dags/example_branch_labels.py took 0.233 seconds
[2024-11-05 15:10:06,400] {processor.py:153} INFO - Started process (PID=1054239) to work on /home/paula/Documentos/airflow/venv/lib/python3.10/site-packages/airflow/example_dags/example_branch_labels.py
[2024-11-05 15:10:06,438] {processor.py:641} INFO - Processing file /home/paula/Documentos/airflow/venv/lib/python3.10/site-packages/airflow/example_dags/example_branch_labels.py for tasks to queue
[2024-11-05 15:10:06,439] {logging_mixin.py:115} INFO - [2024-11-05 15:10:06,438] {dagbag.py:507} INFO - Filling up the DagBag from /home/paula/Documentos/airflow/venv/lib/python3.10/site-packages/airflow/example_dags/example_branch_labels.py
[2024-11-05 15:10:06,447] {processor.py:651} INFO - DAG(s) dict_keys(['example_branch_labels']) retrieved from /home/paula/Documentos/airflow/venv/lib/python3.10/site-packages/airflow/example_dags/example_branch_labels.py
[2024-11-05 15:10:06,467] {logging_mixin.py:115} INFO - [2024-11-05 15:10:06,467] {dag.py:2379} INFO - Sync 1 DAGs
[2024-11-05 15:10:06,486] {logging_mixin.py:115} INFO - [2024-11-05 15:10:06,486] {dag.py:2927} INFO - Setting next_dagrun for example_branch_labels to 2024-11-04T00:00:00+00:00, run_after=2024-11-05T00:00:00+00:00
[2024-11-05 15:10:06,659] {processor.py:161} INFO - Processing /home/paula/Documentos/airflow/venv/lib/python3.10/site-packages/airflow/example_dags/example_branch_labels.py took 0.262 seconds
[2024-11-05 15:10:59,324] {processor.py:153} INFO - Started process (PID=1054615) to work on /home/paula/Documentos/airflow/venv/lib/python3.10/site-packages/airflow/example_dags/example_branch_labels.py
[2024-11-05 15:10:59,362] {processor.py:641} INFO - Processing file /home/paula/Documentos/airflow/venv/lib/python3.10/site-packages/airflow/example_dags/example_branch_labels.py for tasks to queue
[2024-11-05 15:10:59,362] {logging_mixin.py:115} INFO - [2024-11-05 15:10:59,362] {dagbag.py:507} INFO - Filling up the DagBag from /home/paula/Documentos/airflow/venv/lib/python3.10/site-packages/airflow/example_dags/example_branch_labels.py
[2024-11-05 15:10:59,369] {processor.py:651} INFO - DAG(s) dict_keys(['example_branch_labels']) retrieved from /home/paula/Documentos/airflow/venv/lib/python3.10/site-packages/airflow/example_dags/example_branch_labels.py
[2024-11-05 15:10:59,387] {logging_mixin.py:115} INFO - [2024-11-05 15:10:59,387] {dag.py:2379} INFO - Sync 1 DAGs
[2024-11-05 15:10:59,414] {logging_mixin.py:115} INFO - [2024-11-05 15:10:59,414] {dag.py:2927} INFO - Setting next_dagrun for example_branch_labels to 2024-11-04T00:00:00+00:00, run_after=2024-11-05T00:00:00+00:00
[2024-11-05 15:10:59,569] {processor.py:161} INFO - Processing /home/paula/Documentos/airflow/venv/lib/python3.10/site-packages/airflow/example_dags/example_branch_labels.py took 0.249 seconds
[2024-11-05 15:11:50,371] {processor.py:153} INFO - Started process (PID=1054885) to work on /home/paula/Documentos/airflow/venv/lib/python3.10/site-packages/airflow/example_dags/example_branch_labels.py
[2024-11-05 15:11:50,376] {processor.py:641} INFO - Processing file /home/paula/Documentos/airflow/venv/lib/python3.10/site-packages/airflow/example_dags/example_branch_labels.py for tasks to queue
[2024-11-05 15:11:50,377] {logging_mixin.py:115} INFO - [2024-11-05 15:11:50,377] {dagbag.py:507} INFO - Filling up the DagBag from /home/paula/Documentos/airflow/venv/lib/python3.10/site-packages/airflow/example_dags/example_branch_labels.py
[2024-11-05 15:11:50,384] {processor.py:651} INFO - DAG(s) dict_keys(['example_branch_labels']) retrieved from /home/paula/Documentos/airflow/venv/lib/python3.10/site-packages/airflow/example_dags/example_branch_labels.py
[2024-11-05 15:11:50,399] {logging_mixin.py:115} INFO - [2024-11-05 15:11:50,399] {dag.py:2379} INFO - Sync 1 DAGs
[2024-11-05 15:11:50,415] {logging_mixin.py:115} INFO - [2024-11-05 15:11:50,415] {dag.py:2927} INFO - Setting next_dagrun for example_branch_labels to 2024-11-04T00:00:00+00:00, run_after=2024-11-05T00:00:00+00:00
[2024-11-05 15:11:50,626] {processor.py:161} INFO - Processing /home/paula/Documentos/airflow/venv/lib/python3.10/site-packages/airflow/example_dags/example_branch_labels.py took 0.258 seconds
[2024-11-05 15:12:40,099] {processor.py:153} INFO - Started process (PID=1055229) to work on /home/paula/Documentos/airflow/venv/lib/python3.10/site-packages/airflow/example_dags/example_branch_labels.py
[2024-11-05 15:12:40,143] {processor.py:641} INFO - Processing file /home/paula/Documentos/airflow/venv/lib/python3.10/site-packages/airflow/example_dags/example_branch_labels.py for tasks to queue
[2024-11-05 15:12:40,144] {logging_mixin.py:115} INFO - [2024-11-05 15:12:40,144] {dagbag.py:507} INFO - Filling up the DagBag from /home/paula/Documentos/airflow/venv/lib/python3.10/site-packages/airflow/example_dags/example_branch_labels.py
[2024-11-05 15:12:40,152] {processor.py:651} INFO - DAG(s) dict_keys(['example_branch_labels']) retrieved from /home/paula/Documentos/airflow/venv/lib/python3.10/site-packages/airflow/example_dags/example_branch_labels.py
[2024-11-05 15:12:40,171] {logging_mixin.py:115} INFO - [2024-11-05 15:12:40,171] {dag.py:2379} INFO - Sync 1 DAGs
[2024-11-05 15:12:40,197] {logging_mixin.py:115} INFO - [2024-11-05 15:12:40,197] {dag.py:2927} INFO - Setting next_dagrun for example_branch_labels to 2024-11-04T00:00:00+00:00, run_after=2024-11-05T00:00:00+00:00
[2024-11-05 15:12:40,440] {processor.py:161} INFO - Processing /home/paula/Documentos/airflow/venv/lib/python3.10/site-packages/airflow/example_dags/example_branch_labels.py took 0.344 seconds
[2024-11-05 15:13:31,903] {processor.py:153} INFO - Started process (PID=1055515) to work on /home/paula/Documentos/airflow/venv/lib/python3.10/site-packages/airflow/example_dags/example_branch_labels.py
[2024-11-05 15:13:31,935] {processor.py:641} INFO - Processing file /home/paula/Documentos/airflow/venv/lib/python3.10/site-packages/airflow/example_dags/example_branch_labels.py for tasks to queue
[2024-11-05 15:13:31,936] {logging_mixin.py:115} INFO - [2024-11-05 15:13:31,936] {dagbag.py:507} INFO - Filling up the DagBag from /home/paula/Documentos/airflow/venv/lib/python3.10/site-packages/airflow/example_dags/example_branch_labels.py
[2024-11-05 15:13:31,944] {processor.py:651} INFO - DAG(s) dict_keys(['example_branch_labels']) retrieved from /home/paula/Documentos/airflow/venv/lib/python3.10/site-packages/airflow/example_dags/example_branch_labels.py
[2024-11-05 15:13:31,960] {logging_mixin.py:115} INFO - [2024-11-05 15:13:31,960] {dag.py:2379} INFO - Sync 1 DAGs
[2024-11-05 15:13:31,979] {logging_mixin.py:115} INFO - [2024-11-05 15:13:31,979] {dag.py:2927} INFO - Setting next_dagrun for example_branch_labels to 2024-11-04T00:00:00+00:00, run_after=2024-11-05T00:00:00+00:00
[2024-11-05 15:13:32,211] {processor.py:161} INFO - Processing /home/paula/Documentos/airflow/venv/lib/python3.10/site-packages/airflow/example_dags/example_branch_labels.py took 0.312 seconds
[2024-11-05 15:14:24,628] {processor.py:153} INFO - Started process (PID=1055823) to work on /home/paula/Documentos/airflow/venv/lib/python3.10/site-packages/airflow/example_dags/example_branch_labels.py
[2024-11-05 15:14:24,636] {processor.py:641} INFO - Processing file /home/paula/Documentos/airflow/venv/lib/python3.10/site-packages/airflow/example_dags/example_branch_labels.py for tasks to queue
[2024-11-05 15:14:24,637] {logging_mixin.py:115} INFO - [2024-11-05 15:14:24,637] {dagbag.py:507} INFO - Filling up the DagBag from /home/paula/Documentos/airflow/venv/lib/python3.10/site-packages/airflow/example_dags/example_branch_labels.py
[2024-11-05 15:14:24,644] {processor.py:651} INFO - DAG(s) dict_keys(['example_branch_labels']) retrieved from /home/paula/Documentos/airflow/venv/lib/python3.10/site-packages/airflow/example_dags/example_branch_labels.py
[2024-11-05 15:14:24,665] {logging_mixin.py:115} INFO - [2024-11-05 15:14:24,665] {dag.py:2379} INFO - Sync 1 DAGs
[2024-11-05 15:14:24,693] {logging_mixin.py:115} INFO - [2024-11-05 15:14:24,693] {dag.py:2927} INFO - Setting next_dagrun for example_branch_labels to 2024-11-04T00:00:00+00:00, run_after=2024-11-05T00:00:00+00:00
[2024-11-05 15:14:24,817] {processor.py:161} INFO - Processing /home/paula/Documentos/airflow/venv/lib/python3.10/site-packages/airflow/example_dags/example_branch_labels.py took 0.192 seconds
[2024-11-05 15:15:15,416] {processor.py:153} INFO - Started process (PID=1056138) to work on /home/paula/Documentos/airflow/venv/lib/python3.10/site-packages/airflow/example_dags/example_branch_labels.py
[2024-11-05 15:15:15,436] {processor.py:641} INFO - Processing file /home/paula/Documentos/airflow/venv/lib/python3.10/site-packages/airflow/example_dags/example_branch_labels.py for tasks to queue
[2024-11-05 15:15:15,437] {logging_mixin.py:115} INFO - [2024-11-05 15:15:15,437] {dagbag.py:507} INFO - Filling up the DagBag from /home/paula/Documentos/airflow/venv/lib/python3.10/site-packages/airflow/example_dags/example_branch_labels.py
[2024-11-05 15:15:15,444] {processor.py:651} INFO - DAG(s) dict_keys(['example_branch_labels']) retrieved from /home/paula/Documentos/airflow/venv/lib/python3.10/site-packages/airflow/example_dags/example_branch_labels.py
[2024-11-05 15:15:15,461] {logging_mixin.py:115} INFO - [2024-11-05 15:15:15,461] {dag.py:2379} INFO - Sync 1 DAGs
[2024-11-05 15:15:15,481] {logging_mixin.py:115} INFO - [2024-11-05 15:15:15,481] {dag.py:2927} INFO - Setting next_dagrun for example_branch_labels to 2024-11-04T00:00:00+00:00, run_after=2024-11-05T00:00:00+00:00
[2024-11-05 15:15:15,583] {processor.py:161} INFO - Processing /home/paula/Documentos/airflow/venv/lib/python3.10/site-packages/airflow/example_dags/example_branch_labels.py took 0.172 seconds
[2024-11-05 15:15:53,632] {processor.py:153} INFO - Started process (PID=1056380) to work on /home/paula/Documentos/airflow/venv/lib/python3.10/site-packages/airflow/example_dags/example_branch_labels.py
[2024-11-05 15:15:53,656] {processor.py:641} INFO - Processing file /home/paula/Documentos/airflow/venv/lib/python3.10/site-packages/airflow/example_dags/example_branch_labels.py for tasks to queue
[2024-11-05 15:15:53,657] {logging_mixin.py:115} INFO - [2024-11-05 15:15:53,657] {dagbag.py:507} INFO - Filling up the DagBag from /home/paula/Documentos/airflow/venv/lib/python3.10/site-packages/airflow/example_dags/example_branch_labels.py
[2024-11-05 15:15:53,667] {processor.py:651} INFO - DAG(s) dict_keys(['example_branch_labels']) retrieved from /home/paula/Documentos/airflow/venv/lib/python3.10/site-packages/airflow/example_dags/example_branch_labels.py
[2024-11-05 15:15:53,687] {logging_mixin.py:115} INFO - [2024-11-05 15:15:53,687] {dag.py:2379} INFO - Sync 1 DAGs
[2024-11-05 15:15:53,713] {logging_mixin.py:115} INFO - [2024-11-05 15:15:53,713] {dag.py:2927} INFO - Setting next_dagrun for example_branch_labels to 2024-11-04T00:00:00+00:00, run_after=2024-11-05T00:00:00+00:00
[2024-11-05 15:15:53,809] {processor.py:161} INFO - Processing /home/paula/Documentos/airflow/venv/lib/python3.10/site-packages/airflow/example_dags/example_branch_labels.py took 0.181 seconds
[2024-11-05 15:16:38,132] {processor.py:153} INFO - Started process (PID=1056659) to work on /home/paula/Documentos/airflow/venv/lib/python3.10/site-packages/airflow/example_dags/example_branch_labels.py
[2024-11-05 15:16:38,147] {processor.py:641} INFO - Processing file /home/paula/Documentos/airflow/venv/lib/python3.10/site-packages/airflow/example_dags/example_branch_labels.py for tasks to queue
[2024-11-05 15:16:38,148] {logging_mixin.py:115} INFO - [2024-11-05 15:16:38,148] {dagbag.py:507} INFO - Filling up the DagBag from /home/paula/Documentos/airflow/venv/lib/python3.10/site-packages/airflow/example_dags/example_branch_labels.py
[2024-11-05 15:16:38,169] {processor.py:651} INFO - DAG(s) dict_keys(['example_branch_labels']) retrieved from /home/paula/Documentos/airflow/venv/lib/python3.10/site-packages/airflow/example_dags/example_branch_labels.py
[2024-11-05 15:16:38,211] {logging_mixin.py:115} INFO - [2024-11-05 15:16:38,211] {dag.py:2379} INFO - Sync 1 DAGs
[2024-11-05 15:16:38,240] {logging_mixin.py:115} INFO - [2024-11-05 15:16:38,240] {dag.py:2927} INFO - Setting next_dagrun for example_branch_labels to 2024-11-04T00:00:00+00:00, run_after=2024-11-05T00:00:00+00:00
[2024-11-05 15:16:38,343] {processor.py:161} INFO - Processing /home/paula/Documentos/airflow/venv/lib/python3.10/site-packages/airflow/example_dags/example_branch_labels.py took 0.213 seconds
[2024-11-05 15:17:27,179] {processor.py:153} INFO - Started process (PID=1056965) to work on /home/paula/Documentos/airflow/venv/lib/python3.10/site-packages/airflow/example_dags/example_branch_labels.py
[2024-11-05 15:17:27,198] {processor.py:641} INFO - Processing file /home/paula/Documentos/airflow/venv/lib/python3.10/site-packages/airflow/example_dags/example_branch_labels.py for tasks to queue
[2024-11-05 15:17:27,199] {logging_mixin.py:115} INFO - [2024-11-05 15:17:27,199] {dagbag.py:507} INFO - Filling up the DagBag from /home/paula/Documentos/airflow/venv/lib/python3.10/site-packages/airflow/example_dags/example_branch_labels.py
[2024-11-05 15:17:27,207] {processor.py:651} INFO - DAG(s) dict_keys(['example_branch_labels']) retrieved from /home/paula/Documentos/airflow/venv/lib/python3.10/site-packages/airflow/example_dags/example_branch_labels.py
[2024-11-05 15:17:27,230] {logging_mixin.py:115} INFO - [2024-11-05 15:17:27,230] {dag.py:2379} INFO - Sync 1 DAGs
[2024-11-05 15:17:27,249] {logging_mixin.py:115} INFO - [2024-11-05 15:17:27,249] {dag.py:2927} INFO - Setting next_dagrun for example_branch_labels to 2024-11-04T00:00:00+00:00, run_after=2024-11-05T00:00:00+00:00
[2024-11-05 15:17:27,358] {processor.py:161} INFO - Processing /home/paula/Documentos/airflow/venv/lib/python3.10/site-packages/airflow/example_dags/example_branch_labels.py took 0.183 seconds
[2024-11-05 15:18:16,466] {processor.py:153} INFO - Started process (PID=1057274) to work on /home/paula/Documentos/airflow/venv/lib/python3.10/site-packages/airflow/example_dags/example_branch_labels.py
[2024-11-05 15:18:16,478] {processor.py:641} INFO - Processing file /home/paula/Documentos/airflow/venv/lib/python3.10/site-packages/airflow/example_dags/example_branch_labels.py for tasks to queue
[2024-11-05 15:18:16,479] {logging_mixin.py:115} INFO - [2024-11-05 15:18:16,479] {dagbag.py:507} INFO - Filling up the DagBag from /home/paula/Documentos/airflow/venv/lib/python3.10/site-packages/airflow/example_dags/example_branch_labels.py
[2024-11-05 15:18:16,488] {processor.py:651} INFO - DAG(s) dict_keys(['example_branch_labels']) retrieved from /home/paula/Documentos/airflow/venv/lib/python3.10/site-packages/airflow/example_dags/example_branch_labels.py
[2024-11-05 15:18:16,506] {logging_mixin.py:115} INFO - [2024-11-05 15:18:16,506] {dag.py:2379} INFO - Sync 1 DAGs
[2024-11-05 15:18:16,524] {logging_mixin.py:115} INFO - [2024-11-05 15:18:16,524] {dag.py:2927} INFO - Setting next_dagrun for example_branch_labels to 2024-11-04T00:00:00+00:00, run_after=2024-11-05T00:00:00+00:00
[2024-11-05 15:18:16,640] {processor.py:161} INFO - Processing /home/paula/Documentos/airflow/venv/lib/python3.10/site-packages/airflow/example_dags/example_branch_labels.py took 0.177 seconds
[2024-11-05 15:18:59,611] {processor.py:153} INFO - Started process (PID=1057527) to work on /home/paula/Documentos/airflow/venv/lib/python3.10/site-packages/airflow/example_dags/example_branch_labels.py
[2024-11-05 15:18:59,618] {processor.py:641} INFO - Processing file /home/paula/Documentos/airflow/venv/lib/python3.10/site-packages/airflow/example_dags/example_branch_labels.py for tasks to queue
[2024-11-05 15:18:59,619] {logging_mixin.py:115} INFO - [2024-11-05 15:18:59,619] {dagbag.py:507} INFO - Filling up the DagBag from /home/paula/Documentos/airflow/venv/lib/python3.10/site-packages/airflow/example_dags/example_branch_labels.py
[2024-11-05 15:18:59,628] {processor.py:651} INFO - DAG(s) dict_keys(['example_branch_labels']) retrieved from /home/paula/Documentos/airflow/venv/lib/python3.10/site-packages/airflow/example_dags/example_branch_labels.py
[2024-11-05 15:18:59,644] {logging_mixin.py:115} INFO - [2024-11-05 15:18:59,644] {dag.py:2379} INFO - Sync 1 DAGs
[2024-11-05 15:18:59,660] {logging_mixin.py:115} INFO - [2024-11-05 15:18:59,660] {dag.py:2927} INFO - Setting next_dagrun for example_branch_labels to 2024-11-04T00:00:00+00:00, run_after=2024-11-05T00:00:00+00:00
[2024-11-05 15:18:59,770] {processor.py:161} INFO - Processing /home/paula/Documentos/airflow/venv/lib/python3.10/site-packages/airflow/example_dags/example_branch_labels.py took 0.162 seconds
[2024-11-05 15:19:43,848] {processor.py:153} INFO - Started process (PID=1057827) to work on /home/paula/Documentos/airflow/venv/lib/python3.10/site-packages/airflow/example_dags/example_branch_labels.py
[2024-11-05 15:19:43,877] {processor.py:641} INFO - Processing file /home/paula/Documentos/airflow/venv/lib/python3.10/site-packages/airflow/example_dags/example_branch_labels.py for tasks to queue
[2024-11-05 15:19:43,877] {logging_mixin.py:115} INFO - [2024-11-05 15:19:43,877] {dagbag.py:507} INFO - Filling up the DagBag from /home/paula/Documentos/airflow/venv/lib/python3.10/site-packages/airflow/example_dags/example_branch_labels.py
[2024-11-05 15:19:43,886] {processor.py:651} INFO - DAG(s) dict_keys(['example_branch_labels']) retrieved from /home/paula/Documentos/airflow/venv/lib/python3.10/site-packages/airflow/example_dags/example_branch_labels.py
[2024-11-05 15:19:43,907] {logging_mixin.py:115} INFO - [2024-11-05 15:19:43,907] {dag.py:2379} INFO - Sync 1 DAGs
[2024-11-05 15:19:43,934] {logging_mixin.py:115} INFO - [2024-11-05 15:19:43,933] {dag.py:2927} INFO - Setting next_dagrun for example_branch_labels to 2024-11-04T00:00:00+00:00, run_after=2024-11-05T00:00:00+00:00
[2024-11-05 15:19:44,062] {processor.py:161} INFO - Processing /home/paula/Documentos/airflow/venv/lib/python3.10/site-packages/airflow/example_dags/example_branch_labels.py took 0.222 seconds
[2024-11-05 15:20:29,095] {processor.py:153} INFO - Started process (PID=1058094) to work on /home/paula/Documentos/airflow/venv/lib/python3.10/site-packages/airflow/example_dags/example_branch_labels.py
[2024-11-05 15:20:29,106] {processor.py:641} INFO - Processing file /home/paula/Documentos/airflow/venv/lib/python3.10/site-packages/airflow/example_dags/example_branch_labels.py for tasks to queue
[2024-11-05 15:20:29,107] {logging_mixin.py:115} INFO - [2024-11-05 15:20:29,107] {dagbag.py:507} INFO - Filling up the DagBag from /home/paula/Documentos/airflow/venv/lib/python3.10/site-packages/airflow/example_dags/example_branch_labels.py
[2024-11-05 15:20:29,116] {processor.py:651} INFO - DAG(s) dict_keys(['example_branch_labels']) retrieved from /home/paula/Documentos/airflow/venv/lib/python3.10/site-packages/airflow/example_dags/example_branch_labels.py
[2024-11-05 15:20:29,133] {logging_mixin.py:115} INFO - [2024-11-05 15:20:29,133] {dag.py:2379} INFO - Sync 1 DAGs
[2024-11-05 15:20:29,150] {logging_mixin.py:115} INFO - [2024-11-05 15:20:29,150] {dag.py:2927} INFO - Setting next_dagrun for example_branch_labels to 2024-11-04T00:00:00+00:00, run_after=2024-11-05T00:00:00+00:00
[2024-11-05 15:20:29,226] {processor.py:161} INFO - Processing /home/paula/Documentos/airflow/venv/lib/python3.10/site-packages/airflow/example_dags/example_branch_labels.py took 0.134 seconds
[2024-11-05 15:21:44,930] {processor.py:153} INFO - Started process (PID=1058591) to work on /home/paula/Documentos/airflow/venv/lib/python3.10/site-packages/airflow/example_dags/example_branch_labels.py
[2024-11-05 15:21:44,931] {processor.py:641} INFO - Processing file /home/paula/Documentos/airflow/venv/lib/python3.10/site-packages/airflow/example_dags/example_branch_labels.py for tasks to queue
[2024-11-05 15:21:44,932] {logging_mixin.py:115} INFO - [2024-11-05 15:21:44,931] {dagbag.py:507} INFO - Filling up the DagBag from /home/paula/Documentos/airflow/venv/lib/python3.10/site-packages/airflow/example_dags/example_branch_labels.py
[2024-11-05 15:21:44,941] {processor.py:651} INFO - DAG(s) dict_keys(['example_branch_labels']) retrieved from /home/paula/Documentos/airflow/venv/lib/python3.10/site-packages/airflow/example_dags/example_branch_labels.py
[2024-11-05 15:21:44,961] {logging_mixin.py:115} INFO - [2024-11-05 15:21:44,961] {dag.py:2379} INFO - Sync 1 DAGs
[2024-11-05 15:21:44,982] {logging_mixin.py:115} INFO - [2024-11-05 15:21:44,982] {dag.py:2927} INFO - Setting next_dagrun for example_branch_labels to 2024-11-04T00:00:00+00:00, run_after=2024-11-05T00:00:00+00:00
[2024-11-05 15:21:45,070] {processor.py:161} INFO - Processing /home/paula/Documentos/airflow/venv/lib/python3.10/site-packages/airflow/example_dags/example_branch_labels.py took 0.144 seconds
[2024-11-05 15:22:33,574] {processor.py:153} INFO - Started process (PID=1058892) to work on /home/paula/Documentos/airflow/venv/lib/python3.10/site-packages/airflow/example_dags/example_branch_labels.py
[2024-11-05 15:22:33,578] {processor.py:641} INFO - Processing file /home/paula/Documentos/airflow/venv/lib/python3.10/site-packages/airflow/example_dags/example_branch_labels.py for tasks to queue
[2024-11-05 15:22:33,579] {logging_mixin.py:115} INFO - [2024-11-05 15:22:33,578] {dagbag.py:507} INFO - Filling up the DagBag from /home/paula/Documentos/airflow/venv/lib/python3.10/site-packages/airflow/example_dags/example_branch_labels.py
[2024-11-05 15:22:33,588] {processor.py:651} INFO - DAG(s) dict_keys(['example_branch_labels']) retrieved from /home/paula/Documentos/airflow/venv/lib/python3.10/site-packages/airflow/example_dags/example_branch_labels.py
[2024-11-05 15:22:33,609] {logging_mixin.py:115} INFO - [2024-11-05 15:22:33,609] {dag.py:2379} INFO - Sync 1 DAGs
[2024-11-05 15:22:33,630] {logging_mixin.py:115} INFO - [2024-11-05 15:22:33,630] {dag.py:2927} INFO - Setting next_dagrun for example_branch_labels to 2024-11-04T00:00:00+00:00, run_after=2024-11-05T00:00:00+00:00
[2024-11-05 15:22:33,722] {processor.py:161} INFO - Processing /home/paula/Documentos/airflow/venv/lib/python3.10/site-packages/airflow/example_dags/example_branch_labels.py took 0.151 seconds
[2024-11-05 15:23:17,147] {processor.py:153} INFO - Started process (PID=1059179) to work on /home/paula/Documentos/airflow/venv/lib/python3.10/site-packages/airflow/example_dags/example_branch_labels.py
[2024-11-05 15:23:17,165] {processor.py:641} INFO - Processing file /home/paula/Documentos/airflow/venv/lib/python3.10/site-packages/airflow/example_dags/example_branch_labels.py for tasks to queue
[2024-11-05 15:23:17,166] {logging_mixin.py:115} INFO - [2024-11-05 15:23:17,166] {dagbag.py:507} INFO - Filling up the DagBag from /home/paula/Documentos/airflow/venv/lib/python3.10/site-packages/airflow/example_dags/example_branch_labels.py
[2024-11-05 15:23:17,177] {processor.py:651} INFO - DAG(s) dict_keys(['example_branch_labels']) retrieved from /home/paula/Documentos/airflow/venv/lib/python3.10/site-packages/airflow/example_dags/example_branch_labels.py
[2024-11-05 15:23:17,197] {logging_mixin.py:115} INFO - [2024-11-05 15:23:17,197] {dag.py:2379} INFO - Sync 1 DAGs
[2024-11-05 15:23:17,215] {logging_mixin.py:115} INFO - [2024-11-05 15:23:17,215] {dag.py:2927} INFO - Setting next_dagrun for example_branch_labels to 2024-11-04T00:00:00+00:00, run_after=2024-11-05T00:00:00+00:00
[2024-11-05 15:23:17,705] {processor.py:161} INFO - Processing /home/paula/Documentos/airflow/venv/lib/python3.10/site-packages/airflow/example_dags/example_branch_labels.py took 0.561 seconds
[2024-11-05 15:23:59,307] {processor.py:153} INFO - Started process (PID=1059437) to work on /home/paula/Documentos/airflow/venv/lib/python3.10/site-packages/airflow/example_dags/example_branch_labels.py
[2024-11-05 15:23:59,308] {processor.py:641} INFO - Processing file /home/paula/Documentos/airflow/venv/lib/python3.10/site-packages/airflow/example_dags/example_branch_labels.py for tasks to queue
[2024-11-05 15:23:59,309] {logging_mixin.py:115} INFO - [2024-11-05 15:23:59,308] {dagbag.py:507} INFO - Filling up the DagBag from /home/paula/Documentos/airflow/venv/lib/python3.10/site-packages/airflow/example_dags/example_branch_labels.py
[2024-11-05 15:23:59,318] {processor.py:651} INFO - DAG(s) dict_keys(['example_branch_labels']) retrieved from /home/paula/Documentos/airflow/venv/lib/python3.10/site-packages/airflow/example_dags/example_branch_labels.py
[2024-11-05 15:23:59,339] {logging_mixin.py:115} INFO - [2024-11-05 15:23:59,339] {dag.py:2379} INFO - Sync 1 DAGs
[2024-11-05 15:23:59,369] {logging_mixin.py:115} INFO - [2024-11-05 15:23:59,369] {dag.py:2927} INFO - Setting next_dagrun for example_branch_labels to 2024-11-04T00:00:00+00:00, run_after=2024-11-05T00:00:00+00:00
[2024-11-05 15:23:59,470] {processor.py:161} INFO - Processing /home/paula/Documentos/airflow/venv/lib/python3.10/site-packages/airflow/example_dags/example_branch_labels.py took 0.167 seconds
[2024-11-05 15:24:46,295] {processor.py:153} INFO - Started process (PID=1059734) to work on /home/paula/Documentos/airflow/venv/lib/python3.10/site-packages/airflow/example_dags/example_branch_labels.py
[2024-11-05 15:24:46,301] {processor.py:641} INFO - Processing file /home/paula/Documentos/airflow/venv/lib/python3.10/site-packages/airflow/example_dags/example_branch_labels.py for tasks to queue
[2024-11-05 15:24:46,301] {logging_mixin.py:115} INFO - [2024-11-05 15:24:46,301] {dagbag.py:507} INFO - Filling up the DagBag from /home/paula/Documentos/airflow/venv/lib/python3.10/site-packages/airflow/example_dags/example_branch_labels.py
[2024-11-05 15:24:46,309] {processor.py:651} INFO - DAG(s) dict_keys(['example_branch_labels']) retrieved from /home/paula/Documentos/airflow/venv/lib/python3.10/site-packages/airflow/example_dags/example_branch_labels.py
[2024-11-05 15:24:46,328] {logging_mixin.py:115} INFO - [2024-11-05 15:24:46,328] {dag.py:2379} INFO - Sync 1 DAGs
[2024-11-05 15:24:46,347] {logging_mixin.py:115} INFO - [2024-11-05 15:24:46,347] {dag.py:2927} INFO - Setting next_dagrun for example_branch_labels to 2024-11-04T00:00:00+00:00, run_after=2024-11-05T00:00:00+00:00
[2024-11-05 15:24:46,428] {processor.py:161} INFO - Processing /home/paula/Documentos/airflow/venv/lib/python3.10/site-packages/airflow/example_dags/example_branch_labels.py took 0.137 seconds
[2024-11-05 15:25:44,146] {processor.py:153} INFO - Started process (PID=1060186) to work on /home/paula/Documentos/airflow/venv/lib/python3.10/site-packages/airflow/example_dags/example_branch_labels.py
[2024-11-05 15:25:44,167] {processor.py:641} INFO - Processing file /home/paula/Documentos/airflow/venv/lib/python3.10/site-packages/airflow/example_dags/example_branch_labels.py for tasks to queue
[2024-11-05 15:25:44,168] {logging_mixin.py:115} INFO - [2024-11-05 15:25:44,168] {dagbag.py:507} INFO - Filling up the DagBag from /home/paula/Documentos/airflow/venv/lib/python3.10/site-packages/airflow/example_dags/example_branch_labels.py
[2024-11-05 15:25:44,176] {processor.py:651} INFO - DAG(s) dict_keys(['example_branch_labels']) retrieved from /home/paula/Documentos/airflow/venv/lib/python3.10/site-packages/airflow/example_dags/example_branch_labels.py
[2024-11-05 15:25:44,194] {logging_mixin.py:115} INFO - [2024-11-05 15:25:44,194] {dag.py:2379} INFO - Sync 1 DAGs
[2024-11-05 15:25:44,211] {logging_mixin.py:115} INFO - [2024-11-05 15:25:44,211] {dag.py:2927} INFO - Setting next_dagrun for example_branch_labels to 2024-11-04T00:00:00+00:00, run_after=2024-11-05T00:00:00+00:00
[2024-11-05 15:25:44,305] {processor.py:161} INFO - Processing /home/paula/Documentos/airflow/venv/lib/python3.10/site-packages/airflow/example_dags/example_branch_labels.py took 0.162 seconds
[2024-11-05 15:29:12,953] {processor.py:153} INFO - Started process (PID=1061448) to work on /home/paula/Documentos/airflow/venv/lib/python3.10/site-packages/airflow/example_dags/example_branch_labels.py
[2024-11-05 15:29:12,954] {processor.py:641} INFO - Processing file /home/paula/Documentos/airflow/venv/lib/python3.10/site-packages/airflow/example_dags/example_branch_labels.py for tasks to queue
[2024-11-05 15:29:12,955] {logging_mixin.py:115} INFO - [2024-11-05 15:29:12,954] {dagbag.py:507} INFO - Filling up the DagBag from /home/paula/Documentos/airflow/venv/lib/python3.10/site-packages/airflow/example_dags/example_branch_labels.py
[2024-11-05 15:29:12,965] {processor.py:651} INFO - DAG(s) dict_keys(['example_branch_labels']) retrieved from /home/paula/Documentos/airflow/venv/lib/python3.10/site-packages/airflow/example_dags/example_branch_labels.py
[2024-11-05 15:29:12,983] {logging_mixin.py:115} INFO - [2024-11-05 15:29:12,983] {dag.py:2379} INFO - Sync 1 DAGs
[2024-11-05 15:29:13,004] {logging_mixin.py:115} INFO - [2024-11-05 15:29:13,004] {dag.py:2927} INFO - Setting next_dagrun for example_branch_labels to 2024-11-04T00:00:00+00:00, run_after=2024-11-05T00:00:00+00:00
[2024-11-05 15:29:13,097] {processor.py:161} INFO - Processing /home/paula/Documentos/airflow/venv/lib/python3.10/site-packages/airflow/example_dags/example_branch_labels.py took 0.147 seconds
[2024-11-05 15:29:58,206] {processor.py:153} INFO - Started process (PID=1061753) to work on /home/paula/Documentos/airflow/venv/lib/python3.10/site-packages/airflow/example_dags/example_branch_labels.py
[2024-11-05 15:29:58,207] {processor.py:641} INFO - Processing file /home/paula/Documentos/airflow/venv/lib/python3.10/site-packages/airflow/example_dags/example_branch_labels.py for tasks to queue
[2024-11-05 15:29:58,208] {logging_mixin.py:115} INFO - [2024-11-05 15:29:58,208] {dagbag.py:507} INFO - Filling up the DagBag from /home/paula/Documentos/airflow/venv/lib/python3.10/site-packages/airflow/example_dags/example_branch_labels.py
[2024-11-05 15:29:58,215] {processor.py:651} INFO - DAG(s) dict_keys(['example_branch_labels']) retrieved from /home/paula/Documentos/airflow/venv/lib/python3.10/site-packages/airflow/example_dags/example_branch_labels.py
[2024-11-05 15:29:58,232] {logging_mixin.py:115} INFO - [2024-11-05 15:29:58,232] {dag.py:2379} INFO - Sync 1 DAGs
[2024-11-05 15:29:58,250] {logging_mixin.py:115} INFO - [2024-11-05 15:29:58,250] {dag.py:2927} INFO - Setting next_dagrun for example_branch_labels to 2024-11-04T00:00:00+00:00, run_after=2024-11-05T00:00:00+00:00
[2024-11-05 15:29:58,361] {processor.py:161} INFO - Processing /home/paula/Documentos/airflow/venv/lib/python3.10/site-packages/airflow/example_dags/example_branch_labels.py took 0.157 seconds
[2024-11-05 15:30:40,752] {processor.py:153} INFO - Started process (PID=1062012) to work on /home/paula/Documentos/airflow/venv/lib/python3.10/site-packages/airflow/example_dags/example_branch_labels.py
[2024-11-05 15:30:40,753] {processor.py:641} INFO - Processing file /home/paula/Documentos/airflow/venv/lib/python3.10/site-packages/airflow/example_dags/example_branch_labels.py for tasks to queue
[2024-11-05 15:30:40,753] {logging_mixin.py:115} INFO - [2024-11-05 15:30:40,753] {dagbag.py:507} INFO - Filling up the DagBag from /home/paula/Documentos/airflow/venv/lib/python3.10/site-packages/airflow/example_dags/example_branch_labels.py
[2024-11-05 15:30:40,760] {processor.py:651} INFO - DAG(s) dict_keys(['example_branch_labels']) retrieved from /home/paula/Documentos/airflow/venv/lib/python3.10/site-packages/airflow/example_dags/example_branch_labels.py
[2024-11-05 15:30:40,775] {logging_mixin.py:115} INFO - [2024-11-05 15:30:40,775] {dag.py:2379} INFO - Sync 1 DAGs
[2024-11-05 15:30:40,791] {logging_mixin.py:115} INFO - [2024-11-05 15:30:40,791] {dag.py:2927} INFO - Setting next_dagrun for example_branch_labels to 2024-11-04T00:00:00+00:00, run_after=2024-11-05T00:00:00+00:00
[2024-11-05 15:30:40,892] {processor.py:161} INFO - Processing /home/paula/Documentos/airflow/venv/lib/python3.10/site-packages/airflow/example_dags/example_branch_labels.py took 0.143 seconds
[2024-11-05 15:31:34,132] {processor.py:153} INFO - Started process (PID=1062325) to work on /home/paula/Documentos/airflow/venv/lib/python3.10/site-packages/airflow/example_dags/example_branch_labels.py
[2024-11-05 15:31:34,132] {processor.py:641} INFO - Processing file /home/paula/Documentos/airflow/venv/lib/python3.10/site-packages/airflow/example_dags/example_branch_labels.py for tasks to queue
[2024-11-05 15:31:34,133] {logging_mixin.py:115} INFO - [2024-11-05 15:31:34,133] {dagbag.py:507} INFO - Filling up the DagBag from /home/paula/Documentos/airflow/venv/lib/python3.10/site-packages/airflow/example_dags/example_branch_labels.py
[2024-11-05 15:31:34,140] {processor.py:651} INFO - DAG(s) dict_keys(['example_branch_labels']) retrieved from /home/paula/Documentos/airflow/venv/lib/python3.10/site-packages/airflow/example_dags/example_branch_labels.py
[2024-11-05 15:31:34,155] {logging_mixin.py:115} INFO - [2024-11-05 15:31:34,155] {dag.py:2379} INFO - Sync 1 DAGs
[2024-11-05 15:31:34,174] {logging_mixin.py:115} INFO - [2024-11-05 15:31:34,174] {dag.py:2927} INFO - Setting next_dagrun for example_branch_labels to 2024-11-04T00:00:00+00:00, run_after=2024-11-05T00:00:00+00:00
[2024-11-05 15:31:34,288] {processor.py:161} INFO - Processing /home/paula/Documentos/airflow/venv/lib/python3.10/site-packages/airflow/example_dags/example_branch_labels.py took 0.159 seconds
[2024-11-05 15:32:59,165] {processor.py:153} INFO - Started process (PID=1062840) to work on /home/paula/Documentos/airflow/venv/lib/python3.10/site-packages/airflow/example_dags/example_branch_labels.py
[2024-11-05 15:32:59,174] {processor.py:641} INFO - Processing file /home/paula/Documentos/airflow/venv/lib/python3.10/site-packages/airflow/example_dags/example_branch_labels.py for tasks to queue
[2024-11-05 15:32:59,175] {logging_mixin.py:115} INFO - [2024-11-05 15:32:59,175] {dagbag.py:507} INFO - Filling up the DagBag from /home/paula/Documentos/airflow/venv/lib/python3.10/site-packages/airflow/example_dags/example_branch_labels.py
[2024-11-05 15:32:59,180] {processor.py:651} INFO - DAG(s) dict_keys(['example_branch_labels']) retrieved from /home/paula/Documentos/airflow/venv/lib/python3.10/site-packages/airflow/example_dags/example_branch_labels.py
[2024-11-05 15:32:59,197] {logging_mixin.py:115} INFO - [2024-11-05 15:32:59,197] {dag.py:2379} INFO - Sync 1 DAGs
[2024-11-05 15:32:59,217] {logging_mixin.py:115} INFO - [2024-11-05 15:32:59,217] {dag.py:2927} INFO - Setting next_dagrun for example_branch_labels to 2024-11-04T00:00:00+00:00, run_after=2024-11-05T00:00:00+00:00
[2024-11-05 15:32:59,314] {processor.py:161} INFO - Processing /home/paula/Documentos/airflow/venv/lib/python3.10/site-packages/airflow/example_dags/example_branch_labels.py took 0.152 seconds
[2024-11-05 15:33:44,562] {processor.py:153} INFO - Started process (PID=1063179) to work on /home/paula/Documentos/airflow/venv/lib/python3.10/site-packages/airflow/example_dags/example_branch_labels.py
[2024-11-05 15:33:44,563] {processor.py:641} INFO - Processing file /home/paula/Documentos/airflow/venv/lib/python3.10/site-packages/airflow/example_dags/example_branch_labels.py for tasks to queue
[2024-11-05 15:33:44,564] {logging_mixin.py:115} INFO - [2024-11-05 15:33:44,564] {dagbag.py:507} INFO - Filling up the DagBag from /home/paula/Documentos/airflow/venv/lib/python3.10/site-packages/airflow/example_dags/example_branch_labels.py
[2024-11-05 15:33:44,574] {processor.py:651} INFO - DAG(s) dict_keys(['example_branch_labels']) retrieved from /home/paula/Documentos/airflow/venv/lib/python3.10/site-packages/airflow/example_dags/example_branch_labels.py
[2024-11-05 15:33:44,593] {logging_mixin.py:115} INFO - [2024-11-05 15:33:44,593] {dag.py:2379} INFO - Sync 1 DAGs
[2024-11-05 15:33:44,618] {logging_mixin.py:115} INFO - [2024-11-05 15:33:44,617] {dag.py:2927} INFO - Setting next_dagrun for example_branch_labels to 2024-11-04T00:00:00+00:00, run_after=2024-11-05T00:00:00+00:00
[2024-11-05 15:33:44,721] {processor.py:161} INFO - Processing /home/paula/Documentos/airflow/venv/lib/python3.10/site-packages/airflow/example_dags/example_branch_labels.py took 0.161 seconds
[2024-11-05 15:34:29,183] {processor.py:153} INFO - Started process (PID=1063529) to work on /home/paula/Documentos/airflow/venv/lib/python3.10/site-packages/airflow/example_dags/example_branch_labels.py
[2024-11-05 15:34:29,205] {processor.py:641} INFO - Processing file /home/paula/Documentos/airflow/venv/lib/python3.10/site-packages/airflow/example_dags/example_branch_labels.py for tasks to queue
[2024-11-05 15:34:29,206] {logging_mixin.py:115} INFO - [2024-11-05 15:34:29,206] {dagbag.py:507} INFO - Filling up the DagBag from /home/paula/Documentos/airflow/venv/lib/python3.10/site-packages/airflow/example_dags/example_branch_labels.py
[2024-11-05 15:34:29,213] {processor.py:651} INFO - DAG(s) dict_keys(['example_branch_labels']) retrieved from /home/paula/Documentos/airflow/venv/lib/python3.10/site-packages/airflow/example_dags/example_branch_labels.py
[2024-11-05 15:34:29,231] {logging_mixin.py:115} INFO - [2024-11-05 15:34:29,231] {dag.py:2379} INFO - Sync 1 DAGs
[2024-11-05 15:34:29,251] {logging_mixin.py:115} INFO - [2024-11-05 15:34:29,251] {dag.py:2927} INFO - Setting next_dagrun for example_branch_labels to 2024-11-04T00:00:00+00:00, run_after=2024-11-05T00:00:00+00:00
[2024-11-05 15:34:29,369] {processor.py:161} INFO - Processing /home/paula/Documentos/airflow/venv/lib/python3.10/site-packages/airflow/example_dags/example_branch_labels.py took 0.189 seconds
[2024-11-05 15:35:14,197] {processor.py:153} INFO - Started process (PID=1063873) to work on /home/paula/Documentos/airflow/venv/lib/python3.10/site-packages/airflow/example_dags/example_branch_labels.py
[2024-11-05 15:35:14,208] {processor.py:641} INFO - Processing file /home/paula/Documentos/airflow/venv/lib/python3.10/site-packages/airflow/example_dags/example_branch_labels.py for tasks to queue
[2024-11-05 15:35:14,209] {logging_mixin.py:115} INFO - [2024-11-05 15:35:14,209] {dagbag.py:507} INFO - Filling up the DagBag from /home/paula/Documentos/airflow/venv/lib/python3.10/site-packages/airflow/example_dags/example_branch_labels.py
[2024-11-05 15:35:14,218] {processor.py:651} INFO - DAG(s) dict_keys(['example_branch_labels']) retrieved from /home/paula/Documentos/airflow/venv/lib/python3.10/site-packages/airflow/example_dags/example_branch_labels.py
[2024-11-05 15:35:14,234] {logging_mixin.py:115} INFO - [2024-11-05 15:35:14,234] {dag.py:2379} INFO - Sync 1 DAGs
[2024-11-05 15:35:14,251] {logging_mixin.py:115} INFO - [2024-11-05 15:35:14,251] {dag.py:2927} INFO - Setting next_dagrun for example_branch_labels to 2024-11-04T00:00:00+00:00, run_after=2024-11-05T00:00:00+00:00
[2024-11-05 15:35:14,428] {processor.py:161} INFO - Processing /home/paula/Documentos/airflow/venv/lib/python3.10/site-packages/airflow/example_dags/example_branch_labels.py took 0.234 seconds
[2024-11-05 15:40:05,102] {processor.py:153} INFO - Started process (PID=1066008) to work on /home/paula/Documentos/airflow/venv/lib/python3.10/site-packages/airflow/example_dags/example_branch_labels.py
[2024-11-05 15:40:05,111] {processor.py:641} INFO - Processing file /home/paula/Documentos/airflow/venv/lib/python3.10/site-packages/airflow/example_dags/example_branch_labels.py for tasks to queue
[2024-11-05 15:40:05,112] {logging_mixin.py:115} INFO - [2024-11-05 15:40:05,112] {dagbag.py:507} INFO - Filling up the DagBag from /home/paula/Documentos/airflow/venv/lib/python3.10/site-packages/airflow/example_dags/example_branch_labels.py
[2024-11-05 15:40:05,120] {processor.py:651} INFO - DAG(s) dict_keys(['example_branch_labels']) retrieved from /home/paula/Documentos/airflow/venv/lib/python3.10/site-packages/airflow/example_dags/example_branch_labels.py
[2024-11-05 15:40:05,138] {logging_mixin.py:115} INFO - [2024-11-05 15:40:05,138] {dag.py:2379} INFO - Sync 1 DAGs
[2024-11-05 15:40:05,156] {logging_mixin.py:115} INFO - [2024-11-05 15:40:05,156] {dag.py:2927} INFO - Setting next_dagrun for example_branch_labels to 2024-11-04T00:00:00+00:00, run_after=2024-11-05T00:00:00+00:00
[2024-11-05 15:40:05,255] {processor.py:161} INFO - Processing /home/paula/Documentos/airflow/venv/lib/python3.10/site-packages/airflow/example_dags/example_branch_labels.py took 0.156 seconds
[2024-11-05 15:40:55,452] {processor.py:153} INFO - Started process (PID=1066338) to work on /home/paula/Documentos/airflow/venv/lib/python3.10/site-packages/airflow/example_dags/example_branch_labels.py
[2024-11-05 15:40:55,491] {processor.py:641} INFO - Processing file /home/paula/Documentos/airflow/venv/lib/python3.10/site-packages/airflow/example_dags/example_branch_labels.py for tasks to queue
[2024-11-05 15:40:55,492] {logging_mixin.py:115} INFO - [2024-11-05 15:40:55,492] {dagbag.py:507} INFO - Filling up the DagBag from /home/paula/Documentos/airflow/venv/lib/python3.10/site-packages/airflow/example_dags/example_branch_labels.py
[2024-11-05 15:40:55,502] {processor.py:651} INFO - DAG(s) dict_keys(['example_branch_labels']) retrieved from /home/paula/Documentos/airflow/venv/lib/python3.10/site-packages/airflow/example_dags/example_branch_labels.py
[2024-11-05 15:40:55,605] {logging_mixin.py:115} INFO - [2024-11-05 15:40:55,605] {dag.py:2379} INFO - Sync 1 DAGs
[2024-11-05 15:40:55,628] {logging_mixin.py:115} INFO - [2024-11-05 15:40:55,628] {dag.py:2927} INFO - Setting next_dagrun for example_branch_labels to 2024-11-04T00:00:00+00:00, run_after=2024-11-05T00:00:00+00:00
[2024-11-05 15:40:55,838] {processor.py:161} INFO - Processing /home/paula/Documentos/airflow/venv/lib/python3.10/site-packages/airflow/example_dags/example_branch_labels.py took 0.389 seconds
