[2024-11-05 15:08:04,588] {processor.py:153} INFO - Started process (PID=1053413) to work on /home/paula/Documentos/airflow/venv/lib/python3.10/site-packages/airflow/example_dags/example_external_task_marker_dag.py
[2024-11-05 15:08:04,589] {processor.py:641} INFO - Processing file /home/paula/Documentos/airflow/venv/lib/python3.10/site-packages/airflow/example_dags/example_external_task_marker_dag.py for tasks to queue
[2024-11-05 15:08:04,596] {logging_mixin.py:115} INFO - [2024-11-05 15:08:04,595] {dagbag.py:507} INFO - Filling up the DagBag from /home/paula/Documentos/airflow/venv/lib/python3.10/site-packages/airflow/example_dags/example_external_task_marker_dag.py
[2024-11-05 15:08:04,612] {processor.py:651} INFO - DAG(s) dict_keys(['example_external_task_marker_parent', 'example_external_task_marker_child']) retrieved from /home/paula/Documentos/airflow/venv/lib/python3.10/site-packages/airflow/example_dags/example_external_task_marker_dag.py
[2024-11-05 15:08:05,062] {logging_mixin.py:115} INFO - [2024-11-05 15:08:05,062] {manager.py:508} INFO - Created Permission View: can edit on DAG:example_external_task_marker_parent
[2024-11-05 15:08:05,474] {logging_mixin.py:115} INFO - [2024-11-05 15:08:05,474] {manager.py:508} INFO - Created Permission View: can read on DAG:example_external_task_marker_parent
[2024-11-05 15:08:05,654] {logging_mixin.py:115} INFO - [2024-11-05 15:08:05,654] {manager.py:508} INFO - Created Permission View: can delete on DAG:example_external_task_marker_parent
[2024-11-05 15:08:06,069] {logging_mixin.py:115} INFO - [2024-11-05 15:08:06,068] {manager.py:508} INFO - Created Permission View: can edit on DAG:example_external_task_marker_child
[2024-11-05 15:08:06,237] {logging_mixin.py:115} INFO - [2024-11-05 15:08:06,237] {manager.py:508} INFO - Created Permission View: can read on DAG:example_external_task_marker_child
[2024-11-05 15:08:06,428] {logging_mixin.py:115} INFO - [2024-11-05 15:08:06,428] {manager.py:508} INFO - Created Permission View: can delete on DAG:example_external_task_marker_child
[2024-11-05 15:08:06,429] {logging_mixin.py:115} INFO - [2024-11-05 15:08:06,429] {dag.py:2379} INFO - Sync 2 DAGs
[2024-11-05 15:08:06,452] {logging_mixin.py:115} INFO - [2024-11-05 15:08:06,451] {dag.py:2398} INFO - Creating ORM DAG for example_external_task_marker_child
[2024-11-05 15:08:06,453] {logging_mixin.py:115} INFO - [2024-11-05 15:08:06,452] {dag.py:2398} INFO - Creating ORM DAG for example_external_task_marker_parent
[2024-11-05 15:08:06,473] {logging_mixin.py:115} INFO - [2024-11-05 15:08:06,473] {dag.py:2927} INFO - Setting next_dagrun for example_external_task_marker_child to None, run_after=None
[2024-11-05 15:08:06,474] {logging_mixin.py:115} INFO - [2024-11-05 15:08:06,474] {dag.py:2927} INFO - Setting next_dagrun for example_external_task_marker_parent to None, run_after=None
[2024-11-05 15:08:06,734] {processor.py:161} INFO - Processing /home/paula/Documentos/airflow/venv/lib/python3.10/site-packages/airflow/example_dags/example_external_task_marker_dag.py took 2.157 seconds
[2024-11-05 15:09:01,924] {processor.py:153} INFO - Started process (PID=1053770) to work on /home/paula/Documentos/airflow/venv/lib/python3.10/site-packages/airflow/example_dags/example_external_task_marker_dag.py
[2024-11-05 15:09:01,930] {processor.py:641} INFO - Processing file /home/paula/Documentos/airflow/venv/lib/python3.10/site-packages/airflow/example_dags/example_external_task_marker_dag.py for tasks to queue
[2024-11-05 15:09:01,931] {logging_mixin.py:115} INFO - [2024-11-05 15:09:01,931] {dagbag.py:507} INFO - Filling up the DagBag from /home/paula/Documentos/airflow/venv/lib/python3.10/site-packages/airflow/example_dags/example_external_task_marker_dag.py
[2024-11-05 15:09:01,936] {processor.py:651} INFO - DAG(s) dict_keys(['example_external_task_marker_parent', 'example_external_task_marker_child']) retrieved from /home/paula/Documentos/airflow/venv/lib/python3.10/site-packages/airflow/example_dags/example_external_task_marker_dag.py
[2024-11-05 15:09:01,961] {logging_mixin.py:115} INFO - [2024-11-05 15:09:01,961] {dag.py:2379} INFO - Sync 2 DAGs
[2024-11-05 15:09:01,979] {logging_mixin.py:115} INFO - [2024-11-05 15:09:01,979] {dag.py:2927} INFO - Setting next_dagrun for example_external_task_marker_child to None, run_after=None
[2024-11-05 15:09:01,979] {logging_mixin.py:115} INFO - [2024-11-05 15:09:01,979] {dag.py:2927} INFO - Setting next_dagrun for example_external_task_marker_parent to None, run_after=None
[2024-11-05 15:09:02,152] {processor.py:161} INFO - Processing /home/paula/Documentos/airflow/venv/lib/python3.10/site-packages/airflow/example_dags/example_external_task_marker_dag.py took 0.232 seconds
[2024-11-05 15:09:45,019] {processor.py:153} INFO - Started process (PID=1053984) to work on /home/paula/Documentos/airflow/venv/lib/python3.10/site-packages/airflow/example_dags/example_external_task_marker_dag.py
[2024-11-05 15:09:45,050] {processor.py:641} INFO - Processing file /home/paula/Documentos/airflow/venv/lib/python3.10/site-packages/airflow/example_dags/example_external_task_marker_dag.py for tasks to queue
[2024-11-05 15:09:45,051] {logging_mixin.py:115} INFO - [2024-11-05 15:09:45,051] {dagbag.py:507} INFO - Filling up the DagBag from /home/paula/Documentos/airflow/venv/lib/python3.10/site-packages/airflow/example_dags/example_external_task_marker_dag.py
[2024-11-05 15:09:45,057] {processor.py:651} INFO - DAG(s) dict_keys(['example_external_task_marker_parent', 'example_external_task_marker_child']) retrieved from /home/paula/Documentos/airflow/venv/lib/python3.10/site-packages/airflow/example_dags/example_external_task_marker_dag.py
[2024-11-05 15:09:45,089] {logging_mixin.py:115} INFO - [2024-11-05 15:09:45,089] {dag.py:2379} INFO - Sync 2 DAGs
[2024-11-05 15:09:45,109] {logging_mixin.py:115} INFO - [2024-11-05 15:09:45,109] {dag.py:2927} INFO - Setting next_dagrun for example_external_task_marker_child to None, run_after=None
[2024-11-05 15:09:45,109] {logging_mixin.py:115} INFO - [2024-11-05 15:09:45,109] {dag.py:2927} INFO - Setting next_dagrun for example_external_task_marker_parent to None, run_after=None
[2024-11-05 15:09:45,343] {processor.py:161} INFO - Processing /home/paula/Documentos/airflow/venv/lib/python3.10/site-packages/airflow/example_dags/example_external_task_marker_dag.py took 0.328 seconds
[2024-11-05 15:10:34,522] {processor.py:153} INFO - Started process (PID=1054496) to work on /home/paula/Documentos/airflow/venv/lib/python3.10/site-packages/airflow/example_dags/example_external_task_marker_dag.py
[2024-11-05 15:10:34,544] {processor.py:641} INFO - Processing file /home/paula/Documentos/airflow/venv/lib/python3.10/site-packages/airflow/example_dags/example_external_task_marker_dag.py for tasks to queue
[2024-11-05 15:10:34,545] {logging_mixin.py:115} INFO - [2024-11-05 15:10:34,545] {dagbag.py:507} INFO - Filling up the DagBag from /home/paula/Documentos/airflow/venv/lib/python3.10/site-packages/airflow/example_dags/example_external_task_marker_dag.py
[2024-11-05 15:10:34,550] {processor.py:651} INFO - DAG(s) dict_keys(['example_external_task_marker_parent', 'example_external_task_marker_child']) retrieved from /home/paula/Documentos/airflow/venv/lib/python3.10/site-packages/airflow/example_dags/example_external_task_marker_dag.py
[2024-11-05 15:10:34,926] {logging_mixin.py:115} INFO - [2024-11-05 15:10:34,925] {dag.py:2379} INFO - Sync 2 DAGs
[2024-11-05 15:10:34,963] {logging_mixin.py:115} INFO - [2024-11-05 15:10:34,963] {dag.py:2927} INFO - Setting next_dagrun for example_external_task_marker_child to None, run_after=None
[2024-11-05 15:10:34,963] {logging_mixin.py:115} INFO - [2024-11-05 15:10:34,963] {dag.py:2927} INFO - Setting next_dagrun for example_external_task_marker_parent to None, run_after=None
[2024-11-05 15:10:35,094] {processor.py:161} INFO - Processing /home/paula/Documentos/airflow/venv/lib/python3.10/site-packages/airflow/example_dags/example_external_task_marker_dag.py took 0.576 seconds
[2024-11-05 15:11:27,561] {processor.py:153} INFO - Started process (PID=1054760) to work on /home/paula/Documentos/airflow/venv/lib/python3.10/site-packages/airflow/example_dags/example_external_task_marker_dag.py
[2024-11-05 15:11:27,581] {processor.py:641} INFO - Processing file /home/paula/Documentos/airflow/venv/lib/python3.10/site-packages/airflow/example_dags/example_external_task_marker_dag.py for tasks to queue
[2024-11-05 15:11:27,582] {logging_mixin.py:115} INFO - [2024-11-05 15:11:27,582] {dagbag.py:507} INFO - Filling up the DagBag from /home/paula/Documentos/airflow/venv/lib/python3.10/site-packages/airflow/example_dags/example_external_task_marker_dag.py
[2024-11-05 15:11:27,588] {processor.py:651} INFO - DAG(s) dict_keys(['example_external_task_marker_parent', 'example_external_task_marker_child']) retrieved from /home/paula/Documentos/airflow/venv/lib/python3.10/site-packages/airflow/example_dags/example_external_task_marker_dag.py
[2024-11-05 15:11:27,616] {logging_mixin.py:115} INFO - [2024-11-05 15:11:27,616] {dag.py:2379} INFO - Sync 2 DAGs
[2024-11-05 15:11:27,641] {logging_mixin.py:115} INFO - [2024-11-05 15:11:27,641] {dag.py:2927} INFO - Setting next_dagrun for example_external_task_marker_child to None, run_after=None
[2024-11-05 15:11:27,641] {logging_mixin.py:115} INFO - [2024-11-05 15:11:27,641] {dag.py:2927} INFO - Setting next_dagrun for example_external_task_marker_parent to None, run_after=None
[2024-11-05 15:11:27,896] {processor.py:161} INFO - Processing /home/paula/Documentos/airflow/venv/lib/python3.10/site-packages/airflow/example_dags/example_external_task_marker_dag.py took 0.338 seconds
[2024-11-05 15:12:16,174] {processor.py:153} INFO - Started process (PID=1055078) to work on /home/paula/Documentos/airflow/venv/lib/python3.10/site-packages/airflow/example_dags/example_external_task_marker_dag.py
[2024-11-05 15:12:16,203] {processor.py:641} INFO - Processing file /home/paula/Documentos/airflow/venv/lib/python3.10/site-packages/airflow/example_dags/example_external_task_marker_dag.py for tasks to queue
[2024-11-05 15:12:16,204] {logging_mixin.py:115} INFO - [2024-11-05 15:12:16,204] {dagbag.py:507} INFO - Filling up the DagBag from /home/paula/Documentos/airflow/venv/lib/python3.10/site-packages/airflow/example_dags/example_external_task_marker_dag.py
[2024-11-05 15:12:16,209] {processor.py:651} INFO - DAG(s) dict_keys(['example_external_task_marker_parent', 'example_external_task_marker_child']) retrieved from /home/paula/Documentos/airflow/venv/lib/python3.10/site-packages/airflow/example_dags/example_external_task_marker_dag.py
[2024-11-05 15:12:16,240] {logging_mixin.py:115} INFO - [2024-11-05 15:12:16,240] {dag.py:2379} INFO - Sync 2 DAGs
[2024-11-05 15:12:16,257] {logging_mixin.py:115} INFO - [2024-11-05 15:12:16,257] {dag.py:2927} INFO - Setting next_dagrun for example_external_task_marker_child to None, run_after=None
[2024-11-05 15:12:16,257] {logging_mixin.py:115} INFO - [2024-11-05 15:12:16,257] {dag.py:2927} INFO - Setting next_dagrun for example_external_task_marker_parent to None, run_after=None
[2024-11-05 15:12:16,487] {processor.py:161} INFO - Processing /home/paula/Documentos/airflow/venv/lib/python3.10/site-packages/airflow/example_dags/example_external_task_marker_dag.py took 0.315 seconds
[2024-11-05 15:13:06,582] {processor.py:153} INFO - Started process (PID=1055384) to work on /home/paula/Documentos/airflow/venv/lib/python3.10/site-packages/airflow/example_dags/example_external_task_marker_dag.py
[2024-11-05 15:13:06,604] {processor.py:641} INFO - Processing file /home/paula/Documentos/airflow/venv/lib/python3.10/site-packages/airflow/example_dags/example_external_task_marker_dag.py for tasks to queue
[2024-11-05 15:13:06,605] {logging_mixin.py:115} INFO - [2024-11-05 15:13:06,605] {dagbag.py:507} INFO - Filling up the DagBag from /home/paula/Documentos/airflow/venv/lib/python3.10/site-packages/airflow/example_dags/example_external_task_marker_dag.py
[2024-11-05 15:13:06,610] {processor.py:651} INFO - DAG(s) dict_keys(['example_external_task_marker_parent', 'example_external_task_marker_child']) retrieved from /home/paula/Documentos/airflow/venv/lib/python3.10/site-packages/airflow/example_dags/example_external_task_marker_dag.py
[2024-11-05 15:13:06,638] {logging_mixin.py:115} INFO - [2024-11-05 15:13:06,637] {dag.py:2379} INFO - Sync 2 DAGs
[2024-11-05 15:13:06,655] {logging_mixin.py:115} INFO - [2024-11-05 15:13:06,655] {dag.py:2927} INFO - Setting next_dagrun for example_external_task_marker_child to None, run_after=None
[2024-11-05 15:13:06,655] {logging_mixin.py:115} INFO - [2024-11-05 15:13:06,655] {dag.py:2927} INFO - Setting next_dagrun for example_external_task_marker_parent to None, run_after=None
[2024-11-05 15:13:06,908] {processor.py:161} INFO - Processing /home/paula/Documentos/airflow/venv/lib/python3.10/site-packages/airflow/example_dags/example_external_task_marker_dag.py took 0.329 seconds
[2024-11-05 15:14:00,601] {processor.py:153} INFO - Started process (PID=1055685) to work on /home/paula/Documentos/airflow/venv/lib/python3.10/site-packages/airflow/example_dags/example_external_task_marker_dag.py
[2024-11-05 15:14:00,620] {processor.py:641} INFO - Processing file /home/paula/Documentos/airflow/venv/lib/python3.10/site-packages/airflow/example_dags/example_external_task_marker_dag.py for tasks to queue
[2024-11-05 15:14:00,620] {logging_mixin.py:115} INFO - [2024-11-05 15:14:00,620] {dagbag.py:507} INFO - Filling up the DagBag from /home/paula/Documentos/airflow/venv/lib/python3.10/site-packages/airflow/example_dags/example_external_task_marker_dag.py
[2024-11-05 15:14:00,625] {processor.py:651} INFO - DAG(s) dict_keys(['example_external_task_marker_parent', 'example_external_task_marker_child']) retrieved from /home/paula/Documentos/airflow/venv/lib/python3.10/site-packages/airflow/example_dags/example_external_task_marker_dag.py
[2024-11-05 15:14:00,650] {logging_mixin.py:115} INFO - [2024-11-05 15:14:00,650] {dag.py:2379} INFO - Sync 2 DAGs
[2024-11-05 15:14:00,672] {logging_mixin.py:115} INFO - [2024-11-05 15:14:00,672] {dag.py:2927} INFO - Setting next_dagrun for example_external_task_marker_child to None, run_after=None
[2024-11-05 15:14:00,672] {logging_mixin.py:115} INFO - [2024-11-05 15:14:00,672] {dag.py:2927} INFO - Setting next_dagrun for example_external_task_marker_parent to None, run_after=None
[2024-11-05 15:14:00,873] {processor.py:161} INFO - Processing /home/paula/Documentos/airflow/venv/lib/python3.10/site-packages/airflow/example_dags/example_external_task_marker_dag.py took 0.276 seconds
[2024-11-05 15:14:55,346] {processor.py:153} INFO - Started process (PID=1056008) to work on /home/paula/Documentos/airflow/venv/lib/python3.10/site-packages/airflow/example_dags/example_external_task_marker_dag.py
[2024-11-05 15:14:55,360] {processor.py:641} INFO - Processing file /home/paula/Documentos/airflow/venv/lib/python3.10/site-packages/airflow/example_dags/example_external_task_marker_dag.py for tasks to queue
[2024-11-05 15:14:55,361] {logging_mixin.py:115} INFO - [2024-11-05 15:14:55,361] {dagbag.py:507} INFO - Filling up the DagBag from /home/paula/Documentos/airflow/venv/lib/python3.10/site-packages/airflow/example_dags/example_external_task_marker_dag.py
[2024-11-05 15:14:55,366] {processor.py:651} INFO - DAG(s) dict_keys(['example_external_task_marker_parent', 'example_external_task_marker_child']) retrieved from /home/paula/Documentos/airflow/venv/lib/python3.10/site-packages/airflow/example_dags/example_external_task_marker_dag.py
[2024-11-05 15:14:55,391] {logging_mixin.py:115} INFO - [2024-11-05 15:14:55,391] {dag.py:2379} INFO - Sync 2 DAGs
[2024-11-05 15:14:55,409] {logging_mixin.py:115} INFO - [2024-11-05 15:14:55,409] {dag.py:2927} INFO - Setting next_dagrun for example_external_task_marker_child to None, run_after=None
[2024-11-05 15:14:55,409] {logging_mixin.py:115} INFO - [2024-11-05 15:14:55,409] {dag.py:2927} INFO - Setting next_dagrun for example_external_task_marker_parent to None, run_after=None
[2024-11-05 15:14:55,505] {processor.py:161} INFO - Processing /home/paula/Documentos/airflow/venv/lib/python3.10/site-packages/airflow/example_dags/example_external_task_marker_dag.py took 0.164 seconds
[2024-11-05 15:15:34,710] {processor.py:153} INFO - Started process (PID=1056259) to work on /home/paula/Documentos/airflow/venv/lib/python3.10/site-packages/airflow/example_dags/example_external_task_marker_dag.py
[2024-11-05 15:15:34,725] {processor.py:641} INFO - Processing file /home/paula/Documentos/airflow/venv/lib/python3.10/site-packages/airflow/example_dags/example_external_task_marker_dag.py for tasks to queue
[2024-11-05 15:15:34,726] {logging_mixin.py:115} INFO - [2024-11-05 15:15:34,726] {dagbag.py:507} INFO - Filling up the DagBag from /home/paula/Documentos/airflow/venv/lib/python3.10/site-packages/airflow/example_dags/example_external_task_marker_dag.py
[2024-11-05 15:15:34,732] {processor.py:651} INFO - DAG(s) dict_keys(['example_external_task_marker_parent', 'example_external_task_marker_child']) retrieved from /home/paula/Documentos/airflow/venv/lib/python3.10/site-packages/airflow/example_dags/example_external_task_marker_dag.py
[2024-11-05 15:15:34,755] {logging_mixin.py:115} INFO - [2024-11-05 15:15:34,755] {dag.py:2379} INFO - Sync 2 DAGs
[2024-11-05 15:15:34,772] {logging_mixin.py:115} INFO - [2024-11-05 15:15:34,772] {dag.py:2927} INFO - Setting next_dagrun for example_external_task_marker_child to None, run_after=None
[2024-11-05 15:15:34,772] {logging_mixin.py:115} INFO - [2024-11-05 15:15:34,772] {dag.py:2927} INFO - Setting next_dagrun for example_external_task_marker_parent to None, run_after=None
[2024-11-05 15:15:34,855] {processor.py:161} INFO - Processing /home/paula/Documentos/airflow/venv/lib/python3.10/site-packages/airflow/example_dags/example_external_task_marker_dag.py took 0.149 seconds
[2024-11-05 15:16:13,436] {processor.py:153} INFO - Started process (PID=1056498) to work on /home/paula/Documentos/airflow/venv/lib/python3.10/site-packages/airflow/example_dags/example_external_task_marker_dag.py
[2024-11-05 15:16:13,437] {processor.py:641} INFO - Processing file /home/paula/Documentos/airflow/venv/lib/python3.10/site-packages/airflow/example_dags/example_external_task_marker_dag.py for tasks to queue
[2024-11-05 15:16:13,437] {logging_mixin.py:115} INFO - [2024-11-05 15:16:13,437] {dagbag.py:507} INFO - Filling up the DagBag from /home/paula/Documentos/airflow/venv/lib/python3.10/site-packages/airflow/example_dags/example_external_task_marker_dag.py
[2024-11-05 15:16:13,444] {processor.py:651} INFO - DAG(s) dict_keys(['example_external_task_marker_parent', 'example_external_task_marker_child']) retrieved from /home/paula/Documentos/airflow/venv/lib/python3.10/site-packages/airflow/example_dags/example_external_task_marker_dag.py
[2024-11-05 15:16:13,472] {logging_mixin.py:115} INFO - [2024-11-05 15:16:13,472] {dag.py:2379} INFO - Sync 2 DAGs
[2024-11-05 15:16:13,492] {logging_mixin.py:115} INFO - [2024-11-05 15:16:13,491] {dag.py:2927} INFO - Setting next_dagrun for example_external_task_marker_child to None, run_after=None
[2024-11-05 15:16:13,492] {logging_mixin.py:115} INFO - [2024-11-05 15:16:13,492] {dag.py:2927} INFO - Setting next_dagrun for example_external_task_marker_parent to None, run_after=None
[2024-11-05 15:16:13,627] {processor.py:161} INFO - Processing /home/paula/Documentos/airflow/venv/lib/python3.10/site-packages/airflow/example_dags/example_external_task_marker_dag.py took 0.194 seconds
[2024-11-05 15:17:01,619] {processor.py:153} INFO - Started process (PID=1056805) to work on /home/paula/Documentos/airflow/venv/lib/python3.10/site-packages/airflow/example_dags/example_external_task_marker_dag.py
[2024-11-05 15:17:01,629] {processor.py:641} INFO - Processing file /home/paula/Documentos/airflow/venv/lib/python3.10/site-packages/airflow/example_dags/example_external_task_marker_dag.py for tasks to queue
[2024-11-05 15:17:01,630] {logging_mixin.py:115} INFO - [2024-11-05 15:17:01,629] {dagbag.py:507} INFO - Filling up the DagBag from /home/paula/Documentos/airflow/venv/lib/python3.10/site-packages/airflow/example_dags/example_external_task_marker_dag.py
[2024-11-05 15:17:01,634] {processor.py:651} INFO - DAG(s) dict_keys(['example_external_task_marker_parent', 'example_external_task_marker_child']) retrieved from /home/paula/Documentos/airflow/venv/lib/python3.10/site-packages/airflow/example_dags/example_external_task_marker_dag.py
[2024-11-05 15:17:01,662] {logging_mixin.py:115} INFO - [2024-11-05 15:17:01,662] {dag.py:2379} INFO - Sync 2 DAGs
[2024-11-05 15:17:01,680] {logging_mixin.py:115} INFO - [2024-11-05 15:17:01,680] {dag.py:2927} INFO - Setting next_dagrun for example_external_task_marker_child to None, run_after=None
[2024-11-05 15:17:01,681] {logging_mixin.py:115} INFO - [2024-11-05 15:17:01,681] {dag.py:2927} INFO - Setting next_dagrun for example_external_task_marker_parent to None, run_after=None
[2024-11-05 15:17:01,793] {processor.py:161} INFO - Processing /home/paula/Documentos/airflow/venv/lib/python3.10/site-packages/airflow/example_dags/example_external_task_marker_dag.py took 0.177 seconds
[2024-11-05 15:17:49,301] {processor.py:153} INFO - Started process (PID=1057097) to work on /home/paula/Documentos/airflow/venv/lib/python3.10/site-packages/airflow/example_dags/example_external_task_marker_dag.py
[2024-11-05 15:17:49,314] {processor.py:641} INFO - Processing file /home/paula/Documentos/airflow/venv/lib/python3.10/site-packages/airflow/example_dags/example_external_task_marker_dag.py for tasks to queue
[2024-11-05 15:17:49,315] {logging_mixin.py:115} INFO - [2024-11-05 15:17:49,315] {dagbag.py:507} INFO - Filling up the DagBag from /home/paula/Documentos/airflow/venv/lib/python3.10/site-packages/airflow/example_dags/example_external_task_marker_dag.py
[2024-11-05 15:17:49,321] {processor.py:651} INFO - DAG(s) dict_keys(['example_external_task_marker_parent', 'example_external_task_marker_child']) retrieved from /home/paula/Documentos/airflow/venv/lib/python3.10/site-packages/airflow/example_dags/example_external_task_marker_dag.py
[2024-11-05 15:17:49,344] {logging_mixin.py:115} INFO - [2024-11-05 15:17:49,344] {dag.py:2379} INFO - Sync 2 DAGs
[2024-11-05 15:17:49,360] {logging_mixin.py:115} INFO - [2024-11-05 15:17:49,360] {dag.py:2927} INFO - Setting next_dagrun for example_external_task_marker_child to None, run_after=None
[2024-11-05 15:17:49,360] {logging_mixin.py:115} INFO - [2024-11-05 15:17:49,360] {dag.py:2927} INFO - Setting next_dagrun for example_external_task_marker_parent to None, run_after=None
[2024-11-05 15:17:49,444] {processor.py:161} INFO - Processing /home/paula/Documentos/airflow/venv/lib/python3.10/site-packages/airflow/example_dags/example_external_task_marker_dag.py took 0.146 seconds
[2024-11-05 15:18:30,100] {processor.py:153} INFO - Started process (PID=1057354) to work on /home/paula/Documentos/airflow/venv/lib/python3.10/site-packages/airflow/example_dags/example_external_task_marker_dag.py
[2024-11-05 15:18:30,100] {processor.py:641} INFO - Processing file /home/paula/Documentos/airflow/venv/lib/python3.10/site-packages/airflow/example_dags/example_external_task_marker_dag.py for tasks to queue
[2024-11-05 15:18:30,101] {logging_mixin.py:115} INFO - [2024-11-05 15:18:30,101] {dagbag.py:507} INFO - Filling up the DagBag from /home/paula/Documentos/airflow/venv/lib/python3.10/site-packages/airflow/example_dags/example_external_task_marker_dag.py
[2024-11-05 15:18:30,106] {processor.py:651} INFO - DAG(s) dict_keys(['example_external_task_marker_parent', 'example_external_task_marker_child']) retrieved from /home/paula/Documentos/airflow/venv/lib/python3.10/site-packages/airflow/example_dags/example_external_task_marker_dag.py
[2024-11-05 15:18:30,131] {logging_mixin.py:115} INFO - [2024-11-05 15:18:30,131] {dag.py:2379} INFO - Sync 2 DAGs
[2024-11-05 15:18:30,148] {logging_mixin.py:115} INFO - [2024-11-05 15:18:30,148] {dag.py:2927} INFO - Setting next_dagrun for example_external_task_marker_child to None, run_after=None
[2024-11-05 15:18:30,148] {logging_mixin.py:115} INFO - [2024-11-05 15:18:30,148] {dag.py:2927} INFO - Setting next_dagrun for example_external_task_marker_parent to None, run_after=None
[2024-11-05 15:18:30,263] {processor.py:161} INFO - Processing /home/paula/Documentos/airflow/venv/lib/python3.10/site-packages/airflow/example_dags/example_external_task_marker_dag.py took 0.167 seconds
[2024-11-05 15:19:12,660] {processor.py:153} INFO - Started process (PID=1057608) to work on /home/paula/Documentos/airflow/venv/lib/python3.10/site-packages/airflow/example_dags/example_external_task_marker_dag.py
[2024-11-05 15:19:12,675] {processor.py:641} INFO - Processing file /home/paula/Documentos/airflow/venv/lib/python3.10/site-packages/airflow/example_dags/example_external_task_marker_dag.py for tasks to queue
[2024-11-05 15:19:12,676] {logging_mixin.py:115} INFO - [2024-11-05 15:19:12,676] {dagbag.py:507} INFO - Filling up the DagBag from /home/paula/Documentos/airflow/venv/lib/python3.10/site-packages/airflow/example_dags/example_external_task_marker_dag.py
[2024-11-05 15:19:12,681] {processor.py:651} INFO - DAG(s) dict_keys(['example_external_task_marker_parent', 'example_external_task_marker_child']) retrieved from /home/paula/Documentos/airflow/venv/lib/python3.10/site-packages/airflow/example_dags/example_external_task_marker_dag.py
[2024-11-05 15:19:12,710] {logging_mixin.py:115} INFO - [2024-11-05 15:19:12,710] {dag.py:2379} INFO - Sync 2 DAGs
[2024-11-05 15:19:12,729] {logging_mixin.py:115} INFO - [2024-11-05 15:19:12,729] {dag.py:2927} INFO - Setting next_dagrun for example_external_task_marker_child to None, run_after=None
[2024-11-05 15:19:12,730] {logging_mixin.py:115} INFO - [2024-11-05 15:19:12,730] {dag.py:2927} INFO - Setting next_dagrun for example_external_task_marker_parent to None, run_after=None
[2024-11-05 15:19:12,873] {processor.py:161} INFO - Processing /home/paula/Documentos/airflow/venv/lib/python3.10/site-packages/airflow/example_dags/example_external_task_marker_dag.py took 0.216 seconds
[2024-11-05 15:19:58,561] {processor.py:153} INFO - Started process (PID=1057911) to work on /home/paula/Documentos/airflow/venv/lib/python3.10/site-packages/airflow/example_dags/example_external_task_marker_dag.py
[2024-11-05 15:19:58,562] {processor.py:641} INFO - Processing file /home/paula/Documentos/airflow/venv/lib/python3.10/site-packages/airflow/example_dags/example_external_task_marker_dag.py for tasks to queue
[2024-11-05 15:19:58,562] {logging_mixin.py:115} INFO - [2024-11-05 15:19:58,562] {dagbag.py:507} INFO - Filling up the DagBag from /home/paula/Documentos/airflow/venv/lib/python3.10/site-packages/airflow/example_dags/example_external_task_marker_dag.py
[2024-11-05 15:19:58,569] {processor.py:651} INFO - DAG(s) dict_keys(['example_external_task_marker_parent', 'example_external_task_marker_child']) retrieved from /home/paula/Documentos/airflow/venv/lib/python3.10/site-packages/airflow/example_dags/example_external_task_marker_dag.py
[2024-11-05 15:19:58,593] {logging_mixin.py:115} INFO - [2024-11-05 15:19:58,593] {dag.py:2379} INFO - Sync 2 DAGs
[2024-11-05 15:19:58,608] {logging_mixin.py:115} INFO - [2024-11-05 15:19:58,608] {dag.py:2927} INFO - Setting next_dagrun for example_external_task_marker_child to None, run_after=None
[2024-11-05 15:19:58,608] {logging_mixin.py:115} INFO - [2024-11-05 15:19:58,608] {dag.py:2927} INFO - Setting next_dagrun for example_external_task_marker_parent to None, run_after=None
[2024-11-05 15:19:58,725] {processor.py:161} INFO - Processing /home/paula/Documentos/airflow/venv/lib/python3.10/site-packages/airflow/example_dags/example_external_task_marker_dag.py took 0.167 seconds
[2024-11-05 15:20:42,712] {processor.py:153} INFO - Started process (PID=1058178) to work on /home/paula/Documentos/airflow/venv/lib/python3.10/site-packages/airflow/example_dags/example_external_task_marker_dag.py
[2024-11-05 15:20:42,741] {processor.py:641} INFO - Processing file /home/paula/Documentos/airflow/venv/lib/python3.10/site-packages/airflow/example_dags/example_external_task_marker_dag.py for tasks to queue
[2024-11-05 15:20:42,742] {logging_mixin.py:115} INFO - [2024-11-05 15:20:42,742] {dagbag.py:507} INFO - Filling up the DagBag from /home/paula/Documentos/airflow/venv/lib/python3.10/site-packages/airflow/example_dags/example_external_task_marker_dag.py
[2024-11-05 15:20:42,747] {processor.py:651} INFO - DAG(s) dict_keys(['example_external_task_marker_parent', 'example_external_task_marker_child']) retrieved from /home/paula/Documentos/airflow/venv/lib/python3.10/site-packages/airflow/example_dags/example_external_task_marker_dag.py
[2024-11-05 15:20:42,784] {logging_mixin.py:115} INFO - [2024-11-05 15:20:42,784] {dag.py:2379} INFO - Sync 2 DAGs
[2024-11-05 15:20:42,801] {logging_mixin.py:115} INFO - [2024-11-05 15:20:42,801] {dag.py:2927} INFO - Setting next_dagrun for example_external_task_marker_child to None, run_after=None
[2024-11-05 15:20:42,801] {logging_mixin.py:115} INFO - [2024-11-05 15:20:42,801] {dag.py:2927} INFO - Setting next_dagrun for example_external_task_marker_parent to None, run_after=None
[2024-11-05 15:20:42,987] {processor.py:161} INFO - Processing /home/paula/Documentos/airflow/venv/lib/python3.10/site-packages/airflow/example_dags/example_external_task_marker_dag.py took 0.278 seconds
[2024-11-05 15:21:35,657] {processor.py:153} INFO - Started process (PID=1058532) to work on /home/paula/Documentos/airflow/venv/lib/python3.10/site-packages/airflow/example_dags/example_external_task_marker_dag.py
[2024-11-05 15:21:35,675] {processor.py:641} INFO - Processing file /home/paula/Documentos/airflow/venv/lib/python3.10/site-packages/airflow/example_dags/example_external_task_marker_dag.py for tasks to queue
[2024-11-05 15:21:35,675] {logging_mixin.py:115} INFO - [2024-11-05 15:21:35,675] {dagbag.py:507} INFO - Filling up the DagBag from /home/paula/Documentos/airflow/venv/lib/python3.10/site-packages/airflow/example_dags/example_external_task_marker_dag.py
[2024-11-05 15:21:35,682] {processor.py:651} INFO - DAG(s) dict_keys(['example_external_task_marker_parent', 'example_external_task_marker_child']) retrieved from /home/paula/Documentos/airflow/venv/lib/python3.10/site-packages/airflow/example_dags/example_external_task_marker_dag.py
[2024-11-05 15:21:35,706] {logging_mixin.py:115} INFO - [2024-11-05 15:21:35,706] {dag.py:2379} INFO - Sync 2 DAGs
[2024-11-05 15:21:35,723] {logging_mixin.py:115} INFO - [2024-11-05 15:21:35,723] {dag.py:2927} INFO - Setting next_dagrun for example_external_task_marker_child to None, run_after=None
[2024-11-05 15:21:35,723] {logging_mixin.py:115} INFO - [2024-11-05 15:21:35,723] {dag.py:2927} INFO - Setting next_dagrun for example_external_task_marker_parent to None, run_after=None
[2024-11-05 15:21:35,820] {processor.py:161} INFO - Processing /home/paula/Documentos/airflow/venv/lib/python3.10/site-packages/airflow/example_dags/example_external_task_marker_dag.py took 0.166 seconds
[2024-11-05 15:22:17,398] {processor.py:153} INFO - Started process (PID=1058792) to work on /home/paula/Documentos/airflow/venv/lib/python3.10/site-packages/airflow/example_dags/example_external_task_marker_dag.py
[2024-11-05 15:22:17,398] {processor.py:641} INFO - Processing file /home/paula/Documentos/airflow/venv/lib/python3.10/site-packages/airflow/example_dags/example_external_task_marker_dag.py for tasks to queue
[2024-11-05 15:22:17,399] {logging_mixin.py:115} INFO - [2024-11-05 15:22:17,399] {dagbag.py:507} INFO - Filling up the DagBag from /home/paula/Documentos/airflow/venv/lib/python3.10/site-packages/airflow/example_dags/example_external_task_marker_dag.py
[2024-11-05 15:22:17,403] {processor.py:651} INFO - DAG(s) dict_keys(['example_external_task_marker_parent', 'example_external_task_marker_child']) retrieved from /home/paula/Documentos/airflow/venv/lib/python3.10/site-packages/airflow/example_dags/example_external_task_marker_dag.py
[2024-11-05 15:22:17,428] {logging_mixin.py:115} INFO - [2024-11-05 15:22:17,428] {dag.py:2379} INFO - Sync 2 DAGs
[2024-11-05 15:22:17,446] {logging_mixin.py:115} INFO - [2024-11-05 15:22:17,446] {dag.py:2927} INFO - Setting next_dagrun for example_external_task_marker_child to None, run_after=None
[2024-11-05 15:22:17,446] {logging_mixin.py:115} INFO - [2024-11-05 15:22:17,446] {dag.py:2927} INFO - Setting next_dagrun for example_external_task_marker_parent to None, run_after=None
[2024-11-05 15:22:17,564] {processor.py:161} INFO - Processing /home/paula/Documentos/airflow/venv/lib/python3.10/site-packages/airflow/example_dags/example_external_task_marker_dag.py took 0.171 seconds
[2024-11-05 15:22:59,267] {processor.py:153} INFO - Started process (PID=1059046) to work on /home/paula/Documentos/airflow/venv/lib/python3.10/site-packages/airflow/example_dags/example_external_task_marker_dag.py
[2024-11-05 15:22:59,268] {processor.py:641} INFO - Processing file /home/paula/Documentos/airflow/venv/lib/python3.10/site-packages/airflow/example_dags/example_external_task_marker_dag.py for tasks to queue
[2024-11-05 15:22:59,268] {logging_mixin.py:115} INFO - [2024-11-05 15:22:59,268] {dagbag.py:507} INFO - Filling up the DagBag from /home/paula/Documentos/airflow/venv/lib/python3.10/site-packages/airflow/example_dags/example_external_task_marker_dag.py
[2024-11-05 15:22:59,274] {processor.py:651} INFO - DAG(s) dict_keys(['example_external_task_marker_parent', 'example_external_task_marker_child']) retrieved from /home/paula/Documentos/airflow/venv/lib/python3.10/site-packages/airflow/example_dags/example_external_task_marker_dag.py
[2024-11-05 15:22:59,300] {logging_mixin.py:115} INFO - [2024-11-05 15:22:59,299] {dag.py:2379} INFO - Sync 2 DAGs
[2024-11-05 15:22:59,317] {logging_mixin.py:115} INFO - [2024-11-05 15:22:59,317] {dag.py:2927} INFO - Setting next_dagrun for example_external_task_marker_child to None, run_after=None
[2024-11-05 15:22:59,317] {logging_mixin.py:115} INFO - [2024-11-05 15:22:59,317] {dag.py:2927} INFO - Setting next_dagrun for example_external_task_marker_parent to None, run_after=None
[2024-11-05 15:22:59,431] {processor.py:161} INFO - Processing /home/paula/Documentos/airflow/venv/lib/python3.10/site-packages/airflow/example_dags/example_external_task_marker_dag.py took 0.168 seconds
[2024-11-05 15:23:45,625] {processor.py:153} INFO - Started process (PID=1059354) to work on /home/paula/Documentos/airflow/venv/lib/python3.10/site-packages/airflow/example_dags/example_external_task_marker_dag.py
[2024-11-05 15:23:45,626] {processor.py:641} INFO - Processing file /home/paula/Documentos/airflow/venv/lib/python3.10/site-packages/airflow/example_dags/example_external_task_marker_dag.py for tasks to queue
[2024-11-05 15:23:45,627] {logging_mixin.py:115} INFO - [2024-11-05 15:23:45,627] {dagbag.py:507} INFO - Filling up the DagBag from /home/paula/Documentos/airflow/venv/lib/python3.10/site-packages/airflow/example_dags/example_external_task_marker_dag.py
[2024-11-05 15:23:45,632] {processor.py:651} INFO - DAG(s) dict_keys(['example_external_task_marker_parent', 'example_external_task_marker_child']) retrieved from /home/paula/Documentos/airflow/venv/lib/python3.10/site-packages/airflow/example_dags/example_external_task_marker_dag.py
[2024-11-05 15:23:45,654] {logging_mixin.py:115} INFO - [2024-11-05 15:23:45,654] {dag.py:2379} INFO - Sync 2 DAGs
[2024-11-05 15:23:45,671] {logging_mixin.py:115} INFO - [2024-11-05 15:23:45,671] {dag.py:2927} INFO - Setting next_dagrun for example_external_task_marker_child to None, run_after=None
[2024-11-05 15:23:45,671] {logging_mixin.py:115} INFO - [2024-11-05 15:23:45,671] {dag.py:2927} INFO - Setting next_dagrun for example_external_task_marker_parent to None, run_after=None
[2024-11-05 15:23:45,793] {processor.py:161} INFO - Processing /home/paula/Documentos/airflow/venv/lib/python3.10/site-packages/airflow/example_dags/example_external_task_marker_dag.py took 0.171 seconds
[2024-11-05 15:24:32,390] {processor.py:153} INFO - Started process (PID=1059641) to work on /home/paula/Documentos/airflow/venv/lib/python3.10/site-packages/airflow/example_dags/example_external_task_marker_dag.py
[2024-11-05 15:24:32,391] {processor.py:641} INFO - Processing file /home/paula/Documentos/airflow/venv/lib/python3.10/site-packages/airflow/example_dags/example_external_task_marker_dag.py for tasks to queue
[2024-11-05 15:24:32,392] {logging_mixin.py:115} INFO - [2024-11-05 15:24:32,392] {dagbag.py:507} INFO - Filling up the DagBag from /home/paula/Documentos/airflow/venv/lib/python3.10/site-packages/airflow/example_dags/example_external_task_marker_dag.py
[2024-11-05 15:24:32,398] {processor.py:651} INFO - DAG(s) dict_keys(['example_external_task_marker_parent', 'example_external_task_marker_child']) retrieved from /home/paula/Documentos/airflow/venv/lib/python3.10/site-packages/airflow/example_dags/example_external_task_marker_dag.py
[2024-11-05 15:24:32,430] {logging_mixin.py:115} INFO - [2024-11-05 15:24:32,430] {dag.py:2379} INFO - Sync 2 DAGs
[2024-11-05 15:24:32,452] {logging_mixin.py:115} INFO - [2024-11-05 15:24:32,452] {dag.py:2927} INFO - Setting next_dagrun for example_external_task_marker_child to None, run_after=None
[2024-11-05 15:24:32,452] {logging_mixin.py:115} INFO - [2024-11-05 15:24:32,452] {dag.py:2927} INFO - Setting next_dagrun for example_external_task_marker_parent to None, run_after=None
[2024-11-05 15:24:32,565] {processor.py:161} INFO - Processing /home/paula/Documentos/airflow/venv/lib/python3.10/site-packages/airflow/example_dags/example_external_task_marker_dag.py took 0.178 seconds
[2024-11-05 15:25:22,058] {processor.py:153} INFO - Started process (PID=1060052) to work on /home/paula/Documentos/airflow/venv/lib/python3.10/site-packages/airflow/example_dags/example_external_task_marker_dag.py
[2024-11-05 15:25:22,073] {processor.py:641} INFO - Processing file /home/paula/Documentos/airflow/venv/lib/python3.10/site-packages/airflow/example_dags/example_external_task_marker_dag.py for tasks to queue
[2024-11-05 15:25:22,074] {logging_mixin.py:115} INFO - [2024-11-05 15:25:22,074] {dagbag.py:507} INFO - Filling up the DagBag from /home/paula/Documentos/airflow/venv/lib/python3.10/site-packages/airflow/example_dags/example_external_task_marker_dag.py
[2024-11-05 15:25:22,083] {processor.py:651} INFO - DAG(s) dict_keys(['example_external_task_marker_parent', 'example_external_task_marker_child']) retrieved from /home/paula/Documentos/airflow/venv/lib/python3.10/site-packages/airflow/example_dags/example_external_task_marker_dag.py
[2024-11-05 15:25:22,126] {logging_mixin.py:115} INFO - [2024-11-05 15:25:22,126] {dag.py:2379} INFO - Sync 2 DAGs
[2024-11-05 15:25:22,163] {logging_mixin.py:115} INFO - [2024-11-05 15:25:22,162] {dag.py:2927} INFO - Setting next_dagrun for example_external_task_marker_child to None, run_after=None
[2024-11-05 15:25:22,164] {logging_mixin.py:115} INFO - [2024-11-05 15:25:22,164] {dag.py:2927} INFO - Setting next_dagrun for example_external_task_marker_parent to None, run_after=None
[2024-11-05 15:25:22,443] {processor.py:161} INFO - Processing /home/paula/Documentos/airflow/venv/lib/python3.10/site-packages/airflow/example_dags/example_external_task_marker_dag.py took 0.389 seconds
[2024-11-05 15:26:10,778] {processor.py:153} INFO - Started process (PID=1060343) to work on /home/paula/Documentos/airflow/venv/lib/python3.10/site-packages/airflow/example_dags/example_external_task_marker_dag.py
[2024-11-05 15:26:10,802] {processor.py:641} INFO - Processing file /home/paula/Documentos/airflow/venv/lib/python3.10/site-packages/airflow/example_dags/example_external_task_marker_dag.py for tasks to queue
[2024-11-05 15:26:10,803] {logging_mixin.py:115} INFO - [2024-11-05 15:26:10,802] {dagbag.py:507} INFO - Filling up the DagBag from /home/paula/Documentos/airflow/venv/lib/python3.10/site-packages/airflow/example_dags/example_external_task_marker_dag.py
[2024-11-05 15:26:10,808] {processor.py:651} INFO - DAG(s) dict_keys(['example_external_task_marker_parent', 'example_external_task_marker_child']) retrieved from /home/paula/Documentos/airflow/venv/lib/python3.10/site-packages/airflow/example_dags/example_external_task_marker_dag.py
[2024-11-05 15:26:10,832] {logging_mixin.py:115} INFO - [2024-11-05 15:26:10,832] {dag.py:2379} INFO - Sync 2 DAGs
[2024-11-05 15:26:10,854] {logging_mixin.py:115} INFO - [2024-11-05 15:26:10,854] {dag.py:2927} INFO - Setting next_dagrun for example_external_task_marker_child to None, run_after=None
[2024-11-05 15:26:10,854] {logging_mixin.py:115} INFO - [2024-11-05 15:26:10,854] {dag.py:2927} INFO - Setting next_dagrun for example_external_task_marker_parent to None, run_after=None
[2024-11-05 15:26:10,956] {processor.py:161} INFO - Processing /home/paula/Documentos/airflow/venv/lib/python3.10/site-packages/airflow/example_dags/example_external_task_marker_dag.py took 0.181 seconds
[2024-11-05 15:29:03,530] {processor.py:153} INFO - Started process (PID=1061388) to work on /home/paula/Documentos/airflow/venv/lib/python3.10/site-packages/airflow/example_dags/example_external_task_marker_dag.py
[2024-11-05 15:29:03,531] {processor.py:641} INFO - Processing file /home/paula/Documentos/airflow/venv/lib/python3.10/site-packages/airflow/example_dags/example_external_task_marker_dag.py for tasks to queue
[2024-11-05 15:29:03,531] {logging_mixin.py:115} INFO - [2024-11-05 15:29:03,531] {dagbag.py:507} INFO - Filling up the DagBag from /home/paula/Documentos/airflow/venv/lib/python3.10/site-packages/airflow/example_dags/example_external_task_marker_dag.py
[2024-11-05 15:29:03,536] {processor.py:651} INFO - DAG(s) dict_keys(['example_external_task_marker_parent', 'example_external_task_marker_child']) retrieved from /home/paula/Documentos/airflow/venv/lib/python3.10/site-packages/airflow/example_dags/example_external_task_marker_dag.py
[2024-11-05 15:29:03,559] {logging_mixin.py:115} INFO - [2024-11-05 15:29:03,559] {dag.py:2379} INFO - Sync 2 DAGs
[2024-11-05 15:29:03,575] {logging_mixin.py:115} INFO - [2024-11-05 15:29:03,575] {dag.py:2927} INFO - Setting next_dagrun for example_external_task_marker_child to None, run_after=None
[2024-11-05 15:29:03,575] {logging_mixin.py:115} INFO - [2024-11-05 15:29:03,575] {dag.py:2927} INFO - Setting next_dagrun for example_external_task_marker_parent to None, run_after=None
[2024-11-05 15:29:03,682] {processor.py:161} INFO - Processing /home/paula/Documentos/airflow/venv/lib/python3.10/site-packages/airflow/example_dags/example_external_task_marker_dag.py took 0.155 seconds
[2024-11-05 15:29:48,744] {processor.py:153} INFO - Started process (PID=1061702) to work on /home/paula/Documentos/airflow/venv/lib/python3.10/site-packages/airflow/example_dags/example_external_task_marker_dag.py
[2024-11-05 15:29:48,746] {processor.py:641} INFO - Processing file /home/paula/Documentos/airflow/venv/lib/python3.10/site-packages/airflow/example_dags/example_external_task_marker_dag.py for tasks to queue
[2024-11-05 15:29:48,747] {logging_mixin.py:115} INFO - [2024-11-05 15:29:48,746] {dagbag.py:507} INFO - Filling up the DagBag from /home/paula/Documentos/airflow/venv/lib/python3.10/site-packages/airflow/example_dags/example_external_task_marker_dag.py
[2024-11-05 15:29:48,752] {processor.py:651} INFO - DAG(s) dict_keys(['example_external_task_marker_parent', 'example_external_task_marker_child']) retrieved from /home/paula/Documentos/airflow/venv/lib/python3.10/site-packages/airflow/example_dags/example_external_task_marker_dag.py
[2024-11-05 15:29:48,777] {logging_mixin.py:115} INFO - [2024-11-05 15:29:48,777] {dag.py:2379} INFO - Sync 2 DAGs
[2024-11-05 15:29:48,796] {logging_mixin.py:115} INFO - [2024-11-05 15:29:48,796] {dag.py:2927} INFO - Setting next_dagrun for example_external_task_marker_child to None, run_after=None
[2024-11-05 15:29:48,796] {logging_mixin.py:115} INFO - [2024-11-05 15:29:48,796] {dag.py:2927} INFO - Setting next_dagrun for example_external_task_marker_parent to None, run_after=None
[2024-11-05 15:29:48,947] {processor.py:161} INFO - Processing /home/paula/Documentos/airflow/venv/lib/python3.10/site-packages/airflow/example_dags/example_external_task_marker_dag.py took 0.207 seconds
[2024-11-05 15:30:30,454] {processor.py:153} INFO - Started process (PID=1061951) to work on /home/paula/Documentos/airflow/venv/lib/python3.10/site-packages/airflow/example_dags/example_external_task_marker_dag.py
[2024-11-05 15:30:30,454] {processor.py:641} INFO - Processing file /home/paula/Documentos/airflow/venv/lib/python3.10/site-packages/airflow/example_dags/example_external_task_marker_dag.py for tasks to queue
[2024-11-05 15:30:30,455] {logging_mixin.py:115} INFO - [2024-11-05 15:30:30,455] {dagbag.py:507} INFO - Filling up the DagBag from /home/paula/Documentos/airflow/venv/lib/python3.10/site-packages/airflow/example_dags/example_external_task_marker_dag.py
[2024-11-05 15:30:30,462] {processor.py:651} INFO - DAG(s) dict_keys(['example_external_task_marker_parent', 'example_external_task_marker_child']) retrieved from /home/paula/Documentos/airflow/venv/lib/python3.10/site-packages/airflow/example_dags/example_external_task_marker_dag.py
[2024-11-05 15:30:30,486] {logging_mixin.py:115} INFO - [2024-11-05 15:30:30,486] {dag.py:2379} INFO - Sync 2 DAGs
[2024-11-05 15:30:30,504] {logging_mixin.py:115} INFO - [2024-11-05 15:30:30,504] {dag.py:2927} INFO - Setting next_dagrun for example_external_task_marker_child to None, run_after=None
[2024-11-05 15:30:30,504] {logging_mixin.py:115} INFO - [2024-11-05 15:30:30,504] {dag.py:2927} INFO - Setting next_dagrun for example_external_task_marker_parent to None, run_after=None
[2024-11-05 15:30:30,602] {processor.py:161} INFO - Processing /home/paula/Documentos/airflow/venv/lib/python3.10/site-packages/airflow/example_dags/example_external_task_marker_dag.py took 0.151 seconds
[2024-11-05 15:31:15,106] {processor.py:153} INFO - Started process (PID=1062211) to work on /home/paula/Documentos/airflow/venv/lib/python3.10/site-packages/airflow/example_dags/example_external_task_marker_dag.py
[2024-11-05 15:31:15,122] {processor.py:641} INFO - Processing file /home/paula/Documentos/airflow/venv/lib/python3.10/site-packages/airflow/example_dags/example_external_task_marker_dag.py for tasks to queue
[2024-11-05 15:31:15,123] {logging_mixin.py:115} INFO - [2024-11-05 15:31:15,123] {dagbag.py:507} INFO - Filling up the DagBag from /home/paula/Documentos/airflow/venv/lib/python3.10/site-packages/airflow/example_dags/example_external_task_marker_dag.py
[2024-11-05 15:31:15,128] {processor.py:651} INFO - DAG(s) dict_keys(['example_external_task_marker_parent', 'example_external_task_marker_child']) retrieved from /home/paula/Documentos/airflow/venv/lib/python3.10/site-packages/airflow/example_dags/example_external_task_marker_dag.py
[2024-11-05 15:31:15,155] {logging_mixin.py:115} INFO - [2024-11-05 15:31:15,155] {dag.py:2379} INFO - Sync 2 DAGs
[2024-11-05 15:31:15,175] {logging_mixin.py:115} INFO - [2024-11-05 15:31:15,174] {dag.py:2927} INFO - Setting next_dagrun for example_external_task_marker_child to None, run_after=None
[2024-11-05 15:31:15,175] {logging_mixin.py:115} INFO - [2024-11-05 15:31:15,175] {dag.py:2927} INFO - Setting next_dagrun for example_external_task_marker_parent to None, run_after=None
[2024-11-05 15:31:15,282] {processor.py:161} INFO - Processing /home/paula/Documentos/airflow/venv/lib/python3.10/site-packages/airflow/example_dags/example_external_task_marker_dag.py took 0.179 seconds
[2024-11-05 15:31:58,563] {processor.py:153} INFO - Started process (PID=1062481) to work on /home/paula/Documentos/airflow/venv/lib/python3.10/site-packages/airflow/example_dags/example_external_task_marker_dag.py
[2024-11-05 15:31:58,573] {processor.py:641} INFO - Processing file /home/paula/Documentos/airflow/venv/lib/python3.10/site-packages/airflow/example_dags/example_external_task_marker_dag.py for tasks to queue
[2024-11-05 15:31:58,574] {logging_mixin.py:115} INFO - [2024-11-05 15:31:58,574] {dagbag.py:507} INFO - Filling up the DagBag from /home/paula/Documentos/airflow/venv/lib/python3.10/site-packages/airflow/example_dags/example_external_task_marker_dag.py
[2024-11-05 15:31:58,582] {processor.py:651} INFO - DAG(s) dict_keys(['example_external_task_marker_parent', 'example_external_task_marker_child']) retrieved from /home/paula/Documentos/airflow/venv/lib/python3.10/site-packages/airflow/example_dags/example_external_task_marker_dag.py
[2024-11-05 15:31:58,617] {logging_mixin.py:115} INFO - [2024-11-05 15:31:58,617] {dag.py:2379} INFO - Sync 2 DAGs
[2024-11-05 15:31:58,635] {logging_mixin.py:115} INFO - [2024-11-05 15:31:58,635] {dag.py:2927} INFO - Setting next_dagrun for example_external_task_marker_child to None, run_after=None
[2024-11-05 15:31:58,635] {logging_mixin.py:115} INFO - [2024-11-05 15:31:58,635] {dag.py:2927} INFO - Setting next_dagrun for example_external_task_marker_parent to None, run_after=None
[2024-11-05 15:31:58,768] {processor.py:161} INFO - Processing /home/paula/Documentos/airflow/venv/lib/python3.10/site-packages/airflow/example_dags/example_external_task_marker_dag.py took 0.208 seconds
[2024-11-05 15:32:49,783] {processor.py:153} INFO - Started process (PID=1062793) to work on /home/paula/Documentos/airflow/venv/lib/python3.10/site-packages/airflow/example_dags/example_external_task_marker_dag.py
[2024-11-05 15:32:49,783] {processor.py:641} INFO - Processing file /home/paula/Documentos/airflow/venv/lib/python3.10/site-packages/airflow/example_dags/example_external_task_marker_dag.py for tasks to queue
[2024-11-05 15:32:49,784] {logging_mixin.py:115} INFO - [2024-11-05 15:32:49,784] {dagbag.py:507} INFO - Filling up the DagBag from /home/paula/Documentos/airflow/venv/lib/python3.10/site-packages/airflow/example_dags/example_external_task_marker_dag.py
[2024-11-05 15:32:49,790] {processor.py:651} INFO - DAG(s) dict_keys(['example_external_task_marker_parent', 'example_external_task_marker_child']) retrieved from /home/paula/Documentos/airflow/venv/lib/python3.10/site-packages/airflow/example_dags/example_external_task_marker_dag.py
[2024-11-05 15:32:49,815] {logging_mixin.py:115} INFO - [2024-11-05 15:32:49,815] {dag.py:2379} INFO - Sync 2 DAGs
[2024-11-05 15:32:49,834] {logging_mixin.py:115} INFO - [2024-11-05 15:32:49,834] {dag.py:2927} INFO - Setting next_dagrun for example_external_task_marker_child to None, run_after=None
[2024-11-05 15:32:49,834] {logging_mixin.py:115} INFO - [2024-11-05 15:32:49,834] {dag.py:2927} INFO - Setting next_dagrun for example_external_task_marker_parent to None, run_after=None
[2024-11-05 15:32:49,962] {processor.py:161} INFO - Processing /home/paula/Documentos/airflow/venv/lib/python3.10/site-packages/airflow/example_dags/example_external_task_marker_dag.py took 0.182 seconds
[2024-11-05 15:33:34,150] {processor.py:153} INFO - Started process (PID=1063117) to work on /home/paula/Documentos/airflow/venv/lib/python3.10/site-packages/airflow/example_dags/example_external_task_marker_dag.py
[2024-11-05 15:33:34,151] {processor.py:641} INFO - Processing file /home/paula/Documentos/airflow/venv/lib/python3.10/site-packages/airflow/example_dags/example_external_task_marker_dag.py for tasks to queue
[2024-11-05 15:33:34,152] {logging_mixin.py:115} INFO - [2024-11-05 15:33:34,152] {dagbag.py:507} INFO - Filling up the DagBag from /home/paula/Documentos/airflow/venv/lib/python3.10/site-packages/airflow/example_dags/example_external_task_marker_dag.py
[2024-11-05 15:33:34,161] {processor.py:651} INFO - DAG(s) dict_keys(['example_external_task_marker_parent', 'example_external_task_marker_child']) retrieved from /home/paula/Documentos/airflow/venv/lib/python3.10/site-packages/airflow/example_dags/example_external_task_marker_dag.py
[2024-11-05 15:33:34,184] {logging_mixin.py:115} INFO - [2024-11-05 15:33:34,184] {dag.py:2379} INFO - Sync 2 DAGs
[2024-11-05 15:33:34,199] {logging_mixin.py:115} INFO - [2024-11-05 15:33:34,199] {dag.py:2927} INFO - Setting next_dagrun for example_external_task_marker_child to None, run_after=None
[2024-11-05 15:33:34,199] {logging_mixin.py:115} INFO - [2024-11-05 15:33:34,199] {dag.py:2927} INFO - Setting next_dagrun for example_external_task_marker_parent to None, run_after=None
[2024-11-05 15:33:34,348] {processor.py:161} INFO - Processing /home/paula/Documentos/airflow/venv/lib/python3.10/site-packages/airflow/example_dags/example_external_task_marker_dag.py took 0.202 seconds
[2024-11-05 15:34:19,914] {processor.py:153} INFO - Started process (PID=1063462) to work on /home/paula/Documentos/airflow/venv/lib/python3.10/site-packages/airflow/example_dags/example_external_task_marker_dag.py
[2024-11-05 15:34:19,915] {processor.py:641} INFO - Processing file /home/paula/Documentos/airflow/venv/lib/python3.10/site-packages/airflow/example_dags/example_external_task_marker_dag.py for tasks to queue
[2024-11-05 15:34:19,915] {logging_mixin.py:115} INFO - [2024-11-05 15:34:19,915] {dagbag.py:507} INFO - Filling up the DagBag from /home/paula/Documentos/airflow/venv/lib/python3.10/site-packages/airflow/example_dags/example_external_task_marker_dag.py
[2024-11-05 15:34:19,920] {processor.py:651} INFO - DAG(s) dict_keys(['example_external_task_marker_parent', 'example_external_task_marker_child']) retrieved from /home/paula/Documentos/airflow/venv/lib/python3.10/site-packages/airflow/example_dags/example_external_task_marker_dag.py
[2024-11-05 15:34:19,944] {logging_mixin.py:115} INFO - [2024-11-05 15:34:19,943] {dag.py:2379} INFO - Sync 2 DAGs
[2024-11-05 15:34:19,959] {logging_mixin.py:115} INFO - [2024-11-05 15:34:19,959] {dag.py:2927} INFO - Setting next_dagrun for example_external_task_marker_child to None, run_after=None
[2024-11-05 15:34:19,959] {logging_mixin.py:115} INFO - [2024-11-05 15:34:19,959] {dag.py:2927} INFO - Setting next_dagrun for example_external_task_marker_parent to None, run_after=None
[2024-11-05 15:34:20,057] {processor.py:161} INFO - Processing /home/paula/Documentos/airflow/venv/lib/python3.10/site-packages/airflow/example_dags/example_external_task_marker_dag.py took 0.147 seconds
[2024-11-05 15:35:00,309] {processor.py:153} INFO - Started process (PID=1063782) to work on /home/paula/Documentos/airflow/venv/lib/python3.10/site-packages/airflow/example_dags/example_external_task_marker_dag.py
[2024-11-05 15:35:00,330] {processor.py:641} INFO - Processing file /home/paula/Documentos/airflow/venv/lib/python3.10/site-packages/airflow/example_dags/example_external_task_marker_dag.py for tasks to queue
[2024-11-05 15:35:00,331] {logging_mixin.py:115} INFO - [2024-11-05 15:35:00,331] {dagbag.py:507} INFO - Filling up the DagBag from /home/paula/Documentos/airflow/venv/lib/python3.10/site-packages/airflow/example_dags/example_external_task_marker_dag.py
[2024-11-05 15:35:00,337] {processor.py:651} INFO - DAG(s) dict_keys(['example_external_task_marker_parent', 'example_external_task_marker_child']) retrieved from /home/paula/Documentos/airflow/venv/lib/python3.10/site-packages/airflow/example_dags/example_external_task_marker_dag.py
[2024-11-05 15:35:00,363] {logging_mixin.py:115} INFO - [2024-11-05 15:35:00,363] {dag.py:2379} INFO - Sync 2 DAGs
[2024-11-05 15:35:00,381] {logging_mixin.py:115} INFO - [2024-11-05 15:35:00,381] {dag.py:2927} INFO - Setting next_dagrun for example_external_task_marker_child to None, run_after=None
[2024-11-05 15:35:00,381] {logging_mixin.py:115} INFO - [2024-11-05 15:35:00,381] {dag.py:2927} INFO - Setting next_dagrun for example_external_task_marker_parent to None, run_after=None
[2024-11-05 15:35:00,554] {processor.py:161} INFO - Processing /home/paula/Documentos/airflow/venv/lib/python3.10/site-packages/airflow/example_dags/example_external_task_marker_dag.py took 0.248 seconds
[2024-11-05 15:35:45,890] {processor.py:153} INFO - Started process (PID=1064059) to work on /home/paula/Documentos/airflow/venv/lib/python3.10/site-packages/airflow/example_dags/example_external_task_marker_dag.py
[2024-11-05 15:35:45,906] {processor.py:641} INFO - Processing file /home/paula/Documentos/airflow/venv/lib/python3.10/site-packages/airflow/example_dags/example_external_task_marker_dag.py for tasks to queue
[2024-11-05 15:35:45,906] {logging_mixin.py:115} INFO - [2024-11-05 15:35:45,906] {dagbag.py:507} INFO - Filling up the DagBag from /home/paula/Documentos/airflow/venv/lib/python3.10/site-packages/airflow/example_dags/example_external_task_marker_dag.py
[2024-11-05 15:35:45,912] {processor.py:651} INFO - DAG(s) dict_keys(['example_external_task_marker_parent', 'example_external_task_marker_child']) retrieved from /home/paula/Documentos/airflow/venv/lib/python3.10/site-packages/airflow/example_dags/example_external_task_marker_dag.py
[2024-11-05 15:35:45,934] {logging_mixin.py:115} INFO - [2024-11-05 15:35:45,934] {dag.py:2379} INFO - Sync 2 DAGs
[2024-11-05 15:35:45,949] {logging_mixin.py:115} INFO - [2024-11-05 15:35:45,949] {dag.py:2927} INFO - Setting next_dagrun for example_external_task_marker_child to None, run_after=None
[2024-11-05 15:35:45,950] {logging_mixin.py:115} INFO - [2024-11-05 15:35:45,950] {dag.py:2927} INFO - Setting next_dagrun for example_external_task_marker_parent to None, run_after=None
[2024-11-05 15:35:46,087] {processor.py:161} INFO - Processing /home/paula/Documentos/airflow/venv/lib/python3.10/site-packages/airflow/example_dags/example_external_task_marker_dag.py took 0.199 seconds
[2024-11-05 15:39:55,430] {processor.py:153} INFO - Started process (PID=1065939) to work on /home/paula/Documentos/airflow/venv/lib/python3.10/site-packages/airflow/example_dags/example_external_task_marker_dag.py
[2024-11-05 15:39:55,469] {processor.py:641} INFO - Processing file /home/paula/Documentos/airflow/venv/lib/python3.10/site-packages/airflow/example_dags/example_external_task_marker_dag.py for tasks to queue
[2024-11-05 15:39:55,470] {logging_mixin.py:115} INFO - [2024-11-05 15:39:55,469] {dagbag.py:507} INFO - Filling up the DagBag from /home/paula/Documentos/airflow/venv/lib/python3.10/site-packages/airflow/example_dags/example_external_task_marker_dag.py
[2024-11-05 15:39:55,475] {processor.py:651} INFO - DAG(s) dict_keys(['example_external_task_marker_parent', 'example_external_task_marker_child']) retrieved from /home/paula/Documentos/airflow/venv/lib/python3.10/site-packages/airflow/example_dags/example_external_task_marker_dag.py
[2024-11-05 15:39:55,503] {logging_mixin.py:115} INFO - [2024-11-05 15:39:55,503] {dag.py:2379} INFO - Sync 2 DAGs
[2024-11-05 15:39:55,524] {logging_mixin.py:115} INFO - [2024-11-05 15:39:55,524] {dag.py:2927} INFO - Setting next_dagrun for example_external_task_marker_child to None, run_after=None
[2024-11-05 15:39:55,525] {logging_mixin.py:115} INFO - [2024-11-05 15:39:55,525] {dag.py:2927} INFO - Setting next_dagrun for example_external_task_marker_parent to None, run_after=None
[2024-11-05 15:39:55,780] {processor.py:161} INFO - Processing /home/paula/Documentos/airflow/venv/lib/python3.10/site-packages/airflow/example_dags/example_external_task_marker_dag.py took 0.356 seconds
[2024-11-05 15:40:41,293] {processor.py:153} INFO - Started process (PID=1066262) to work on /home/paula/Documentos/airflow/venv/lib/python3.10/site-packages/airflow/example_dags/example_external_task_marker_dag.py
[2024-11-05 15:40:41,294] {processor.py:641} INFO - Processing file /home/paula/Documentos/airflow/venv/lib/python3.10/site-packages/airflow/example_dags/example_external_task_marker_dag.py for tasks to queue
[2024-11-05 15:40:41,294] {logging_mixin.py:115} INFO - [2024-11-05 15:40:41,294] {dagbag.py:507} INFO - Filling up the DagBag from /home/paula/Documentos/airflow/venv/lib/python3.10/site-packages/airflow/example_dags/example_external_task_marker_dag.py
[2024-11-05 15:40:41,300] {processor.py:651} INFO - DAG(s) dict_keys(['example_external_task_marker_parent', 'example_external_task_marker_child']) retrieved from /home/paula/Documentos/airflow/venv/lib/python3.10/site-packages/airflow/example_dags/example_external_task_marker_dag.py
[2024-11-05 15:40:41,322] {logging_mixin.py:115} INFO - [2024-11-05 15:40:41,322] {dag.py:2379} INFO - Sync 2 DAGs
[2024-11-05 15:40:41,337] {logging_mixin.py:115} INFO - [2024-11-05 15:40:41,337] {dag.py:2927} INFO - Setting next_dagrun for example_external_task_marker_child to None, run_after=None
[2024-11-05 15:40:41,337] {logging_mixin.py:115} INFO - [2024-11-05 15:40:41,337] {dag.py:2927} INFO - Setting next_dagrun for example_external_task_marker_parent to None, run_after=None
[2024-11-05 15:40:41,426] {processor.py:161} INFO - Processing /home/paula/Documentos/airflow/venv/lib/python3.10/site-packages/airflow/example_dags/example_external_task_marker_dag.py took 0.136 seconds
