[2024-11-05 15:08:08,036] {processor.py:153} INFO - Started process (PID=1053444) to work on /home/paula/Documentos/airflow/venv/lib/python3.10/site-packages/airflow/example_dags/example_kubernetes_executor.py
[2024-11-05 15:08:08,037] {processor.py:641} INFO - Processing file /home/paula/Documentos/airflow/venv/lib/python3.10/site-packages/airflow/example_dags/example_kubernetes_executor.py for tasks to queue
[2024-11-05 15:08:08,037] {logging_mixin.py:115} INFO - [2024-11-05 15:08:08,037] {dagbag.py:507} INFO - Filling up the DagBag from /home/paula/Documentos/airflow/venv/lib/python3.10/site-packages/airflow/example_dags/example_kubernetes_executor.py
[2024-11-05 15:08:08,052] {logging_mixin.py:115} INFO - [2024-11-05 15:08:08,051] {example_kubernetes_executor.py:39} WARNING - The example_kubernetes_executor example DAG requires the kubernetes provider. Please install it with: pip install apache-airflow[cncf.kubernetes]
[2024-11-05 15:08:08,052] {processor.py:653} WARNING - No viable dags retrieved from /home/paula/Documentos/airflow/venv/lib/python3.10/site-packages/airflow/example_dags/example_kubernetes_executor.py
[2024-11-05 15:08:08,065] {processor.py:161} INFO - Processing /home/paula/Documentos/airflow/venv/lib/python3.10/site-packages/airflow/example_dags/example_kubernetes_executor.py took 0.032 seconds
[2024-11-05 15:09:03,121] {processor.py:153} INFO - Started process (PID=1053780) to work on /home/paula/Documentos/airflow/venv/lib/python3.10/site-packages/airflow/example_dags/example_kubernetes_executor.py
[2024-11-05 15:09:03,144] {processor.py:641} INFO - Processing file /home/paula/Documentos/airflow/venv/lib/python3.10/site-packages/airflow/example_dags/example_kubernetes_executor.py for tasks to queue
[2024-11-05 15:09:03,145] {logging_mixin.py:115} INFO - [2024-11-05 15:09:03,145] {dagbag.py:507} INFO - Filling up the DagBag from /home/paula/Documentos/airflow/venv/lib/python3.10/site-packages/airflow/example_dags/example_kubernetes_executor.py
[2024-11-05 15:09:03,163] {logging_mixin.py:115} INFO - [2024-11-05 15:09:03,163] {example_kubernetes_executor.py:39} WARNING - The example_kubernetes_executor example DAG requires the kubernetes provider. Please install it with: pip install apache-airflow[cncf.kubernetes]
[2024-11-05 15:09:03,163] {processor.py:653} WARNING - No viable dags retrieved from /home/paula/Documentos/airflow/venv/lib/python3.10/site-packages/airflow/example_dags/example_kubernetes_executor.py
[2024-11-05 15:09:03,176] {processor.py:161} INFO - Processing /home/paula/Documentos/airflow/venv/lib/python3.10/site-packages/airflow/example_dags/example_kubernetes_executor.py took 0.058 seconds
[2024-11-05 15:09:45,782] {processor.py:153} INFO - Started process (PID=1053993) to work on /home/paula/Documentos/airflow/venv/lib/python3.10/site-packages/airflow/example_dags/example_kubernetes_executor.py
[2024-11-05 15:09:45,805] {processor.py:641} INFO - Processing file /home/paula/Documentos/airflow/venv/lib/python3.10/site-packages/airflow/example_dags/example_kubernetes_executor.py for tasks to queue
[2024-11-05 15:09:45,806] {logging_mixin.py:115} INFO - [2024-11-05 15:09:45,806] {dagbag.py:507} INFO - Filling up the DagBag from /home/paula/Documentos/airflow/venv/lib/python3.10/site-packages/airflow/example_dags/example_kubernetes_executor.py
[2024-11-05 15:09:45,829] {logging_mixin.py:115} INFO - [2024-11-05 15:09:45,829] {example_kubernetes_executor.py:39} WARNING - The example_kubernetes_executor example DAG requires the kubernetes provider. Please install it with: pip install apache-airflow[cncf.kubernetes]
[2024-11-05 15:09:45,829] {processor.py:653} WARNING - No viable dags retrieved from /home/paula/Documentos/airflow/venv/lib/python3.10/site-packages/airflow/example_dags/example_kubernetes_executor.py
[2024-11-05 15:09:45,840] {processor.py:161} INFO - Processing /home/paula/Documentos/airflow/venv/lib/python3.10/site-packages/airflow/example_dags/example_kubernetes_executor.py took 0.062 seconds
[2024-11-05 15:10:36,164] {processor.py:153} INFO - Started process (PID=1054507) to work on /home/paula/Documentos/airflow/venv/lib/python3.10/site-packages/airflow/example_dags/example_kubernetes_executor.py
[2024-11-05 15:10:36,220] {processor.py:641} INFO - Processing file /home/paula/Documentos/airflow/venv/lib/python3.10/site-packages/airflow/example_dags/example_kubernetes_executor.py for tasks to queue
[2024-11-05 15:10:36,221] {logging_mixin.py:115} INFO - [2024-11-05 15:10:36,220] {dagbag.py:507} INFO - Filling up the DagBag from /home/paula/Documentos/airflow/venv/lib/python3.10/site-packages/airflow/example_dags/example_kubernetes_executor.py
[2024-11-05 15:10:36,238] {logging_mixin.py:115} INFO - [2024-11-05 15:10:36,238] {example_kubernetes_executor.py:39} WARNING - The example_kubernetes_executor example DAG requires the kubernetes provider. Please install it with: pip install apache-airflow[cncf.kubernetes]
[2024-11-05 15:10:36,238] {processor.py:653} WARNING - No viable dags retrieved from /home/paula/Documentos/airflow/venv/lib/python3.10/site-packages/airflow/example_dags/example_kubernetes_executor.py
[2024-11-05 15:10:36,250] {processor.py:161} INFO - Processing /home/paula/Documentos/airflow/venv/lib/python3.10/site-packages/airflow/example_dags/example_kubernetes_executor.py took 0.088 seconds
[2024-11-05 15:11:28,638] {processor.py:153} INFO - Started process (PID=1054761) to work on /home/paula/Documentos/airflow/venv/lib/python3.10/site-packages/airflow/example_dags/example_kubernetes_executor.py
[2024-11-05 15:11:28,647] {processor.py:641} INFO - Processing file /home/paula/Documentos/airflow/venv/lib/python3.10/site-packages/airflow/example_dags/example_kubernetes_executor.py for tasks to queue
[2024-11-05 15:11:28,647] {logging_mixin.py:115} INFO - [2024-11-05 15:11:28,647] {dagbag.py:507} INFO - Filling up the DagBag from /home/paula/Documentos/airflow/venv/lib/python3.10/site-packages/airflow/example_dags/example_kubernetes_executor.py
[2024-11-05 15:11:28,665] {logging_mixin.py:115} INFO - [2024-11-05 15:11:28,665] {example_kubernetes_executor.py:39} WARNING - The example_kubernetes_executor example DAG requires the kubernetes provider. Please install it with: pip install apache-airflow[cncf.kubernetes]
[2024-11-05 15:11:28,665] {processor.py:653} WARNING - No viable dags retrieved from /home/paula/Documentos/airflow/venv/lib/python3.10/site-packages/airflow/example_dags/example_kubernetes_executor.py
[2024-11-05 15:11:28,675] {processor.py:161} INFO - Processing /home/paula/Documentos/airflow/venv/lib/python3.10/site-packages/airflow/example_dags/example_kubernetes_executor.py took 0.040 seconds
[2024-11-05 15:12:17,587] {processor.py:153} INFO - Started process (PID=1055088) to work on /home/paula/Documentos/airflow/venv/lib/python3.10/site-packages/airflow/example_dags/example_kubernetes_executor.py
[2024-11-05 15:12:17,590] {processor.py:641} INFO - Processing file /home/paula/Documentos/airflow/venv/lib/python3.10/site-packages/airflow/example_dags/example_kubernetes_executor.py for tasks to queue
[2024-11-05 15:12:17,591] {logging_mixin.py:115} INFO - [2024-11-05 15:12:17,591] {dagbag.py:507} INFO - Filling up the DagBag from /home/paula/Documentos/airflow/venv/lib/python3.10/site-packages/airflow/example_dags/example_kubernetes_executor.py
[2024-11-05 15:12:17,614] {logging_mixin.py:115} INFO - [2024-11-05 15:12:17,614] {example_kubernetes_executor.py:39} WARNING - The example_kubernetes_executor example DAG requires the kubernetes provider. Please install it with: pip install apache-airflow[cncf.kubernetes]
[2024-11-05 15:12:17,614] {processor.py:653} WARNING - No viable dags retrieved from /home/paula/Documentos/airflow/venv/lib/python3.10/site-packages/airflow/example_dags/example_kubernetes_executor.py
[2024-11-05 15:12:17,627] {processor.py:161} INFO - Processing /home/paula/Documentos/airflow/venv/lib/python3.10/site-packages/airflow/example_dags/example_kubernetes_executor.py took 0.043 seconds
[2024-11-05 15:13:08,334] {processor.py:153} INFO - Started process (PID=1055395) to work on /home/paula/Documentos/airflow/venv/lib/python3.10/site-packages/airflow/example_dags/example_kubernetes_executor.py
[2024-11-05 15:13:08,353] {processor.py:641} INFO - Processing file /home/paula/Documentos/airflow/venv/lib/python3.10/site-packages/airflow/example_dags/example_kubernetes_executor.py for tasks to queue
[2024-11-05 15:13:08,354] {logging_mixin.py:115} INFO - [2024-11-05 15:13:08,353] {dagbag.py:507} INFO - Filling up the DagBag from /home/paula/Documentos/airflow/venv/lib/python3.10/site-packages/airflow/example_dags/example_kubernetes_executor.py
[2024-11-05 15:13:08,370] {logging_mixin.py:115} INFO - [2024-11-05 15:13:08,370] {example_kubernetes_executor.py:39} WARNING - The example_kubernetes_executor example DAG requires the kubernetes provider. Please install it with: pip install apache-airflow[cncf.kubernetes]
[2024-11-05 15:13:08,370] {processor.py:653} WARNING - No viable dags retrieved from /home/paula/Documentos/airflow/venv/lib/python3.10/site-packages/airflow/example_dags/example_kubernetes_executor.py
[2024-11-05 15:13:08,381] {processor.py:161} INFO - Processing /home/paula/Documentos/airflow/venv/lib/python3.10/site-packages/airflow/example_dags/example_kubernetes_executor.py took 0.050 seconds
[2024-11-05 15:14:01,973] {processor.py:153} INFO - Started process (PID=1055696) to work on /home/paula/Documentos/airflow/venv/lib/python3.10/site-packages/airflow/example_dags/example_kubernetes_executor.py
[2024-11-05 15:14:02,007] {processor.py:641} INFO - Processing file /home/paula/Documentos/airflow/venv/lib/python3.10/site-packages/airflow/example_dags/example_kubernetes_executor.py for tasks to queue
[2024-11-05 15:14:02,008] {logging_mixin.py:115} INFO - [2024-11-05 15:14:02,008] {dagbag.py:507} INFO - Filling up the DagBag from /home/paula/Documentos/airflow/venv/lib/python3.10/site-packages/airflow/example_dags/example_kubernetes_executor.py
[2024-11-05 15:14:02,027] {logging_mixin.py:115} INFO - [2024-11-05 15:14:02,027] {example_kubernetes_executor.py:39} WARNING - The example_kubernetes_executor example DAG requires the kubernetes provider. Please install it with: pip install apache-airflow[cncf.kubernetes]
[2024-11-05 15:14:02,027] {processor.py:653} WARNING - No viable dags retrieved from /home/paula/Documentos/airflow/venv/lib/python3.10/site-packages/airflow/example_dags/example_kubernetes_executor.py
[2024-11-05 15:14:02,040] {processor.py:161} INFO - Processing /home/paula/Documentos/airflow/venv/lib/python3.10/site-packages/airflow/example_dags/example_kubernetes_executor.py took 0.070 seconds
[2024-11-05 15:14:56,587] {processor.py:153} INFO - Started process (PID=1056019) to work on /home/paula/Documentos/airflow/venv/lib/python3.10/site-packages/airflow/example_dags/example_kubernetes_executor.py
[2024-11-05 15:14:56,616] {processor.py:641} INFO - Processing file /home/paula/Documentos/airflow/venv/lib/python3.10/site-packages/airflow/example_dags/example_kubernetes_executor.py for tasks to queue
[2024-11-05 15:14:56,616] {logging_mixin.py:115} INFO - [2024-11-05 15:14:56,616] {dagbag.py:507} INFO - Filling up the DagBag from /home/paula/Documentos/airflow/venv/lib/python3.10/site-packages/airflow/example_dags/example_kubernetes_executor.py
[2024-11-05 15:14:56,634] {logging_mixin.py:115} INFO - [2024-11-05 15:14:56,634] {example_kubernetes_executor.py:39} WARNING - The example_kubernetes_executor example DAG requires the kubernetes provider. Please install it with: pip install apache-airflow[cncf.kubernetes]
[2024-11-05 15:14:56,634] {processor.py:653} WARNING - No viable dags retrieved from /home/paula/Documentos/airflow/venv/lib/python3.10/site-packages/airflow/example_dags/example_kubernetes_executor.py
[2024-11-05 15:14:56,648] {processor.py:161} INFO - Processing /home/paula/Documentos/airflow/venv/lib/python3.10/site-packages/airflow/example_dags/example_kubernetes_executor.py took 0.066 seconds
[2024-11-05 15:15:35,293] {processor.py:153} INFO - Started process (PID=1056269) to work on /home/paula/Documentos/airflow/venv/lib/python3.10/site-packages/airflow/example_dags/example_kubernetes_executor.py
[2024-11-05 15:15:35,317] {processor.py:641} INFO - Processing file /home/paula/Documentos/airflow/venv/lib/python3.10/site-packages/airflow/example_dags/example_kubernetes_executor.py for tasks to queue
[2024-11-05 15:15:35,317] {logging_mixin.py:115} INFO - [2024-11-05 15:15:35,317] {dagbag.py:507} INFO - Filling up the DagBag from /home/paula/Documentos/airflow/venv/lib/python3.10/site-packages/airflow/example_dags/example_kubernetes_executor.py
[2024-11-05 15:15:35,339] {logging_mixin.py:115} INFO - [2024-11-05 15:15:35,339] {example_kubernetes_executor.py:39} WARNING - The example_kubernetes_executor example DAG requires the kubernetes provider. Please install it with: pip install apache-airflow[cncf.kubernetes]
[2024-11-05 15:15:35,339] {processor.py:653} WARNING - No viable dags retrieved from /home/paula/Documentos/airflow/venv/lib/python3.10/site-packages/airflow/example_dags/example_kubernetes_executor.py
[2024-11-05 15:15:35,353] {processor.py:161} INFO - Processing /home/paula/Documentos/airflow/venv/lib/python3.10/site-packages/airflow/example_dags/example_kubernetes_executor.py took 0.063 seconds
[2024-11-05 15:16:14,687] {processor.py:153} INFO - Started process (PID=1056508) to work on /home/paula/Documentos/airflow/venv/lib/python3.10/site-packages/airflow/example_dags/example_kubernetes_executor.py
[2024-11-05 15:16:14,688] {processor.py:641} INFO - Processing file /home/paula/Documentos/airflow/venv/lib/python3.10/site-packages/airflow/example_dags/example_kubernetes_executor.py for tasks to queue
[2024-11-05 15:16:14,688] {logging_mixin.py:115} INFO - [2024-11-05 15:16:14,688] {dagbag.py:507} INFO - Filling up the DagBag from /home/paula/Documentos/airflow/venv/lib/python3.10/site-packages/airflow/example_dags/example_kubernetes_executor.py
[2024-11-05 15:16:14,705] {logging_mixin.py:115} INFO - [2024-11-05 15:16:14,705] {example_kubernetes_executor.py:39} WARNING - The example_kubernetes_executor example DAG requires the kubernetes provider. Please install it with: pip install apache-airflow[cncf.kubernetes]
[2024-11-05 15:16:14,705] {processor.py:653} WARNING - No viable dags retrieved from /home/paula/Documentos/airflow/venv/lib/python3.10/site-packages/airflow/example_dags/example_kubernetes_executor.py
[2024-11-05 15:16:14,717] {processor.py:161} INFO - Processing /home/paula/Documentos/airflow/venv/lib/python3.10/site-packages/airflow/example_dags/example_kubernetes_executor.py took 0.032 seconds
[2024-11-05 15:17:02,715] {processor.py:153} INFO - Started process (PID=1056817) to work on /home/paula/Documentos/airflow/venv/lib/python3.10/site-packages/airflow/example_dags/example_kubernetes_executor.py
[2024-11-05 15:17:02,736] {processor.py:641} INFO - Processing file /home/paula/Documentos/airflow/venv/lib/python3.10/site-packages/airflow/example_dags/example_kubernetes_executor.py for tasks to queue
[2024-11-05 15:17:02,737] {logging_mixin.py:115} INFO - [2024-11-05 15:17:02,736] {dagbag.py:507} INFO - Filling up the DagBag from /home/paula/Documentos/airflow/venv/lib/python3.10/site-packages/airflow/example_dags/example_kubernetes_executor.py
[2024-11-05 15:17:02,758] {logging_mixin.py:115} INFO - [2024-11-05 15:17:02,758] {example_kubernetes_executor.py:39} WARNING - The example_kubernetes_executor example DAG requires the kubernetes provider. Please install it with: pip install apache-airflow[cncf.kubernetes]
[2024-11-05 15:17:02,758] {processor.py:653} WARNING - No viable dags retrieved from /home/paula/Documentos/airflow/venv/lib/python3.10/site-packages/airflow/example_dags/example_kubernetes_executor.py
[2024-11-05 15:17:02,768] {processor.py:161} INFO - Processing /home/paula/Documentos/airflow/venv/lib/python3.10/site-packages/airflow/example_dags/example_kubernetes_executor.py took 0.057 seconds
[2024-11-05 15:17:50,753] {processor.py:153} INFO - Started process (PID=1057099) to work on /home/paula/Documentos/airflow/venv/lib/python3.10/site-packages/airflow/example_dags/example_kubernetes_executor.py
[2024-11-05 15:17:50,780] {processor.py:641} INFO - Processing file /home/paula/Documentos/airflow/venv/lib/python3.10/site-packages/airflow/example_dags/example_kubernetes_executor.py for tasks to queue
[2024-11-05 15:17:50,781] {logging_mixin.py:115} INFO - [2024-11-05 15:17:50,781] {dagbag.py:507} INFO - Filling up the DagBag from /home/paula/Documentos/airflow/venv/lib/python3.10/site-packages/airflow/example_dags/example_kubernetes_executor.py
[2024-11-05 15:17:50,803] {logging_mixin.py:115} INFO - [2024-11-05 15:17:50,803] {example_kubernetes_executor.py:39} WARNING - The example_kubernetes_executor example DAG requires the kubernetes provider. Please install it with: pip install apache-airflow[cncf.kubernetes]
[2024-11-05 15:17:50,803] {processor.py:653} WARNING - No viable dags retrieved from /home/paula/Documentos/airflow/venv/lib/python3.10/site-packages/airflow/example_dags/example_kubernetes_executor.py
[2024-11-05 15:17:50,813] {processor.py:161} INFO - Processing /home/paula/Documentos/airflow/venv/lib/python3.10/site-packages/airflow/example_dags/example_kubernetes_executor.py took 0.062 seconds
[2024-11-05 15:18:37,456] {processor.py:153} INFO - Started process (PID=1057395) to work on /home/paula/Documentos/airflow/venv/lib/python3.10/site-packages/airflow/example_dags/example_kubernetes_executor.py
[2024-11-05 15:18:37,457] {processor.py:641} INFO - Processing file /home/paula/Documentos/airflow/venv/lib/python3.10/site-packages/airflow/example_dags/example_kubernetes_executor.py for tasks to queue
[2024-11-05 15:18:37,458] {logging_mixin.py:115} INFO - [2024-11-05 15:18:37,457] {dagbag.py:507} INFO - Filling up the DagBag from /home/paula/Documentos/airflow/venv/lib/python3.10/site-packages/airflow/example_dags/example_kubernetes_executor.py
[2024-11-05 15:18:37,473] {logging_mixin.py:115} INFO - [2024-11-05 15:18:37,473] {example_kubernetes_executor.py:39} WARNING - The example_kubernetes_executor example DAG requires the kubernetes provider. Please install it with: pip install apache-airflow[cncf.kubernetes]
[2024-11-05 15:18:37,473] {processor.py:653} WARNING - No viable dags retrieved from /home/paula/Documentos/airflow/venv/lib/python3.10/site-packages/airflow/example_dags/example_kubernetes_executor.py
[2024-11-05 15:18:37,482] {processor.py:161} INFO - Processing /home/paula/Documentos/airflow/venv/lib/python3.10/site-packages/airflow/example_dags/example_kubernetes_executor.py took 0.029 seconds
[2024-11-05 15:19:21,278] {processor.py:153} INFO - Started process (PID=1057654) to work on /home/paula/Documentos/airflow/venv/lib/python3.10/site-packages/airflow/example_dags/example_kubernetes_executor.py
[2024-11-05 15:19:21,288] {processor.py:641} INFO - Processing file /home/paula/Documentos/airflow/venv/lib/python3.10/site-packages/airflow/example_dags/example_kubernetes_executor.py for tasks to queue
[2024-11-05 15:19:21,289] {logging_mixin.py:115} INFO - [2024-11-05 15:19:21,289] {dagbag.py:507} INFO - Filling up the DagBag from /home/paula/Documentos/airflow/venv/lib/python3.10/site-packages/airflow/example_dags/example_kubernetes_executor.py
[2024-11-05 15:19:21,306] {logging_mixin.py:115} INFO - [2024-11-05 15:19:21,306] {example_kubernetes_executor.py:39} WARNING - The example_kubernetes_executor example DAG requires the kubernetes provider. Please install it with: pip install apache-airflow[cncf.kubernetes]
[2024-11-05 15:19:21,306] {processor.py:653} WARNING - No viable dags retrieved from /home/paula/Documentos/airflow/venv/lib/python3.10/site-packages/airflow/example_dags/example_kubernetes_executor.py
[2024-11-05 15:19:21,316] {processor.py:161} INFO - Processing /home/paula/Documentos/airflow/venv/lib/python3.10/site-packages/airflow/example_dags/example_kubernetes_executor.py took 0.042 seconds
[2024-11-05 15:20:07,302] {processor.py:153} INFO - Started process (PID=1057971) to work on /home/paula/Documentos/airflow/venv/lib/python3.10/site-packages/airflow/example_dags/example_kubernetes_executor.py
[2024-11-05 15:20:07,318] {processor.py:641} INFO - Processing file /home/paula/Documentos/airflow/venv/lib/python3.10/site-packages/airflow/example_dags/example_kubernetes_executor.py for tasks to queue
[2024-11-05 15:20:07,318] {logging_mixin.py:115} INFO - [2024-11-05 15:20:07,318] {dagbag.py:507} INFO - Filling up the DagBag from /home/paula/Documentos/airflow/venv/lib/python3.10/site-packages/airflow/example_dags/example_kubernetes_executor.py
[2024-11-05 15:20:07,337] {logging_mixin.py:115} INFO - [2024-11-05 15:20:07,337] {example_kubernetes_executor.py:39} WARNING - The example_kubernetes_executor example DAG requires the kubernetes provider. Please install it with: pip install apache-airflow[cncf.kubernetes]
[2024-11-05 15:20:07,337] {processor.py:653} WARNING - No viable dags retrieved from /home/paula/Documentos/airflow/venv/lib/python3.10/site-packages/airflow/example_dags/example_kubernetes_executor.py
[2024-11-05 15:20:07,348] {processor.py:161} INFO - Processing /home/paula/Documentos/airflow/venv/lib/python3.10/site-packages/airflow/example_dags/example_kubernetes_executor.py took 0.049 seconds
[2024-11-05 15:21:36,902] {processor.py:153} INFO - Started process (PID=1058544) to work on /home/paula/Documentos/airflow/venv/lib/python3.10/site-packages/airflow/example_dags/example_kubernetes_executor.py
[2024-11-05 15:21:36,908] {processor.py:641} INFO - Processing file /home/paula/Documentos/airflow/venv/lib/python3.10/site-packages/airflow/example_dags/example_kubernetes_executor.py for tasks to queue
[2024-11-05 15:21:36,909] {logging_mixin.py:115} INFO - [2024-11-05 15:21:36,909] {dagbag.py:507} INFO - Filling up the DagBag from /home/paula/Documentos/airflow/venv/lib/python3.10/site-packages/airflow/example_dags/example_kubernetes_executor.py
[2024-11-05 15:21:36,935] {logging_mixin.py:115} INFO - [2024-11-05 15:21:36,935] {example_kubernetes_executor.py:39} WARNING - The example_kubernetes_executor example DAG requires the kubernetes provider. Please install it with: pip install apache-airflow[cncf.kubernetes]
[2024-11-05 15:21:36,935] {processor.py:653} WARNING - No viable dags retrieved from /home/paula/Documentos/airflow/venv/lib/python3.10/site-packages/airflow/example_dags/example_kubernetes_executor.py
[2024-11-05 15:21:36,948] {processor.py:161} INFO - Processing /home/paula/Documentos/airflow/venv/lib/python3.10/site-packages/airflow/example_dags/example_kubernetes_executor.py took 0.050 seconds
[2024-11-05 15:22:19,005] {processor.py:153} INFO - Started process (PID=1058795) to work on /home/paula/Documentos/airflow/venv/lib/python3.10/site-packages/airflow/example_dags/example_kubernetes_executor.py
[2024-11-05 15:22:19,019] {processor.py:641} INFO - Processing file /home/paula/Documentos/airflow/venv/lib/python3.10/site-packages/airflow/example_dags/example_kubernetes_executor.py for tasks to queue
[2024-11-05 15:22:19,020] {logging_mixin.py:115} INFO - [2024-11-05 15:22:19,020] {dagbag.py:507} INFO - Filling up the DagBag from /home/paula/Documentos/airflow/venv/lib/python3.10/site-packages/airflow/example_dags/example_kubernetes_executor.py
[2024-11-05 15:22:19,044] {logging_mixin.py:115} INFO - [2024-11-05 15:22:19,044] {example_kubernetes_executor.py:39} WARNING - The example_kubernetes_executor example DAG requires the kubernetes provider. Please install it with: pip install apache-airflow[cncf.kubernetes]
[2024-11-05 15:22:19,045] {processor.py:653} WARNING - No viable dags retrieved from /home/paula/Documentos/airflow/venv/lib/python3.10/site-packages/airflow/example_dags/example_kubernetes_executor.py
[2024-11-05 15:22:19,058] {processor.py:161} INFO - Processing /home/paula/Documentos/airflow/venv/lib/python3.10/site-packages/airflow/example_dags/example_kubernetes_executor.py took 0.057 seconds
[2024-11-05 15:23:00,525] {processor.py:153} INFO - Started process (PID=1059055) to work on /home/paula/Documentos/airflow/venv/lib/python3.10/site-packages/airflow/example_dags/example_kubernetes_executor.py
[2024-11-05 15:23:00,531] {processor.py:641} INFO - Processing file /home/paula/Documentos/airflow/venv/lib/python3.10/site-packages/airflow/example_dags/example_kubernetes_executor.py for tasks to queue
[2024-11-05 15:23:00,532] {logging_mixin.py:115} INFO - [2024-11-05 15:23:00,532] {dagbag.py:507} INFO - Filling up the DagBag from /home/paula/Documentos/airflow/venv/lib/python3.10/site-packages/airflow/example_dags/example_kubernetes_executor.py
[2024-11-05 15:23:00,552] {logging_mixin.py:115} INFO - [2024-11-05 15:23:00,552] {example_kubernetes_executor.py:39} WARNING - The example_kubernetes_executor example DAG requires the kubernetes provider. Please install it with: pip install apache-airflow[cncf.kubernetes]
[2024-11-05 15:23:00,552] {processor.py:653} WARNING - No viable dags retrieved from /home/paula/Documentos/airflow/venv/lib/python3.10/site-packages/airflow/example_dags/example_kubernetes_executor.py
[2024-11-05 15:23:00,564] {processor.py:161} INFO - Processing /home/paula/Documentos/airflow/venv/lib/python3.10/site-packages/airflow/example_dags/example_kubernetes_executor.py took 0.043 seconds
[2024-11-05 15:23:47,121] {processor.py:153} INFO - Started process (PID=1059364) to work on /home/paula/Documentos/airflow/venv/lib/python3.10/site-packages/airflow/example_dags/example_kubernetes_executor.py
[2024-11-05 15:23:47,122] {processor.py:641} INFO - Processing file /home/paula/Documentos/airflow/venv/lib/python3.10/site-packages/airflow/example_dags/example_kubernetes_executor.py for tasks to queue
[2024-11-05 15:23:47,122] {logging_mixin.py:115} INFO - [2024-11-05 15:23:47,122] {dagbag.py:507} INFO - Filling up the DagBag from /home/paula/Documentos/airflow/venv/lib/python3.10/site-packages/airflow/example_dags/example_kubernetes_executor.py
[2024-11-05 15:23:47,141] {logging_mixin.py:115} INFO - [2024-11-05 15:23:47,140] {example_kubernetes_executor.py:39} WARNING - The example_kubernetes_executor example DAG requires the kubernetes provider. Please install it with: pip install apache-airflow[cncf.kubernetes]
[2024-11-05 15:23:47,141] {processor.py:653} WARNING - No viable dags retrieved from /home/paula/Documentos/airflow/venv/lib/python3.10/site-packages/airflow/example_dags/example_kubernetes_executor.py
[2024-11-05 15:23:47,151] {processor.py:161} INFO - Processing /home/paula/Documentos/airflow/venv/lib/python3.10/site-packages/airflow/example_dags/example_kubernetes_executor.py took 0.033 seconds
[2024-11-05 15:24:33,669] {processor.py:153} INFO - Started process (PID=1059652) to work on /home/paula/Documentos/airflow/venv/lib/python3.10/site-packages/airflow/example_dags/example_kubernetes_executor.py
[2024-11-05 15:24:33,670] {processor.py:641} INFO - Processing file /home/paula/Documentos/airflow/venv/lib/python3.10/site-packages/airflow/example_dags/example_kubernetes_executor.py for tasks to queue
[2024-11-05 15:24:33,672] {logging_mixin.py:115} INFO - [2024-11-05 15:24:33,671] {dagbag.py:507} INFO - Filling up the DagBag from /home/paula/Documentos/airflow/venv/lib/python3.10/site-packages/airflow/example_dags/example_kubernetes_executor.py
[2024-11-05 15:24:33,700] {logging_mixin.py:115} INFO - [2024-11-05 15:24:33,699] {example_kubernetes_executor.py:39} WARNING - The example_kubernetes_executor example DAG requires the kubernetes provider. Please install it with: pip install apache-airflow[cncf.kubernetes]
[2024-11-05 15:24:33,701] {processor.py:653} WARNING - No viable dags retrieved from /home/paula/Documentos/airflow/venv/lib/python3.10/site-packages/airflow/example_dags/example_kubernetes_executor.py
[2024-11-05 15:24:33,732] {processor.py:161} INFO - Processing /home/paula/Documentos/airflow/venv/lib/python3.10/site-packages/airflow/example_dags/example_kubernetes_executor.py took 0.067 seconds
[2024-11-05 15:25:23,516] {processor.py:153} INFO - Started process (PID=1060056) to work on /home/paula/Documentos/airflow/venv/lib/python3.10/site-packages/airflow/example_dags/example_kubernetes_executor.py
[2024-11-05 15:25:23,538] {processor.py:641} INFO - Processing file /home/paula/Documentos/airflow/venv/lib/python3.10/site-packages/airflow/example_dags/example_kubernetes_executor.py for tasks to queue
[2024-11-05 15:25:23,539] {logging_mixin.py:115} INFO - [2024-11-05 15:25:23,539] {dagbag.py:507} INFO - Filling up the DagBag from /home/paula/Documentos/airflow/venv/lib/python3.10/site-packages/airflow/example_dags/example_kubernetes_executor.py
[2024-11-05 15:25:23,561] {logging_mixin.py:115} INFO - [2024-11-05 15:25:23,561] {example_kubernetes_executor.py:39} WARNING - The example_kubernetes_executor example DAG requires the kubernetes provider. Please install it with: pip install apache-airflow[cncf.kubernetes]
[2024-11-05 15:25:23,561] {processor.py:653} WARNING - No viable dags retrieved from /home/paula/Documentos/airflow/venv/lib/python3.10/site-packages/airflow/example_dags/example_kubernetes_executor.py
[2024-11-05 15:25:23,754] {processor.py:161} INFO - Processing /home/paula/Documentos/airflow/venv/lib/python3.10/site-packages/airflow/example_dags/example_kubernetes_executor.py took 0.241 seconds
[2024-11-05 15:26:12,028] {processor.py:153} INFO - Started process (PID=1060345) to work on /home/paula/Documentos/airflow/venv/lib/python3.10/site-packages/airflow/example_dags/example_kubernetes_executor.py
[2024-11-05 15:26:12,048] {processor.py:641} INFO - Processing file /home/paula/Documentos/airflow/venv/lib/python3.10/site-packages/airflow/example_dags/example_kubernetes_executor.py for tasks to queue
[2024-11-05 15:26:12,049] {logging_mixin.py:115} INFO - [2024-11-05 15:26:12,049] {dagbag.py:507} INFO - Filling up the DagBag from /home/paula/Documentos/airflow/venv/lib/python3.10/site-packages/airflow/example_dags/example_kubernetes_executor.py
[2024-11-05 15:26:12,072] {logging_mixin.py:115} INFO - [2024-11-05 15:26:12,072] {example_kubernetes_executor.py:39} WARNING - The example_kubernetes_executor example DAG requires the kubernetes provider. Please install it with: pip install apache-airflow[cncf.kubernetes]
[2024-11-05 15:26:12,072] {processor.py:653} WARNING - No viable dags retrieved from /home/paula/Documentos/airflow/venv/lib/python3.10/site-packages/airflow/example_dags/example_kubernetes_executor.py
[2024-11-05 15:26:12,083] {processor.py:161} INFO - Processing /home/paula/Documentos/airflow/venv/lib/python3.10/site-packages/airflow/example_dags/example_kubernetes_executor.py took 0.057 seconds
[2024-11-05 15:29:04,779] {processor.py:153} INFO - Started process (PID=1061397) to work on /home/paula/Documentos/airflow/venv/lib/python3.10/site-packages/airflow/example_dags/example_kubernetes_executor.py
[2024-11-05 15:29:04,780] {processor.py:641} INFO - Processing file /home/paula/Documentos/airflow/venv/lib/python3.10/site-packages/airflow/example_dags/example_kubernetes_executor.py for tasks to queue
[2024-11-05 15:29:04,781] {logging_mixin.py:115} INFO - [2024-11-05 15:29:04,781] {dagbag.py:507} INFO - Filling up the DagBag from /home/paula/Documentos/airflow/venv/lib/python3.10/site-packages/airflow/example_dags/example_kubernetes_executor.py
[2024-11-05 15:29:04,800] {logging_mixin.py:115} INFO - [2024-11-05 15:29:04,799] {example_kubernetes_executor.py:39} WARNING - The example_kubernetes_executor example DAG requires the kubernetes provider. Please install it with: pip install apache-airflow[cncf.kubernetes]
[2024-11-05 15:29:04,800] {processor.py:653} WARNING - No viable dags retrieved from /home/paula/Documentos/airflow/venv/lib/python3.10/site-packages/airflow/example_dags/example_kubernetes_executor.py
[2024-11-05 15:29:04,808] {processor.py:161} INFO - Processing /home/paula/Documentos/airflow/venv/lib/python3.10/site-packages/airflow/example_dags/example_kubernetes_executor.py took 0.032 seconds
[2024-11-05 15:29:50,109] {processor.py:153} INFO - Started process (PID=1061703) to work on /home/paula/Documentos/airflow/venv/lib/python3.10/site-packages/airflow/example_dags/example_kubernetes_executor.py
[2024-11-05 15:29:50,117] {processor.py:641} INFO - Processing file /home/paula/Documentos/airflow/venv/lib/python3.10/site-packages/airflow/example_dags/example_kubernetes_executor.py for tasks to queue
[2024-11-05 15:29:50,118] {logging_mixin.py:115} INFO - [2024-11-05 15:29:50,118] {dagbag.py:507} INFO - Filling up the DagBag from /home/paula/Documentos/airflow/venv/lib/python3.10/site-packages/airflow/example_dags/example_kubernetes_executor.py
[2024-11-05 15:29:50,137] {logging_mixin.py:115} INFO - [2024-11-05 15:29:50,137] {example_kubernetes_executor.py:39} WARNING - The example_kubernetes_executor example DAG requires the kubernetes provider. Please install it with: pip install apache-airflow[cncf.kubernetes]
[2024-11-05 15:29:50,137] {processor.py:653} WARNING - No viable dags retrieved from /home/paula/Documentos/airflow/venv/lib/python3.10/site-packages/airflow/example_dags/example_kubernetes_executor.py
[2024-11-05 15:29:50,148] {processor.py:161} INFO - Processing /home/paula/Documentos/airflow/venv/lib/python3.10/site-packages/airflow/example_dags/example_kubernetes_executor.py took 0.042 seconds
[2024-11-05 15:30:31,706] {processor.py:153} INFO - Started process (PID=1061961) to work on /home/paula/Documentos/airflow/venv/lib/python3.10/site-packages/airflow/example_dags/example_kubernetes_executor.py
[2024-11-05 15:30:31,711] {processor.py:641} INFO - Processing file /home/paula/Documentos/airflow/venv/lib/python3.10/site-packages/airflow/example_dags/example_kubernetes_executor.py for tasks to queue
[2024-11-05 15:30:31,712] {logging_mixin.py:115} INFO - [2024-11-05 15:30:31,711] {dagbag.py:507} INFO - Filling up the DagBag from /home/paula/Documentos/airflow/venv/lib/python3.10/site-packages/airflow/example_dags/example_kubernetes_executor.py
[2024-11-05 15:30:31,728] {logging_mixin.py:115} INFO - [2024-11-05 15:30:31,728] {example_kubernetes_executor.py:39} WARNING - The example_kubernetes_executor example DAG requires the kubernetes provider. Please install it with: pip install apache-airflow[cncf.kubernetes]
[2024-11-05 15:30:31,729] {processor.py:653} WARNING - No viable dags retrieved from /home/paula/Documentos/airflow/venv/lib/python3.10/site-packages/airflow/example_dags/example_kubernetes_executor.py
[2024-11-05 15:30:31,744] {processor.py:161} INFO - Processing /home/paula/Documentos/airflow/venv/lib/python3.10/site-packages/airflow/example_dags/example_kubernetes_executor.py took 0.041 seconds
[2024-11-05 15:31:16,636] {processor.py:153} INFO - Started process (PID=1062221) to work on /home/paula/Documentos/airflow/venv/lib/python3.10/site-packages/airflow/example_dags/example_kubernetes_executor.py
[2024-11-05 15:31:16,653] {processor.py:641} INFO - Processing file /home/paula/Documentos/airflow/venv/lib/python3.10/site-packages/airflow/example_dags/example_kubernetes_executor.py for tasks to queue
[2024-11-05 15:31:16,654] {logging_mixin.py:115} INFO - [2024-11-05 15:31:16,654] {dagbag.py:507} INFO - Filling up the DagBag from /home/paula/Documentos/airflow/venv/lib/python3.10/site-packages/airflow/example_dags/example_kubernetes_executor.py
[2024-11-05 15:31:16,671] {logging_mixin.py:115} INFO - [2024-11-05 15:31:16,671] {example_kubernetes_executor.py:39} WARNING - The example_kubernetes_executor example DAG requires the kubernetes provider. Please install it with: pip install apache-airflow[cncf.kubernetes]
[2024-11-05 15:31:16,671] {processor.py:653} WARNING - No viable dags retrieved from /home/paula/Documentos/airflow/venv/lib/python3.10/site-packages/airflow/example_dags/example_kubernetes_executor.py
[2024-11-05 15:31:16,791] {processor.py:161} INFO - Processing /home/paula/Documentos/airflow/venv/lib/python3.10/site-packages/airflow/example_dags/example_kubernetes_executor.py took 0.158 seconds
[2024-11-05 15:32:00,122] {processor.py:153} INFO - Started process (PID=1062483) to work on /home/paula/Documentos/airflow/venv/lib/python3.10/site-packages/airflow/example_dags/example_kubernetes_executor.py
[2024-11-05 15:32:00,136] {processor.py:641} INFO - Processing file /home/paula/Documentos/airflow/venv/lib/python3.10/site-packages/airflow/example_dags/example_kubernetes_executor.py for tasks to queue
[2024-11-05 15:32:00,137] {logging_mixin.py:115} INFO - [2024-11-05 15:32:00,137] {dagbag.py:507} INFO - Filling up the DagBag from /home/paula/Documentos/airflow/venv/lib/python3.10/site-packages/airflow/example_dags/example_kubernetes_executor.py
[2024-11-05 15:32:00,156] {logging_mixin.py:115} INFO - [2024-11-05 15:32:00,156] {example_kubernetes_executor.py:39} WARNING - The example_kubernetes_executor example DAG requires the kubernetes provider. Please install it with: pip install apache-airflow[cncf.kubernetes]
[2024-11-05 15:32:00,156] {processor.py:653} WARNING - No viable dags retrieved from /home/paula/Documentos/airflow/venv/lib/python3.10/site-packages/airflow/example_dags/example_kubernetes_executor.py
[2024-11-05 15:32:00,168] {processor.py:161} INFO - Processing /home/paula/Documentos/airflow/venv/lib/python3.10/site-packages/airflow/example_dags/example_kubernetes_executor.py took 0.049 seconds
[2024-11-05 15:32:51,024] {processor.py:153} INFO - Started process (PID=1062794) to work on /home/paula/Documentos/airflow/venv/lib/python3.10/site-packages/airflow/example_dags/example_kubernetes_executor.py
[2024-11-05 15:32:51,025] {processor.py:641} INFO - Processing file /home/paula/Documentos/airflow/venv/lib/python3.10/site-packages/airflow/example_dags/example_kubernetes_executor.py for tasks to queue
[2024-11-05 15:32:51,025] {logging_mixin.py:115} INFO - [2024-11-05 15:32:51,025] {dagbag.py:507} INFO - Filling up the DagBag from /home/paula/Documentos/airflow/venv/lib/python3.10/site-packages/airflow/example_dags/example_kubernetes_executor.py
[2024-11-05 15:32:51,040] {logging_mixin.py:115} INFO - [2024-11-05 15:32:51,040] {example_kubernetes_executor.py:39} WARNING - The example_kubernetes_executor example DAG requires the kubernetes provider. Please install it with: pip install apache-airflow[cncf.kubernetes]
[2024-11-05 15:32:51,041] {processor.py:653} WARNING - No viable dags retrieved from /home/paula/Documentos/airflow/venv/lib/python3.10/site-packages/airflow/example_dags/example_kubernetes_executor.py
[2024-11-05 15:32:51,054] {processor.py:161} INFO - Processing /home/paula/Documentos/airflow/venv/lib/python3.10/site-packages/airflow/example_dags/example_kubernetes_executor.py took 0.032 seconds
[2024-11-05 15:33:35,498] {processor.py:153} INFO - Started process (PID=1063119) to work on /home/paula/Documentos/airflow/venv/lib/python3.10/site-packages/airflow/example_dags/example_kubernetes_executor.py
[2024-11-05 15:33:35,539] {processor.py:641} INFO - Processing file /home/paula/Documentos/airflow/venv/lib/python3.10/site-packages/airflow/example_dags/example_kubernetes_executor.py for tasks to queue
[2024-11-05 15:33:35,540] {logging_mixin.py:115} INFO - [2024-11-05 15:33:35,539] {dagbag.py:507} INFO - Filling up the DagBag from /home/paula/Documentos/airflow/venv/lib/python3.10/site-packages/airflow/example_dags/example_kubernetes_executor.py
[2024-11-05 15:33:35,560] {logging_mixin.py:115} INFO - [2024-11-05 15:33:35,560] {example_kubernetes_executor.py:39} WARNING - The example_kubernetes_executor example DAG requires the kubernetes provider. Please install it with: pip install apache-airflow[cncf.kubernetes]
[2024-11-05 15:33:35,561] {processor.py:653} WARNING - No viable dags retrieved from /home/paula/Documentos/airflow/venv/lib/python3.10/site-packages/airflow/example_dags/example_kubernetes_executor.py
[2024-11-05 15:33:35,572] {processor.py:161} INFO - Processing /home/paula/Documentos/airflow/venv/lib/python3.10/site-packages/airflow/example_dags/example_kubernetes_executor.py took 0.077 seconds
[2024-11-05 15:34:21,024] {processor.py:153} INFO - Started process (PID=1063474) to work on /home/paula/Documentos/airflow/venv/lib/python3.10/site-packages/airflow/example_dags/example_kubernetes_executor.py
[2024-11-05 15:34:21,025] {processor.py:641} INFO - Processing file /home/paula/Documentos/airflow/venv/lib/python3.10/site-packages/airflow/example_dags/example_kubernetes_executor.py for tasks to queue
[2024-11-05 15:34:21,025] {logging_mixin.py:115} INFO - [2024-11-05 15:34:21,025] {dagbag.py:507} INFO - Filling up the DagBag from /home/paula/Documentos/airflow/venv/lib/python3.10/site-packages/airflow/example_dags/example_kubernetes_executor.py
[2024-11-05 15:34:21,045] {logging_mixin.py:115} INFO - [2024-11-05 15:34:21,045] {example_kubernetes_executor.py:39} WARNING - The example_kubernetes_executor example DAG requires the kubernetes provider. Please install it with: pip install apache-airflow[cncf.kubernetes]
[2024-11-05 15:34:21,045] {processor.py:653} WARNING - No viable dags retrieved from /home/paula/Documentos/airflow/venv/lib/python3.10/site-packages/airflow/example_dags/example_kubernetes_executor.py
[2024-11-05 15:34:21,054] {processor.py:161} INFO - Processing /home/paula/Documentos/airflow/venv/lib/python3.10/site-packages/airflow/example_dags/example_kubernetes_executor.py took 0.034 seconds
[2024-11-05 15:35:01,873] {processor.py:153} INFO - Started process (PID=1063795) to work on /home/paula/Documentos/airflow/venv/lib/python3.10/site-packages/airflow/example_dags/example_kubernetes_executor.py
[2024-11-05 15:35:01,891] {processor.py:641} INFO - Processing file /home/paula/Documentos/airflow/venv/lib/python3.10/site-packages/airflow/example_dags/example_kubernetes_executor.py for tasks to queue
[2024-11-05 15:35:01,892] {logging_mixin.py:115} INFO - [2024-11-05 15:35:01,892] {dagbag.py:507} INFO - Filling up the DagBag from /home/paula/Documentos/airflow/venv/lib/python3.10/site-packages/airflow/example_dags/example_kubernetes_executor.py
[2024-11-05 15:35:01,912] {logging_mixin.py:115} INFO - [2024-11-05 15:35:01,912] {example_kubernetes_executor.py:39} WARNING - The example_kubernetes_executor example DAG requires the kubernetes provider. Please install it with: pip install apache-airflow[cncf.kubernetes]
[2024-11-05 15:35:01,912] {processor.py:653} WARNING - No viable dags retrieved from /home/paula/Documentos/airflow/venv/lib/python3.10/site-packages/airflow/example_dags/example_kubernetes_executor.py
[2024-11-05 15:35:01,923] {processor.py:161} INFO - Processing /home/paula/Documentos/airflow/venv/lib/python3.10/site-packages/airflow/example_dags/example_kubernetes_executor.py took 0.053 seconds
[2024-11-05 15:35:47,288] {processor.py:153} INFO - Started process (PID=1064068) to work on /home/paula/Documentos/airflow/venv/lib/python3.10/site-packages/airflow/example_dags/example_kubernetes_executor.py
[2024-11-05 15:35:47,301] {processor.py:641} INFO - Processing file /home/paula/Documentos/airflow/venv/lib/python3.10/site-packages/airflow/example_dags/example_kubernetes_executor.py for tasks to queue
[2024-11-05 15:35:47,301] {logging_mixin.py:115} INFO - [2024-11-05 15:35:47,301] {dagbag.py:507} INFO - Filling up the DagBag from /home/paula/Documentos/airflow/venv/lib/python3.10/site-packages/airflow/example_dags/example_kubernetes_executor.py
[2024-11-05 15:35:47,324] {logging_mixin.py:115} INFO - [2024-11-05 15:35:47,324] {example_kubernetes_executor.py:39} WARNING - The example_kubernetes_executor example DAG requires the kubernetes provider. Please install it with: pip install apache-airflow[cncf.kubernetes]
[2024-11-05 15:35:47,324] {processor.py:653} WARNING - No viable dags retrieved from /home/paula/Documentos/airflow/venv/lib/python3.10/site-packages/airflow/example_dags/example_kubernetes_executor.py
[2024-11-05 15:35:47,334] {processor.py:161} INFO - Processing /home/paula/Documentos/airflow/venv/lib/python3.10/site-packages/airflow/example_dags/example_kubernetes_executor.py took 0.050 seconds
[2024-11-05 15:39:56,883] {processor.py:153} INFO - Started process (PID=1065957) to work on /home/paula/Documentos/airflow/venv/lib/python3.10/site-packages/airflow/example_dags/example_kubernetes_executor.py
[2024-11-05 15:39:56,897] {processor.py:641} INFO - Processing file /home/paula/Documentos/airflow/venv/lib/python3.10/site-packages/airflow/example_dags/example_kubernetes_executor.py for tasks to queue
[2024-11-05 15:39:56,898] {logging_mixin.py:115} INFO - [2024-11-05 15:39:56,898] {dagbag.py:507} INFO - Filling up the DagBag from /home/paula/Documentos/airflow/venv/lib/python3.10/site-packages/airflow/example_dags/example_kubernetes_executor.py
[2024-11-05 15:39:56,918] {logging_mixin.py:115} INFO - [2024-11-05 15:39:56,918] {example_kubernetes_executor.py:39} WARNING - The example_kubernetes_executor example DAG requires the kubernetes provider. Please install it with: pip install apache-airflow[cncf.kubernetes]
[2024-11-05 15:39:56,918] {processor.py:653} WARNING - No viable dags retrieved from /home/paula/Documentos/airflow/venv/lib/python3.10/site-packages/airflow/example_dags/example_kubernetes_executor.py
[2024-11-05 15:39:56,929] {processor.py:161} INFO - Processing /home/paula/Documentos/airflow/venv/lib/python3.10/site-packages/airflow/example_dags/example_kubernetes_executor.py took 0.049 seconds
[2024-11-05 15:40:45,159] {processor.py:153} INFO - Started process (PID=1066282) to work on /home/paula/Documentos/airflow/venv/lib/python3.10/site-packages/airflow/example_dags/example_kubernetes_executor.py
[2024-11-05 15:40:45,179] {processor.py:641} INFO - Processing file /home/paula/Documentos/airflow/venv/lib/python3.10/site-packages/airflow/example_dags/example_kubernetes_executor.py for tasks to queue
[2024-11-05 15:40:45,180] {logging_mixin.py:115} INFO - [2024-11-05 15:40:45,179] {dagbag.py:507} INFO - Filling up the DagBag from /home/paula/Documentos/airflow/venv/lib/python3.10/site-packages/airflow/example_dags/example_kubernetes_executor.py
[2024-11-05 15:40:45,203] {logging_mixin.py:115} INFO - [2024-11-05 15:40:45,203] {example_kubernetes_executor.py:39} WARNING - The example_kubernetes_executor example DAG requires the kubernetes provider. Please install it with: pip install apache-airflow[cncf.kubernetes]
[2024-11-05 15:40:45,203] {processor.py:653} WARNING - No viable dags retrieved from /home/paula/Documentos/airflow/venv/lib/python3.10/site-packages/airflow/example_dags/example_kubernetes_executor.py
[2024-11-05 15:40:45,216] {processor.py:161} INFO - Processing /home/paula/Documentos/airflow/venv/lib/python3.10/site-packages/airflow/example_dags/example_kubernetes_executor.py took 0.060 seconds
