[2024-11-05 15:08:13,973] {processor.py:153} INFO - Started process (PID=1053477) to work on /home/paula/Documentos/airflow/venv/lib/python3.10/site-packages/airflow/example_dags/example_branch_operator.py
[2024-11-05 15:08:13,974] {processor.py:641} INFO - Processing file /home/paula/Documentos/airflow/venv/lib/python3.10/site-packages/airflow/example_dags/example_branch_operator.py for tasks to queue
[2024-11-05 15:08:13,975] {logging_mixin.py:115} INFO - [2024-11-05 15:08:13,974] {dagbag.py:507} INFO - Filling up the DagBag from /home/paula/Documentos/airflow/venv/lib/python3.10/site-packages/airflow/example_dags/example_branch_operator.py
[2024-11-05 15:08:13,985] {processor.py:651} INFO - DAG(s) dict_keys(['example_branch_operator']) retrieved from /home/paula/Documentos/airflow/venv/lib/python3.10/site-packages/airflow/example_dags/example_branch_operator.py
[2024-11-05 15:08:14,607] {logging_mixin.py:115} INFO - [2024-11-05 15:08:14,607] {manager.py:508} INFO - Created Permission View: can edit on DAG:example_branch_operator
[2024-11-05 15:08:15,310] {logging_mixin.py:115} INFO - [2024-11-05 15:08:15,310] {manager.py:508} INFO - Created Permission View: can read on DAG:example_branch_operator
[2024-11-05 15:08:15,501] {logging_mixin.py:115} INFO - [2024-11-05 15:08:15,501] {manager.py:508} INFO - Created Permission View: can delete on DAG:example_branch_operator
[2024-11-05 15:08:15,502] {logging_mixin.py:115} INFO - [2024-11-05 15:08:15,501] {dag.py:2379} INFO - Sync 1 DAGs
[2024-11-05 15:08:15,531] {logging_mixin.py:115} INFO - [2024-11-05 15:08:15,530] {dag.py:2398} INFO - Creating ORM DAG for example_branch_operator
[2024-11-05 15:08:15,555] {logging_mixin.py:115} INFO - [2024-11-05 15:08:15,554] {dag.py:2927} INFO - Setting next_dagrun for example_branch_operator to 2024-11-04T00:00:00+00:00, run_after=2024-11-05T00:00:00+00:00
[2024-11-05 15:08:15,742] {processor.py:161} INFO - Processing /home/paula/Documentos/airflow/venv/lib/python3.10/site-packages/airflow/example_dags/example_branch_operator.py took 1.774 seconds
[2024-11-05 15:09:07,239] {processor.py:153} INFO - Started process (PID=1053799) to work on /home/paula/Documentos/airflow/venv/lib/python3.10/site-packages/airflow/example_dags/example_branch_operator.py
[2024-11-05 15:09:07,255] {processor.py:641} INFO - Processing file /home/paula/Documentos/airflow/venv/lib/python3.10/site-packages/airflow/example_dags/example_branch_operator.py for tasks to queue
[2024-11-05 15:09:07,256] {logging_mixin.py:115} INFO - [2024-11-05 15:09:07,256] {dagbag.py:507} INFO - Filling up the DagBag from /home/paula/Documentos/airflow/venv/lib/python3.10/site-packages/airflow/example_dags/example_branch_operator.py
[2024-11-05 15:09:07,271] {processor.py:651} INFO - DAG(s) dict_keys(['example_branch_operator']) retrieved from /home/paula/Documentos/airflow/venv/lib/python3.10/site-packages/airflow/example_dags/example_branch_operator.py
[2024-11-05 15:09:07,290] {logging_mixin.py:115} INFO - [2024-11-05 15:09:07,289] {dag.py:2379} INFO - Sync 1 DAGs
[2024-11-05 15:09:07,313] {logging_mixin.py:115} INFO - [2024-11-05 15:09:07,313] {dag.py:2927} INFO - Setting next_dagrun for example_branch_operator to 2024-11-04T00:00:00+00:00, run_after=2024-11-05T00:00:00+00:00
[2024-11-05 15:09:07,484] {processor.py:161} INFO - Processing /home/paula/Documentos/airflow/venv/lib/python3.10/site-packages/airflow/example_dags/example_branch_operator.py took 0.248 seconds
[2024-11-05 15:09:49,277] {processor.py:153} INFO - Started process (PID=1054003) to work on /home/paula/Documentos/airflow/venv/lib/python3.10/site-packages/airflow/example_dags/example_branch_operator.py
[2024-11-05 15:09:49,321] {processor.py:641} INFO - Processing file /home/paula/Documentos/airflow/venv/lib/python3.10/site-packages/airflow/example_dags/example_branch_operator.py for tasks to queue
[2024-11-05 15:09:49,322] {logging_mixin.py:115} INFO - [2024-11-05 15:09:49,322] {dagbag.py:507} INFO - Filling up the DagBag from /home/paula/Documentos/airflow/venv/lib/python3.10/site-packages/airflow/example_dags/example_branch_operator.py
[2024-11-05 15:09:49,334] {processor.py:651} INFO - DAG(s) dict_keys(['example_branch_operator']) retrieved from /home/paula/Documentos/airflow/venv/lib/python3.10/site-packages/airflow/example_dags/example_branch_operator.py
[2024-11-05 15:09:49,355] {logging_mixin.py:115} INFO - [2024-11-05 15:09:49,355] {dag.py:2379} INFO - Sync 1 DAGs
[2024-11-05 15:09:49,379] {logging_mixin.py:115} INFO - [2024-11-05 15:09:49,379] {dag.py:2927} INFO - Setting next_dagrun for example_branch_operator to 2024-11-04T00:00:00+00:00, run_after=2024-11-05T00:00:00+00:00
[2024-11-05 15:09:49,844] {processor.py:161} INFO - Processing /home/paula/Documentos/airflow/venv/lib/python3.10/site-packages/airflow/example_dags/example_branch_operator.py took 0.570 seconds
[2024-11-05 15:10:40,179] {processor.py:153} INFO - Started process (PID=1054526) to work on /home/paula/Documentos/airflow/venv/lib/python3.10/site-packages/airflow/example_dags/example_branch_operator.py
[2024-11-05 15:10:40,187] {processor.py:641} INFO - Processing file /home/paula/Documentos/airflow/venv/lib/python3.10/site-packages/airflow/example_dags/example_branch_operator.py for tasks to queue
[2024-11-05 15:10:40,188] {logging_mixin.py:115} INFO - [2024-11-05 15:10:40,188] {dagbag.py:507} INFO - Filling up the DagBag from /home/paula/Documentos/airflow/venv/lib/python3.10/site-packages/airflow/example_dags/example_branch_operator.py
[2024-11-05 15:10:40,200] {processor.py:651} INFO - DAG(s) dict_keys(['example_branch_operator']) retrieved from /home/paula/Documentos/airflow/venv/lib/python3.10/site-packages/airflow/example_dags/example_branch_operator.py
[2024-11-05 15:10:40,215] {logging_mixin.py:115} INFO - [2024-11-05 15:10:40,215] {dag.py:2379} INFO - Sync 1 DAGs
[2024-11-05 15:10:40,567] {logging_mixin.py:115} INFO - [2024-11-05 15:10:40,567] {dag.py:2927} INFO - Setting next_dagrun for example_branch_operator to 2024-11-04T00:00:00+00:00, run_after=2024-11-05T00:00:00+00:00
[2024-11-05 15:10:40,848] {processor.py:161} INFO - Processing /home/paula/Documentos/airflow/venv/lib/python3.10/site-packages/airflow/example_dags/example_branch_operator.py took 0.672 seconds
[2024-11-05 15:11:31,835] {processor.py:153} INFO - Started process (PID=1054781) to work on /home/paula/Documentos/airflow/venv/lib/python3.10/site-packages/airflow/example_dags/example_branch_operator.py
[2024-11-05 15:11:31,838] {processor.py:641} INFO - Processing file /home/paula/Documentos/airflow/venv/lib/python3.10/site-packages/airflow/example_dags/example_branch_operator.py for tasks to queue
[2024-11-05 15:11:31,839] {logging_mixin.py:115} INFO - [2024-11-05 15:11:31,839] {dagbag.py:507} INFO - Filling up the DagBag from /home/paula/Documentos/airflow/venv/lib/python3.10/site-packages/airflow/example_dags/example_branch_operator.py
[2024-11-05 15:11:31,850] {processor.py:651} INFO - DAG(s) dict_keys(['example_branch_operator']) retrieved from /home/paula/Documentos/airflow/venv/lib/python3.10/site-packages/airflow/example_dags/example_branch_operator.py
[2024-11-05 15:11:31,865] {logging_mixin.py:115} INFO - [2024-11-05 15:11:31,865] {dag.py:2379} INFO - Sync 1 DAGs
[2024-11-05 15:11:31,886] {logging_mixin.py:115} INFO - [2024-11-05 15:11:31,886] {dag.py:2927} INFO - Setting next_dagrun for example_branch_operator to 2024-11-04T00:00:00+00:00, run_after=2024-11-05T00:00:00+00:00
[2024-11-05 15:11:32,101] {processor.py:161} INFO - Processing /home/paula/Documentos/airflow/venv/lib/python3.10/site-packages/airflow/example_dags/example_branch_operator.py took 0.270 seconds
[2024-11-05 15:12:21,334] {processor.py:153} INFO - Started process (PID=1055115) to work on /home/paula/Documentos/airflow/venv/lib/python3.10/site-packages/airflow/example_dags/example_branch_operator.py
[2024-11-05 15:12:21,364] {processor.py:641} INFO - Processing file /home/paula/Documentos/airflow/venv/lib/python3.10/site-packages/airflow/example_dags/example_branch_operator.py for tasks to queue
[2024-11-05 15:12:21,364] {logging_mixin.py:115} INFO - [2024-11-05 15:12:21,364] {dagbag.py:507} INFO - Filling up the DagBag from /home/paula/Documentos/airflow/venv/lib/python3.10/site-packages/airflow/example_dags/example_branch_operator.py
[2024-11-05 15:12:21,374] {processor.py:651} INFO - DAG(s) dict_keys(['example_branch_operator']) retrieved from /home/paula/Documentos/airflow/venv/lib/python3.10/site-packages/airflow/example_dags/example_branch_operator.py
[2024-11-05 15:12:21,395] {logging_mixin.py:115} INFO - [2024-11-05 15:12:21,395] {dag.py:2379} INFO - Sync 1 DAGs
[2024-11-05 15:12:21,417] {logging_mixin.py:115} INFO - [2024-11-05 15:12:21,417] {dag.py:2927} INFO - Setting next_dagrun for example_branch_operator to 2024-11-04T00:00:00+00:00, run_after=2024-11-05T00:00:00+00:00
[2024-11-05 15:12:21,735] {processor.py:161} INFO - Processing /home/paula/Documentos/airflow/venv/lib/python3.10/site-packages/airflow/example_dags/example_branch_operator.py took 0.403 seconds
[2024-11-05 15:13:12,287] {processor.py:153} INFO - Started process (PID=1055409) to work on /home/paula/Documentos/airflow/venv/lib/python3.10/site-packages/airflow/example_dags/example_branch_operator.py
[2024-11-05 15:13:12,304] {processor.py:641} INFO - Processing file /home/paula/Documentos/airflow/venv/lib/python3.10/site-packages/airflow/example_dags/example_branch_operator.py for tasks to queue
[2024-11-05 15:13:12,305] {logging_mixin.py:115} INFO - [2024-11-05 15:13:12,304] {dagbag.py:507} INFO - Filling up the DagBag from /home/paula/Documentos/airflow/venv/lib/python3.10/site-packages/airflow/example_dags/example_branch_operator.py
[2024-11-05 15:13:12,317] {processor.py:651} INFO - DAG(s) dict_keys(['example_branch_operator']) retrieved from /home/paula/Documentos/airflow/venv/lib/python3.10/site-packages/airflow/example_dags/example_branch_operator.py
[2024-11-05 15:13:12,334] {logging_mixin.py:115} INFO - [2024-11-05 15:13:12,334] {dag.py:2379} INFO - Sync 1 DAGs
[2024-11-05 15:13:12,358] {logging_mixin.py:115} INFO - [2024-11-05 15:13:12,358] {dag.py:2927} INFO - Setting next_dagrun for example_branch_operator to 2024-11-04T00:00:00+00:00, run_after=2024-11-05T00:00:00+00:00
[2024-11-05 15:13:12,602] {processor.py:161} INFO - Processing /home/paula/Documentos/airflow/venv/lib/python3.10/site-packages/airflow/example_dags/example_branch_operator.py took 0.318 seconds
[2024-11-05 15:14:05,733] {processor.py:153} INFO - Started process (PID=1055716) to work on /home/paula/Documentos/airflow/venv/lib/python3.10/site-packages/airflow/example_dags/example_branch_operator.py
[2024-11-05 15:14:05,798] {processor.py:641} INFO - Processing file /home/paula/Documentos/airflow/venv/lib/python3.10/site-packages/airflow/example_dags/example_branch_operator.py for tasks to queue
[2024-11-05 15:14:05,800] {logging_mixin.py:115} INFO - [2024-11-05 15:14:05,799] {dagbag.py:507} INFO - Filling up the DagBag from /home/paula/Documentos/airflow/venv/lib/python3.10/site-packages/airflow/example_dags/example_branch_operator.py
[2024-11-05 15:14:05,814] {processor.py:651} INFO - DAG(s) dict_keys(['example_branch_operator']) retrieved from /home/paula/Documentos/airflow/venv/lib/python3.10/site-packages/airflow/example_dags/example_branch_operator.py
[2024-11-05 15:14:05,835] {logging_mixin.py:115} INFO - [2024-11-05 15:14:05,835] {dag.py:2379} INFO - Sync 1 DAGs
[2024-11-05 15:14:05,856] {logging_mixin.py:115} INFO - [2024-11-05 15:14:05,856] {dag.py:2927} INFO - Setting next_dagrun for example_branch_operator to 2024-11-04T00:00:00+00:00, run_after=2024-11-05T00:00:00+00:00
[2024-11-05 15:14:06,501] {processor.py:161} INFO - Processing /home/paula/Documentos/airflow/venv/lib/python3.10/site-packages/airflow/example_dags/example_branch_operator.py took 0.772 seconds
[2024-11-05 15:14:59,340] {processor.py:153} INFO - Started process (PID=1056034) to work on /home/paula/Documentos/airflow/venv/lib/python3.10/site-packages/airflow/example_dags/example_branch_operator.py
[2024-11-05 15:14:59,346] {processor.py:641} INFO - Processing file /home/paula/Documentos/airflow/venv/lib/python3.10/site-packages/airflow/example_dags/example_branch_operator.py for tasks to queue
[2024-11-05 15:14:59,347] {logging_mixin.py:115} INFO - [2024-11-05 15:14:59,347] {dagbag.py:507} INFO - Filling up the DagBag from /home/paula/Documentos/airflow/venv/lib/python3.10/site-packages/airflow/example_dags/example_branch_operator.py
[2024-11-05 15:14:59,368] {processor.py:651} INFO - DAG(s) dict_keys(['example_branch_operator']) retrieved from /home/paula/Documentos/airflow/venv/lib/python3.10/site-packages/airflow/example_dags/example_branch_operator.py
[2024-11-05 15:14:59,391] {logging_mixin.py:115} INFO - [2024-11-05 15:14:59,391] {dag.py:2379} INFO - Sync 1 DAGs
[2024-11-05 15:14:59,427] {logging_mixin.py:115} INFO - [2024-11-05 15:14:59,427] {dag.py:2927} INFO - Setting next_dagrun for example_branch_operator to 2024-11-04T00:00:00+00:00, run_after=2024-11-05T00:00:00+00:00
[2024-11-05 15:14:59,538] {processor.py:161} INFO - Processing /home/paula/Documentos/airflow/venv/lib/python3.10/site-packages/airflow/example_dags/example_branch_operator.py took 0.202 seconds
[2024-11-05 15:15:42,810] {processor.py:153} INFO - Started process (PID=1056305) to work on /home/paula/Documentos/airflow/venv/lib/python3.10/site-packages/airflow/example_dags/example_branch_operator.py
[2024-11-05 15:15:42,824] {processor.py:641} INFO - Processing file /home/paula/Documentos/airflow/venv/lib/python3.10/site-packages/airflow/example_dags/example_branch_operator.py for tasks to queue
[2024-11-05 15:15:42,825] {logging_mixin.py:115} INFO - [2024-11-05 15:15:42,824] {dagbag.py:507} INFO - Filling up the DagBag from /home/paula/Documentos/airflow/venv/lib/python3.10/site-packages/airflow/example_dags/example_branch_operator.py
[2024-11-05 15:15:42,839] {processor.py:651} INFO - DAG(s) dict_keys(['example_branch_operator']) retrieved from /home/paula/Documentos/airflow/venv/lib/python3.10/site-packages/airflow/example_dags/example_branch_operator.py
[2024-11-05 15:15:42,863] {logging_mixin.py:115} INFO - [2024-11-05 15:15:42,862] {dag.py:2379} INFO - Sync 1 DAGs
[2024-11-05 15:15:42,893] {logging_mixin.py:115} INFO - [2024-11-05 15:15:42,893] {dag.py:2927} INFO - Setting next_dagrun for example_branch_operator to 2024-11-04T00:00:00+00:00, run_after=2024-11-05T00:00:00+00:00
[2024-11-05 15:15:42,984] {processor.py:161} INFO - Processing /home/paula/Documentos/airflow/venv/lib/python3.10/site-packages/airflow/example_dags/example_branch_operator.py took 0.177 seconds
[2024-11-05 15:16:25,810] {processor.py:153} INFO - Started process (PID=1056580) to work on /home/paula/Documentos/airflow/venv/lib/python3.10/site-packages/airflow/example_dags/example_branch_operator.py
[2024-11-05 15:16:25,831] {processor.py:641} INFO - Processing file /home/paula/Documentos/airflow/venv/lib/python3.10/site-packages/airflow/example_dags/example_branch_operator.py for tasks to queue
[2024-11-05 15:16:25,832] {logging_mixin.py:115} INFO - [2024-11-05 15:16:25,831] {dagbag.py:507} INFO - Filling up the DagBag from /home/paula/Documentos/airflow/venv/lib/python3.10/site-packages/airflow/example_dags/example_branch_operator.py
[2024-11-05 15:16:25,842] {processor.py:651} INFO - DAG(s) dict_keys(['example_branch_operator']) retrieved from /home/paula/Documentos/airflow/venv/lib/python3.10/site-packages/airflow/example_dags/example_branch_operator.py
[2024-11-05 15:16:25,858] {logging_mixin.py:115} INFO - [2024-11-05 15:16:25,858] {dag.py:2379} INFO - Sync 1 DAGs
[2024-11-05 15:16:25,881] {logging_mixin.py:115} INFO - [2024-11-05 15:16:25,881] {dag.py:2927} INFO - Setting next_dagrun for example_branch_operator to 2024-11-04T00:00:00+00:00, run_after=2024-11-05T00:00:00+00:00
[2024-11-05 15:16:25,966] {processor.py:161} INFO - Processing /home/paula/Documentos/airflow/venv/lib/python3.10/site-packages/airflow/example_dags/example_branch_operator.py took 0.161 seconds
[2024-11-05 15:17:14,230] {processor.py:153} INFO - Started process (PID=1056882) to work on /home/paula/Documentos/airflow/venv/lib/python3.10/site-packages/airflow/example_dags/example_branch_operator.py
[2024-11-05 15:17:14,230] {processor.py:641} INFO - Processing file /home/paula/Documentos/airflow/venv/lib/python3.10/site-packages/airflow/example_dags/example_branch_operator.py for tasks to queue
[2024-11-05 15:17:14,231] {logging_mixin.py:115} INFO - [2024-11-05 15:17:14,231] {dagbag.py:507} INFO - Filling up the DagBag from /home/paula/Documentos/airflow/venv/lib/python3.10/site-packages/airflow/example_dags/example_branch_operator.py
[2024-11-05 15:17:14,242] {processor.py:651} INFO - DAG(s) dict_keys(['example_branch_operator']) retrieved from /home/paula/Documentos/airflow/venv/lib/python3.10/site-packages/airflow/example_dags/example_branch_operator.py
[2024-11-05 15:17:14,259] {logging_mixin.py:115} INFO - [2024-11-05 15:17:14,259] {dag.py:2379} INFO - Sync 1 DAGs
[2024-11-05 15:17:14,282] {logging_mixin.py:115} INFO - [2024-11-05 15:17:14,282] {dag.py:2927} INFO - Setting next_dagrun for example_branch_operator to 2024-11-04T00:00:00+00:00, run_after=2024-11-05T00:00:00+00:00
[2024-11-05 15:17:14,397] {processor.py:161} INFO - Processing /home/paula/Documentos/airflow/venv/lib/python3.10/site-packages/airflow/example_dags/example_branch_operator.py took 0.170 seconds
[2024-11-05 15:18:02,751] {processor.py:153} INFO - Started process (PID=1057169) to work on /home/paula/Documentos/airflow/venv/lib/python3.10/site-packages/airflow/example_dags/example_branch_operator.py
[2024-11-05 15:18:02,751] {processor.py:641} INFO - Processing file /home/paula/Documentos/airflow/venv/lib/python3.10/site-packages/airflow/example_dags/example_branch_operator.py for tasks to queue
[2024-11-05 15:18:02,752] {logging_mixin.py:115} INFO - [2024-11-05 15:18:02,752] {dagbag.py:507} INFO - Filling up the DagBag from /home/paula/Documentos/airflow/venv/lib/python3.10/site-packages/airflow/example_dags/example_branch_operator.py
[2024-11-05 15:18:02,765] {processor.py:651} INFO - DAG(s) dict_keys(['example_branch_operator']) retrieved from /home/paula/Documentos/airflow/venv/lib/python3.10/site-packages/airflow/example_dags/example_branch_operator.py
[2024-11-05 15:18:02,780] {logging_mixin.py:115} INFO - [2024-11-05 15:18:02,780] {dag.py:2379} INFO - Sync 1 DAGs
[2024-11-05 15:18:02,807] {logging_mixin.py:115} INFO - [2024-11-05 15:18:02,807] {dag.py:2927} INFO - Setting next_dagrun for example_branch_operator to 2024-11-04T00:00:00+00:00, run_after=2024-11-05T00:00:00+00:00
[2024-11-05 15:18:02,905] {processor.py:161} INFO - Processing /home/paula/Documentos/airflow/venv/lib/python3.10/site-packages/airflow/example_dags/example_branch_operator.py took 0.158 seconds
[2024-11-05 15:18:47,691] {processor.py:153} INFO - Started process (PID=1057459) to work on /home/paula/Documentos/airflow/venv/lib/python3.10/site-packages/airflow/example_dags/example_branch_operator.py
[2024-11-05 15:18:47,720] {processor.py:641} INFO - Processing file /home/paula/Documentos/airflow/venv/lib/python3.10/site-packages/airflow/example_dags/example_branch_operator.py for tasks to queue
[2024-11-05 15:18:47,721] {logging_mixin.py:115} INFO - [2024-11-05 15:18:47,720] {dagbag.py:507} INFO - Filling up the DagBag from /home/paula/Documentos/airflow/venv/lib/python3.10/site-packages/airflow/example_dags/example_branch_operator.py
[2024-11-05 15:18:47,735] {processor.py:651} INFO - DAG(s) dict_keys(['example_branch_operator']) retrieved from /home/paula/Documentos/airflow/venv/lib/python3.10/site-packages/airflow/example_dags/example_branch_operator.py
[2024-11-05 15:18:47,755] {logging_mixin.py:115} INFO - [2024-11-05 15:18:47,755] {dag.py:2379} INFO - Sync 1 DAGs
[2024-11-05 15:18:47,778] {logging_mixin.py:115} INFO - [2024-11-05 15:18:47,778] {dag.py:2927} INFO - Setting next_dagrun for example_branch_operator to 2024-11-04T00:00:00+00:00, run_after=2024-11-05T00:00:00+00:00
[2024-11-05 15:18:47,894] {processor.py:161} INFO - Processing /home/paula/Documentos/airflow/venv/lib/python3.10/site-packages/airflow/example_dags/example_branch_operator.py took 0.206 seconds
[2024-11-05 15:19:31,626] {processor.py:153} INFO - Started process (PID=1057715) to work on /home/paula/Documentos/airflow/venv/lib/python3.10/site-packages/airflow/example_dags/example_branch_operator.py
[2024-11-05 15:19:31,627] {processor.py:641} INFO - Processing file /home/paula/Documentos/airflow/venv/lib/python3.10/site-packages/airflow/example_dags/example_branch_operator.py for tasks to queue
[2024-11-05 15:19:31,628] {logging_mixin.py:115} INFO - [2024-11-05 15:19:31,628] {dagbag.py:507} INFO - Filling up the DagBag from /home/paula/Documentos/airflow/venv/lib/python3.10/site-packages/airflow/example_dags/example_branch_operator.py
[2024-11-05 15:19:31,642] {processor.py:651} INFO - DAG(s) dict_keys(['example_branch_operator']) retrieved from /home/paula/Documentos/airflow/venv/lib/python3.10/site-packages/airflow/example_dags/example_branch_operator.py
[2024-11-05 15:19:31,658] {logging_mixin.py:115} INFO - [2024-11-05 15:19:31,658] {dag.py:2379} INFO - Sync 1 DAGs
[2024-11-05 15:19:31,679] {logging_mixin.py:115} INFO - [2024-11-05 15:19:31,679] {dag.py:2927} INFO - Setting next_dagrun for example_branch_operator to 2024-11-04T00:00:00+00:00, run_after=2024-11-05T00:00:00+00:00
[2024-11-05 15:19:31,778] {processor.py:161} INFO - Processing /home/paula/Documentos/airflow/venv/lib/python3.10/site-packages/airflow/example_dags/example_branch_operator.py took 0.157 seconds
[2024-11-05 15:20:18,288] {processor.py:153} INFO - Started process (PID=1058033) to work on /home/paula/Documentos/airflow/venv/lib/python3.10/site-packages/airflow/example_dags/example_branch_operator.py
[2024-11-05 15:20:18,302] {processor.py:641} INFO - Processing file /home/paula/Documentos/airflow/venv/lib/python3.10/site-packages/airflow/example_dags/example_branch_operator.py for tasks to queue
[2024-11-05 15:20:18,303] {logging_mixin.py:115} INFO - [2024-11-05 15:20:18,302] {dagbag.py:507} INFO - Filling up the DagBag from /home/paula/Documentos/airflow/venv/lib/python3.10/site-packages/airflow/example_dags/example_branch_operator.py
[2024-11-05 15:20:18,316] {processor.py:651} INFO - DAG(s) dict_keys(['example_branch_operator']) retrieved from /home/paula/Documentos/airflow/venv/lib/python3.10/site-packages/airflow/example_dags/example_branch_operator.py
[2024-11-05 15:20:18,332] {logging_mixin.py:115} INFO - [2024-11-05 15:20:18,332] {dag.py:2379} INFO - Sync 1 DAGs
[2024-11-05 15:20:18,350] {logging_mixin.py:115} INFO - [2024-11-05 15:20:18,350] {dag.py:2927} INFO - Setting next_dagrun for example_branch_operator to 2024-11-04T00:00:00+00:00, run_after=2024-11-05T00:00:00+00:00
[2024-11-05 15:20:18,445] {processor.py:161} INFO - Processing /home/paula/Documentos/airflow/venv/lib/python3.10/site-packages/airflow/example_dags/example_branch_operator.py took 0.160 seconds
[2024-11-05 15:21:39,655] {processor.py:153} INFO - Started process (PID=1058556) to work on /home/paula/Documentos/airflow/venv/lib/python3.10/site-packages/airflow/example_dags/example_branch_operator.py
[2024-11-05 15:21:39,678] {processor.py:641} INFO - Processing file /home/paula/Documentos/airflow/venv/lib/python3.10/site-packages/airflow/example_dags/example_branch_operator.py for tasks to queue
[2024-11-05 15:21:39,679] {logging_mixin.py:115} INFO - [2024-11-05 15:21:39,678] {dagbag.py:507} INFO - Filling up the DagBag from /home/paula/Documentos/airflow/venv/lib/python3.10/site-packages/airflow/example_dags/example_branch_operator.py
[2024-11-05 15:21:39,691] {processor.py:651} INFO - DAG(s) dict_keys(['example_branch_operator']) retrieved from /home/paula/Documentos/airflow/venv/lib/python3.10/site-packages/airflow/example_dags/example_branch_operator.py
[2024-11-05 15:21:39,709] {logging_mixin.py:115} INFO - [2024-11-05 15:21:39,709] {dag.py:2379} INFO - Sync 1 DAGs
[2024-11-05 15:21:39,732] {logging_mixin.py:115} INFO - [2024-11-05 15:21:39,732] {dag.py:2927} INFO - Setting next_dagrun for example_branch_operator to 2024-11-04T00:00:00+00:00, run_after=2024-11-05T00:00:00+00:00
[2024-11-05 15:21:39,873] {processor.py:161} INFO - Processing /home/paula/Documentos/airflow/venv/lib/python3.10/site-packages/airflow/example_dags/example_branch_operator.py took 0.221 seconds
[2024-11-05 15:22:22,068] {processor.py:153} INFO - Started process (PID=1058821) to work on /home/paula/Documentos/airflow/venv/lib/python3.10/site-packages/airflow/example_dags/example_branch_operator.py
[2024-11-05 15:22:22,087] {processor.py:641} INFO - Processing file /home/paula/Documentos/airflow/venv/lib/python3.10/site-packages/airflow/example_dags/example_branch_operator.py for tasks to queue
[2024-11-05 15:22:22,087] {logging_mixin.py:115} INFO - [2024-11-05 15:22:22,087] {dagbag.py:507} INFO - Filling up the DagBag from /home/paula/Documentos/airflow/venv/lib/python3.10/site-packages/airflow/example_dags/example_branch_operator.py
[2024-11-05 15:22:22,103] {processor.py:651} INFO - DAG(s) dict_keys(['example_branch_operator']) retrieved from /home/paula/Documentos/airflow/venv/lib/python3.10/site-packages/airflow/example_dags/example_branch_operator.py
[2024-11-05 15:22:22,122] {logging_mixin.py:115} INFO - [2024-11-05 15:22:22,122] {dag.py:2379} INFO - Sync 1 DAGs
[2024-11-05 15:22:22,144] {logging_mixin.py:115} INFO - [2024-11-05 15:22:22,144] {dag.py:2927} INFO - Setting next_dagrun for example_branch_operator to 2024-11-04T00:00:00+00:00, run_after=2024-11-05T00:00:00+00:00
[2024-11-05 15:22:22,238] {processor.py:161} INFO - Processing /home/paula/Documentos/airflow/venv/lib/python3.10/site-packages/airflow/example_dags/example_branch_operator.py took 0.175 seconds
[2024-11-05 15:23:06,785] {processor.py:153} INFO - Started process (PID=1059117) to work on /home/paula/Documentos/airflow/venv/lib/python3.10/site-packages/airflow/example_dags/example_branch_operator.py
[2024-11-05 15:23:06,785] {processor.py:641} INFO - Processing file /home/paula/Documentos/airflow/venv/lib/python3.10/site-packages/airflow/example_dags/example_branch_operator.py for tasks to queue
[2024-11-05 15:23:06,786] {logging_mixin.py:115} INFO - [2024-11-05 15:23:06,786] {dagbag.py:507} INFO - Filling up the DagBag from /home/paula/Documentos/airflow/venv/lib/python3.10/site-packages/airflow/example_dags/example_branch_operator.py
[2024-11-05 15:23:06,800] {processor.py:651} INFO - DAG(s) dict_keys(['example_branch_operator']) retrieved from /home/paula/Documentos/airflow/venv/lib/python3.10/site-packages/airflow/example_dags/example_branch_operator.py
[2024-11-05 15:23:06,821] {logging_mixin.py:115} INFO - [2024-11-05 15:23:06,820] {dag.py:2379} INFO - Sync 1 DAGs
[2024-11-05 15:23:06,851] {logging_mixin.py:115} INFO - [2024-11-05 15:23:06,851] {dag.py:2927} INFO - Setting next_dagrun for example_branch_operator to 2024-11-04T00:00:00+00:00, run_after=2024-11-05T00:00:00+00:00
[2024-11-05 15:23:07,011] {processor.py:161} INFO - Processing /home/paula/Documentos/airflow/venv/lib/python3.10/site-packages/airflow/example_dags/example_branch_operator.py took 0.230 seconds
[2024-11-05 15:23:54,620] {processor.py:153} INFO - Started process (PID=1059406) to work on /home/paula/Documentos/airflow/venv/lib/python3.10/site-packages/airflow/example_dags/example_branch_operator.py
[2024-11-05 15:23:54,641] {processor.py:641} INFO - Processing file /home/paula/Documentos/airflow/venv/lib/python3.10/site-packages/airflow/example_dags/example_branch_operator.py for tasks to queue
[2024-11-05 15:23:54,642] {logging_mixin.py:115} INFO - [2024-11-05 15:23:54,641] {dagbag.py:507} INFO - Filling up the DagBag from /home/paula/Documentos/airflow/venv/lib/python3.10/site-packages/airflow/example_dags/example_branch_operator.py
[2024-11-05 15:23:54,653] {processor.py:651} INFO - DAG(s) dict_keys(['example_branch_operator']) retrieved from /home/paula/Documentos/airflow/venv/lib/python3.10/site-packages/airflow/example_dags/example_branch_operator.py
[2024-11-05 15:23:54,671] {logging_mixin.py:115} INFO - [2024-11-05 15:23:54,671] {dag.py:2379} INFO - Sync 1 DAGs
[2024-11-05 15:23:54,698] {logging_mixin.py:115} INFO - [2024-11-05 15:23:54,698] {dag.py:2927} INFO - Setting next_dagrun for example_branch_operator to 2024-11-04T00:00:00+00:00, run_after=2024-11-05T00:00:00+00:00
[2024-11-05 15:23:54,778] {processor.py:161} INFO - Processing /home/paula/Documentos/airflow/venv/lib/python3.10/site-packages/airflow/example_dags/example_branch_operator.py took 0.160 seconds
[2024-11-05 15:24:40,945] {processor.py:153} INFO - Started process (PID=1059694) to work on /home/paula/Documentos/airflow/venv/lib/python3.10/site-packages/airflow/example_dags/example_branch_operator.py
[2024-11-05 15:24:40,972] {processor.py:641} INFO - Processing file /home/paula/Documentos/airflow/venv/lib/python3.10/site-packages/airflow/example_dags/example_branch_operator.py for tasks to queue
[2024-11-05 15:24:40,972] {logging_mixin.py:115} INFO - [2024-11-05 15:24:40,972] {dagbag.py:507} INFO - Filling up the DagBag from /home/paula/Documentos/airflow/venv/lib/python3.10/site-packages/airflow/example_dags/example_branch_operator.py
[2024-11-05 15:24:40,986] {processor.py:651} INFO - DAG(s) dict_keys(['example_branch_operator']) retrieved from /home/paula/Documentos/airflow/venv/lib/python3.10/site-packages/airflow/example_dags/example_branch_operator.py
[2024-11-05 15:24:41,004] {logging_mixin.py:115} INFO - [2024-11-05 15:24:41,004] {dag.py:2379} INFO - Sync 1 DAGs
[2024-11-05 15:24:41,026] {logging_mixin.py:115} INFO - [2024-11-05 15:24:41,026] {dag.py:2927} INFO - Setting next_dagrun for example_branch_operator to 2024-11-04T00:00:00+00:00, run_after=2024-11-05T00:00:00+00:00
[2024-11-05 15:24:41,151] {processor.py:161} INFO - Processing /home/paula/Documentos/airflow/venv/lib/python3.10/site-packages/airflow/example_dags/example_branch_operator.py took 0.210 seconds
[2024-11-05 15:25:28,037] {processor.py:153} INFO - Started process (PID=1060081) to work on /home/paula/Documentos/airflow/venv/lib/python3.10/site-packages/airflow/example_dags/example_branch_operator.py
[2024-11-05 15:25:28,053] {processor.py:641} INFO - Processing file /home/paula/Documentos/airflow/venv/lib/python3.10/site-packages/airflow/example_dags/example_branch_operator.py for tasks to queue
[2024-11-05 15:25:28,053] {logging_mixin.py:115} INFO - [2024-11-05 15:25:28,053] {dagbag.py:507} INFO - Filling up the DagBag from /home/paula/Documentos/airflow/venv/lib/python3.10/site-packages/airflow/example_dags/example_branch_operator.py
[2024-11-05 15:25:28,067] {processor.py:651} INFO - DAG(s) dict_keys(['example_branch_operator']) retrieved from /home/paula/Documentos/airflow/venv/lib/python3.10/site-packages/airflow/example_dags/example_branch_operator.py
[2024-11-05 15:25:28,087] {logging_mixin.py:115} INFO - [2024-11-05 15:25:28,087] {dag.py:2379} INFO - Sync 1 DAGs
[2024-11-05 15:25:28,109] {logging_mixin.py:115} INFO - [2024-11-05 15:25:28,109] {dag.py:2927} INFO - Setting next_dagrun for example_branch_operator to 2024-11-04T00:00:00+00:00, run_after=2024-11-05T00:00:00+00:00
[2024-11-05 15:25:28,219] {processor.py:161} INFO - Processing /home/paula/Documentos/airflow/venv/lib/python3.10/site-packages/airflow/example_dags/example_branch_operator.py took 0.186 seconds
[2024-11-05 15:29:07,524] {processor.py:153} INFO - Started process (PID=1061410) to work on /home/paula/Documentos/airflow/venv/lib/python3.10/site-packages/airflow/example_dags/example_branch_operator.py
[2024-11-05 15:29:07,538] {processor.py:641} INFO - Processing file /home/paula/Documentos/airflow/venv/lib/python3.10/site-packages/airflow/example_dags/example_branch_operator.py for tasks to queue
[2024-11-05 15:29:07,539] {logging_mixin.py:115} INFO - [2024-11-05 15:29:07,539] {dagbag.py:507} INFO - Filling up the DagBag from /home/paula/Documentos/airflow/venv/lib/python3.10/site-packages/airflow/example_dags/example_branch_operator.py
[2024-11-05 15:29:07,553] {processor.py:651} INFO - DAG(s) dict_keys(['example_branch_operator']) retrieved from /home/paula/Documentos/airflow/venv/lib/python3.10/site-packages/airflow/example_dags/example_branch_operator.py
[2024-11-05 15:29:07,571] {logging_mixin.py:115} INFO - [2024-11-05 15:29:07,571] {dag.py:2379} INFO - Sync 1 DAGs
[2024-11-05 15:29:07,590] {logging_mixin.py:115} INFO - [2024-11-05 15:29:07,590] {dag.py:2927} INFO - Setting next_dagrun for example_branch_operator to 2024-11-04T00:00:00+00:00, run_after=2024-11-05T00:00:00+00:00
[2024-11-05 15:29:07,693] {processor.py:161} INFO - Processing /home/paula/Documentos/airflow/venv/lib/python3.10/site-packages/airflow/example_dags/example_branch_operator.py took 0.171 seconds
[2024-11-05 15:29:52,736] {processor.py:153} INFO - Started process (PID=1061729) to work on /home/paula/Documentos/airflow/venv/lib/python3.10/site-packages/airflow/example_dags/example_branch_operator.py
[2024-11-05 15:29:52,757] {processor.py:641} INFO - Processing file /home/paula/Documentos/airflow/venv/lib/python3.10/site-packages/airflow/example_dags/example_branch_operator.py for tasks to queue
[2024-11-05 15:29:52,757] {logging_mixin.py:115} INFO - [2024-11-05 15:29:52,757] {dagbag.py:507} INFO - Filling up the DagBag from /home/paula/Documentos/airflow/venv/lib/python3.10/site-packages/airflow/example_dags/example_branch_operator.py
[2024-11-05 15:29:52,769] {processor.py:651} INFO - DAG(s) dict_keys(['example_branch_operator']) retrieved from /home/paula/Documentos/airflow/venv/lib/python3.10/site-packages/airflow/example_dags/example_branch_operator.py
[2024-11-05 15:29:52,786] {logging_mixin.py:115} INFO - [2024-11-05 15:29:52,786] {dag.py:2379} INFO - Sync 1 DAGs
[2024-11-05 15:29:52,808] {logging_mixin.py:115} INFO - [2024-11-05 15:29:52,808] {dag.py:2927} INFO - Setting next_dagrun for example_branch_operator to 2024-11-04T00:00:00+00:00, run_after=2024-11-05T00:00:00+00:00
[2024-11-05 15:29:53,031] {processor.py:161} INFO - Processing /home/paula/Documentos/airflow/venv/lib/python3.10/site-packages/airflow/example_dags/example_branch_operator.py took 0.298 seconds
[2024-11-05 15:30:35,639] {processor.py:153} INFO - Started process (PID=1061984) to work on /home/paula/Documentos/airflow/venv/lib/python3.10/site-packages/airflow/example_dags/example_branch_operator.py
[2024-11-05 15:30:35,652] {processor.py:641} INFO - Processing file /home/paula/Documentos/airflow/venv/lib/python3.10/site-packages/airflow/example_dags/example_branch_operator.py for tasks to queue
[2024-11-05 15:30:35,653] {logging_mixin.py:115} INFO - [2024-11-05 15:30:35,653] {dagbag.py:507} INFO - Filling up the DagBag from /home/paula/Documentos/airflow/venv/lib/python3.10/site-packages/airflow/example_dags/example_branch_operator.py
[2024-11-05 15:30:35,669] {processor.py:651} INFO - DAG(s) dict_keys(['example_branch_operator']) retrieved from /home/paula/Documentos/airflow/venv/lib/python3.10/site-packages/airflow/example_dags/example_branch_operator.py
[2024-11-05 15:30:35,688] {logging_mixin.py:115} INFO - [2024-11-05 15:30:35,688] {dag.py:2379} INFO - Sync 1 DAGs
[2024-11-05 15:30:35,708] {logging_mixin.py:115} INFO - [2024-11-05 15:30:35,707] {dag.py:2927} INFO - Setting next_dagrun for example_branch_operator to 2024-11-04T00:00:00+00:00, run_after=2024-11-05T00:00:00+00:00
[2024-11-05 15:30:35,803] {processor.py:161} INFO - Processing /home/paula/Documentos/airflow/venv/lib/python3.10/site-packages/airflow/example_dags/example_branch_operator.py took 0.168 seconds
[2024-11-05 15:31:20,425] {processor.py:153} INFO - Started process (PID=1062243) to work on /home/paula/Documentos/airflow/venv/lib/python3.10/site-packages/airflow/example_dags/example_branch_operator.py
[2024-11-05 15:31:20,441] {processor.py:641} INFO - Processing file /home/paula/Documentos/airflow/venv/lib/python3.10/site-packages/airflow/example_dags/example_branch_operator.py for tasks to queue
[2024-11-05 15:31:20,442] {logging_mixin.py:115} INFO - [2024-11-05 15:31:20,442] {dagbag.py:507} INFO - Filling up the DagBag from /home/paula/Documentos/airflow/venv/lib/python3.10/site-packages/airflow/example_dags/example_branch_operator.py
[2024-11-05 15:31:20,454] {processor.py:651} INFO - DAG(s) dict_keys(['example_branch_operator']) retrieved from /home/paula/Documentos/airflow/venv/lib/python3.10/site-packages/airflow/example_dags/example_branch_operator.py
[2024-11-05 15:31:20,473] {logging_mixin.py:115} INFO - [2024-11-05 15:31:20,473] {dag.py:2379} INFO - Sync 1 DAGs
[2024-11-05 15:31:20,492] {logging_mixin.py:115} INFO - [2024-11-05 15:31:20,492] {dag.py:2927} INFO - Setting next_dagrun for example_branch_operator to 2024-11-04T00:00:00+00:00, run_after=2024-11-05T00:00:00+00:00
[2024-11-05 15:31:20,591] {processor.py:161} INFO - Processing /home/paula/Documentos/airflow/venv/lib/python3.10/site-packages/airflow/example_dags/example_branch_operator.py took 0.169 seconds
[2024-11-05 15:32:53,778] {processor.py:153} INFO - Started process (PID=1062814) to work on /home/paula/Documentos/airflow/venv/lib/python3.10/site-packages/airflow/example_dags/example_branch_operator.py
[2024-11-05 15:32:53,798] {processor.py:641} INFO - Processing file /home/paula/Documentos/airflow/venv/lib/python3.10/site-packages/airflow/example_dags/example_branch_operator.py for tasks to queue
[2024-11-05 15:32:53,799] {logging_mixin.py:115} INFO - [2024-11-05 15:32:53,799] {dagbag.py:507} INFO - Filling up the DagBag from /home/paula/Documentos/airflow/venv/lib/python3.10/site-packages/airflow/example_dags/example_branch_operator.py
[2024-11-05 15:32:53,812] {processor.py:651} INFO - DAG(s) dict_keys(['example_branch_operator']) retrieved from /home/paula/Documentos/airflow/venv/lib/python3.10/site-packages/airflow/example_dags/example_branch_operator.py
[2024-11-05 15:32:53,827] {logging_mixin.py:115} INFO - [2024-11-05 15:32:53,827] {dag.py:2379} INFO - Sync 1 DAGs
[2024-11-05 15:32:53,848] {logging_mixin.py:115} INFO - [2024-11-05 15:32:53,848] {dag.py:2927} INFO - Setting next_dagrun for example_branch_operator to 2024-11-04T00:00:00+00:00, run_after=2024-11-05T00:00:00+00:00
[2024-11-05 15:32:54,000] {processor.py:161} INFO - Processing /home/paula/Documentos/airflow/venv/lib/python3.10/site-packages/airflow/example_dags/example_branch_operator.py took 0.225 seconds
[2024-11-05 15:33:39,519] {processor.py:153} INFO - Started process (PID=1063141) to work on /home/paula/Documentos/airflow/venv/lib/python3.10/site-packages/airflow/example_dags/example_branch_operator.py
[2024-11-05 15:33:39,540] {processor.py:641} INFO - Processing file /home/paula/Documentos/airflow/venv/lib/python3.10/site-packages/airflow/example_dags/example_branch_operator.py for tasks to queue
[2024-11-05 15:33:39,541] {logging_mixin.py:115} INFO - [2024-11-05 15:33:39,541] {dagbag.py:507} INFO - Filling up the DagBag from /home/paula/Documentos/airflow/venv/lib/python3.10/site-packages/airflow/example_dags/example_branch_operator.py
[2024-11-05 15:33:39,552] {processor.py:651} INFO - DAG(s) dict_keys(['example_branch_operator']) retrieved from /home/paula/Documentos/airflow/venv/lib/python3.10/site-packages/airflow/example_dags/example_branch_operator.py
[2024-11-05 15:33:39,569] {logging_mixin.py:115} INFO - [2024-11-05 15:33:39,569] {dag.py:2379} INFO - Sync 1 DAGs
[2024-11-05 15:33:39,591] {logging_mixin.py:115} INFO - [2024-11-05 15:33:39,591] {dag.py:2927} INFO - Setting next_dagrun for example_branch_operator to 2024-11-04T00:00:00+00:00, run_after=2024-11-05T00:00:00+00:00
[2024-11-05 15:33:39,675] {processor.py:161} INFO - Processing /home/paula/Documentos/airflow/venv/lib/python3.10/site-packages/airflow/example_dags/example_branch_operator.py took 0.158 seconds
[2024-11-05 15:34:24,374] {processor.py:153} INFO - Started process (PID=1063487) to work on /home/paula/Documentos/airflow/venv/lib/python3.10/site-packages/airflow/example_dags/example_branch_operator.py
[2024-11-05 15:34:24,396] {processor.py:641} INFO - Processing file /home/paula/Documentos/airflow/venv/lib/python3.10/site-packages/airflow/example_dags/example_branch_operator.py for tasks to queue
[2024-11-05 15:34:24,397] {logging_mixin.py:115} INFO - [2024-11-05 15:34:24,397] {dagbag.py:507} INFO - Filling up the DagBag from /home/paula/Documentos/airflow/venv/lib/python3.10/site-packages/airflow/example_dags/example_branch_operator.py
[2024-11-05 15:34:24,413] {processor.py:651} INFO - DAG(s) dict_keys(['example_branch_operator']) retrieved from /home/paula/Documentos/airflow/venv/lib/python3.10/site-packages/airflow/example_dags/example_branch_operator.py
[2024-11-05 15:34:24,430] {logging_mixin.py:115} INFO - [2024-11-05 15:34:24,429] {dag.py:2379} INFO - Sync 1 DAGs
[2024-11-05 15:34:24,451] {logging_mixin.py:115} INFO - [2024-11-05 15:34:24,451] {dag.py:2927} INFO - Setting next_dagrun for example_branch_operator to 2024-11-04T00:00:00+00:00, run_after=2024-11-05T00:00:00+00:00
[2024-11-05 15:34:24,653] {processor.py:161} INFO - Processing /home/paula/Documentos/airflow/venv/lib/python3.10/site-packages/airflow/example_dags/example_branch_operator.py took 0.282 seconds
[2024-11-05 15:35:10,062] {processor.py:153} INFO - Started process (PID=1063844) to work on /home/paula/Documentos/airflow/venv/lib/python3.10/site-packages/airflow/example_dags/example_branch_operator.py
[2024-11-05 15:35:10,063] {processor.py:641} INFO - Processing file /home/paula/Documentos/airflow/venv/lib/python3.10/site-packages/airflow/example_dags/example_branch_operator.py for tasks to queue
[2024-11-05 15:35:10,064] {logging_mixin.py:115} INFO - [2024-11-05 15:35:10,064] {dagbag.py:507} INFO - Filling up the DagBag from /home/paula/Documentos/airflow/venv/lib/python3.10/site-packages/airflow/example_dags/example_branch_operator.py
[2024-11-05 15:35:10,078] {processor.py:651} INFO - DAG(s) dict_keys(['example_branch_operator']) retrieved from /home/paula/Documentos/airflow/venv/lib/python3.10/site-packages/airflow/example_dags/example_branch_operator.py
[2024-11-05 15:35:10,094] {logging_mixin.py:115} INFO - [2024-11-05 15:35:10,094] {dag.py:2379} INFO - Sync 1 DAGs
[2024-11-05 15:35:10,114] {logging_mixin.py:115} INFO - [2024-11-05 15:35:10,113] {dag.py:2927} INFO - Setting next_dagrun for example_branch_operator to 2024-11-04T00:00:00+00:00, run_after=2024-11-05T00:00:00+00:00
[2024-11-05 15:35:10,227] {processor.py:161} INFO - Processing /home/paula/Documentos/airflow/venv/lib/python3.10/site-packages/airflow/example_dags/example_branch_operator.py took 0.169 seconds
[2024-11-05 15:35:57,470] {processor.py:153} INFO - Started process (PID=1064130) to work on /home/paula/Documentos/airflow/venv/lib/python3.10/site-packages/airflow/example_dags/example_branch_operator.py
[2024-11-05 15:35:57,491] {processor.py:641} INFO - Processing file /home/paula/Documentos/airflow/venv/lib/python3.10/site-packages/airflow/example_dags/example_branch_operator.py for tasks to queue
[2024-11-05 15:35:57,492] {logging_mixin.py:115} INFO - [2024-11-05 15:35:57,492] {dagbag.py:507} INFO - Filling up the DagBag from /home/paula/Documentos/airflow/venv/lib/python3.10/site-packages/airflow/example_dags/example_branch_operator.py
[2024-11-05 15:35:57,506] {processor.py:651} INFO - DAG(s) dict_keys(['example_branch_operator']) retrieved from /home/paula/Documentos/airflow/venv/lib/python3.10/site-packages/airflow/example_dags/example_branch_operator.py
[2024-11-05 15:35:57,521] {logging_mixin.py:115} INFO - [2024-11-05 15:35:57,521] {dag.py:2379} INFO - Sync 1 DAGs
[2024-11-05 15:35:57,546] {logging_mixin.py:115} INFO - [2024-11-05 15:35:57,546] {dag.py:2927} INFO - Setting next_dagrun for example_branch_operator to 2024-11-04T00:00:00+00:00, run_after=2024-11-05T00:00:00+00:00
[2024-11-05 15:35:57,684] {processor.py:161} INFO - Processing /home/paula/Documentos/airflow/venv/lib/python3.10/site-packages/airflow/example_dags/example_branch_operator.py took 0.218 seconds
[2024-11-05 15:40:00,344] {processor.py:153} INFO - Started process (PID=1065981) to work on /home/paula/Documentos/airflow/venv/lib/python3.10/site-packages/airflow/example_dags/example_branch_operator.py
[2024-11-05 15:40:00,367] {processor.py:641} INFO - Processing file /home/paula/Documentos/airflow/venv/lib/python3.10/site-packages/airflow/example_dags/example_branch_operator.py for tasks to queue
[2024-11-05 15:40:00,368] {logging_mixin.py:115} INFO - [2024-11-05 15:40:00,368] {dagbag.py:507} INFO - Filling up the DagBag from /home/paula/Documentos/airflow/venv/lib/python3.10/site-packages/airflow/example_dags/example_branch_operator.py
[2024-11-05 15:40:00,380] {processor.py:651} INFO - DAG(s) dict_keys(['example_branch_operator']) retrieved from /home/paula/Documentos/airflow/venv/lib/python3.10/site-packages/airflow/example_dags/example_branch_operator.py
[2024-11-05 15:40:00,398] {logging_mixin.py:115} INFO - [2024-11-05 15:40:00,398] {dag.py:2379} INFO - Sync 1 DAGs
[2024-11-05 15:40:00,419] {logging_mixin.py:115} INFO - [2024-11-05 15:40:00,419] {dag.py:2927} INFO - Setting next_dagrun for example_branch_operator to 2024-11-04T00:00:00+00:00, run_after=2024-11-05T00:00:00+00:00
[2024-11-05 15:40:00,638] {processor.py:161} INFO - Processing /home/paula/Documentos/airflow/venv/lib/python3.10/site-packages/airflow/example_dags/example_branch_operator.py took 0.299 seconds
[2024-11-05 15:40:49,026] {processor.py:153} INFO - Started process (PID=1066307) to work on /home/paula/Documentos/airflow/venv/lib/python3.10/site-packages/airflow/example_dags/example_branch_operator.py
[2024-11-05 15:40:49,046] {processor.py:641} INFO - Processing file /home/paula/Documentos/airflow/venv/lib/python3.10/site-packages/airflow/example_dags/example_branch_operator.py for tasks to queue
[2024-11-05 15:40:49,047] {logging_mixin.py:115} INFO - [2024-11-05 15:40:49,046] {dagbag.py:507} INFO - Filling up the DagBag from /home/paula/Documentos/airflow/venv/lib/python3.10/site-packages/airflow/example_dags/example_branch_operator.py
[2024-11-05 15:40:49,059] {processor.py:651} INFO - DAG(s) dict_keys(['example_branch_operator']) retrieved from /home/paula/Documentos/airflow/venv/lib/python3.10/site-packages/airflow/example_dags/example_branch_operator.py
[2024-11-05 15:40:49,077] {logging_mixin.py:115} INFO - [2024-11-05 15:40:49,077] {dag.py:2379} INFO - Sync 1 DAGs
[2024-11-05 15:40:49,096] {logging_mixin.py:115} INFO - [2024-11-05 15:40:49,096] {dag.py:2927} INFO - Setting next_dagrun for example_branch_operator to 2024-11-04T00:00:00+00:00, run_after=2024-11-05T00:00:00+00:00
[2024-11-05 15:40:49,192] {processor.py:161} INFO - Processing /home/paula/Documentos/airflow/venv/lib/python3.10/site-packages/airflow/example_dags/example_branch_operator.py took 0.169 seconds
