[2024-11-05 15:07:35,854] {processor.py:153} INFO - Started process (PID=1053044) to work on /home/paula/Documentos/airflow/venv/lib/python3.10/site-packages/airflow/example_dags/example_trigger_controller_dag.py
[2024-11-05 15:07:35,854] {processor.py:641} INFO - Processing file /home/paula/Documentos/airflow/venv/lib/python3.10/site-packages/airflow/example_dags/example_trigger_controller_dag.py for tasks to queue
[2024-11-05 15:07:35,855] {logging_mixin.py:115} INFO - [2024-11-05 15:07:35,855] {dagbag.py:507} INFO - Filling up the DagBag from /home/paula/Documentos/airflow/venv/lib/python3.10/site-packages/airflow/example_dags/example_trigger_controller_dag.py
[2024-11-05 15:07:35,858] {processor.py:651} INFO - DAG(s) dict_keys(['example_trigger_controller_dag']) retrieved from /home/paula/Documentos/airflow/venv/lib/python3.10/site-packages/airflow/example_dags/example_trigger_controller_dag.py
[2024-11-05 15:07:36,310] {logging_mixin.py:115} INFO - [2024-11-05 15:07:36,309] {manager.py:508} INFO - Created Permission View: can edit on DAG:example_trigger_controller_dag
[2024-11-05 15:07:36,499] {logging_mixin.py:115} INFO - [2024-11-05 15:07:36,499] {manager.py:508} INFO - Created Permission View: can read on DAG:example_trigger_controller_dag
[2024-11-05 15:07:36,702] {logging_mixin.py:115} INFO - [2024-11-05 15:07:36,701] {manager.py:508} INFO - Created Permission View: can delete on DAG:example_trigger_controller_dag
[2024-11-05 15:07:36,702] {logging_mixin.py:115} INFO - [2024-11-05 15:07:36,702] {dag.py:2379} INFO - Sync 1 DAGs
[2024-11-05 15:07:36,725] {logging_mixin.py:115} INFO - [2024-11-05 15:07:36,725] {dag.py:2398} INFO - Creating ORM DAG for example_trigger_controller_dag
[2024-11-05 15:07:36,753] {logging_mixin.py:115} INFO - [2024-11-05 15:07:36,753] {dag.py:2927} INFO - Setting next_dagrun for example_trigger_controller_dag to 2021-01-01T00:00:00+00:00, run_after=2021-01-01T00:00:00+00:00
[2024-11-05 15:07:36,938] {processor.py:161} INFO - Processing /home/paula/Documentos/airflow/venv/lib/python3.10/site-packages/airflow/example_dags/example_trigger_controller_dag.py took 1.086 seconds
[2024-11-05 15:08:43,757] {processor.py:153} INFO - Started process (PID=1053675) to work on /home/paula/Documentos/airflow/venv/lib/python3.10/site-packages/airflow/example_dags/example_trigger_controller_dag.py
[2024-11-05 15:08:43,778] {processor.py:641} INFO - Processing file /home/paula/Documentos/airflow/venv/lib/python3.10/site-packages/airflow/example_dags/example_trigger_controller_dag.py for tasks to queue
[2024-11-05 15:08:43,778] {logging_mixin.py:115} INFO - [2024-11-05 15:08:43,778] {dagbag.py:507} INFO - Filling up the DagBag from /home/paula/Documentos/airflow/venv/lib/python3.10/site-packages/airflow/example_dags/example_trigger_controller_dag.py
[2024-11-05 15:08:43,782] {processor.py:651} INFO - DAG(s) dict_keys(['example_trigger_controller_dag']) retrieved from /home/paula/Documentos/airflow/venv/lib/python3.10/site-packages/airflow/example_dags/example_trigger_controller_dag.py
[2024-11-05 15:08:43,802] {logging_mixin.py:115} INFO - [2024-11-05 15:08:43,802] {dag.py:2379} INFO - Sync 1 DAGs
[2024-11-05 15:08:43,821] {logging_mixin.py:115} INFO - [2024-11-05 15:08:43,821] {dag.py:2927} INFO - Setting next_dagrun for example_trigger_controller_dag to 2021-01-01T00:00:00+00:00, run_after=2021-01-01T00:00:00+00:00
[2024-11-05 15:08:44,033] {processor.py:161} INFO - Processing /home/paula/Documentos/airflow/venv/lib/python3.10/site-packages/airflow/example_dags/example_trigger_controller_dag.py took 0.279 seconds
[2024-11-05 15:09:25,024] {processor.py:153} INFO - Started process (PID=1053888) to work on /home/paula/Documentos/airflow/venv/lib/python3.10/site-packages/airflow/example_dags/example_trigger_controller_dag.py
[2024-11-05 15:09:25,059] {processor.py:641} INFO - Processing file /home/paula/Documentos/airflow/venv/lib/python3.10/site-packages/airflow/example_dags/example_trigger_controller_dag.py for tasks to queue
[2024-11-05 15:09:25,060] {logging_mixin.py:115} INFO - [2024-11-05 15:09:25,060] {dagbag.py:507} INFO - Filling up the DagBag from /home/paula/Documentos/airflow/venv/lib/python3.10/site-packages/airflow/example_dags/example_trigger_controller_dag.py
[2024-11-05 15:09:25,067] {processor.py:651} INFO - DAG(s) dict_keys(['example_trigger_controller_dag']) retrieved from /home/paula/Documentos/airflow/venv/lib/python3.10/site-packages/airflow/example_dags/example_trigger_controller_dag.py
[2024-11-05 15:09:25,093] {logging_mixin.py:115} INFO - [2024-11-05 15:09:25,093] {dag.py:2379} INFO - Sync 1 DAGs
[2024-11-05 15:09:25,118] {logging_mixin.py:115} INFO - [2024-11-05 15:09:25,118] {dag.py:2927} INFO - Setting next_dagrun for example_trigger_controller_dag to 2021-01-01T00:00:00+00:00, run_after=2021-01-01T00:00:00+00:00
[2024-11-05 15:09:25,367] {processor.py:161} INFO - Processing /home/paula/Documentos/airflow/venv/lib/python3.10/site-packages/airflow/example_dags/example_trigger_controller_dag.py took 0.345 seconds
[2024-11-05 15:10:10,302] {processor.py:153} INFO - Started process (PID=1054343) to work on /home/paula/Documentos/airflow/venv/lib/python3.10/site-packages/airflow/example_dags/example_trigger_controller_dag.py
[2024-11-05 15:10:10,340] {processor.py:641} INFO - Processing file /home/paula/Documentos/airflow/venv/lib/python3.10/site-packages/airflow/example_dags/example_trigger_controller_dag.py for tasks to queue
[2024-11-05 15:10:10,341] {logging_mixin.py:115} INFO - [2024-11-05 15:10:10,341] {dagbag.py:507} INFO - Filling up the DagBag from /home/paula/Documentos/airflow/venv/lib/python3.10/site-packages/airflow/example_dags/example_trigger_controller_dag.py
[2024-11-05 15:10:10,345] {processor.py:651} INFO - DAG(s) dict_keys(['example_trigger_controller_dag']) retrieved from /home/paula/Documentos/airflow/venv/lib/python3.10/site-packages/airflow/example_dags/example_trigger_controller_dag.py
[2024-11-05 15:10:10,365] {logging_mixin.py:115} INFO - [2024-11-05 15:10:10,364] {dag.py:2379} INFO - Sync 1 DAGs
[2024-11-05 15:10:10,381] {logging_mixin.py:115} INFO - [2024-11-05 15:10:10,381] {dag.py:2927} INFO - Setting next_dagrun for example_trigger_controller_dag to 2021-01-01T00:00:00+00:00, run_after=2021-01-01T00:00:00+00:00
[2024-11-05 15:10:10,658] {processor.py:161} INFO - Processing /home/paula/Documentos/airflow/venv/lib/python3.10/site-packages/airflow/example_dags/example_trigger_controller_dag.py took 0.358 seconds
[2024-11-05 15:10:54,774] {processor.py:153} INFO - Started process (PID=1054595) to work on /home/paula/Documentos/airflow/venv/lib/python3.10/site-packages/airflow/example_dags/example_trigger_controller_dag.py
[2024-11-05 15:10:54,784] {processor.py:641} INFO - Processing file /home/paula/Documentos/airflow/venv/lib/python3.10/site-packages/airflow/example_dags/example_trigger_controller_dag.py for tasks to queue
[2024-11-05 15:10:54,784] {logging_mixin.py:115} INFO - [2024-11-05 15:10:54,784] {dagbag.py:507} INFO - Filling up the DagBag from /home/paula/Documentos/airflow/venv/lib/python3.10/site-packages/airflow/example_dags/example_trigger_controller_dag.py
[2024-11-05 15:10:54,788] {processor.py:651} INFO - DAG(s) dict_keys(['example_trigger_controller_dag']) retrieved from /home/paula/Documentos/airflow/venv/lib/python3.10/site-packages/airflow/example_dags/example_trigger_controller_dag.py
[2024-11-05 15:10:54,809] {logging_mixin.py:115} INFO - [2024-11-05 15:10:54,809] {dag.py:2379} INFO - Sync 1 DAGs
[2024-11-05 15:10:54,833] {logging_mixin.py:115} INFO - [2024-11-05 15:10:54,833] {dag.py:2927} INFO - Setting next_dagrun for example_trigger_controller_dag to 2021-01-01T00:00:00+00:00, run_after=2021-01-01T00:00:00+00:00
[2024-11-05 15:10:55,112] {processor.py:161} INFO - Processing /home/paula/Documentos/airflow/venv/lib/python3.10/site-packages/airflow/example_dags/example_trigger_controller_dag.py took 0.341 seconds
[2024-11-05 15:11:43,800] {processor.py:153} INFO - Started process (PID=1054855) to work on /home/paula/Documentos/airflow/venv/lib/python3.10/site-packages/airflow/example_dags/example_trigger_controller_dag.py
[2024-11-05 15:11:43,829] {processor.py:641} INFO - Processing file /home/paula/Documentos/airflow/venv/lib/python3.10/site-packages/airflow/example_dags/example_trigger_controller_dag.py for tasks to queue
[2024-11-05 15:11:43,830] {logging_mixin.py:115} INFO - [2024-11-05 15:11:43,830] {dagbag.py:507} INFO - Filling up the DagBag from /home/paula/Documentos/airflow/venv/lib/python3.10/site-packages/airflow/example_dags/example_trigger_controller_dag.py
[2024-11-05 15:11:43,835] {processor.py:651} INFO - DAG(s) dict_keys(['example_trigger_controller_dag']) retrieved from /home/paula/Documentos/airflow/venv/lib/python3.10/site-packages/airflow/example_dags/example_trigger_controller_dag.py
[2024-11-05 15:11:43,861] {logging_mixin.py:115} INFO - [2024-11-05 15:11:43,861] {dag.py:2379} INFO - Sync 1 DAGs
[2024-11-05 15:11:43,881] {logging_mixin.py:115} INFO - [2024-11-05 15:11:43,880] {dag.py:2927} INFO - Setting next_dagrun for example_trigger_controller_dag to 2021-01-01T00:00:00+00:00, run_after=2021-01-01T00:00:00+00:00
[2024-11-05 15:11:44,122] {processor.py:161} INFO - Processing /home/paula/Documentos/airflow/venv/lib/python3.10/site-packages/airflow/example_dags/example_trigger_controller_dag.py took 0.326 seconds
[2024-11-05 15:12:32,876] {processor.py:153} INFO - Started process (PID=1055181) to work on /home/paula/Documentos/airflow/venv/lib/python3.10/site-packages/airflow/example_dags/example_trigger_controller_dag.py
[2024-11-05 15:12:32,916] {processor.py:641} INFO - Processing file /home/paula/Documentos/airflow/venv/lib/python3.10/site-packages/airflow/example_dags/example_trigger_controller_dag.py for tasks to queue
[2024-11-05 15:12:32,917] {logging_mixin.py:115} INFO - [2024-11-05 15:12:32,916] {dagbag.py:507} INFO - Filling up the DagBag from /home/paula/Documentos/airflow/venv/lib/python3.10/site-packages/airflow/example_dags/example_trigger_controller_dag.py
[2024-11-05 15:12:32,921] {processor.py:651} INFO - DAG(s) dict_keys(['example_trigger_controller_dag']) retrieved from /home/paula/Documentos/airflow/venv/lib/python3.10/site-packages/airflow/example_dags/example_trigger_controller_dag.py
[2024-11-05 15:12:32,949] {logging_mixin.py:115} INFO - [2024-11-05 15:12:32,949] {dag.py:2379} INFO - Sync 1 DAGs
[2024-11-05 15:12:32,968] {logging_mixin.py:115} INFO - [2024-11-05 15:12:32,968] {dag.py:2927} INFO - Setting next_dagrun for example_trigger_controller_dag to 2021-01-01T00:00:00+00:00, run_after=2021-01-01T00:00:00+00:00
[2024-11-05 15:12:33,213] {processor.py:161} INFO - Processing /home/paula/Documentos/airflow/venv/lib/python3.10/site-packages/airflow/example_dags/example_trigger_controller_dag.py took 0.340 seconds
[2024-11-05 15:13:25,334] {processor.py:153} INFO - Started process (PID=1055482) to work on /home/paula/Documentos/airflow/venv/lib/python3.10/site-packages/airflow/example_dags/example_trigger_controller_dag.py
[2024-11-05 15:13:25,365] {processor.py:641} INFO - Processing file /home/paula/Documentos/airflow/venv/lib/python3.10/site-packages/airflow/example_dags/example_trigger_controller_dag.py for tasks to queue
[2024-11-05 15:13:25,366] {logging_mixin.py:115} INFO - [2024-11-05 15:13:25,365] {dagbag.py:507} INFO - Filling up the DagBag from /home/paula/Documentos/airflow/venv/lib/python3.10/site-packages/airflow/example_dags/example_trigger_controller_dag.py
[2024-11-05 15:13:25,371] {processor.py:651} INFO - DAG(s) dict_keys(['example_trigger_controller_dag']) retrieved from /home/paula/Documentos/airflow/venv/lib/python3.10/site-packages/airflow/example_dags/example_trigger_controller_dag.py
[2024-11-05 15:13:25,395] {logging_mixin.py:115} INFO - [2024-11-05 15:13:25,395] {dag.py:2379} INFO - Sync 1 DAGs
[2024-11-05 15:13:25,415] {logging_mixin.py:115} INFO - [2024-11-05 15:13:25,415] {dag.py:2927} INFO - Setting next_dagrun for example_trigger_controller_dag to 2021-01-01T00:00:00+00:00, run_after=2021-01-01T00:00:00+00:00
[2024-11-05 15:13:25,616] {processor.py:161} INFO - Processing /home/paula/Documentos/airflow/venv/lib/python3.10/site-packages/airflow/example_dags/example_trigger_controller_dag.py took 0.285 seconds
[2024-11-05 15:14:16,580] {processor.py:153} INFO - Started process (PID=1055778) to work on /home/paula/Documentos/airflow/venv/lib/python3.10/site-packages/airflow/example_dags/example_trigger_controller_dag.py
[2024-11-05 15:14:16,618] {processor.py:641} INFO - Processing file /home/paula/Documentos/airflow/venv/lib/python3.10/site-packages/airflow/example_dags/example_trigger_controller_dag.py for tasks to queue
[2024-11-05 15:14:16,619] {logging_mixin.py:115} INFO - [2024-11-05 15:14:16,618] {dagbag.py:507} INFO - Filling up the DagBag from /home/paula/Documentos/airflow/venv/lib/python3.10/site-packages/airflow/example_dags/example_trigger_controller_dag.py
[2024-11-05 15:14:16,621] {processor.py:651} INFO - DAG(s) dict_keys(['example_trigger_controller_dag']) retrieved from /home/paula/Documentos/airflow/venv/lib/python3.10/site-packages/airflow/example_dags/example_trigger_controller_dag.py
[2024-11-05 15:14:16,640] {logging_mixin.py:115} INFO - [2024-11-05 15:14:16,640] {dag.py:2379} INFO - Sync 1 DAGs
[2024-11-05 15:14:16,661] {logging_mixin.py:115} INFO - [2024-11-05 15:14:16,661] {dag.py:2927} INFO - Setting next_dagrun for example_trigger_controller_dag to 2021-01-01T00:00:00+00:00, run_after=2021-01-01T00:00:00+00:00
[2024-11-05 15:14:17,027] {processor.py:161} INFO - Processing /home/paula/Documentos/airflow/venv/lib/python3.10/site-packages/airflow/example_dags/example_trigger_controller_dag.py took 0.451 seconds
[2024-11-05 15:14:53,598] {processor.py:153} INFO - Started process (PID=1055999) to work on /home/paula/Documentos/airflow/venv/lib/python3.10/site-packages/airflow/example_dags/example_trigger_controller_dag.py
[2024-11-05 15:14:53,599] {processor.py:641} INFO - Processing file /home/paula/Documentos/airflow/venv/lib/python3.10/site-packages/airflow/example_dags/example_trigger_controller_dag.py for tasks to queue
[2024-11-05 15:14:53,599] {logging_mixin.py:115} INFO - [2024-11-05 15:14:53,599] {dagbag.py:507} INFO - Filling up the DagBag from /home/paula/Documentos/airflow/venv/lib/python3.10/site-packages/airflow/example_dags/example_trigger_controller_dag.py
[2024-11-05 15:14:53,602] {processor.py:651} INFO - DAG(s) dict_keys(['example_trigger_controller_dag']) retrieved from /home/paula/Documentos/airflow/venv/lib/python3.10/site-packages/airflow/example_dags/example_trigger_controller_dag.py
[2024-11-05 15:14:53,618] {logging_mixin.py:115} INFO - [2024-11-05 15:14:53,618] {dag.py:2379} INFO - Sync 1 DAGs
[2024-11-05 15:14:53,634] {logging_mixin.py:115} INFO - [2024-11-05 15:14:53,634] {dag.py:2927} INFO - Setting next_dagrun for example_trigger_controller_dag to 2021-01-01T00:00:00+00:00, run_after=2021-01-01T00:00:00+00:00
[2024-11-05 15:14:53,763] {processor.py:161} INFO - Processing /home/paula/Documentos/airflow/venv/lib/python3.10/site-packages/airflow/example_dags/example_trigger_controller_dag.py took 0.168 seconds
[2024-11-05 15:15:33,353] {processor.py:153} INFO - Started process (PID=1056258) to work on /home/paula/Documentos/airflow/venv/lib/python3.10/site-packages/airflow/example_dags/example_trigger_controller_dag.py
[2024-11-05 15:15:33,353] {processor.py:641} INFO - Processing file /home/paula/Documentos/airflow/venv/lib/python3.10/site-packages/airflow/example_dags/example_trigger_controller_dag.py for tasks to queue
[2024-11-05 15:15:33,354] {logging_mixin.py:115} INFO - [2024-11-05 15:15:33,354] {dagbag.py:507} INFO - Filling up the DagBag from /home/paula/Documentos/airflow/venv/lib/python3.10/site-packages/airflow/example_dags/example_trigger_controller_dag.py
[2024-11-05 15:15:33,358] {processor.py:651} INFO - DAG(s) dict_keys(['example_trigger_controller_dag']) retrieved from /home/paula/Documentos/airflow/venv/lib/python3.10/site-packages/airflow/example_dags/example_trigger_controller_dag.py
[2024-11-05 15:15:33,379] {logging_mixin.py:115} INFO - [2024-11-05 15:15:33,379] {dag.py:2379} INFO - Sync 1 DAGs
[2024-11-05 15:15:33,402] {logging_mixin.py:115} INFO - [2024-11-05 15:15:33,402] {dag.py:2927} INFO - Setting next_dagrun for example_trigger_controller_dag to 2021-01-01T00:00:00+00:00, run_after=2021-01-01T00:00:00+00:00
[2024-11-05 15:15:33,545] {processor.py:161} INFO - Processing /home/paula/Documentos/airflow/venv/lib/python3.10/site-packages/airflow/example_dags/example_trigger_controller_dag.py took 0.196 seconds
[2024-11-05 15:16:10,942] {processor.py:153} INFO - Started process (PID=1056486) to work on /home/paula/Documentos/airflow/venv/lib/python3.10/site-packages/airflow/example_dags/example_trigger_controller_dag.py
[2024-11-05 15:16:10,943] {processor.py:641} INFO - Processing file /home/paula/Documentos/airflow/venv/lib/python3.10/site-packages/airflow/example_dags/example_trigger_controller_dag.py for tasks to queue
[2024-11-05 15:16:10,943] {logging_mixin.py:115} INFO - [2024-11-05 15:16:10,943] {dagbag.py:507} INFO - Filling up the DagBag from /home/paula/Documentos/airflow/venv/lib/python3.10/site-packages/airflow/example_dags/example_trigger_controller_dag.py
[2024-11-05 15:16:10,948] {processor.py:651} INFO - DAG(s) dict_keys(['example_trigger_controller_dag']) retrieved from /home/paula/Documentos/airflow/venv/lib/python3.10/site-packages/airflow/example_dags/example_trigger_controller_dag.py
[2024-11-05 15:16:10,964] {logging_mixin.py:115} INFO - [2024-11-05 15:16:10,964] {dag.py:2379} INFO - Sync 1 DAGs
[2024-11-05 15:16:10,983] {logging_mixin.py:115} INFO - [2024-11-05 15:16:10,982] {dag.py:2927} INFO - Setting next_dagrun for example_trigger_controller_dag to 2021-01-01T00:00:00+00:00, run_after=2021-01-01T00:00:00+00:00
[2024-11-05 15:16:11,119] {processor.py:161} INFO - Processing /home/paula/Documentos/airflow/venv/lib/python3.10/site-packages/airflow/example_dags/example_trigger_controller_dag.py took 0.180 seconds
[2024-11-05 15:16:46,700] {processor.py:153} INFO - Started process (PID=1056713) to work on /home/paula/Documentos/airflow/venv/lib/python3.10/site-packages/airflow/example_dags/example_trigger_controller_dag.py
[2024-11-05 15:16:46,717] {processor.py:641} INFO - Processing file /home/paula/Documentos/airflow/venv/lib/python3.10/site-packages/airflow/example_dags/example_trigger_controller_dag.py for tasks to queue
[2024-11-05 15:16:46,718] {logging_mixin.py:115} INFO - [2024-11-05 15:16:46,718] {dagbag.py:507} INFO - Filling up the DagBag from /home/paula/Documentos/airflow/venv/lib/python3.10/site-packages/airflow/example_dags/example_trigger_controller_dag.py
[2024-11-05 15:16:46,723] {processor.py:651} INFO - DAG(s) dict_keys(['example_trigger_controller_dag']) retrieved from /home/paula/Documentos/airflow/venv/lib/python3.10/site-packages/airflow/example_dags/example_trigger_controller_dag.py
[2024-11-05 15:16:46,745] {logging_mixin.py:115} INFO - [2024-11-05 15:16:46,745] {dag.py:2379} INFO - Sync 1 DAGs
[2024-11-05 15:16:46,763] {logging_mixin.py:115} INFO - [2024-11-05 15:16:46,763] {dag.py:2927} INFO - Setting next_dagrun for example_trigger_controller_dag to 2021-01-01T00:00:00+00:00, run_after=2021-01-01T00:00:00+00:00
[2024-11-05 15:16:46,864] {processor.py:161} INFO - Processing /home/paula/Documentos/airflow/venv/lib/python3.10/site-packages/airflow/example_dags/example_trigger_controller_dag.py took 0.167 seconds
[2024-11-05 15:17:23,231] {processor.py:153} INFO - Started process (PID=1056943) to work on /home/paula/Documentos/airflow/venv/lib/python3.10/site-packages/airflow/example_dags/example_trigger_controller_dag.py
[2024-11-05 15:17:23,249] {processor.py:641} INFO - Processing file /home/paula/Documentos/airflow/venv/lib/python3.10/site-packages/airflow/example_dags/example_trigger_controller_dag.py for tasks to queue
[2024-11-05 15:17:23,249] {logging_mixin.py:115} INFO - [2024-11-05 15:17:23,249] {dagbag.py:507} INFO - Filling up the DagBag from /home/paula/Documentos/airflow/venv/lib/python3.10/site-packages/airflow/example_dags/example_trigger_controller_dag.py
[2024-11-05 15:17:23,253] {processor.py:651} INFO - DAG(s) dict_keys(['example_trigger_controller_dag']) retrieved from /home/paula/Documentos/airflow/venv/lib/python3.10/site-packages/airflow/example_dags/example_trigger_controller_dag.py
[2024-11-05 15:17:23,270] {logging_mixin.py:115} INFO - [2024-11-05 15:17:23,270] {dag.py:2379} INFO - Sync 1 DAGs
[2024-11-05 15:17:23,289] {logging_mixin.py:115} INFO - [2024-11-05 15:17:23,289] {dag.py:2927} INFO - Setting next_dagrun for example_trigger_controller_dag to 2021-01-01T00:00:00+00:00, run_after=2021-01-01T00:00:00+00:00
[2024-11-05 15:17:23,399] {processor.py:161} INFO - Processing /home/paula/Documentos/airflow/venv/lib/python3.10/site-packages/airflow/example_dags/example_trigger_controller_dag.py took 0.170 seconds
[2024-11-05 15:17:58,747] {processor.py:153} INFO - Started process (PID=1057146) to work on /home/paula/Documentos/airflow/venv/lib/python3.10/site-packages/airflow/example_dags/example_trigger_controller_dag.py
[2024-11-05 15:17:58,748] {processor.py:641} INFO - Processing file /home/paula/Documentos/airflow/venv/lib/python3.10/site-packages/airflow/example_dags/example_trigger_controller_dag.py for tasks to queue
[2024-11-05 15:17:58,748] {logging_mixin.py:115} INFO - [2024-11-05 15:17:58,748] {dagbag.py:507} INFO - Filling up the DagBag from /home/paula/Documentos/airflow/venv/lib/python3.10/site-packages/airflow/example_dags/example_trigger_controller_dag.py
[2024-11-05 15:17:58,753] {processor.py:651} INFO - DAG(s) dict_keys(['example_trigger_controller_dag']) retrieved from /home/paula/Documentos/airflow/venv/lib/python3.10/site-packages/airflow/example_dags/example_trigger_controller_dag.py
[2024-11-05 15:17:58,771] {logging_mixin.py:115} INFO - [2024-11-05 15:17:58,771] {dag.py:2379} INFO - Sync 1 DAGs
[2024-11-05 15:17:58,788] {logging_mixin.py:115} INFO - [2024-11-05 15:17:58,788] {dag.py:2927} INFO - Setting next_dagrun for example_trigger_controller_dag to 2021-01-01T00:00:00+00:00, run_after=2021-01-01T00:00:00+00:00
[2024-11-05 15:17:58,891] {processor.py:161} INFO - Processing /home/paula/Documentos/airflow/venv/lib/python3.10/site-packages/airflow/example_dags/example_trigger_controller_dag.py took 0.147 seconds
[2024-11-05 15:18:35,518] {processor.py:153} INFO - Started process (PID=1057384) to work on /home/paula/Documentos/airflow/venv/lib/python3.10/site-packages/airflow/example_dags/example_trigger_controller_dag.py
[2024-11-05 15:18:35,518] {processor.py:641} INFO - Processing file /home/paula/Documentos/airflow/venv/lib/python3.10/site-packages/airflow/example_dags/example_trigger_controller_dag.py for tasks to queue
[2024-11-05 15:18:35,519] {logging_mixin.py:115} INFO - [2024-11-05 15:18:35,519] {dagbag.py:507} INFO - Filling up the DagBag from /home/paula/Documentos/airflow/venv/lib/python3.10/site-packages/airflow/example_dags/example_trigger_controller_dag.py
[2024-11-05 15:18:35,523] {processor.py:651} INFO - DAG(s) dict_keys(['example_trigger_controller_dag']) retrieved from /home/paula/Documentos/airflow/venv/lib/python3.10/site-packages/airflow/example_dags/example_trigger_controller_dag.py
[2024-11-05 15:18:35,540] {logging_mixin.py:115} INFO - [2024-11-05 15:18:35,540] {dag.py:2379} INFO - Sync 1 DAGs
[2024-11-05 15:18:35,563] {logging_mixin.py:115} INFO - [2024-11-05 15:18:35,563] {dag.py:2927} INFO - Setting next_dagrun for example_trigger_controller_dag to 2021-01-01T00:00:00+00:00, run_after=2021-01-01T00:00:00+00:00
[2024-11-05 15:18:35,678] {processor.py:161} INFO - Processing /home/paula/Documentos/airflow/venv/lib/python3.10/site-packages/airflow/example_dags/example_trigger_controller_dag.py took 0.163 seconds
[2024-11-05 15:19:18,675] {processor.py:153} INFO - Started process (PID=1057645) to work on /home/paula/Documentos/airflow/venv/lib/python3.10/site-packages/airflow/example_dags/example_trigger_controller_dag.py
[2024-11-05 15:19:18,676] {processor.py:641} INFO - Processing file /home/paula/Documentos/airflow/venv/lib/python3.10/site-packages/airflow/example_dags/example_trigger_controller_dag.py for tasks to queue
[2024-11-05 15:19:18,676] {logging_mixin.py:115} INFO - [2024-11-05 15:19:18,676] {dagbag.py:507} INFO - Filling up the DagBag from /home/paula/Documentos/airflow/venv/lib/python3.10/site-packages/airflow/example_dags/example_trigger_controller_dag.py
[2024-11-05 15:19:18,680] {processor.py:651} INFO - DAG(s) dict_keys(['example_trigger_controller_dag']) retrieved from /home/paula/Documentos/airflow/venv/lib/python3.10/site-packages/airflow/example_dags/example_trigger_controller_dag.py
[2024-11-05 15:19:18,695] {logging_mixin.py:115} INFO - [2024-11-05 15:19:18,695] {dag.py:2379} INFO - Sync 1 DAGs
[2024-11-05 15:19:18,711] {logging_mixin.py:115} INFO - [2024-11-05 15:19:18,710] {dag.py:2927} INFO - Setting next_dagrun for example_trigger_controller_dag to 2021-01-01T00:00:00+00:00, run_after=2021-01-01T00:00:00+00:00
[2024-11-05 15:19:18,805] {processor.py:161} INFO - Processing /home/paula/Documentos/airflow/venv/lib/python3.10/site-packages/airflow/example_dags/example_trigger_controller_dag.py took 0.133 seconds
[2024-11-05 15:20:03,034] {processor.py:153} INFO - Started process (PID=1057949) to work on /home/paula/Documentos/airflow/venv/lib/python3.10/site-packages/airflow/example_dags/example_trigger_controller_dag.py
[2024-11-05 15:20:03,064] {processor.py:641} INFO - Processing file /home/paula/Documentos/airflow/venv/lib/python3.10/site-packages/airflow/example_dags/example_trigger_controller_dag.py for tasks to queue
[2024-11-05 15:20:03,065] {logging_mixin.py:115} INFO - [2024-11-05 15:20:03,064] {dagbag.py:507} INFO - Filling up the DagBag from /home/paula/Documentos/airflow/venv/lib/python3.10/site-packages/airflow/example_dags/example_trigger_controller_dag.py
[2024-11-05 15:20:03,068] {processor.py:651} INFO - DAG(s) dict_keys(['example_trigger_controller_dag']) retrieved from /home/paula/Documentos/airflow/venv/lib/python3.10/site-packages/airflow/example_dags/example_trigger_controller_dag.py
[2024-11-05 15:20:03,087] {logging_mixin.py:115} INFO - [2024-11-05 15:20:03,087] {dag.py:2379} INFO - Sync 1 DAGs
[2024-11-05 15:20:03,107] {logging_mixin.py:115} INFO - [2024-11-05 15:20:03,107] {dag.py:2927} INFO - Setting next_dagrun for example_trigger_controller_dag to 2021-01-01T00:00:00+00:00, run_after=2021-01-01T00:00:00+00:00
[2024-11-05 15:20:03,420] {processor.py:161} INFO - Processing /home/paula/Documentos/airflow/venv/lib/python3.10/site-packages/airflow/example_dags/example_trigger_controller_dag.py took 0.389 seconds
[2024-11-05 15:21:19,237] {processor.py:153} INFO - Started process (PID=1058430) to work on /home/paula/Documentos/airflow/venv/lib/python3.10/site-packages/airflow/example_dags/example_trigger_controller_dag.py
[2024-11-05 15:21:19,238] {processor.py:641} INFO - Processing file /home/paula/Documentos/airflow/venv/lib/python3.10/site-packages/airflow/example_dags/example_trigger_controller_dag.py for tasks to queue
[2024-11-05 15:21:19,239] {logging_mixin.py:115} INFO - [2024-11-05 15:21:19,239] {dagbag.py:507} INFO - Filling up the DagBag from /home/paula/Documentos/airflow/venv/lib/python3.10/site-packages/airflow/example_dags/example_trigger_controller_dag.py
[2024-11-05 15:21:19,243] {processor.py:651} INFO - DAG(s) dict_keys(['example_trigger_controller_dag']) retrieved from /home/paula/Documentos/airflow/venv/lib/python3.10/site-packages/airflow/example_dags/example_trigger_controller_dag.py
[2024-11-05 15:21:19,265] {logging_mixin.py:115} INFO - [2024-11-05 15:21:19,265] {dag.py:2379} INFO - Sync 1 DAGs
[2024-11-05 15:21:19,282] {logging_mixin.py:115} INFO - [2024-11-05 15:21:19,282] {dag.py:2927} INFO - Setting next_dagrun for example_trigger_controller_dag to 2021-01-01T00:00:00+00:00, run_after=2021-01-01T00:00:00+00:00
[2024-11-05 15:21:19,383] {processor.py:161} INFO - Processing /home/paula/Documentos/airflow/venv/lib/python3.10/site-packages/airflow/example_dags/example_trigger_controller_dag.py took 0.150 seconds
[2024-11-05 15:22:01,380] {processor.py:153} INFO - Started process (PID=1058696) to work on /home/paula/Documentos/airflow/venv/lib/python3.10/site-packages/airflow/example_dags/example_trigger_controller_dag.py
[2024-11-05 15:22:01,403] {processor.py:641} INFO - Processing file /home/paula/Documentos/airflow/venv/lib/python3.10/site-packages/airflow/example_dags/example_trigger_controller_dag.py for tasks to queue
[2024-11-05 15:22:01,403] {logging_mixin.py:115} INFO - [2024-11-05 15:22:01,403] {dagbag.py:507} INFO - Filling up the DagBag from /home/paula/Documentos/airflow/venv/lib/python3.10/site-packages/airflow/example_dags/example_trigger_controller_dag.py
[2024-11-05 15:22:01,408] {processor.py:651} INFO - DAG(s) dict_keys(['example_trigger_controller_dag']) retrieved from /home/paula/Documentos/airflow/venv/lib/python3.10/site-packages/airflow/example_dags/example_trigger_controller_dag.py
[2024-11-05 15:22:01,433] {logging_mixin.py:115} INFO - [2024-11-05 15:22:01,433] {dag.py:2379} INFO - Sync 1 DAGs
[2024-11-05 15:22:01,451] {logging_mixin.py:115} INFO - [2024-11-05 15:22:01,451] {dag.py:2927} INFO - Setting next_dagrun for example_trigger_controller_dag to 2021-01-01T00:00:00+00:00, run_after=2021-01-01T00:00:00+00:00
[2024-11-05 15:22:01,571] {processor.py:161} INFO - Processing /home/paula/Documentos/airflow/venv/lib/python3.10/site-packages/airflow/example_dags/example_trigger_controller_dag.py took 0.195 seconds
[2024-11-05 15:22:44,024] {processor.py:153} INFO - Started process (PID=1058955) to work on /home/paula/Documentos/airflow/venv/lib/python3.10/site-packages/airflow/example_dags/example_trigger_controller_dag.py
[2024-11-05 15:22:44,025] {processor.py:641} INFO - Processing file /home/paula/Documentos/airflow/venv/lib/python3.10/site-packages/airflow/example_dags/example_trigger_controller_dag.py for tasks to queue
[2024-11-05 15:22:44,026] {logging_mixin.py:115} INFO - [2024-11-05 15:22:44,026] {dagbag.py:507} INFO - Filling up the DagBag from /home/paula/Documentos/airflow/venv/lib/python3.10/site-packages/airflow/example_dags/example_trigger_controller_dag.py
[2024-11-05 15:22:44,030] {processor.py:651} INFO - DAG(s) dict_keys(['example_trigger_controller_dag']) retrieved from /home/paula/Documentos/airflow/venv/lib/python3.10/site-packages/airflow/example_dags/example_trigger_controller_dag.py
[2024-11-05 15:22:44,048] {logging_mixin.py:115} INFO - [2024-11-05 15:22:44,047] {dag.py:2379} INFO - Sync 1 DAGs
[2024-11-05 15:22:44,066] {logging_mixin.py:115} INFO - [2024-11-05 15:22:44,066] {dag.py:2927} INFO - Setting next_dagrun for example_trigger_controller_dag to 2021-01-01T00:00:00+00:00, run_after=2021-01-01T00:00:00+00:00
[2024-11-05 15:22:44,188] {processor.py:161} INFO - Processing /home/paula/Documentos/airflow/venv/lib/python3.10/site-packages/airflow/example_dags/example_trigger_controller_dag.py took 0.167 seconds
[2024-11-05 15:23:25,102] {processor.py:153} INFO - Started process (PID=1059225) to work on /home/paula/Documentos/airflow/venv/lib/python3.10/site-packages/airflow/example_dags/example_trigger_controller_dag.py
[2024-11-05 15:23:25,111] {processor.py:641} INFO - Processing file /home/paula/Documentos/airflow/venv/lib/python3.10/site-packages/airflow/example_dags/example_trigger_controller_dag.py for tasks to queue
[2024-11-05 15:23:25,112] {logging_mixin.py:115} INFO - [2024-11-05 15:23:25,112] {dagbag.py:507} INFO - Filling up the DagBag from /home/paula/Documentos/airflow/venv/lib/python3.10/site-packages/airflow/example_dags/example_trigger_controller_dag.py
[2024-11-05 15:23:25,115] {processor.py:651} INFO - DAG(s) dict_keys(['example_trigger_controller_dag']) retrieved from /home/paula/Documentos/airflow/venv/lib/python3.10/site-packages/airflow/example_dags/example_trigger_controller_dag.py
[2024-11-05 15:23:25,265] {logging_mixin.py:115} INFO - [2024-11-05 15:23:25,265] {dag.py:2379} INFO - Sync 1 DAGs
[2024-11-05 15:23:25,296] {logging_mixin.py:115} INFO - [2024-11-05 15:23:25,295] {dag.py:2927} INFO - Setting next_dagrun for example_trigger_controller_dag to 2021-01-01T00:00:00+00:00, run_after=2021-01-01T00:00:00+00:00
[2024-11-05 15:23:25,479] {processor.py:161} INFO - Processing /home/paula/Documentos/airflow/venv/lib/python3.10/site-packages/airflow/example_dags/example_trigger_controller_dag.py took 0.382 seconds
[2024-11-05 15:24:03,294] {processor.py:153} INFO - Started process (PID=1059467) to work on /home/paula/Documentos/airflow/venv/lib/python3.10/site-packages/airflow/example_dags/example_trigger_controller_dag.py
[2024-11-05 15:24:03,295] {processor.py:641} INFO - Processing file /home/paula/Documentos/airflow/venv/lib/python3.10/site-packages/airflow/example_dags/example_trigger_controller_dag.py for tasks to queue
[2024-11-05 15:24:03,296] {logging_mixin.py:115} INFO - [2024-11-05 15:24:03,296] {dagbag.py:507} INFO - Filling up the DagBag from /home/paula/Documentos/airflow/venv/lib/python3.10/site-packages/airflow/example_dags/example_trigger_controller_dag.py
[2024-11-05 15:24:03,299] {processor.py:651} INFO - DAG(s) dict_keys(['example_trigger_controller_dag']) retrieved from /home/paula/Documentos/airflow/venv/lib/python3.10/site-packages/airflow/example_dags/example_trigger_controller_dag.py
[2024-11-05 15:24:03,316] {logging_mixin.py:115} INFO - [2024-11-05 15:24:03,315] {dag.py:2379} INFO - Sync 1 DAGs
[2024-11-05 15:24:03,333] {logging_mixin.py:115} INFO - [2024-11-05 15:24:03,333] {dag.py:2927} INFO - Setting next_dagrun for example_trigger_controller_dag to 2021-01-01T00:00:00+00:00, run_after=2021-01-01T00:00:00+00:00
[2024-11-05 15:24:03,431] {processor.py:161} INFO - Processing /home/paula/Documentos/airflow/venv/lib/python3.10/site-packages/airflow/example_dags/example_trigger_controller_dag.py took 0.141 seconds
[2024-11-05 15:24:37,294] {processor.py:153} INFO - Started process (PID=1059672) to work on /home/paula/Documentos/airflow/venv/lib/python3.10/site-packages/airflow/example_dags/example_trigger_controller_dag.py
[2024-11-05 15:24:37,307] {processor.py:641} INFO - Processing file /home/paula/Documentos/airflow/venv/lib/python3.10/site-packages/airflow/example_dags/example_trigger_controller_dag.py for tasks to queue
[2024-11-05 15:24:37,309] {logging_mixin.py:115} INFO - [2024-11-05 15:24:37,308] {dagbag.py:507} INFO - Filling up the DagBag from /home/paula/Documentos/airflow/venv/lib/python3.10/site-packages/airflow/example_dags/example_trigger_controller_dag.py
[2024-11-05 15:24:37,314] {processor.py:651} INFO - DAG(s) dict_keys(['example_trigger_controller_dag']) retrieved from /home/paula/Documentos/airflow/venv/lib/python3.10/site-packages/airflow/example_dags/example_trigger_controller_dag.py
[2024-11-05 15:24:37,335] {logging_mixin.py:115} INFO - [2024-11-05 15:24:37,335] {dag.py:2379} INFO - Sync 1 DAGs
[2024-11-05 15:24:37,353] {logging_mixin.py:115} INFO - [2024-11-05 15:24:37,353] {dag.py:2927} INFO - Setting next_dagrun for example_trigger_controller_dag to 2021-01-01T00:00:00+00:00, run_after=2021-01-01T00:00:00+00:00
[2024-11-05 15:24:37,447] {processor.py:161} INFO - Processing /home/paula/Documentos/airflow/venv/lib/python3.10/site-packages/airflow/example_dags/example_trigger_controller_dag.py took 0.158 seconds
[2024-11-05 15:25:18,406] {processor.py:153} INFO - Started process (PID=1060024) to work on /home/paula/Documentos/airflow/venv/lib/python3.10/site-packages/airflow/example_dags/example_trigger_controller_dag.py
[2024-11-05 15:25:18,455] {processor.py:641} INFO - Processing file /home/paula/Documentos/airflow/venv/lib/python3.10/site-packages/airflow/example_dags/example_trigger_controller_dag.py for tasks to queue
[2024-11-05 15:25:18,456] {logging_mixin.py:115} INFO - [2024-11-05 15:25:18,455] {dagbag.py:507} INFO - Filling up the DagBag from /home/paula/Documentos/airflow/venv/lib/python3.10/site-packages/airflow/example_dags/example_trigger_controller_dag.py
[2024-11-05 15:25:18,460] {processor.py:651} INFO - DAG(s) dict_keys(['example_trigger_controller_dag']) retrieved from /home/paula/Documentos/airflow/venv/lib/python3.10/site-packages/airflow/example_dags/example_trigger_controller_dag.py
[2024-11-05 15:25:18,480] {logging_mixin.py:115} INFO - [2024-11-05 15:25:18,480] {dag.py:2379} INFO - Sync 1 DAGs
[2024-11-05 15:25:18,509] {logging_mixin.py:115} INFO - [2024-11-05 15:25:18,508] {dag.py:2927} INFO - Setting next_dagrun for example_trigger_controller_dag to 2021-01-01T00:00:00+00:00, run_after=2021-01-01T00:00:00+00:00
[2024-11-05 15:25:18,700] {processor.py:161} INFO - Processing /home/paula/Documentos/airflow/venv/lib/python3.10/site-packages/airflow/example_dags/example_trigger_controller_dag.py took 0.297 seconds
[2024-11-05 15:25:53,793] {processor.py:153} INFO - Started process (PID=1060245) to work on /home/paula/Documentos/airflow/venv/lib/python3.10/site-packages/airflow/example_dags/example_trigger_controller_dag.py
[2024-11-05 15:25:53,816] {processor.py:641} INFO - Processing file /home/paula/Documentos/airflow/venv/lib/python3.10/site-packages/airflow/example_dags/example_trigger_controller_dag.py for tasks to queue
[2024-11-05 15:25:53,816] {logging_mixin.py:115} INFO - [2024-11-05 15:25:53,816] {dagbag.py:507} INFO - Filling up the DagBag from /home/paula/Documentos/airflow/venv/lib/python3.10/site-packages/airflow/example_dags/example_trigger_controller_dag.py
[2024-11-05 15:25:53,821] {processor.py:651} INFO - DAG(s) dict_keys(['example_trigger_controller_dag']) retrieved from /home/paula/Documentos/airflow/venv/lib/python3.10/site-packages/airflow/example_dags/example_trigger_controller_dag.py
[2024-11-05 15:25:53,841] {logging_mixin.py:115} INFO - [2024-11-05 15:25:53,841] {dag.py:2379} INFO - Sync 1 DAGs
[2024-11-05 15:25:53,858] {logging_mixin.py:115} INFO - [2024-11-05 15:25:53,858] {dag.py:2927} INFO - Setting next_dagrun for example_trigger_controller_dag to 2021-01-01T00:00:00+00:00, run_after=2021-01-01T00:00:00+00:00
[2024-11-05 15:25:53,962] {processor.py:161} INFO - Processing /home/paula/Documentos/airflow/venv/lib/python3.10/site-packages/airflow/example_dags/example_trigger_controller_dag.py took 0.173 seconds
[2024-11-05 15:28:48,665] {processor.py:153} INFO - Started process (PID=1061304) to work on /home/paula/Documentos/airflow/venv/lib/python3.10/site-packages/airflow/example_dags/example_trigger_controller_dag.py
[2024-11-05 15:28:48,666] {processor.py:641} INFO - Processing file /home/paula/Documentos/airflow/venv/lib/python3.10/site-packages/airflow/example_dags/example_trigger_controller_dag.py for tasks to queue
[2024-11-05 15:28:48,667] {logging_mixin.py:115} INFO - [2024-11-05 15:28:48,667] {dagbag.py:507} INFO - Filling up the DagBag from /home/paula/Documentos/airflow/venv/lib/python3.10/site-packages/airflow/example_dags/example_trigger_controller_dag.py
[2024-11-05 15:28:48,670] {processor.py:651} INFO - DAG(s) dict_keys(['example_trigger_controller_dag']) retrieved from /home/paula/Documentos/airflow/venv/lib/python3.10/site-packages/airflow/example_dags/example_trigger_controller_dag.py
[2024-11-05 15:28:48,686] {logging_mixin.py:115} INFO - [2024-11-05 15:28:48,686] {dag.py:2379} INFO - Sync 1 DAGs
[2024-11-05 15:28:48,704] {logging_mixin.py:115} INFO - [2024-11-05 15:28:48,703] {dag.py:2927} INFO - Setting next_dagrun for example_trigger_controller_dag to 2021-01-01T00:00:00+00:00, run_after=2021-01-01T00:00:00+00:00
[2024-11-05 15:28:48,858] {processor.py:161} INFO - Processing /home/paula/Documentos/airflow/venv/lib/python3.10/site-packages/airflow/example_dags/example_trigger_controller_dag.py took 0.198 seconds
[2024-11-05 15:29:32,262] {processor.py:153} INFO - Started process (PID=1061610) to work on /home/paula/Documentos/airflow/venv/lib/python3.10/site-packages/airflow/example_dags/example_trigger_controller_dag.py
[2024-11-05 15:29:32,294] {processor.py:641} INFO - Processing file /home/paula/Documentos/airflow/venv/lib/python3.10/site-packages/airflow/example_dags/example_trigger_controller_dag.py for tasks to queue
[2024-11-05 15:29:32,295] {logging_mixin.py:115} INFO - [2024-11-05 15:29:32,295] {dagbag.py:507} INFO - Filling up the DagBag from /home/paula/Documentos/airflow/venv/lib/python3.10/site-packages/airflow/example_dags/example_trigger_controller_dag.py
[2024-11-05 15:29:32,300] {processor.py:651} INFO - DAG(s) dict_keys(['example_trigger_controller_dag']) retrieved from /home/paula/Documentos/airflow/venv/lib/python3.10/site-packages/airflow/example_dags/example_trigger_controller_dag.py
[2024-11-05 15:29:32,325] {logging_mixin.py:115} INFO - [2024-11-05 15:29:32,325] {dag.py:2379} INFO - Sync 1 DAGs
[2024-11-05 15:29:32,345] {logging_mixin.py:115} INFO - [2024-11-05 15:29:32,345] {dag.py:2927} INFO - Setting next_dagrun for example_trigger_controller_dag to 2021-01-01T00:00:00+00:00, run_after=2021-01-01T00:00:00+00:00
[2024-11-05 15:29:32,444] {processor.py:161} INFO - Processing /home/paula/Documentos/airflow/venv/lib/python3.10/site-packages/airflow/example_dags/example_trigger_controller_dag.py took 0.185 seconds
[2024-11-05 15:30:16,886] {processor.py:153} INFO - Started process (PID=1061873) to work on /home/paula/Documentos/airflow/venv/lib/python3.10/site-packages/airflow/example_dags/example_trigger_controller_dag.py
[2024-11-05 15:30:16,891] {processor.py:641} INFO - Processing file /home/paula/Documentos/airflow/venv/lib/python3.10/site-packages/airflow/example_dags/example_trigger_controller_dag.py for tasks to queue
[2024-11-05 15:30:16,891] {logging_mixin.py:115} INFO - [2024-11-05 15:30:16,891] {dagbag.py:507} INFO - Filling up the DagBag from /home/paula/Documentos/airflow/venv/lib/python3.10/site-packages/airflow/example_dags/example_trigger_controller_dag.py
[2024-11-05 15:30:16,896] {processor.py:651} INFO - DAG(s) dict_keys(['example_trigger_controller_dag']) retrieved from /home/paula/Documentos/airflow/venv/lib/python3.10/site-packages/airflow/example_dags/example_trigger_controller_dag.py
[2024-11-05 15:30:16,914] {logging_mixin.py:115} INFO - [2024-11-05 15:30:16,914] {dag.py:2379} INFO - Sync 1 DAGs
[2024-11-05 15:30:16,930] {logging_mixin.py:115} INFO - [2024-11-05 15:30:16,930] {dag.py:2927} INFO - Setting next_dagrun for example_trigger_controller_dag to 2021-01-01T00:00:00+00:00, run_after=2021-01-01T00:00:00+00:00
[2024-11-05 15:30:17,343] {processor.py:161} INFO - Processing /home/paula/Documentos/airflow/venv/lib/python3.10/site-packages/airflow/example_dags/example_trigger_controller_dag.py took 0.460 seconds
[2024-11-05 15:30:58,785] {processor.py:153} INFO - Started process (PID=1062114) to work on /home/paula/Documentos/airflow/venv/lib/python3.10/site-packages/airflow/example_dags/example_trigger_controller_dag.py
[2024-11-05 15:30:58,786] {processor.py:641} INFO - Processing file /home/paula/Documentos/airflow/venv/lib/python3.10/site-packages/airflow/example_dags/example_trigger_controller_dag.py for tasks to queue
[2024-11-05 15:30:58,786] {logging_mixin.py:115} INFO - [2024-11-05 15:30:58,786] {dagbag.py:507} INFO - Filling up the DagBag from /home/paula/Documentos/airflow/venv/lib/python3.10/site-packages/airflow/example_dags/example_trigger_controller_dag.py
[2024-11-05 15:30:58,791] {processor.py:651} INFO - DAG(s) dict_keys(['example_trigger_controller_dag']) retrieved from /home/paula/Documentos/airflow/venv/lib/python3.10/site-packages/airflow/example_dags/example_trigger_controller_dag.py
[2024-11-05 15:30:58,807] {logging_mixin.py:115} INFO - [2024-11-05 15:30:58,807] {dag.py:2379} INFO - Sync 1 DAGs
[2024-11-05 15:30:58,822] {logging_mixin.py:115} INFO - [2024-11-05 15:30:58,822] {dag.py:2927} INFO - Setting next_dagrun for example_trigger_controller_dag to 2021-01-01T00:00:00+00:00, run_after=2021-01-01T00:00:00+00:00
[2024-11-05 15:30:58,919] {processor.py:161} INFO - Processing /home/paula/Documentos/airflow/venv/lib/python3.10/site-packages/airflow/example_dags/example_trigger_controller_dag.py took 0.138 seconds
[2024-11-05 15:31:43,648] {processor.py:153} INFO - Started process (PID=1062378) to work on /home/paula/Documentos/airflow/venv/lib/python3.10/site-packages/airflow/example_dags/example_trigger_controller_dag.py
[2024-11-05 15:31:43,669] {processor.py:641} INFO - Processing file /home/paula/Documentos/airflow/venv/lib/python3.10/site-packages/airflow/example_dags/example_trigger_controller_dag.py for tasks to queue
[2024-11-05 15:31:43,669] {logging_mixin.py:115} INFO - [2024-11-05 15:31:43,669] {dagbag.py:507} INFO - Filling up the DagBag from /home/paula/Documentos/airflow/venv/lib/python3.10/site-packages/airflow/example_dags/example_trigger_controller_dag.py
[2024-11-05 15:31:43,673] {processor.py:651} INFO - DAG(s) dict_keys(['example_trigger_controller_dag']) retrieved from /home/paula/Documentos/airflow/venv/lib/python3.10/site-packages/airflow/example_dags/example_trigger_controller_dag.py
[2024-11-05 15:31:43,692] {logging_mixin.py:115} INFO - [2024-11-05 15:31:43,692] {dag.py:2379} INFO - Sync 1 DAGs
[2024-11-05 15:31:43,711] {logging_mixin.py:115} INFO - [2024-11-05 15:31:43,711] {dag.py:2927} INFO - Setting next_dagrun for example_trigger_controller_dag to 2021-01-01T00:00:00+00:00, run_after=2021-01-01T00:00:00+00:00
[2024-11-05 15:31:43,799] {processor.py:161} INFO - Processing /home/paula/Documentos/airflow/venv/lib/python3.10/site-packages/airflow/example_dags/example_trigger_controller_dag.py took 0.155 seconds
[2024-11-05 15:32:34,834] {processor.py:153} INFO - Started process (PID=1062706) to work on /home/paula/Documentos/airflow/venv/lib/python3.10/site-packages/airflow/example_dags/example_trigger_controller_dag.py
[2024-11-05 15:32:34,836] {processor.py:641} INFO - Processing file /home/paula/Documentos/airflow/venv/lib/python3.10/site-packages/airflow/example_dags/example_trigger_controller_dag.py for tasks to queue
[2024-11-05 15:32:34,836] {logging_mixin.py:115} INFO - [2024-11-05 15:32:34,836] {dagbag.py:507} INFO - Filling up the DagBag from /home/paula/Documentos/airflow/venv/lib/python3.10/site-packages/airflow/example_dags/example_trigger_controller_dag.py
[2024-11-05 15:32:34,842] {processor.py:651} INFO - DAG(s) dict_keys(['example_trigger_controller_dag']) retrieved from /home/paula/Documentos/airflow/venv/lib/python3.10/site-packages/airflow/example_dags/example_trigger_controller_dag.py
[2024-11-05 15:32:34,860] {logging_mixin.py:115} INFO - [2024-11-05 15:32:34,860] {dag.py:2379} INFO - Sync 1 DAGs
[2024-11-05 15:32:34,878] {logging_mixin.py:115} INFO - [2024-11-05 15:32:34,877] {dag.py:2927} INFO - Setting next_dagrun for example_trigger_controller_dag to 2021-01-01T00:00:00+00:00, run_after=2021-01-01T00:00:00+00:00
[2024-11-05 15:32:34,975] {processor.py:161} INFO - Processing /home/paula/Documentos/airflow/venv/lib/python3.10/site-packages/airflow/example_dags/example_trigger_controller_dag.py took 0.144 seconds
[2024-11-05 15:33:16,873] {processor.py:153} INFO - Started process (PID=1063008) to work on /home/paula/Documentos/airflow/venv/lib/python3.10/site-packages/airflow/example_dags/example_trigger_controller_dag.py
[2024-11-05 15:33:16,874] {processor.py:641} INFO - Processing file /home/paula/Documentos/airflow/venv/lib/python3.10/site-packages/airflow/example_dags/example_trigger_controller_dag.py for tasks to queue
[2024-11-05 15:33:16,875] {logging_mixin.py:115} INFO - [2024-11-05 15:33:16,874] {dagbag.py:507} INFO - Filling up the DagBag from /home/paula/Documentos/airflow/venv/lib/python3.10/site-packages/airflow/example_dags/example_trigger_controller_dag.py
[2024-11-05 15:33:16,879] {processor.py:651} INFO - DAG(s) dict_keys(['example_trigger_controller_dag']) retrieved from /home/paula/Documentos/airflow/venv/lib/python3.10/site-packages/airflow/example_dags/example_trigger_controller_dag.py
[2024-11-05 15:33:16,896] {logging_mixin.py:115} INFO - [2024-11-05 15:33:16,896] {dag.py:2379} INFO - Sync 1 DAGs
[2024-11-05 15:33:16,911] {logging_mixin.py:115} INFO - [2024-11-05 15:33:16,911] {dag.py:2927} INFO - Setting next_dagrun for example_trigger_controller_dag to 2021-01-01T00:00:00+00:00, run_after=2021-01-01T00:00:00+00:00
[2024-11-05 15:33:17,020] {processor.py:161} INFO - Processing /home/paula/Documentos/airflow/venv/lib/python3.10/site-packages/airflow/example_dags/example_trigger_controller_dag.py took 0.150 seconds
[2024-11-05 15:34:02,520] {processor.py:153} INFO - Started process (PID=1063286) to work on /home/paula/Documentos/airflow/venv/lib/python3.10/site-packages/airflow/example_dags/example_trigger_controller_dag.py
[2024-11-05 15:34:02,521] {processor.py:641} INFO - Processing file /home/paula/Documentos/airflow/venv/lib/python3.10/site-packages/airflow/example_dags/example_trigger_controller_dag.py for tasks to queue
[2024-11-05 15:34:02,522] {logging_mixin.py:115} INFO - [2024-11-05 15:34:02,522] {dagbag.py:507} INFO - Filling up the DagBag from /home/paula/Documentos/airflow/venv/lib/python3.10/site-packages/airflow/example_dags/example_trigger_controller_dag.py
[2024-11-05 15:34:02,525] {processor.py:651} INFO - DAG(s) dict_keys(['example_trigger_controller_dag']) retrieved from /home/paula/Documentos/airflow/venv/lib/python3.10/site-packages/airflow/example_dags/example_trigger_controller_dag.py
[2024-11-05 15:34:02,543] {logging_mixin.py:115} INFO - [2024-11-05 15:34:02,542] {dag.py:2379} INFO - Sync 1 DAGs
[2024-11-05 15:34:02,561] {logging_mixin.py:115} INFO - [2024-11-05 15:34:02,561] {dag.py:2927} INFO - Setting next_dagrun for example_trigger_controller_dag to 2021-01-01T00:00:00+00:00, run_after=2021-01-01T00:00:00+00:00
[2024-11-05 15:34:02,659] {processor.py:161} INFO - Processing /home/paula/Documentos/airflow/venv/lib/python3.10/site-packages/airflow/example_dags/example_trigger_controller_dag.py took 0.142 seconds
[2024-11-05 15:34:42,316] {processor.py:153} INFO - Started process (PID=1063668) to work on /home/paula/Documentos/airflow/venv/lib/python3.10/site-packages/airflow/example_dags/example_trigger_controller_dag.py
[2024-11-05 15:34:42,339] {processor.py:641} INFO - Processing file /home/paula/Documentos/airflow/venv/lib/python3.10/site-packages/airflow/example_dags/example_trigger_controller_dag.py for tasks to queue
[2024-11-05 15:34:42,340] {logging_mixin.py:115} INFO - [2024-11-05 15:34:42,340] {dagbag.py:507} INFO - Filling up the DagBag from /home/paula/Documentos/airflow/venv/lib/python3.10/site-packages/airflow/example_dags/example_trigger_controller_dag.py
[2024-11-05 15:34:42,345] {processor.py:651} INFO - DAG(s) dict_keys(['example_trigger_controller_dag']) retrieved from /home/paula/Documentos/airflow/venv/lib/python3.10/site-packages/airflow/example_dags/example_trigger_controller_dag.py
[2024-11-05 15:34:42,367] {logging_mixin.py:115} INFO - [2024-11-05 15:34:42,366] {dag.py:2379} INFO - Sync 1 DAGs
[2024-11-05 15:34:42,383] {logging_mixin.py:115} INFO - [2024-11-05 15:34:42,383] {dag.py:2927} INFO - Setting next_dagrun for example_trigger_controller_dag to 2021-01-01T00:00:00+00:00, run_after=2021-01-01T00:00:00+00:00
[2024-11-05 15:34:42,547] {processor.py:161} INFO - Processing /home/paula/Documentos/airflow/venv/lib/python3.10/site-packages/airflow/example_dags/example_trigger_controller_dag.py took 0.234 seconds
[2024-11-05 15:35:21,095] {processor.py:153} INFO - Started process (PID=1063907) to work on /home/paula/Documentos/airflow/venv/lib/python3.10/site-packages/airflow/example_dags/example_trigger_controller_dag.py
[2024-11-05 15:35:21,131] {processor.py:641} INFO - Processing file /home/paula/Documentos/airflow/venv/lib/python3.10/site-packages/airflow/example_dags/example_trigger_controller_dag.py for tasks to queue
[2024-11-05 15:35:21,132] {logging_mixin.py:115} INFO - [2024-11-05 15:35:21,132] {dagbag.py:507} INFO - Filling up the DagBag from /home/paula/Documentos/airflow/venv/lib/python3.10/site-packages/airflow/example_dags/example_trigger_controller_dag.py
[2024-11-05 15:35:21,137] {processor.py:651} INFO - DAG(s) dict_keys(['example_trigger_controller_dag']) retrieved from /home/paula/Documentos/airflow/venv/lib/python3.10/site-packages/airflow/example_dags/example_trigger_controller_dag.py
[2024-11-05 15:35:21,156] {logging_mixin.py:115} INFO - [2024-11-05 15:35:21,156] {dag.py:2379} INFO - Sync 1 DAGs
[2024-11-05 15:35:21,176] {logging_mixin.py:115} INFO - [2024-11-05 15:35:21,176] {dag.py:2927} INFO - Setting next_dagrun for example_trigger_controller_dag to 2021-01-01T00:00:00+00:00, run_after=2021-01-01T00:00:00+00:00
[2024-11-05 15:35:21,615] {processor.py:161} INFO - Processing /home/paula/Documentos/airflow/venv/lib/python3.10/site-packages/airflow/example_dags/example_trigger_controller_dag.py took 0.523 seconds
[2024-11-05 15:39:38,496] {processor.py:153} INFO - Started process (PID=1065225) to work on /home/paula/Documentos/airflow/venv/lib/python3.10/site-packages/airflow/example_dags/example_trigger_controller_dag.py
[2024-11-05 15:39:38,507] {processor.py:641} INFO - Processing file /home/paula/Documentos/airflow/venv/lib/python3.10/site-packages/airflow/example_dags/example_trigger_controller_dag.py for tasks to queue
[2024-11-05 15:39:38,508] {logging_mixin.py:115} INFO - [2024-11-05 15:39:38,508] {dagbag.py:507} INFO - Filling up the DagBag from /home/paula/Documentos/airflow/venv/lib/python3.10/site-packages/airflow/example_dags/example_trigger_controller_dag.py
[2024-11-05 15:39:38,511] {processor.py:651} INFO - DAG(s) dict_keys(['example_trigger_controller_dag']) retrieved from /home/paula/Documentos/airflow/venv/lib/python3.10/site-packages/airflow/example_dags/example_trigger_controller_dag.py
[2024-11-05 15:39:38,535] {logging_mixin.py:115} INFO - [2024-11-05 15:39:38,534] {dag.py:2379} INFO - Sync 1 DAGs
[2024-11-05 15:39:38,571] {logging_mixin.py:115} INFO - [2024-11-05 15:39:38,571] {dag.py:2927} INFO - Setting next_dagrun for example_trigger_controller_dag to 2021-01-01T00:00:00+00:00, run_after=2021-01-01T00:00:00+00:00
[2024-11-05 15:39:38,700] {processor.py:161} INFO - Processing /home/paula/Documentos/airflow/venv/lib/python3.10/site-packages/airflow/example_dags/example_trigger_controller_dag.py took 0.207 seconds
[2024-11-05 15:40:23,668] {processor.py:153} INFO - Started process (PID=1066110) to work on /home/paula/Documentos/airflow/venv/lib/python3.10/site-packages/airflow/example_dags/example_trigger_controller_dag.py
[2024-11-05 15:40:23,689] {processor.py:641} INFO - Processing file /home/paula/Documentos/airflow/venv/lib/python3.10/site-packages/airflow/example_dags/example_trigger_controller_dag.py for tasks to queue
[2024-11-05 15:40:23,690] {logging_mixin.py:115} INFO - [2024-11-05 15:40:23,690] {dagbag.py:507} INFO - Filling up the DagBag from /home/paula/Documentos/airflow/venv/lib/python3.10/site-packages/airflow/example_dags/example_trigger_controller_dag.py
[2024-11-05 15:40:23,693] {processor.py:651} INFO - DAG(s) dict_keys(['example_trigger_controller_dag']) retrieved from /home/paula/Documentos/airflow/venv/lib/python3.10/site-packages/airflow/example_dags/example_trigger_controller_dag.py
[2024-11-05 15:40:23,709] {logging_mixin.py:115} INFO - [2024-11-05 15:40:23,709] {dag.py:2379} INFO - Sync 1 DAGs
[2024-11-05 15:40:23,727] {logging_mixin.py:115} INFO - [2024-11-05 15:40:23,727] {dag.py:2927} INFO - Setting next_dagrun for example_trigger_controller_dag to 2021-01-01T00:00:00+00:00, run_after=2021-01-01T00:00:00+00:00
[2024-11-05 15:40:23,869] {processor.py:161} INFO - Processing /home/paula/Documentos/airflow/venv/lib/python3.10/site-packages/airflow/example_dags/example_trigger_controller_dag.py took 0.205 seconds
