[2024-11-05 15:07:50,080] {processor.py:153} INFO - Started process (PID=1053127) to work on /home/paula/Documentos/airflow/venv/lib/python3.10/site-packages/airflow/example_dags/example_skip_dag.py
[2024-11-05 15:07:50,080] {processor.py:641} INFO - Processing file /home/paula/Documentos/airflow/venv/lib/python3.10/site-packages/airflow/example_dags/example_skip_dag.py for tasks to queue
[2024-11-05 15:07:50,081] {logging_mixin.py:115} INFO - [2024-11-05 15:07:50,081] {dagbag.py:507} INFO - Filling up the DagBag from /home/paula/Documentos/airflow/venv/lib/python3.10/site-packages/airflow/example_dags/example_skip_dag.py
[2024-11-05 15:07:50,090] {processor.py:651} INFO - DAG(s) dict_keys(['example_skip_dag']) retrieved from /home/paula/Documentos/airflow/venv/lib/python3.10/site-packages/airflow/example_dags/example_skip_dag.py
[2024-11-05 15:07:50,663] {logging_mixin.py:115} INFO - [2024-11-05 15:07:50,662] {manager.py:508} INFO - Created Permission View: can edit on DAG:example_skip_dag
[2024-11-05 15:07:50,875] {logging_mixin.py:115} INFO - [2024-11-05 15:07:50,875] {manager.py:508} INFO - Created Permission View: can read on DAG:example_skip_dag
[2024-11-05 15:07:51,105] {logging_mixin.py:115} INFO - [2024-11-05 15:07:51,105] {manager.py:508} INFO - Created Permission View: can delete on DAG:example_skip_dag
[2024-11-05 15:07:51,105] {logging_mixin.py:115} INFO - [2024-11-05 15:07:51,105] {dag.py:2379} INFO - Sync 1 DAGs
[2024-11-05 15:07:51,112] {logging_mixin.py:115} INFO - [2024-11-05 15:07:51,112] {dag.py:2398} INFO - Creating ORM DAG for example_skip_dag
[2024-11-05 15:07:51,122] {logging_mixin.py:115} INFO - [2024-11-05 15:07:51,121] {dag.py:2927} INFO - Setting next_dagrun for example_skip_dag to 2024-11-04T18:07:51.121463+00:00, run_after=2024-11-05T18:07:51.121463+00:00
[2024-11-05 15:07:51,451] {processor.py:161} INFO - Processing /home/paula/Documentos/airflow/venv/lib/python3.10/site-packages/airflow/example_dags/example_skip_dag.py took 1.375 seconds
[2024-11-05 15:08:51,987] {processor.py:153} INFO - Started process (PID=1053716) to work on /home/paula/Documentos/airflow/venv/lib/python3.10/site-packages/airflow/example_dags/example_skip_dag.py
[2024-11-05 15:08:51,989] {processor.py:641} INFO - Processing file /home/paula/Documentos/airflow/venv/lib/python3.10/site-packages/airflow/example_dags/example_skip_dag.py for tasks to queue
[2024-11-05 15:08:51,989] {logging_mixin.py:115} INFO - [2024-11-05 15:08:51,989] {dagbag.py:507} INFO - Filling up the DagBag from /home/paula/Documentos/airflow/venv/lib/python3.10/site-packages/airflow/example_dags/example_skip_dag.py
[2024-11-05 15:08:51,997] {processor.py:651} INFO - DAG(s) dict_keys(['example_skip_dag']) retrieved from /home/paula/Documentos/airflow/venv/lib/python3.10/site-packages/airflow/example_dags/example_skip_dag.py
[2024-11-05 15:08:52,015] {logging_mixin.py:115} INFO - [2024-11-05 15:08:52,015] {dag.py:2379} INFO - Sync 1 DAGs
[2024-11-05 15:08:52,035] {logging_mixin.py:115} INFO - [2024-11-05 15:08:52,035] {dag.py:2927} INFO - Setting next_dagrun for example_skip_dag to 2024-11-04T18:08:52.034804+00:00, run_after=2024-11-05T18:08:52.034804+00:00
[2024-11-05 15:08:52,240] {processor.py:161} INFO - Processing /home/paula/Documentos/airflow/venv/lib/python3.10/site-packages/airflow/example_dags/example_skip_dag.py took 0.256 seconds
[2024-11-05 15:09:35,305] {processor.py:153} INFO - Started process (PID=1053939) to work on /home/paula/Documentos/airflow/venv/lib/python3.10/site-packages/airflow/example_dags/example_skip_dag.py
[2024-11-05 15:09:35,339] {processor.py:641} INFO - Processing file /home/paula/Documentos/airflow/venv/lib/python3.10/site-packages/airflow/example_dags/example_skip_dag.py for tasks to queue
[2024-11-05 15:09:35,340] {logging_mixin.py:115} INFO - [2024-11-05 15:09:35,340] {dagbag.py:507} INFO - Filling up the DagBag from /home/paula/Documentos/airflow/venv/lib/python3.10/site-packages/airflow/example_dags/example_skip_dag.py
[2024-11-05 15:09:35,347] {processor.py:651} INFO - DAG(s) dict_keys(['example_skip_dag']) retrieved from /home/paula/Documentos/airflow/venv/lib/python3.10/site-packages/airflow/example_dags/example_skip_dag.py
[2024-11-05 15:09:35,369] {logging_mixin.py:115} INFO - [2024-11-05 15:09:35,369] {dag.py:2379} INFO - Sync 1 DAGs
[2024-11-05 15:09:35,391] {logging_mixin.py:115} INFO - [2024-11-05 15:09:35,390] {dag.py:2927} INFO - Setting next_dagrun for example_skip_dag to 2024-11-04T18:09:35.390710+00:00, run_after=2024-11-05T18:09:35.390710+00:00
[2024-11-05 15:09:35,620] {processor.py:161} INFO - Processing /home/paula/Documentos/airflow/venv/lib/python3.10/site-packages/airflow/example_dags/example_skip_dag.py took 0.318 seconds
[2024-11-05 15:10:19,497] {processor.py:153} INFO - Started process (PID=1054416) to work on /home/paula/Documentos/airflow/venv/lib/python3.10/site-packages/airflow/example_dags/example_skip_dag.py
[2024-11-05 15:10:19,557] {processor.py:641} INFO - Processing file /home/paula/Documentos/airflow/venv/lib/python3.10/site-packages/airflow/example_dags/example_skip_dag.py for tasks to queue
[2024-11-05 15:10:19,558] {logging_mixin.py:115} INFO - [2024-11-05 15:10:19,557] {dagbag.py:507} INFO - Filling up the DagBag from /home/paula/Documentos/airflow/venv/lib/python3.10/site-packages/airflow/example_dags/example_skip_dag.py
[2024-11-05 15:10:19,565] {processor.py:651} INFO - DAG(s) dict_keys(['example_skip_dag']) retrieved from /home/paula/Documentos/airflow/venv/lib/python3.10/site-packages/airflow/example_dags/example_skip_dag.py
[2024-11-05 15:10:19,584] {logging_mixin.py:115} INFO - [2024-11-05 15:10:19,584] {dag.py:2379} INFO - Sync 1 DAGs
[2024-11-05 15:10:19,606] {logging_mixin.py:115} INFO - [2024-11-05 15:10:19,606] {dag.py:2927} INFO - Setting next_dagrun for example_skip_dag to 2024-11-04T18:10:19.605862+00:00, run_after=2024-11-05T18:10:19.605862+00:00
[2024-11-05 15:10:19,945] {processor.py:161} INFO - Processing /home/paula/Documentos/airflow/venv/lib/python3.10/site-packages/airflow/example_dags/example_skip_dag.py took 0.452 seconds
[2024-11-05 15:11:09,798] {processor.py:153} INFO - Started process (PID=1054670) to work on /home/paula/Documentos/airflow/venv/lib/python3.10/site-packages/airflow/example_dags/example_skip_dag.py
[2024-11-05 15:11:09,829] {processor.py:641} INFO - Processing file /home/paula/Documentos/airflow/venv/lib/python3.10/site-packages/airflow/example_dags/example_skip_dag.py for tasks to queue
[2024-11-05 15:11:09,830] {logging_mixin.py:115} INFO - [2024-11-05 15:11:09,830] {dagbag.py:507} INFO - Filling up the DagBag from /home/paula/Documentos/airflow/venv/lib/python3.10/site-packages/airflow/example_dags/example_skip_dag.py
[2024-11-05 15:11:09,836] {processor.py:651} INFO - DAG(s) dict_keys(['example_skip_dag']) retrieved from /home/paula/Documentos/airflow/venv/lib/python3.10/site-packages/airflow/example_dags/example_skip_dag.py
[2024-11-05 15:11:09,854] {logging_mixin.py:115} INFO - [2024-11-05 15:11:09,854] {dag.py:2379} INFO - Sync 1 DAGs
[2024-11-05 15:11:09,873] {logging_mixin.py:115} INFO - [2024-11-05 15:11:09,873] {dag.py:2927} INFO - Setting next_dagrun for example_skip_dag to 2024-11-04T18:11:09.872897+00:00, run_after=2024-11-05T18:11:09.872897+00:00
[2024-11-05 15:11:10,141] {processor.py:161} INFO - Processing /home/paula/Documentos/airflow/venv/lib/python3.10/site-packages/airflow/example_dags/example_skip_dag.py took 0.346 seconds
[2024-11-05 15:12:02,191] {processor.py:153} INFO - Started process (PID=1054943) to work on /home/paula/Documentos/airflow/venv/lib/python3.10/site-packages/airflow/example_dags/example_skip_dag.py
[2024-11-05 15:12:02,195] {processor.py:641} INFO - Processing file /home/paula/Documentos/airflow/venv/lib/python3.10/site-packages/airflow/example_dags/example_skip_dag.py for tasks to queue
[2024-11-05 15:12:02,195] {logging_mixin.py:115} INFO - [2024-11-05 15:12:02,195] {dagbag.py:507} INFO - Filling up the DagBag from /home/paula/Documentos/airflow/venv/lib/python3.10/site-packages/airflow/example_dags/example_skip_dag.py
[2024-11-05 15:12:02,203] {processor.py:651} INFO - DAG(s) dict_keys(['example_skip_dag']) retrieved from /home/paula/Documentos/airflow/venv/lib/python3.10/site-packages/airflow/example_dags/example_skip_dag.py
[2024-11-05 15:12:02,226] {logging_mixin.py:115} INFO - [2024-11-05 15:12:02,226] {dag.py:2379} INFO - Sync 1 DAGs
[2024-11-05 15:12:02,252] {logging_mixin.py:115} INFO - [2024-11-05 15:12:02,252] {dag.py:2927} INFO - Setting next_dagrun for example_skip_dag to 2024-11-04T18:12:02.252294+00:00, run_after=2024-11-05T18:12:02.252294+00:00
[2024-11-05 15:12:02,558] {processor.py:161} INFO - Processing /home/paula/Documentos/airflow/venv/lib/python3.10/site-packages/airflow/example_dags/example_skip_dag.py took 0.371 seconds
[2024-11-05 15:12:51,333] {processor.py:153} INFO - Started process (PID=1055283) to work on /home/paula/Documentos/airflow/venv/lib/python3.10/site-packages/airflow/example_dags/example_skip_dag.py
[2024-11-05 15:12:51,408] {processor.py:641} INFO - Processing file /home/paula/Documentos/airflow/venv/lib/python3.10/site-packages/airflow/example_dags/example_skip_dag.py for tasks to queue
[2024-11-05 15:12:51,408] {logging_mixin.py:115} INFO - [2024-11-05 15:12:51,408] {dagbag.py:507} INFO - Filling up the DagBag from /home/paula/Documentos/airflow/venv/lib/python3.10/site-packages/airflow/example_dags/example_skip_dag.py
[2024-11-05 15:12:51,415] {processor.py:651} INFO - DAG(s) dict_keys(['example_skip_dag']) retrieved from /home/paula/Documentos/airflow/venv/lib/python3.10/site-packages/airflow/example_dags/example_skip_dag.py
[2024-11-05 15:12:51,434] {logging_mixin.py:115} INFO - [2024-11-05 15:12:51,434] {dag.py:2379} INFO - Sync 1 DAGs
[2024-11-05 15:12:51,478] {logging_mixin.py:115} INFO - [2024-11-05 15:12:51,478] {dag.py:2927} INFO - Setting next_dagrun for example_skip_dag to 2024-11-04T18:12:51.477901+00:00, run_after=2024-11-05T18:12:51.477901+00:00
[2024-11-05 15:12:51,750] {processor.py:161} INFO - Processing /home/paula/Documentos/airflow/venv/lib/python3.10/site-packages/airflow/example_dags/example_skip_dag.py took 0.419 seconds
[2024-11-05 15:13:43,386] {processor.py:153} INFO - Started process (PID=1055599) to work on /home/paula/Documentos/airflow/venv/lib/python3.10/site-packages/airflow/example_dags/example_skip_dag.py
[2024-11-05 15:13:43,403] {processor.py:641} INFO - Processing file /home/paula/Documentos/airflow/venv/lib/python3.10/site-packages/airflow/example_dags/example_skip_dag.py for tasks to queue
[2024-11-05 15:13:43,404] {logging_mixin.py:115} INFO - [2024-11-05 15:13:43,404] {dagbag.py:507} INFO - Filling up the DagBag from /home/paula/Documentos/airflow/venv/lib/python3.10/site-packages/airflow/example_dags/example_skip_dag.py
[2024-11-05 15:13:43,409] {processor.py:651} INFO - DAG(s) dict_keys(['example_skip_dag']) retrieved from /home/paula/Documentos/airflow/venv/lib/python3.10/site-packages/airflow/example_dags/example_skip_dag.py
[2024-11-05 15:13:43,763] {logging_mixin.py:115} INFO - [2024-11-05 15:13:43,763] {dag.py:2379} INFO - Sync 1 DAGs
[2024-11-05 15:13:43,792] {logging_mixin.py:115} INFO - [2024-11-05 15:13:43,792] {dag.py:2927} INFO - Setting next_dagrun for example_skip_dag to 2024-11-04T18:13:43.791883+00:00, run_after=2024-11-05T18:13:43.791883+00:00
[2024-11-05 15:13:44,027] {processor.py:161} INFO - Processing /home/paula/Documentos/airflow/venv/lib/python3.10/site-packages/airflow/example_dags/example_skip_dag.py took 0.644 seconds
[2024-11-05 15:14:35,628] {processor.py:153} INFO - Started process (PID=1055889) to work on /home/paula/Documentos/airflow/venv/lib/python3.10/site-packages/airflow/example_dags/example_skip_dag.py
[2024-11-05 15:14:35,644] {processor.py:641} INFO - Processing file /home/paula/Documentos/airflow/venv/lib/python3.10/site-packages/airflow/example_dags/example_skip_dag.py for tasks to queue
[2024-11-05 15:14:35,645] {logging_mixin.py:115} INFO - [2024-11-05 15:14:35,645] {dagbag.py:507} INFO - Filling up the DagBag from /home/paula/Documentos/airflow/venv/lib/python3.10/site-packages/airflow/example_dags/example_skip_dag.py
[2024-11-05 15:14:35,653] {processor.py:651} INFO - DAG(s) dict_keys(['example_skip_dag']) retrieved from /home/paula/Documentos/airflow/venv/lib/python3.10/site-packages/airflow/example_dags/example_skip_dag.py
[2024-11-05 15:14:35,685] {logging_mixin.py:115} INFO - [2024-11-05 15:14:35,685] {dag.py:2379} INFO - Sync 1 DAGs
[2024-11-05 15:14:35,713] {logging_mixin.py:115} INFO - [2024-11-05 15:14:35,713] {dag.py:2927} INFO - Setting next_dagrun for example_skip_dag to 2024-11-04T18:14:35.712543+00:00, run_after=2024-11-05T18:14:35.712543+00:00
[2024-11-05 15:14:35,865] {processor.py:161} INFO - Processing /home/paula/Documentos/airflow/venv/lib/python3.10/site-packages/airflow/example_dags/example_skip_dag.py took 0.248 seconds
[2024-11-05 15:15:20,052] {processor.py:153} INFO - Started process (PID=1056164) to work on /home/paula/Documentos/airflow/venv/lib/python3.10/site-packages/airflow/example_dags/example_skip_dag.py
[2024-11-05 15:15:20,063] {processor.py:641} INFO - Processing file /home/paula/Documentos/airflow/venv/lib/python3.10/site-packages/airflow/example_dags/example_skip_dag.py for tasks to queue
[2024-11-05 15:15:20,064] {logging_mixin.py:115} INFO - [2024-11-05 15:15:20,064] {dagbag.py:507} INFO - Filling up the DagBag from /home/paula/Documentos/airflow/venv/lib/python3.10/site-packages/airflow/example_dags/example_skip_dag.py
[2024-11-05 15:15:20,070] {processor.py:651} INFO - DAG(s) dict_keys(['example_skip_dag']) retrieved from /home/paula/Documentos/airflow/venv/lib/python3.10/site-packages/airflow/example_dags/example_skip_dag.py
[2024-11-05 15:15:20,088] {logging_mixin.py:115} INFO - [2024-11-05 15:15:20,088] {dag.py:2379} INFO - Sync 1 DAGs
[2024-11-05 15:15:20,120] {logging_mixin.py:115} INFO - [2024-11-05 15:15:20,120] {dag.py:2927} INFO - Setting next_dagrun for example_skip_dag to 2024-11-04T18:15:20.119936+00:00, run_after=2024-11-05T18:15:20.119936+00:00
[2024-11-05 15:15:20,223] {processor.py:161} INFO - Processing /home/paula/Documentos/airflow/venv/lib/python3.10/site-packages/airflow/example_dags/example_skip_dag.py took 0.174 seconds
[2024-11-05 15:16:00,683] {processor.py:153} INFO - Started process (PID=1056420) to work on /home/paula/Documentos/airflow/venv/lib/python3.10/site-packages/airflow/example_dags/example_skip_dag.py
[2024-11-05 15:16:00,690] {processor.py:641} INFO - Processing file /home/paula/Documentos/airflow/venv/lib/python3.10/site-packages/airflow/example_dags/example_skip_dag.py for tasks to queue
[2024-11-05 15:16:00,691] {logging_mixin.py:115} INFO - [2024-11-05 15:16:00,691] {dagbag.py:507} INFO - Filling up the DagBag from /home/paula/Documentos/airflow/venv/lib/python3.10/site-packages/airflow/example_dags/example_skip_dag.py
[2024-11-05 15:16:00,699] {processor.py:651} INFO - DAG(s) dict_keys(['example_skip_dag']) retrieved from /home/paula/Documentos/airflow/venv/lib/python3.10/site-packages/airflow/example_dags/example_skip_dag.py
[2024-11-05 15:16:00,718] {logging_mixin.py:115} INFO - [2024-11-05 15:16:00,718] {dag.py:2379} INFO - Sync 1 DAGs
[2024-11-05 15:16:00,745] {logging_mixin.py:115} INFO - [2024-11-05 15:16:00,745] {dag.py:2927} INFO - Setting next_dagrun for example_skip_dag to 2024-11-04T18:16:00.744660+00:00, run_after=2024-11-05T18:16:00.744660+00:00
[2024-11-05 15:16:00,850] {processor.py:161} INFO - Processing /home/paula/Documentos/airflow/venv/lib/python3.10/site-packages/airflow/example_dags/example_skip_dag.py took 0.169 seconds
[2024-11-05 15:16:37,307] {processor.py:153} INFO - Started process (PID=1056649) to work on /home/paula/Documentos/airflow/venv/lib/python3.10/site-packages/airflow/example_dags/example_skip_dag.py
[2024-11-05 15:16:37,332] {processor.py:641} INFO - Processing file /home/paula/Documentos/airflow/venv/lib/python3.10/site-packages/airflow/example_dags/example_skip_dag.py for tasks to queue
[2024-11-05 15:16:37,333] {logging_mixin.py:115} INFO - [2024-11-05 15:16:37,333] {dagbag.py:507} INFO - Filling up the DagBag from /home/paula/Documentos/airflow/venv/lib/python3.10/site-packages/airflow/example_dags/example_skip_dag.py
[2024-11-05 15:16:37,337] {processor.py:651} INFO - DAG(s) dict_keys(['example_skip_dag']) retrieved from /home/paula/Documentos/airflow/venv/lib/python3.10/site-packages/airflow/example_dags/example_skip_dag.py
[2024-11-05 15:16:37,485] {logging_mixin.py:115} INFO - [2024-11-05 15:16:37,484] {dag.py:2379} INFO - Sync 1 DAGs
[2024-11-05 15:16:37,504] {logging_mixin.py:115} INFO - [2024-11-05 15:16:37,503] {dag.py:2927} INFO - Setting next_dagrun for example_skip_dag to 2024-11-04T18:16:37.503584+00:00, run_after=2024-11-05T18:16:37.503584+00:00
[2024-11-05 15:16:37,749] {processor.py:161} INFO - Processing /home/paula/Documentos/airflow/venv/lib/python3.10/site-packages/airflow/example_dags/example_skip_dag.py took 0.446 seconds
[2024-11-05 15:17:24,491] {processor.py:153} INFO - Started process (PID=1056945) to work on /home/paula/Documentos/airflow/venv/lib/python3.10/site-packages/airflow/example_dags/example_skip_dag.py
[2024-11-05 15:17:24,515] {processor.py:641} INFO - Processing file /home/paula/Documentos/airflow/venv/lib/python3.10/site-packages/airflow/example_dags/example_skip_dag.py for tasks to queue
[2024-11-05 15:17:24,515] {logging_mixin.py:115} INFO - [2024-11-05 15:17:24,515] {dagbag.py:507} INFO - Filling up the DagBag from /home/paula/Documentos/airflow/venv/lib/python3.10/site-packages/airflow/example_dags/example_skip_dag.py
[2024-11-05 15:17:24,525] {processor.py:651} INFO - DAG(s) dict_keys(['example_skip_dag']) retrieved from /home/paula/Documentos/airflow/venv/lib/python3.10/site-packages/airflow/example_dags/example_skip_dag.py
[2024-11-05 15:17:24,545] {logging_mixin.py:115} INFO - [2024-11-05 15:17:24,545] {dag.py:2379} INFO - Sync 1 DAGs
[2024-11-05 15:17:24,565] {logging_mixin.py:115} INFO - [2024-11-05 15:17:24,565] {dag.py:2927} INFO - Setting next_dagrun for example_skip_dag to 2024-11-04T18:17:24.565578+00:00, run_after=2024-11-05T18:17:24.565578+00:00
[2024-11-05 15:17:24,668] {processor.py:161} INFO - Processing /home/paula/Documentos/airflow/venv/lib/python3.10/site-packages/airflow/example_dags/example_skip_dag.py took 0.179 seconds
[2024-11-05 15:18:01,481] {processor.py:153} INFO - Started process (PID=1057167) to work on /home/paula/Documentos/airflow/venv/lib/python3.10/site-packages/airflow/example_dags/example_skip_dag.py
[2024-11-05 15:18:01,482] {processor.py:641} INFO - Processing file /home/paula/Documentos/airflow/venv/lib/python3.10/site-packages/airflow/example_dags/example_skip_dag.py for tasks to queue
[2024-11-05 15:18:01,482] {logging_mixin.py:115} INFO - [2024-11-05 15:18:01,482] {dagbag.py:507} INFO - Filling up the DagBag from /home/paula/Documentos/airflow/venv/lib/python3.10/site-packages/airflow/example_dags/example_skip_dag.py
[2024-11-05 15:18:01,490] {processor.py:651} INFO - DAG(s) dict_keys(['example_skip_dag']) retrieved from /home/paula/Documentos/airflow/venv/lib/python3.10/site-packages/airflow/example_dags/example_skip_dag.py
[2024-11-05 15:18:01,506] {logging_mixin.py:115} INFO - [2024-11-05 15:18:01,506] {dag.py:2379} INFO - Sync 1 DAGs
[2024-11-05 15:18:01,522] {logging_mixin.py:115} INFO - [2024-11-05 15:18:01,522] {dag.py:2927} INFO - Setting next_dagrun for example_skip_dag to 2024-11-04T18:18:01.522079+00:00, run_after=2024-11-05T18:18:01.522079+00:00
[2024-11-05 15:18:01,615] {processor.py:161} INFO - Processing /home/paula/Documentos/airflow/venv/lib/python3.10/site-packages/airflow/example_dags/example_skip_dag.py took 0.137 seconds
[2024-11-05 15:18:46,447] {processor.py:153} INFO - Started process (PID=1057456) to work on /home/paula/Documentos/airflow/venv/lib/python3.10/site-packages/airflow/example_dags/example_skip_dag.py
[2024-11-05 15:18:46,477] {processor.py:641} INFO - Processing file /home/paula/Documentos/airflow/venv/lib/python3.10/site-packages/airflow/example_dags/example_skip_dag.py for tasks to queue
[2024-11-05 15:18:46,478] {logging_mixin.py:115} INFO - [2024-11-05 15:18:46,478] {dagbag.py:507} INFO - Filling up the DagBag from /home/paula/Documentos/airflow/venv/lib/python3.10/site-packages/airflow/example_dags/example_skip_dag.py
[2024-11-05 15:18:46,484] {processor.py:651} INFO - DAG(s) dict_keys(['example_skip_dag']) retrieved from /home/paula/Documentos/airflow/venv/lib/python3.10/site-packages/airflow/example_dags/example_skip_dag.py
[2024-11-05 15:18:46,504] {logging_mixin.py:115} INFO - [2024-11-05 15:18:46,504] {dag.py:2379} INFO - Sync 1 DAGs
[2024-11-05 15:18:46,523] {logging_mixin.py:115} INFO - [2024-11-05 15:18:46,522] {dag.py:2927} INFO - Setting next_dagrun for example_skip_dag to 2024-11-04T18:18:46.522734+00:00, run_after=2024-11-05T18:18:46.522734+00:00
[2024-11-05 15:18:46,627] {processor.py:161} INFO - Processing /home/paula/Documentos/airflow/venv/lib/python3.10/site-packages/airflow/example_dags/example_skip_dag.py took 0.183 seconds
[2024-11-05 15:19:30,378] {processor.py:153} INFO - Started process (PID=1057705) to work on /home/paula/Documentos/airflow/venv/lib/python3.10/site-packages/airflow/example_dags/example_skip_dag.py
[2024-11-05 15:19:30,384] {processor.py:641} INFO - Processing file /home/paula/Documentos/airflow/venv/lib/python3.10/site-packages/airflow/example_dags/example_skip_dag.py for tasks to queue
[2024-11-05 15:19:30,384] {logging_mixin.py:115} INFO - [2024-11-05 15:19:30,384] {dagbag.py:507} INFO - Filling up the DagBag from /home/paula/Documentos/airflow/venv/lib/python3.10/site-packages/airflow/example_dags/example_skip_dag.py
[2024-11-05 15:19:30,391] {processor.py:651} INFO - DAG(s) dict_keys(['example_skip_dag']) retrieved from /home/paula/Documentos/airflow/venv/lib/python3.10/site-packages/airflow/example_dags/example_skip_dag.py
[2024-11-05 15:19:30,410] {logging_mixin.py:115} INFO - [2024-11-05 15:19:30,410] {dag.py:2379} INFO - Sync 1 DAGs
[2024-11-05 15:19:30,429] {logging_mixin.py:115} INFO - [2024-11-05 15:19:30,429] {dag.py:2927} INFO - Setting next_dagrun for example_skip_dag to 2024-11-04T18:19:30.429397+00:00, run_after=2024-11-05T18:19:30.429397+00:00
[2024-11-05 15:19:30,547] {processor.py:161} INFO - Processing /home/paula/Documentos/airflow/venv/lib/python3.10/site-packages/airflow/example_dags/example_skip_dag.py took 0.172 seconds
[2024-11-05 15:20:15,361] {processor.py:153} INFO - Started process (PID=1058019) to work on /home/paula/Documentos/airflow/venv/lib/python3.10/site-packages/airflow/example_dags/example_skip_dag.py
[2024-11-05 15:20:15,361] {processor.py:641} INFO - Processing file /home/paula/Documentos/airflow/venv/lib/python3.10/site-packages/airflow/example_dags/example_skip_dag.py for tasks to queue
[2024-11-05 15:20:15,362] {logging_mixin.py:115} INFO - [2024-11-05 15:20:15,362] {dagbag.py:507} INFO - Filling up the DagBag from /home/paula/Documentos/airflow/venv/lib/python3.10/site-packages/airflow/example_dags/example_skip_dag.py
[2024-11-05 15:20:15,368] {processor.py:651} INFO - DAG(s) dict_keys(['example_skip_dag']) retrieved from /home/paula/Documentos/airflow/venv/lib/python3.10/site-packages/airflow/example_dags/example_skip_dag.py
[2024-11-05 15:20:15,383] {logging_mixin.py:115} INFO - [2024-11-05 15:20:15,383] {dag.py:2379} INFO - Sync 1 DAGs
[2024-11-05 15:20:15,398] {logging_mixin.py:115} INFO - [2024-11-05 15:20:15,398] {dag.py:2927} INFO - Setting next_dagrun for example_skip_dag to 2024-11-04T18:20:15.397854+00:00, run_after=2024-11-05T18:20:15.397854+00:00
[2024-11-05 15:20:15,518] {processor.py:161} INFO - Processing /home/paula/Documentos/airflow/venv/lib/python3.10/site-packages/airflow/example_dags/example_skip_dag.py took 0.160 seconds
[2024-11-05 15:21:27,349] {processor.py:153} INFO - Started process (PID=1058478) to work on /home/paula/Documentos/airflow/venv/lib/python3.10/site-packages/airflow/example_dags/example_skip_dag.py
[2024-11-05 15:21:27,371] {processor.py:641} INFO - Processing file /home/paula/Documentos/airflow/venv/lib/python3.10/site-packages/airflow/example_dags/example_skip_dag.py for tasks to queue
[2024-11-05 15:21:27,371] {logging_mixin.py:115} INFO - [2024-11-05 15:21:27,371] {dagbag.py:507} INFO - Filling up the DagBag from /home/paula/Documentos/airflow/venv/lib/python3.10/site-packages/airflow/example_dags/example_skip_dag.py
[2024-11-05 15:21:27,383] {processor.py:651} INFO - DAG(s) dict_keys(['example_skip_dag']) retrieved from /home/paula/Documentos/airflow/venv/lib/python3.10/site-packages/airflow/example_dags/example_skip_dag.py
[2024-11-05 15:21:27,405] {logging_mixin.py:115} INFO - [2024-11-05 15:21:27,405] {dag.py:2379} INFO - Sync 1 DAGs
[2024-11-05 15:21:27,424] {logging_mixin.py:115} INFO - [2024-11-05 15:21:27,424] {dag.py:2927} INFO - Setting next_dagrun for example_skip_dag to 2024-11-04T18:21:27.424474+00:00, run_after=2024-11-05T18:21:27.424474+00:00
[2024-11-05 15:21:27,565] {processor.py:161} INFO - Processing /home/paula/Documentos/airflow/venv/lib/python3.10/site-packages/airflow/example_dags/example_skip_dag.py took 0.220 seconds
[2024-11-05 15:22:09,447] {processor.py:153} INFO - Started process (PID=1058747) to work on /home/paula/Documentos/airflow/venv/lib/python3.10/site-packages/airflow/example_dags/example_skip_dag.py
[2024-11-05 15:22:09,448] {processor.py:641} INFO - Processing file /home/paula/Documentos/airflow/venv/lib/python3.10/site-packages/airflow/example_dags/example_skip_dag.py for tasks to queue
[2024-11-05 15:22:09,449] {logging_mixin.py:115} INFO - [2024-11-05 15:22:09,449] {dagbag.py:507} INFO - Filling up the DagBag from /home/paula/Documentos/airflow/venv/lib/python3.10/site-packages/airflow/example_dags/example_skip_dag.py
[2024-11-05 15:22:09,456] {processor.py:651} INFO - DAG(s) dict_keys(['example_skip_dag']) retrieved from /home/paula/Documentos/airflow/venv/lib/python3.10/site-packages/airflow/example_dags/example_skip_dag.py
[2024-11-05 15:22:09,473] {logging_mixin.py:115} INFO - [2024-11-05 15:22:09,473] {dag.py:2379} INFO - Sync 1 DAGs
[2024-11-05 15:22:09,491] {logging_mixin.py:115} INFO - [2024-11-05 15:22:09,491] {dag.py:2927} INFO - Setting next_dagrun for example_skip_dag to 2024-11-04T18:22:09.491184+00:00, run_after=2024-11-05T18:22:09.491184+00:00
[2024-11-05 15:22:09,600] {processor.py:161} INFO - Processing /home/paula/Documentos/airflow/venv/lib/python3.10/site-packages/airflow/example_dags/example_skip_dag.py took 0.157 seconds
[2024-11-05 15:22:49,964] {processor.py:153} INFO - Started process (PID=1058991) to work on /home/paula/Documentos/airflow/venv/lib/python3.10/site-packages/airflow/example_dags/example_skip_dag.py
[2024-11-05 15:22:49,965] {processor.py:641} INFO - Processing file /home/paula/Documentos/airflow/venv/lib/python3.10/site-packages/airflow/example_dags/example_skip_dag.py for tasks to queue
[2024-11-05 15:22:49,966] {logging_mixin.py:115} INFO - [2024-11-05 15:22:49,966] {dagbag.py:507} INFO - Filling up the DagBag from /home/paula/Documentos/airflow/venv/lib/python3.10/site-packages/airflow/example_dags/example_skip_dag.py
[2024-11-05 15:22:49,972] {processor.py:651} INFO - DAG(s) dict_keys(['example_skip_dag']) retrieved from /home/paula/Documentos/airflow/venv/lib/python3.10/site-packages/airflow/example_dags/example_skip_dag.py
[2024-11-05 15:22:49,988] {logging_mixin.py:115} INFO - [2024-11-05 15:22:49,988] {dag.py:2379} INFO - Sync 1 DAGs
[2024-11-05 15:22:50,006] {logging_mixin.py:115} INFO - [2024-11-05 15:22:50,006] {dag.py:2927} INFO - Setting next_dagrun for example_skip_dag to 2024-11-04T18:22:50.006108+00:00, run_after=2024-11-05T18:22:50.006108+00:00
[2024-11-05 15:22:50,120] {processor.py:161} INFO - Processing /home/paula/Documentos/airflow/venv/lib/python3.10/site-packages/airflow/example_dags/example_skip_dag.py took 0.158 seconds
[2024-11-05 15:23:32,787] {processor.py:153} INFO - Started process (PID=1059275) to work on /home/paula/Documentos/airflow/venv/lib/python3.10/site-packages/airflow/example_dags/example_skip_dag.py
[2024-11-05 15:23:32,811] {processor.py:641} INFO - Processing file /home/paula/Documentos/airflow/venv/lib/python3.10/site-packages/airflow/example_dags/example_skip_dag.py for tasks to queue
[2024-11-05 15:23:32,812] {logging_mixin.py:115} INFO - [2024-11-05 15:23:32,812] {dagbag.py:507} INFO - Filling up the DagBag from /home/paula/Documentos/airflow/venv/lib/python3.10/site-packages/airflow/example_dags/example_skip_dag.py
[2024-11-05 15:23:32,820] {processor.py:651} INFO - DAG(s) dict_keys(['example_skip_dag']) retrieved from /home/paula/Documentos/airflow/venv/lib/python3.10/site-packages/airflow/example_dags/example_skip_dag.py
[2024-11-05 15:23:32,842] {logging_mixin.py:115} INFO - [2024-11-05 15:23:32,842] {dag.py:2379} INFO - Sync 1 DAGs
[2024-11-05 15:23:32,861] {logging_mixin.py:115} INFO - [2024-11-05 15:23:32,860] {dag.py:2927} INFO - Setting next_dagrun for example_skip_dag to 2024-11-04T18:23:32.860692+00:00, run_after=2024-11-05T18:23:32.860692+00:00
[2024-11-05 15:23:32,967] {processor.py:161} INFO - Processing /home/paula/Documentos/airflow/venv/lib/python3.10/site-packages/airflow/example_dags/example_skip_dag.py took 0.183 seconds
[2024-11-05 15:24:18,360] {processor.py:153} INFO - Started process (PID=1059556) to work on /home/paula/Documentos/airflow/venv/lib/python3.10/site-packages/airflow/example_dags/example_skip_dag.py
[2024-11-05 15:24:18,372] {processor.py:641} INFO - Processing file /home/paula/Documentos/airflow/venv/lib/python3.10/site-packages/airflow/example_dags/example_skip_dag.py for tasks to queue
[2024-11-05 15:24:18,373] {logging_mixin.py:115} INFO - [2024-11-05 15:24:18,372] {dagbag.py:507} INFO - Filling up the DagBag from /home/paula/Documentos/airflow/venv/lib/python3.10/site-packages/airflow/example_dags/example_skip_dag.py
[2024-11-05 15:24:18,379] {processor.py:651} INFO - DAG(s) dict_keys(['example_skip_dag']) retrieved from /home/paula/Documentos/airflow/venv/lib/python3.10/site-packages/airflow/example_dags/example_skip_dag.py
[2024-11-05 15:24:18,396] {logging_mixin.py:115} INFO - [2024-11-05 15:24:18,396] {dag.py:2379} INFO - Sync 1 DAGs
[2024-11-05 15:24:18,413] {logging_mixin.py:115} INFO - [2024-11-05 15:24:18,413] {dag.py:2927} INFO - Setting next_dagrun for example_skip_dag to 2024-11-04T18:24:18.413109+00:00, run_after=2024-11-05T18:24:18.413109+00:00
[2024-11-05 15:24:18,584] {processor.py:161} INFO - Processing /home/paula/Documentos/airflow/venv/lib/python3.10/site-packages/airflow/example_dags/example_skip_dag.py took 0.228 seconds
[2024-11-05 15:25:07,345] {processor.py:153} INFO - Started process (PID=1059927) to work on /home/paula/Documentos/airflow/venv/lib/python3.10/site-packages/airflow/example_dags/example_skip_dag.py
[2024-11-05 15:25:07,679] {processor.py:641} INFO - Processing file /home/paula/Documentos/airflow/venv/lib/python3.10/site-packages/airflow/example_dags/example_skip_dag.py for tasks to queue
[2024-11-05 15:25:07,680] {logging_mixin.py:115} INFO - [2024-11-05 15:25:07,680] {dagbag.py:507} INFO - Filling up the DagBag from /home/paula/Documentos/airflow/venv/lib/python3.10/site-packages/airflow/example_dags/example_skip_dag.py
[2024-11-05 15:25:07,690] {processor.py:651} INFO - DAG(s) dict_keys(['example_skip_dag']) retrieved from /home/paula/Documentos/airflow/venv/lib/python3.10/site-packages/airflow/example_dags/example_skip_dag.py
[2024-11-05 15:25:07,915] {logging_mixin.py:115} INFO - [2024-11-05 15:25:07,915] {dag.py:2379} INFO - Sync 1 DAGs
[2024-11-05 15:25:07,955] {logging_mixin.py:115} INFO - [2024-11-05 15:25:07,955] {dag.py:2927} INFO - Setting next_dagrun for example_skip_dag to 2024-11-04T18:25:07.955283+00:00, run_after=2024-11-05T18:25:07.955283+00:00
[2024-11-05 15:25:08,126] {processor.py:161} INFO - Processing /home/paula/Documentos/airflow/venv/lib/python3.10/site-packages/airflow/example_dags/example_skip_dag.py took 0.783 seconds
[2024-11-05 15:25:56,393] {processor.py:153} INFO - Started process (PID=1060257) to work on /home/paula/Documentos/airflow/venv/lib/python3.10/site-packages/airflow/example_dags/example_skip_dag.py
[2024-11-05 15:25:56,404] {processor.py:641} INFO - Processing file /home/paula/Documentos/airflow/venv/lib/python3.10/site-packages/airflow/example_dags/example_skip_dag.py for tasks to queue
[2024-11-05 15:25:56,405] {logging_mixin.py:115} INFO - [2024-11-05 15:25:56,405] {dagbag.py:507} INFO - Filling up the DagBag from /home/paula/Documentos/airflow/venv/lib/python3.10/site-packages/airflow/example_dags/example_skip_dag.py
[2024-11-05 15:25:56,409] {processor.py:651} INFO - DAG(s) dict_keys(['example_skip_dag']) retrieved from /home/paula/Documentos/airflow/venv/lib/python3.10/site-packages/airflow/example_dags/example_skip_dag.py
[2024-11-05 15:25:56,426] {logging_mixin.py:115} INFO - [2024-11-05 15:25:56,426] {dag.py:2379} INFO - Sync 1 DAGs
[2024-11-05 15:25:56,446] {logging_mixin.py:115} INFO - [2024-11-05 15:25:56,446] {dag.py:2927} INFO - Setting next_dagrun for example_skip_dag to 2024-11-04T18:25:56.446368+00:00, run_after=2024-11-05T18:25:56.446368+00:00
[2024-11-05 15:25:56,575] {processor.py:161} INFO - Processing /home/paula/Documentos/airflow/venv/lib/python3.10/site-packages/airflow/example_dags/example_skip_dag.py took 0.184 seconds
[2024-11-05 15:28:56,334] {processor.py:153} INFO - Started process (PID=1061348) to work on /home/paula/Documentos/airflow/venv/lib/python3.10/site-packages/airflow/example_dags/example_skip_dag.py
[2024-11-05 15:28:56,335] {processor.py:641} INFO - Processing file /home/paula/Documentos/airflow/venv/lib/python3.10/site-packages/airflow/example_dags/example_skip_dag.py for tasks to queue
[2024-11-05 15:28:56,336] {logging_mixin.py:115} INFO - [2024-11-05 15:28:56,336] {dagbag.py:507} INFO - Filling up the DagBag from /home/paula/Documentos/airflow/venv/lib/python3.10/site-packages/airflow/example_dags/example_skip_dag.py
[2024-11-05 15:28:56,346] {processor.py:651} INFO - DAG(s) dict_keys(['example_skip_dag']) retrieved from /home/paula/Documentos/airflow/venv/lib/python3.10/site-packages/airflow/example_dags/example_skip_dag.py
[2024-11-05 15:28:56,365] {logging_mixin.py:115} INFO - [2024-11-05 15:28:56,364] {dag.py:2379} INFO - Sync 1 DAGs
[2024-11-05 15:28:56,383] {logging_mixin.py:115} INFO - [2024-11-05 15:28:56,383] {dag.py:2927} INFO - Setting next_dagrun for example_skip_dag to 2024-11-04T18:28:56.382796+00:00, run_after=2024-11-05T18:28:56.382796+00:00
[2024-11-05 15:28:56,493] {processor.py:161} INFO - Processing /home/paula/Documentos/airflow/venv/lib/python3.10/site-packages/airflow/example_dags/example_skip_dag.py took 0.163 seconds
[2024-11-05 15:29:40,401] {processor.py:153} INFO - Started process (PID=1061653) to work on /home/paula/Documentos/airflow/venv/lib/python3.10/site-packages/airflow/example_dags/example_skip_dag.py
[2024-11-05 15:29:40,417] {processor.py:641} INFO - Processing file /home/paula/Documentos/airflow/venv/lib/python3.10/site-packages/airflow/example_dags/example_skip_dag.py for tasks to queue
[2024-11-05 15:29:40,418] {logging_mixin.py:115} INFO - [2024-11-05 15:29:40,417] {dagbag.py:507} INFO - Filling up the DagBag from /home/paula/Documentos/airflow/venv/lib/python3.10/site-packages/airflow/example_dags/example_skip_dag.py
[2024-11-05 15:29:40,425] {processor.py:651} INFO - DAG(s) dict_keys(['example_skip_dag']) retrieved from /home/paula/Documentos/airflow/venv/lib/python3.10/site-packages/airflow/example_dags/example_skip_dag.py
[2024-11-05 15:29:40,444] {logging_mixin.py:115} INFO - [2024-11-05 15:29:40,444] {dag.py:2379} INFO - Sync 1 DAGs
[2024-11-05 15:29:40,462] {logging_mixin.py:115} INFO - [2024-11-05 15:29:40,462] {dag.py:2927} INFO - Setting next_dagrun for example_skip_dag to 2024-11-04T18:29:40.461708+00:00, run_after=2024-11-05T18:29:40.461708+00:00
[2024-11-05 15:29:40,710] {processor.py:161} INFO - Processing /home/paula/Documentos/airflow/venv/lib/python3.10/site-packages/airflow/example_dags/example_skip_dag.py took 0.311 seconds
[2024-11-05 15:30:22,854] {processor.py:153} INFO - Started process (PID=1061909) to work on /home/paula/Documentos/airflow/venv/lib/python3.10/site-packages/airflow/example_dags/example_skip_dag.py
[2024-11-05 15:30:22,870] {processor.py:641} INFO - Processing file /home/paula/Documentos/airflow/venv/lib/python3.10/site-packages/airflow/example_dags/example_skip_dag.py for tasks to queue
[2024-11-05 15:30:22,871] {logging_mixin.py:115} INFO - [2024-11-05 15:30:22,871] {dagbag.py:507} INFO - Filling up the DagBag from /home/paula/Documentos/airflow/venv/lib/python3.10/site-packages/airflow/example_dags/example_skip_dag.py
[2024-11-05 15:30:22,876] {processor.py:651} INFO - DAG(s) dict_keys(['example_skip_dag']) retrieved from /home/paula/Documentos/airflow/venv/lib/python3.10/site-packages/airflow/example_dags/example_skip_dag.py
[2024-11-05 15:30:22,891] {logging_mixin.py:115} INFO - [2024-11-05 15:30:22,891] {dag.py:2379} INFO - Sync 1 DAGs
[2024-11-05 15:30:22,906] {logging_mixin.py:115} INFO - [2024-11-05 15:30:22,906] {dag.py:2927} INFO - Setting next_dagrun for example_skip_dag to 2024-11-04T18:30:22.906047+00:00, run_after=2024-11-05T18:30:22.906047+00:00
[2024-11-05 15:30:23,018] {processor.py:161} INFO - Processing /home/paula/Documentos/airflow/venv/lib/python3.10/site-packages/airflow/example_dags/example_skip_dag.py took 0.167 seconds
[2024-11-05 15:31:07,299] {processor.py:153} INFO - Started process (PID=1062163) to work on /home/paula/Documentos/airflow/venv/lib/python3.10/site-packages/airflow/example_dags/example_skip_dag.py
[2024-11-05 15:31:07,307] {processor.py:641} INFO - Processing file /home/paula/Documentos/airflow/venv/lib/python3.10/site-packages/airflow/example_dags/example_skip_dag.py for tasks to queue
[2024-11-05 15:31:07,307] {logging_mixin.py:115} INFO - [2024-11-05 15:31:07,307] {dagbag.py:507} INFO - Filling up the DagBag from /home/paula/Documentos/airflow/venv/lib/python3.10/site-packages/airflow/example_dags/example_skip_dag.py
[2024-11-05 15:31:07,313] {processor.py:651} INFO - DAG(s) dict_keys(['example_skip_dag']) retrieved from /home/paula/Documentos/airflow/venv/lib/python3.10/site-packages/airflow/example_dags/example_skip_dag.py
[2024-11-05 15:31:07,332] {logging_mixin.py:115} INFO - [2024-11-05 15:31:07,332] {dag.py:2379} INFO - Sync 1 DAGs
[2024-11-05 15:31:07,347] {logging_mixin.py:115} INFO - [2024-11-05 15:31:07,347] {dag.py:2927} INFO - Setting next_dagrun for example_skip_dag to 2024-11-04T18:31:07.347205+00:00, run_after=2024-11-05T18:31:07.347205+00:00
[2024-11-05 15:31:07,447] {processor.py:161} INFO - Processing /home/paula/Documentos/airflow/venv/lib/python3.10/site-packages/airflow/example_dags/example_skip_dag.py took 0.151 seconds
[2024-11-05 15:31:51,224] {processor.py:153} INFO - Started process (PID=1062427) to work on /home/paula/Documentos/airflow/venv/lib/python3.10/site-packages/airflow/example_dags/example_skip_dag.py
[2024-11-05 15:31:51,266] {processor.py:641} INFO - Processing file /home/paula/Documentos/airflow/venv/lib/python3.10/site-packages/airflow/example_dags/example_skip_dag.py for tasks to queue
[2024-11-05 15:31:51,267] {logging_mixin.py:115} INFO - [2024-11-05 15:31:51,267] {dagbag.py:507} INFO - Filling up the DagBag from /home/paula/Documentos/airflow/venv/lib/python3.10/site-packages/airflow/example_dags/example_skip_dag.py
[2024-11-05 15:31:51,275] {processor.py:651} INFO - DAG(s) dict_keys(['example_skip_dag']) retrieved from /home/paula/Documentos/airflow/venv/lib/python3.10/site-packages/airflow/example_dags/example_skip_dag.py
[2024-11-05 15:31:51,296] {logging_mixin.py:115} INFO - [2024-11-05 15:31:51,296] {dag.py:2379} INFO - Sync 1 DAGs
[2024-11-05 15:31:51,315] {logging_mixin.py:115} INFO - [2024-11-05 15:31:51,315] {dag.py:2927} INFO - Setting next_dagrun for example_skip_dag to 2024-11-04T18:31:51.315587+00:00, run_after=2024-11-05T18:31:51.315587+00:00
[2024-11-05 15:31:51,414] {processor.py:161} INFO - Processing /home/paula/Documentos/airflow/venv/lib/python3.10/site-packages/airflow/example_dags/example_skip_dag.py took 0.195 seconds
[2024-11-05 15:32:41,575] {processor.py:153} INFO - Started process (PID=1062746) to work on /home/paula/Documentos/airflow/venv/lib/python3.10/site-packages/airflow/example_dags/example_skip_dag.py
[2024-11-05 15:32:41,576] {processor.py:641} INFO - Processing file /home/paula/Documentos/airflow/venv/lib/python3.10/site-packages/airflow/example_dags/example_skip_dag.py for tasks to queue
[2024-11-05 15:32:41,577] {logging_mixin.py:115} INFO - [2024-11-05 15:32:41,576] {dagbag.py:507} INFO - Filling up the DagBag from /home/paula/Documentos/airflow/venv/lib/python3.10/site-packages/airflow/example_dags/example_skip_dag.py
[2024-11-05 15:32:41,582] {processor.py:651} INFO - DAG(s) dict_keys(['example_skip_dag']) retrieved from /home/paula/Documentos/airflow/venv/lib/python3.10/site-packages/airflow/example_dags/example_skip_dag.py
[2024-11-05 15:32:41,600] {logging_mixin.py:115} INFO - [2024-11-05 15:32:41,600] {dag.py:2379} INFO - Sync 1 DAGs
[2024-11-05 15:32:41,618] {logging_mixin.py:115} INFO - [2024-11-05 15:32:41,618] {dag.py:2927} INFO - Setting next_dagrun for example_skip_dag to 2024-11-04T18:32:41.618406+00:00, run_after=2024-11-05T18:32:41.618406+00:00
[2024-11-05 15:32:41,717] {processor.py:161} INFO - Processing /home/paula/Documentos/airflow/venv/lib/python3.10/site-packages/airflow/example_dags/example_skip_dag.py took 0.145 seconds
[2024-11-05 15:33:24,077] {processor.py:153} INFO - Started process (PID=1063055) to work on /home/paula/Documentos/airflow/venv/lib/python3.10/site-packages/airflow/example_dags/example_skip_dag.py
[2024-11-05 15:33:24,094] {processor.py:641} INFO - Processing file /home/paula/Documentos/airflow/venv/lib/python3.10/site-packages/airflow/example_dags/example_skip_dag.py for tasks to queue
[2024-11-05 15:33:24,095] {logging_mixin.py:115} INFO - [2024-11-05 15:33:24,094] {dagbag.py:507} INFO - Filling up the DagBag from /home/paula/Documentos/airflow/venv/lib/python3.10/site-packages/airflow/example_dags/example_skip_dag.py
[2024-11-05 15:33:24,104] {processor.py:651} INFO - DAG(s) dict_keys(['example_skip_dag']) retrieved from /home/paula/Documentos/airflow/venv/lib/python3.10/site-packages/airflow/example_dags/example_skip_dag.py
[2024-11-05 15:33:24,129] {logging_mixin.py:115} INFO - [2024-11-05 15:33:24,129] {dag.py:2379} INFO - Sync 1 DAGs
[2024-11-05 15:33:24,147] {logging_mixin.py:115} INFO - [2024-11-05 15:33:24,147] {dag.py:2927} INFO - Setting next_dagrun for example_skip_dag to 2024-11-04T18:33:24.147458+00:00, run_after=2024-11-05T18:33:24.147458+00:00
[2024-11-05 15:33:24,234] {processor.py:161} INFO - Processing /home/paula/Documentos/airflow/venv/lib/python3.10/site-packages/airflow/example_dags/example_skip_dag.py took 0.160 seconds
[2024-11-05 15:34:10,091] {processor.py:153} INFO - Started process (PID=1063377) to work on /home/paula/Documentos/airflow/venv/lib/python3.10/site-packages/airflow/example_dags/example_skip_dag.py
[2024-11-05 15:34:10,112] {processor.py:641} INFO - Processing file /home/paula/Documentos/airflow/venv/lib/python3.10/site-packages/airflow/example_dags/example_skip_dag.py for tasks to queue
[2024-11-05 15:34:10,113] {logging_mixin.py:115} INFO - [2024-11-05 15:34:10,112] {dagbag.py:507} INFO - Filling up the DagBag from /home/paula/Documentos/airflow/venv/lib/python3.10/site-packages/airflow/example_dags/example_skip_dag.py
[2024-11-05 15:34:10,120] {processor.py:651} INFO - DAG(s) dict_keys(['example_skip_dag']) retrieved from /home/paula/Documentos/airflow/venv/lib/python3.10/site-packages/airflow/example_dags/example_skip_dag.py
[2024-11-05 15:34:10,139] {logging_mixin.py:115} INFO - [2024-11-05 15:34:10,139] {dag.py:2379} INFO - Sync 1 DAGs
[2024-11-05 15:34:10,157] {logging_mixin.py:115} INFO - [2024-11-05 15:34:10,156] {dag.py:2927} INFO - Setting next_dagrun for example_skip_dag to 2024-11-04T18:34:10.156697+00:00, run_after=2024-11-05T18:34:10.156697+00:00
[2024-11-05 15:34:10,340] {processor.py:161} INFO - Processing /home/paula/Documentos/airflow/venv/lib/python3.10/site-packages/airflow/example_dags/example_skip_dag.py took 0.252 seconds
[2024-11-05 15:34:48,796] {processor.py:153} INFO - Started process (PID=1063709) to work on /home/paula/Documentos/airflow/venv/lib/python3.10/site-packages/airflow/example_dags/example_skip_dag.py
[2024-11-05 15:34:48,797] {processor.py:641} INFO - Processing file /home/paula/Documentos/airflow/venv/lib/python3.10/site-packages/airflow/example_dags/example_skip_dag.py for tasks to queue
[2024-11-05 15:34:48,798] {logging_mixin.py:115} INFO - [2024-11-05 15:34:48,798] {dagbag.py:507} INFO - Filling up the DagBag from /home/paula/Documentos/airflow/venv/lib/python3.10/site-packages/airflow/example_dags/example_skip_dag.py
[2024-11-05 15:34:48,805] {processor.py:651} INFO - DAG(s) dict_keys(['example_skip_dag']) retrieved from /home/paula/Documentos/airflow/venv/lib/python3.10/site-packages/airflow/example_dags/example_skip_dag.py
[2024-11-05 15:34:48,823] {logging_mixin.py:115} INFO - [2024-11-05 15:34:48,822] {dag.py:2379} INFO - Sync 1 DAGs
[2024-11-05 15:34:48,839] {logging_mixin.py:115} INFO - [2024-11-05 15:34:48,839] {dag.py:2927} INFO - Setting next_dagrun for example_skip_dag to 2024-11-04T18:34:48.839089+00:00, run_after=2024-11-05T18:34:48.839089+00:00
[2024-11-05 15:34:48,945] {processor.py:161} INFO - Processing /home/paula/Documentos/airflow/venv/lib/python3.10/site-packages/airflow/example_dags/example_skip_dag.py took 0.152 seconds
[2024-11-05 15:35:32,201] {processor.py:153} INFO - Started process (PID=1063977) to work on /home/paula/Documentos/airflow/venv/lib/python3.10/site-packages/airflow/example_dags/example_skip_dag.py
[2024-11-05 15:35:32,226] {processor.py:641} INFO - Processing file /home/paula/Documentos/airflow/venv/lib/python3.10/site-packages/airflow/example_dags/example_skip_dag.py for tasks to queue
[2024-11-05 15:35:32,226] {logging_mixin.py:115} INFO - [2024-11-05 15:35:32,226] {dagbag.py:507} INFO - Filling up the DagBag from /home/paula/Documentos/airflow/venv/lib/python3.10/site-packages/airflow/example_dags/example_skip_dag.py
[2024-11-05 15:35:32,233] {processor.py:651} INFO - DAG(s) dict_keys(['example_skip_dag']) retrieved from /home/paula/Documentos/airflow/venv/lib/python3.10/site-packages/airflow/example_dags/example_skip_dag.py
[2024-11-05 15:35:32,253] {logging_mixin.py:115} INFO - [2024-11-05 15:35:32,253] {dag.py:2379} INFO - Sync 1 DAGs
[2024-11-05 15:35:32,271] {logging_mixin.py:115} INFO - [2024-11-05 15:35:32,271] {dag.py:2927} INFO - Setting next_dagrun for example_skip_dag to 2024-11-04T18:35:32.271088+00:00, run_after=2024-11-05T18:35:32.271088+00:00
[2024-11-05 15:35:32,416] {processor.py:161} INFO - Processing /home/paula/Documentos/airflow/venv/lib/python3.10/site-packages/airflow/example_dags/example_skip_dag.py took 0.219 seconds
[2024-11-05 15:39:46,810] {processor.py:153} INFO - Started process (PID=1065716) to work on /home/paula/Documentos/airflow/venv/lib/python3.10/site-packages/airflow/example_dags/example_skip_dag.py
[2024-11-05 15:39:46,828] {processor.py:641} INFO - Processing file /home/paula/Documentos/airflow/venv/lib/python3.10/site-packages/airflow/example_dags/example_skip_dag.py for tasks to queue
[2024-11-05 15:39:46,829] {logging_mixin.py:115} INFO - [2024-11-05 15:39:46,829] {dagbag.py:507} INFO - Filling up the DagBag from /home/paula/Documentos/airflow/venv/lib/python3.10/site-packages/airflow/example_dags/example_skip_dag.py
[2024-11-05 15:39:46,879] {processor.py:651} INFO - DAG(s) dict_keys(['example_skip_dag']) retrieved from /home/paula/Documentos/airflow/venv/lib/python3.10/site-packages/airflow/example_dags/example_skip_dag.py
[2024-11-05 15:39:46,978] {logging_mixin.py:115} INFO - [2024-11-05 15:39:46,978] {dag.py:2379} INFO - Sync 1 DAGs
[2024-11-05 15:39:47,080] {logging_mixin.py:115} INFO - [2024-11-05 15:39:47,080] {dag.py:2927} INFO - Setting next_dagrun for example_skip_dag to 2024-11-04T18:39:47.079174+00:00, run_after=2024-11-05T18:39:47.079174+00:00
[2024-11-05 15:39:47,269] {processor.py:161} INFO - Processing /home/paula/Documentos/airflow/venv/lib/python3.10/site-packages/airflow/example_dags/example_skip_dag.py took 0.479 seconds
[2024-11-05 15:40:31,160] {processor.py:153} INFO - Started process (PID=1066201) to work on /home/paula/Documentos/airflow/venv/lib/python3.10/site-packages/airflow/example_dags/example_skip_dag.py
[2024-11-05 15:40:31,194] {processor.py:641} INFO - Processing file /home/paula/Documentos/airflow/venv/lib/python3.10/site-packages/airflow/example_dags/example_skip_dag.py for tasks to queue
[2024-11-05 15:40:31,195] {logging_mixin.py:115} INFO - [2024-11-05 15:40:31,195] {dagbag.py:507} INFO - Filling up the DagBag from /home/paula/Documentos/airflow/venv/lib/python3.10/site-packages/airflow/example_dags/example_skip_dag.py
[2024-11-05 15:40:31,200] {processor.py:651} INFO - DAG(s) dict_keys(['example_skip_dag']) retrieved from /home/paula/Documentos/airflow/venv/lib/python3.10/site-packages/airflow/example_dags/example_skip_dag.py
[2024-11-05 15:40:31,337] {logging_mixin.py:115} INFO - [2024-11-05 15:40:31,337] {dag.py:2379} INFO - Sync 1 DAGs
[2024-11-05 15:40:31,366] {logging_mixin.py:115} INFO - [2024-11-05 15:40:31,366] {dag.py:2927} INFO - Setting next_dagrun for example_skip_dag to 2024-11-04T18:40:31.366191+00:00, run_after=2024-11-05T18:40:31.366191+00:00
[2024-11-05 15:40:31,520] {processor.py:161} INFO - Processing /home/paula/Documentos/airflow/venv/lib/python3.10/site-packages/airflow/example_dags/example_skip_dag.py took 0.363 seconds
