[2024-11-05 15:08:16,817] {processor.py:153} INFO - Started process (PID=1053488) to work on /home/paula/Documentos/airflow/venv/lib/python3.10/site-packages/airflow/example_dags/example_branch_operator_decorator.py
[2024-11-05 15:08:16,817] {processor.py:641} INFO - Processing file /home/paula/Documentos/airflow/venv/lib/python3.10/site-packages/airflow/example_dags/example_branch_operator_decorator.py for tasks to queue
[2024-11-05 15:08:16,818] {logging_mixin.py:115} INFO - [2024-11-05 15:08:16,818] {dagbag.py:507} INFO - Filling up the DagBag from /home/paula/Documentos/airflow/venv/lib/python3.10/site-packages/airflow/example_dags/example_branch_operator_decorator.py
[2024-11-05 15:08:16,839] {processor.py:651} INFO - DAG(s) dict_keys(['example_branch_python_operator_decorator']) retrieved from /home/paula/Documentos/airflow/venv/lib/python3.10/site-packages/airflow/example_dags/example_branch_operator_decorator.py
[2024-11-05 15:08:17,316] {logging_mixin.py:115} INFO - [2024-11-05 15:08:17,316] {manager.py:508} INFO - Created Permission View: can edit on DAG:example_branch_python_operator_decorator
[2024-11-05 15:08:17,483] {logging_mixin.py:115} INFO - [2024-11-05 15:08:17,483] {manager.py:508} INFO - Created Permission View: can read on DAG:example_branch_python_operator_decorator
[2024-11-05 15:08:17,697] {logging_mixin.py:115} INFO - [2024-11-05 15:08:17,696] {manager.py:508} INFO - Created Permission View: can delete on DAG:example_branch_python_operator_decorator
[2024-11-05 15:08:17,697] {logging_mixin.py:115} INFO - [2024-11-05 15:08:17,697] {dag.py:2379} INFO - Sync 1 DAGs
[2024-11-05 15:08:17,716] {logging_mixin.py:115} INFO - [2024-11-05 15:08:17,716] {dag.py:2398} INFO - Creating ORM DAG for example_branch_python_operator_decorator
[2024-11-05 15:08:17,735] {logging_mixin.py:115} INFO - [2024-11-05 15:08:17,735] {dag.py:2927} INFO - Setting next_dagrun for example_branch_python_operator_decorator to 2024-11-04T00:00:00+00:00, run_after=2024-11-05T00:00:00+00:00
[2024-11-05 15:08:17,972] {processor.py:161} INFO - Processing /home/paula/Documentos/airflow/venv/lib/python3.10/site-packages/airflow/example_dags/example_branch_operator_decorator.py took 1.160 seconds
[2024-11-05 15:09:08,435] {processor.py:153} INFO - Started process (PID=1053800) to work on /home/paula/Documentos/airflow/venv/lib/python3.10/site-packages/airflow/example_dags/example_branch_operator_decorator.py
[2024-11-05 15:09:08,444] {processor.py:641} INFO - Processing file /home/paula/Documentos/airflow/venv/lib/python3.10/site-packages/airflow/example_dags/example_branch_operator_decorator.py for tasks to queue
[2024-11-05 15:09:08,444] {logging_mixin.py:115} INFO - [2024-11-05 15:09:08,444] {dagbag.py:507} INFO - Filling up the DagBag from /home/paula/Documentos/airflow/venv/lib/python3.10/site-packages/airflow/example_dags/example_branch_operator_decorator.py
[2024-11-05 15:09:08,465] {processor.py:651} INFO - DAG(s) dict_keys(['example_branch_python_operator_decorator']) retrieved from /home/paula/Documentos/airflow/venv/lib/python3.10/site-packages/airflow/example_dags/example_branch_operator_decorator.py
[2024-11-05 15:09:08,481] {logging_mixin.py:115} INFO - [2024-11-05 15:09:08,481] {dag.py:2379} INFO - Sync 1 DAGs
[2024-11-05 15:09:08,503] {logging_mixin.py:115} INFO - [2024-11-05 15:09:08,502] {dag.py:2927} INFO - Setting next_dagrun for example_branch_python_operator_decorator to 2024-11-04T00:00:00+00:00, run_after=2024-11-05T00:00:00+00:00
[2024-11-05 15:09:08,656] {processor.py:161} INFO - Processing /home/paula/Documentos/airflow/venv/lib/python3.10/site-packages/airflow/example_dags/example_branch_operator_decorator.py took 0.224 seconds
[2024-11-05 15:09:50,932] {processor.py:153} INFO - Started process (PID=1054012) to work on /home/paula/Documentos/airflow/venv/lib/python3.10/site-packages/airflow/example_dags/example_branch_operator_decorator.py
[2024-11-05 15:09:50,954] {processor.py:641} INFO - Processing file /home/paula/Documentos/airflow/venv/lib/python3.10/site-packages/airflow/example_dags/example_branch_operator_decorator.py for tasks to queue
[2024-11-05 15:09:50,955] {logging_mixin.py:115} INFO - [2024-11-05 15:09:50,955] {dagbag.py:507} INFO - Filling up the DagBag from /home/paula/Documentos/airflow/venv/lib/python3.10/site-packages/airflow/example_dags/example_branch_operator_decorator.py
[2024-11-05 15:09:50,978] {processor.py:651} INFO - DAG(s) dict_keys(['example_branch_python_operator_decorator']) retrieved from /home/paula/Documentos/airflow/venv/lib/python3.10/site-packages/airflow/example_dags/example_branch_operator_decorator.py
[2024-11-05 15:09:50,997] {logging_mixin.py:115} INFO - [2024-11-05 15:09:50,997] {dag.py:2379} INFO - Sync 1 DAGs
[2024-11-05 15:09:51,019] {logging_mixin.py:115} INFO - [2024-11-05 15:09:51,019] {dag.py:2927} INFO - Setting next_dagrun for example_branch_python_operator_decorator to 2024-11-04T00:00:00+00:00, run_after=2024-11-05T00:00:00+00:00
[2024-11-05 15:09:51,296] {processor.py:161} INFO - Processing /home/paula/Documentos/airflow/venv/lib/python3.10/site-packages/airflow/example_dags/example_branch_operator_decorator.py took 0.368 seconds
[2024-11-05 15:10:41,578] {processor.py:153} INFO - Started process (PID=1054527) to work on /home/paula/Documentos/airflow/venv/lib/python3.10/site-packages/airflow/example_dags/example_branch_operator_decorator.py
[2024-11-05 15:10:41,593] {processor.py:641} INFO - Processing file /home/paula/Documentos/airflow/venv/lib/python3.10/site-packages/airflow/example_dags/example_branch_operator_decorator.py for tasks to queue
[2024-11-05 15:10:41,594] {logging_mixin.py:115} INFO - [2024-11-05 15:10:41,594] {dagbag.py:507} INFO - Filling up the DagBag from /home/paula/Documentos/airflow/venv/lib/python3.10/site-packages/airflow/example_dags/example_branch_operator_decorator.py
[2024-11-05 15:10:41,615] {processor.py:651} INFO - DAG(s) dict_keys(['example_branch_python_operator_decorator']) retrieved from /home/paula/Documentos/airflow/venv/lib/python3.10/site-packages/airflow/example_dags/example_branch_operator_decorator.py
[2024-11-05 15:10:41,630] {logging_mixin.py:115} INFO - [2024-11-05 15:10:41,630] {dag.py:2379} INFO - Sync 1 DAGs
[2024-11-05 15:10:41,649] {logging_mixin.py:115} INFO - [2024-11-05 15:10:41,649] {dag.py:2927} INFO - Setting next_dagrun for example_branch_python_operator_decorator to 2024-11-04T00:00:00+00:00, run_after=2024-11-05T00:00:00+00:00
[2024-11-05 15:10:41,902] {processor.py:161} INFO - Processing /home/paula/Documentos/airflow/venv/lib/python3.10/site-packages/airflow/example_dags/example_branch_operator_decorator.py took 0.327 seconds
[2024-11-05 15:11:33,202] {processor.py:153} INFO - Started process (PID=1054790) to work on /home/paula/Documentos/airflow/venv/lib/python3.10/site-packages/airflow/example_dags/example_branch_operator_decorator.py
[2024-11-05 15:11:33,211] {processor.py:641} INFO - Processing file /home/paula/Documentos/airflow/venv/lib/python3.10/site-packages/airflow/example_dags/example_branch_operator_decorator.py for tasks to queue
[2024-11-05 15:11:33,212] {logging_mixin.py:115} INFO - [2024-11-05 15:11:33,212] {dagbag.py:507} INFO - Filling up the DagBag from /home/paula/Documentos/airflow/venv/lib/python3.10/site-packages/airflow/example_dags/example_branch_operator_decorator.py
[2024-11-05 15:11:33,231] {processor.py:651} INFO - DAG(s) dict_keys(['example_branch_python_operator_decorator']) retrieved from /home/paula/Documentos/airflow/venv/lib/python3.10/site-packages/airflow/example_dags/example_branch_operator_decorator.py
[2024-11-05 15:11:33,244] {logging_mixin.py:115} INFO - [2024-11-05 15:11:33,244] {dag.py:2379} INFO - Sync 1 DAGs
[2024-11-05 15:11:33,264] {logging_mixin.py:115} INFO - [2024-11-05 15:11:33,263] {dag.py:2927} INFO - Setting next_dagrun for example_branch_python_operator_decorator to 2024-11-04T00:00:00+00:00, run_after=2024-11-05T00:00:00+00:00
[2024-11-05 15:11:33,540] {processor.py:161} INFO - Processing /home/paula/Documentos/airflow/venv/lib/python3.10/site-packages/airflow/example_dags/example_branch_operator_decorator.py took 0.341 seconds
[2024-11-05 15:12:23,154] {processor.py:153} INFO - Started process (PID=1055124) to work on /home/paula/Documentos/airflow/venv/lib/python3.10/site-packages/airflow/example_dags/example_branch_operator_decorator.py
[2024-11-05 15:12:23,184] {processor.py:641} INFO - Processing file /home/paula/Documentos/airflow/venv/lib/python3.10/site-packages/airflow/example_dags/example_branch_operator_decorator.py for tasks to queue
[2024-11-05 15:12:23,184] {logging_mixin.py:115} INFO - [2024-11-05 15:12:23,184] {dagbag.py:507} INFO - Filling up the DagBag from /home/paula/Documentos/airflow/venv/lib/python3.10/site-packages/airflow/example_dags/example_branch_operator_decorator.py
[2024-11-05 15:12:23,208] {processor.py:651} INFO - DAG(s) dict_keys(['example_branch_python_operator_decorator']) retrieved from /home/paula/Documentos/airflow/venv/lib/python3.10/site-packages/airflow/example_dags/example_branch_operator_decorator.py
[2024-11-05 15:12:23,227] {logging_mixin.py:115} INFO - [2024-11-05 15:12:23,226] {dag.py:2379} INFO - Sync 1 DAGs
[2024-11-05 15:12:23,249] {logging_mixin.py:115} INFO - [2024-11-05 15:12:23,249] {dag.py:2927} INFO - Setting next_dagrun for example_branch_python_operator_decorator to 2024-11-04T00:00:00+00:00, run_after=2024-11-05T00:00:00+00:00
[2024-11-05 15:12:23,523] {processor.py:161} INFO - Processing /home/paula/Documentos/airflow/venv/lib/python3.10/site-packages/airflow/example_dags/example_branch_operator_decorator.py took 0.374 seconds
[2024-11-05 15:13:13,344] {processor.py:153} INFO - Started process (PID=1055418) to work on /home/paula/Documentos/airflow/venv/lib/python3.10/site-packages/airflow/example_dags/example_branch_operator_decorator.py
[2024-11-05 15:13:13,374] {processor.py:641} INFO - Processing file /home/paula/Documentos/airflow/venv/lib/python3.10/site-packages/airflow/example_dags/example_branch_operator_decorator.py for tasks to queue
[2024-11-05 15:13:13,375] {logging_mixin.py:115} INFO - [2024-11-05 15:13:13,375] {dagbag.py:507} INFO - Filling up the DagBag from /home/paula/Documentos/airflow/venv/lib/python3.10/site-packages/airflow/example_dags/example_branch_operator_decorator.py
[2024-11-05 15:13:13,405] {processor.py:651} INFO - DAG(s) dict_keys(['example_branch_python_operator_decorator']) retrieved from /home/paula/Documentos/airflow/venv/lib/python3.10/site-packages/airflow/example_dags/example_branch_operator_decorator.py
[2024-11-05 15:13:13,420] {logging_mixin.py:115} INFO - [2024-11-05 15:13:13,420] {dag.py:2379} INFO - Sync 1 DAGs
[2024-11-05 15:13:13,442] {logging_mixin.py:115} INFO - [2024-11-05 15:13:13,442] {dag.py:2927} INFO - Setting next_dagrun for example_branch_python_operator_decorator to 2024-11-04T00:00:00+00:00, run_after=2024-11-05T00:00:00+00:00
[2024-11-05 15:13:13,694] {processor.py:161} INFO - Processing /home/paula/Documentos/airflow/venv/lib/python3.10/site-packages/airflow/example_dags/example_branch_operator_decorator.py took 0.354 seconds
[2024-11-05 15:14:07,585] {processor.py:153} INFO - Started process (PID=1055726) to work on /home/paula/Documentos/airflow/venv/lib/python3.10/site-packages/airflow/example_dags/example_branch_operator_decorator.py
[2024-11-05 15:14:07,598] {processor.py:641} INFO - Processing file /home/paula/Documentos/airflow/venv/lib/python3.10/site-packages/airflow/example_dags/example_branch_operator_decorator.py for tasks to queue
[2024-11-05 15:14:07,599] {logging_mixin.py:115} INFO - [2024-11-05 15:14:07,599] {dagbag.py:507} INFO - Filling up the DagBag from /home/paula/Documentos/airflow/venv/lib/python3.10/site-packages/airflow/example_dags/example_branch_operator_decorator.py
[2024-11-05 15:14:07,621] {processor.py:651} INFO - DAG(s) dict_keys(['example_branch_python_operator_decorator']) retrieved from /home/paula/Documentos/airflow/venv/lib/python3.10/site-packages/airflow/example_dags/example_branch_operator_decorator.py
[2024-11-05 15:14:07,638] {logging_mixin.py:115} INFO - [2024-11-05 15:14:07,638] {dag.py:2379} INFO - Sync 1 DAGs
[2024-11-05 15:14:07,660] {logging_mixin.py:115} INFO - [2024-11-05 15:14:07,660] {dag.py:2927} INFO - Setting next_dagrun for example_branch_python_operator_decorator to 2024-11-04T00:00:00+00:00, run_after=2024-11-05T00:00:00+00:00
[2024-11-05 15:14:07,871] {processor.py:161} INFO - Processing /home/paula/Documentos/airflow/venv/lib/python3.10/site-packages/airflow/example_dags/example_branch_operator_decorator.py took 0.290 seconds
[2024-11-05 15:15:00,847] {processor.py:153} INFO - Started process (PID=1056051) to work on /home/paula/Documentos/airflow/venv/lib/python3.10/site-packages/airflow/example_dags/example_branch_operator_decorator.py
[2024-11-05 15:15:00,863] {processor.py:641} INFO - Processing file /home/paula/Documentos/airflow/venv/lib/python3.10/site-packages/airflow/example_dags/example_branch_operator_decorator.py for tasks to queue
[2024-11-05 15:15:00,865] {logging_mixin.py:115} INFO - [2024-11-05 15:15:00,864] {dagbag.py:507} INFO - Filling up the DagBag from /home/paula/Documentos/airflow/venv/lib/python3.10/site-packages/airflow/example_dags/example_branch_operator_decorator.py
[2024-11-05 15:15:00,899] {processor.py:651} INFO - DAG(s) dict_keys(['example_branch_python_operator_decorator']) retrieved from /home/paula/Documentos/airflow/venv/lib/python3.10/site-packages/airflow/example_dags/example_branch_operator_decorator.py
[2024-11-05 15:15:00,916] {logging_mixin.py:115} INFO - [2024-11-05 15:15:00,916] {dag.py:2379} INFO - Sync 1 DAGs
[2024-11-05 15:15:00,937] {logging_mixin.py:115} INFO - [2024-11-05 15:15:00,936] {dag.py:2927} INFO - Setting next_dagrun for example_branch_python_operator_decorator to 2024-11-04T00:00:00+00:00, run_after=2024-11-05T00:00:00+00:00
[2024-11-05 15:15:01,035] {processor.py:161} INFO - Processing /home/paula/Documentos/airflow/venv/lib/python3.10/site-packages/airflow/example_dags/example_branch_operator_decorator.py took 0.192 seconds
[2024-11-05 15:15:44,222] {processor.py:153} INFO - Started process (PID=1056324) to work on /home/paula/Documentos/airflow/venv/lib/python3.10/site-packages/airflow/example_dags/example_branch_operator_decorator.py
[2024-11-05 15:15:44,236] {processor.py:641} INFO - Processing file /home/paula/Documentos/airflow/venv/lib/python3.10/site-packages/airflow/example_dags/example_branch_operator_decorator.py for tasks to queue
[2024-11-05 15:15:44,236] {logging_mixin.py:115} INFO - [2024-11-05 15:15:44,236] {dagbag.py:507} INFO - Filling up the DagBag from /home/paula/Documentos/airflow/venv/lib/python3.10/site-packages/airflow/example_dags/example_branch_operator_decorator.py
[2024-11-05 15:15:44,258] {processor.py:651} INFO - DAG(s) dict_keys(['example_branch_python_operator_decorator']) retrieved from /home/paula/Documentos/airflow/venv/lib/python3.10/site-packages/airflow/example_dags/example_branch_operator_decorator.py
[2024-11-05 15:15:44,273] {logging_mixin.py:115} INFO - [2024-11-05 15:15:44,273] {dag.py:2379} INFO - Sync 1 DAGs
[2024-11-05 15:15:44,302] {logging_mixin.py:115} INFO - [2024-11-05 15:15:44,301] {dag.py:2927} INFO - Setting next_dagrun for example_branch_python_operator_decorator to 2024-11-04T00:00:00+00:00, run_after=2024-11-05T00:00:00+00:00
[2024-11-05 15:15:44,396] {processor.py:161} INFO - Processing /home/paula/Documentos/airflow/venv/lib/python3.10/site-packages/airflow/example_dags/example_branch_operator_decorator.py took 0.176 seconds
[2024-11-05 15:16:27,045] {processor.py:153} INFO - Started process (PID=1056582) to work on /home/paula/Documentos/airflow/venv/lib/python3.10/site-packages/airflow/example_dags/example_branch_operator_decorator.py
[2024-11-05 15:16:27,065] {processor.py:641} INFO - Processing file /home/paula/Documentos/airflow/venv/lib/python3.10/site-packages/airflow/example_dags/example_branch_operator_decorator.py for tasks to queue
[2024-11-05 15:16:27,066] {logging_mixin.py:115} INFO - [2024-11-05 15:16:27,066] {dagbag.py:507} INFO - Filling up the DagBag from /home/paula/Documentos/airflow/venv/lib/python3.10/site-packages/airflow/example_dags/example_branch_operator_decorator.py
[2024-11-05 15:16:27,087] {processor.py:651} INFO - DAG(s) dict_keys(['example_branch_python_operator_decorator']) retrieved from /home/paula/Documentos/airflow/venv/lib/python3.10/site-packages/airflow/example_dags/example_branch_operator_decorator.py
[2024-11-05 15:16:27,103] {logging_mixin.py:115} INFO - [2024-11-05 15:16:27,102] {dag.py:2379} INFO - Sync 1 DAGs
[2024-11-05 15:16:27,124] {logging_mixin.py:115} INFO - [2024-11-05 15:16:27,124] {dag.py:2927} INFO - Setting next_dagrun for example_branch_python_operator_decorator to 2024-11-04T00:00:00+00:00, run_after=2024-11-05T00:00:00+00:00
[2024-11-05 15:16:27,225] {processor.py:161} INFO - Processing /home/paula/Documentos/airflow/venv/lib/python3.10/site-packages/airflow/example_dags/example_branch_operator_decorator.py took 0.183 seconds
[2024-11-05 15:17:15,465] {processor.py:153} INFO - Started process (PID=1056892) to work on /home/paula/Documentos/airflow/venv/lib/python3.10/site-packages/airflow/example_dags/example_branch_operator_decorator.py
[2024-11-05 15:17:15,481] {processor.py:641} INFO - Processing file /home/paula/Documentos/airflow/venv/lib/python3.10/site-packages/airflow/example_dags/example_branch_operator_decorator.py for tasks to queue
[2024-11-05 15:17:15,481] {logging_mixin.py:115} INFO - [2024-11-05 15:17:15,481] {dagbag.py:507} INFO - Filling up the DagBag from /home/paula/Documentos/airflow/venv/lib/python3.10/site-packages/airflow/example_dags/example_branch_operator_decorator.py
[2024-11-05 15:17:15,503] {processor.py:651} INFO - DAG(s) dict_keys(['example_branch_python_operator_decorator']) retrieved from /home/paula/Documentos/airflow/venv/lib/python3.10/site-packages/airflow/example_dags/example_branch_operator_decorator.py
[2024-11-05 15:17:15,519] {logging_mixin.py:115} INFO - [2024-11-05 15:17:15,519] {dag.py:2379} INFO - Sync 1 DAGs
[2024-11-05 15:17:15,541] {logging_mixin.py:115} INFO - [2024-11-05 15:17:15,541] {dag.py:2927} INFO - Setting next_dagrun for example_branch_python_operator_decorator to 2024-11-04T00:00:00+00:00, run_after=2024-11-05T00:00:00+00:00
[2024-11-05 15:17:15,634] {processor.py:161} INFO - Processing /home/paula/Documentos/airflow/venv/lib/python3.10/site-packages/airflow/example_dags/example_branch_operator_decorator.py took 0.172 seconds
[2024-11-05 15:18:04,019] {processor.py:153} INFO - Started process (PID=1057180) to work on /home/paula/Documentos/airflow/venv/lib/python3.10/site-packages/airflow/example_dags/example_branch_operator_decorator.py
[2024-11-05 15:18:04,151] {processor.py:641} INFO - Processing file /home/paula/Documentos/airflow/venv/lib/python3.10/site-packages/airflow/example_dags/example_branch_operator_decorator.py for tasks to queue
[2024-11-05 15:18:04,152] {logging_mixin.py:115} INFO - [2024-11-05 15:18:04,151] {dagbag.py:507} INFO - Filling up the DagBag from /home/paula/Documentos/airflow/venv/lib/python3.10/site-packages/airflow/example_dags/example_branch_operator_decorator.py
[2024-11-05 15:18:04,183] {processor.py:651} INFO - DAG(s) dict_keys(['example_branch_python_operator_decorator']) retrieved from /home/paula/Documentos/airflow/venv/lib/python3.10/site-packages/airflow/example_dags/example_branch_operator_decorator.py
[2024-11-05 15:18:04,206] {logging_mixin.py:115} INFO - [2024-11-05 15:18:04,206] {dag.py:2379} INFO - Sync 1 DAGs
[2024-11-05 15:18:04,227] {logging_mixin.py:115} INFO - [2024-11-05 15:18:04,227] {dag.py:2927} INFO - Setting next_dagrun for example_branch_python_operator_decorator to 2024-11-04T00:00:00+00:00, run_after=2024-11-05T00:00:00+00:00
[2024-11-05 15:18:04,387] {processor.py:161} INFO - Processing /home/paula/Documentos/airflow/venv/lib/python3.10/site-packages/airflow/example_dags/example_branch_operator_decorator.py took 0.372 seconds
[2024-11-05 15:18:49,059] {processor.py:153} INFO - Started process (PID=1057468) to work on /home/paula/Documentos/airflow/venv/lib/python3.10/site-packages/airflow/example_dags/example_branch_operator_decorator.py
[2024-11-05 15:18:49,078] {processor.py:641} INFO - Processing file /home/paula/Documentos/airflow/venv/lib/python3.10/site-packages/airflow/example_dags/example_branch_operator_decorator.py for tasks to queue
[2024-11-05 15:18:49,079] {logging_mixin.py:115} INFO - [2024-11-05 15:18:49,078] {dagbag.py:507} INFO - Filling up the DagBag from /home/paula/Documentos/airflow/venv/lib/python3.10/site-packages/airflow/example_dags/example_branch_operator_decorator.py
[2024-11-05 15:18:49,105] {processor.py:651} INFO - DAG(s) dict_keys(['example_branch_python_operator_decorator']) retrieved from /home/paula/Documentos/airflow/venv/lib/python3.10/site-packages/airflow/example_dags/example_branch_operator_decorator.py
[2024-11-05 15:18:49,121] {logging_mixin.py:115} INFO - [2024-11-05 15:18:49,121] {dag.py:2379} INFO - Sync 1 DAGs
[2024-11-05 15:18:49,141] {logging_mixin.py:115} INFO - [2024-11-05 15:18:49,141] {dag.py:2927} INFO - Setting next_dagrun for example_branch_python_operator_decorator to 2024-11-04T00:00:00+00:00, run_after=2024-11-05T00:00:00+00:00
[2024-11-05 15:18:49,232] {processor.py:161} INFO - Processing /home/paula/Documentos/airflow/venv/lib/python3.10/site-packages/airflow/example_dags/example_branch_operator_decorator.py took 0.176 seconds
[2024-11-05 15:19:32,862] {processor.py:153} INFO - Started process (PID=1057725) to work on /home/paula/Documentos/airflow/venv/lib/python3.10/site-packages/airflow/example_dags/example_branch_operator_decorator.py
[2024-11-05 15:19:32,863] {processor.py:641} INFO - Processing file /home/paula/Documentos/airflow/venv/lib/python3.10/site-packages/airflow/example_dags/example_branch_operator_decorator.py for tasks to queue
[2024-11-05 15:19:32,864] {logging_mixin.py:115} INFO - [2024-11-05 15:19:32,864] {dagbag.py:507} INFO - Filling up the DagBag from /home/paula/Documentos/airflow/venv/lib/python3.10/site-packages/airflow/example_dags/example_branch_operator_decorator.py
[2024-11-05 15:19:32,885] {processor.py:651} INFO - DAG(s) dict_keys(['example_branch_python_operator_decorator']) retrieved from /home/paula/Documentos/airflow/venv/lib/python3.10/site-packages/airflow/example_dags/example_branch_operator_decorator.py
[2024-11-05 15:19:32,901] {logging_mixin.py:115} INFO - [2024-11-05 15:19:32,901] {dag.py:2379} INFO - Sync 1 DAGs
[2024-11-05 15:19:32,923] {logging_mixin.py:115} INFO - [2024-11-05 15:19:32,923] {dag.py:2927} INFO - Setting next_dagrun for example_branch_python_operator_decorator to 2024-11-04T00:00:00+00:00, run_after=2024-11-05T00:00:00+00:00
[2024-11-05 15:19:33,125] {processor.py:161} INFO - Processing /home/paula/Documentos/airflow/venv/lib/python3.10/site-packages/airflow/example_dags/example_branch_operator_decorator.py took 0.268 seconds
[2024-11-05 15:20:18,840] {processor.py:153} INFO - Started process (PID=1058034) to work on /home/paula/Documentos/airflow/venv/lib/python3.10/site-packages/airflow/example_dags/example_branch_operator_decorator.py
[2024-11-05 15:20:18,840] {processor.py:641} INFO - Processing file /home/paula/Documentos/airflow/venv/lib/python3.10/site-packages/airflow/example_dags/example_branch_operator_decorator.py for tasks to queue
[2024-11-05 15:20:18,841] {logging_mixin.py:115} INFO - [2024-11-05 15:20:18,841] {dagbag.py:507} INFO - Filling up the DagBag from /home/paula/Documentos/airflow/venv/lib/python3.10/site-packages/airflow/example_dags/example_branch_operator_decorator.py
[2024-11-05 15:20:18,861] {processor.py:651} INFO - DAG(s) dict_keys(['example_branch_python_operator_decorator']) retrieved from /home/paula/Documentos/airflow/venv/lib/python3.10/site-packages/airflow/example_dags/example_branch_operator_decorator.py
[2024-11-05 15:20:18,875] {logging_mixin.py:115} INFO - [2024-11-05 15:20:18,874] {dag.py:2379} INFO - Sync 1 DAGs
[2024-11-05 15:20:18,901] {logging_mixin.py:115} INFO - [2024-11-05 15:20:18,901] {dag.py:2927} INFO - Setting next_dagrun for example_branch_python_operator_decorator to 2024-11-04T00:00:00+00:00, run_after=2024-11-05T00:00:00+00:00
[2024-11-05 15:20:19,033] {processor.py:161} INFO - Processing /home/paula/Documentos/airflow/venv/lib/python3.10/site-packages/airflow/example_dags/example_branch_operator_decorator.py took 0.196 seconds
[2024-11-05 15:21:40,976] {processor.py:153} INFO - Started process (PID=1058570) to work on /home/paula/Documentos/airflow/venv/lib/python3.10/site-packages/airflow/example_dags/example_branch_operator_decorator.py
[2024-11-05 15:21:40,977] {processor.py:641} INFO - Processing file /home/paula/Documentos/airflow/venv/lib/python3.10/site-packages/airflow/example_dags/example_branch_operator_decorator.py for tasks to queue
[2024-11-05 15:21:40,978] {logging_mixin.py:115} INFO - [2024-11-05 15:21:40,978] {dagbag.py:507} INFO - Filling up the DagBag from /home/paula/Documentos/airflow/venv/lib/python3.10/site-packages/airflow/example_dags/example_branch_operator_decorator.py
[2024-11-05 15:21:40,999] {processor.py:651} INFO - DAG(s) dict_keys(['example_branch_python_operator_decorator']) retrieved from /home/paula/Documentos/airflow/venv/lib/python3.10/site-packages/airflow/example_dags/example_branch_operator_decorator.py
[2024-11-05 15:21:41,015] {logging_mixin.py:115} INFO - [2024-11-05 15:21:41,015] {dag.py:2379} INFO - Sync 1 DAGs
[2024-11-05 15:21:41,035] {logging_mixin.py:115} INFO - [2024-11-05 15:21:41,035] {dag.py:2927} INFO - Setting next_dagrun for example_branch_python_operator_decorator to 2024-11-04T00:00:00+00:00, run_after=2024-11-05T00:00:00+00:00
[2024-11-05 15:21:41,140] {processor.py:161} INFO - Processing /home/paula/Documentos/airflow/venv/lib/python3.10/site-packages/airflow/example_dags/example_branch_operator_decorator.py took 0.167 seconds
[2024-11-05 15:22:23,001] {processor.py:153} INFO - Started process (PID=1058823) to work on /home/paula/Documentos/airflow/venv/lib/python3.10/site-packages/airflow/example_dags/example_branch_operator_decorator.py
[2024-11-05 15:22:23,018] {processor.py:641} INFO - Processing file /home/paula/Documentos/airflow/venv/lib/python3.10/site-packages/airflow/example_dags/example_branch_operator_decorator.py for tasks to queue
[2024-11-05 15:22:23,019] {logging_mixin.py:115} INFO - [2024-11-05 15:22:23,018] {dagbag.py:507} INFO - Filling up the DagBag from /home/paula/Documentos/airflow/venv/lib/python3.10/site-packages/airflow/example_dags/example_branch_operator_decorator.py
[2024-11-05 15:22:23,049] {processor.py:651} INFO - DAG(s) dict_keys(['example_branch_python_operator_decorator']) retrieved from /home/paula/Documentos/airflow/venv/lib/python3.10/site-packages/airflow/example_dags/example_branch_operator_decorator.py
[2024-11-05 15:22:23,064] {logging_mixin.py:115} INFO - [2024-11-05 15:22:23,064] {dag.py:2379} INFO - Sync 1 DAGs
[2024-11-05 15:22:23,085] {logging_mixin.py:115} INFO - [2024-11-05 15:22:23,085] {dag.py:2927} INFO - Setting next_dagrun for example_branch_python_operator_decorator to 2024-11-04T00:00:00+00:00, run_after=2024-11-05T00:00:00+00:00
[2024-11-05 15:22:23,183] {processor.py:161} INFO - Processing /home/paula/Documentos/airflow/venv/lib/python3.10/site-packages/airflow/example_dags/example_branch_operator_decorator.py took 0.187 seconds
[2024-11-05 15:23:08,324] {processor.py:153} INFO - Started process (PID=1059128) to work on /home/paula/Documentos/airflow/venv/lib/python3.10/site-packages/airflow/example_dags/example_branch_operator_decorator.py
[2024-11-05 15:23:08,325] {processor.py:641} INFO - Processing file /home/paula/Documentos/airflow/venv/lib/python3.10/site-packages/airflow/example_dags/example_branch_operator_decorator.py for tasks to queue
[2024-11-05 15:23:08,325] {logging_mixin.py:115} INFO - [2024-11-05 15:23:08,325] {dagbag.py:507} INFO - Filling up the DagBag from /home/paula/Documentos/airflow/venv/lib/python3.10/site-packages/airflow/example_dags/example_branch_operator_decorator.py
[2024-11-05 15:23:08,350] {processor.py:651} INFO - DAG(s) dict_keys(['example_branch_python_operator_decorator']) retrieved from /home/paula/Documentos/airflow/venv/lib/python3.10/site-packages/airflow/example_dags/example_branch_operator_decorator.py
[2024-11-05 15:23:08,367] {logging_mixin.py:115} INFO - [2024-11-05 15:23:08,366] {dag.py:2379} INFO - Sync 1 DAGs
[2024-11-05 15:23:08,393] {logging_mixin.py:115} INFO - [2024-11-05 15:23:08,393] {dag.py:2927} INFO - Setting next_dagrun for example_branch_python_operator_decorator to 2024-11-04T00:00:00+00:00, run_after=2024-11-05T00:00:00+00:00
[2024-11-05 15:23:08,535] {processor.py:161} INFO - Processing /home/paula/Documentos/airflow/venv/lib/python3.10/site-packages/airflow/example_dags/example_branch_operator_decorator.py took 0.214 seconds
[2024-11-05 15:23:55,869] {processor.py:153} INFO - Started process (PID=1059416) to work on /home/paula/Documentos/airflow/venv/lib/python3.10/site-packages/airflow/example_dags/example_branch_operator_decorator.py
[2024-11-05 15:23:55,870] {processor.py:641} INFO - Processing file /home/paula/Documentos/airflow/venv/lib/python3.10/site-packages/airflow/example_dags/example_branch_operator_decorator.py for tasks to queue
[2024-11-05 15:23:55,870] {logging_mixin.py:115} INFO - [2024-11-05 15:23:55,870] {dagbag.py:507} INFO - Filling up the DagBag from /home/paula/Documentos/airflow/venv/lib/python3.10/site-packages/airflow/example_dags/example_branch_operator_decorator.py
[2024-11-05 15:23:55,890] {processor.py:651} INFO - DAG(s) dict_keys(['example_branch_python_operator_decorator']) retrieved from /home/paula/Documentos/airflow/venv/lib/python3.10/site-packages/airflow/example_dags/example_branch_operator_decorator.py
[2024-11-05 15:23:55,907] {logging_mixin.py:115} INFO - [2024-11-05 15:23:55,906] {dag.py:2379} INFO - Sync 1 DAGs
[2024-11-05 15:23:55,930] {logging_mixin.py:115} INFO - [2024-11-05 15:23:55,930] {dag.py:2927} INFO - Setting next_dagrun for example_branch_python_operator_decorator to 2024-11-04T00:00:00+00:00, run_after=2024-11-05T00:00:00+00:00
[2024-11-05 15:23:56,027] {processor.py:161} INFO - Processing /home/paula/Documentos/airflow/venv/lib/python3.10/site-packages/airflow/example_dags/example_branch_operator_decorator.py took 0.160 seconds
[2024-11-05 15:24:42,480] {processor.py:153} INFO - Started process (PID=1059705) to work on /home/paula/Documentos/airflow/venv/lib/python3.10/site-packages/airflow/example_dags/example_branch_operator_decorator.py
[2024-11-05 15:24:42,502] {processor.py:641} INFO - Processing file /home/paula/Documentos/airflow/venv/lib/python3.10/site-packages/airflow/example_dags/example_branch_operator_decorator.py for tasks to queue
[2024-11-05 15:24:42,502] {logging_mixin.py:115} INFO - [2024-11-05 15:24:42,502] {dagbag.py:507} INFO - Filling up the DagBag from /home/paula/Documentos/airflow/venv/lib/python3.10/site-packages/airflow/example_dags/example_branch_operator_decorator.py
[2024-11-05 15:24:42,523] {processor.py:651} INFO - DAG(s) dict_keys(['example_branch_python_operator_decorator']) retrieved from /home/paula/Documentos/airflow/venv/lib/python3.10/site-packages/airflow/example_dags/example_branch_operator_decorator.py
[2024-11-05 15:24:42,540] {logging_mixin.py:115} INFO - [2024-11-05 15:24:42,540] {dag.py:2379} INFO - Sync 1 DAGs
[2024-11-05 15:24:42,563] {logging_mixin.py:115} INFO - [2024-11-05 15:24:42,563] {dag.py:2927} INFO - Setting next_dagrun for example_branch_python_operator_decorator to 2024-11-04T00:00:00+00:00, run_after=2024-11-05T00:00:00+00:00
[2024-11-05 15:24:42,653] {processor.py:161} INFO - Processing /home/paula/Documentos/airflow/venv/lib/python3.10/site-packages/airflow/example_dags/example_branch_operator_decorator.py took 0.176 seconds
[2024-11-05 15:25:29,021] {processor.py:153} INFO - Started process (PID=1060092) to work on /home/paula/Documentos/airflow/venv/lib/python3.10/site-packages/airflow/example_dags/example_branch_operator_decorator.py
[2024-11-05 15:25:29,022] {processor.py:641} INFO - Processing file /home/paula/Documentos/airflow/venv/lib/python3.10/site-packages/airflow/example_dags/example_branch_operator_decorator.py for tasks to queue
[2024-11-05 15:25:29,024] {logging_mixin.py:115} INFO - [2024-11-05 15:25:29,023] {dagbag.py:507} INFO - Filling up the DagBag from /home/paula/Documentos/airflow/venv/lib/python3.10/site-packages/airflow/example_dags/example_branch_operator_decorator.py
[2024-11-05 15:25:29,043] {processor.py:651} INFO - DAG(s) dict_keys(['example_branch_python_operator_decorator']) retrieved from /home/paula/Documentos/airflow/venv/lib/python3.10/site-packages/airflow/example_dags/example_branch_operator_decorator.py
[2024-11-05 15:25:29,060] {logging_mixin.py:115} INFO - [2024-11-05 15:25:29,060] {dag.py:2379} INFO - Sync 1 DAGs
[2024-11-05 15:25:29,080] {logging_mixin.py:115} INFO - [2024-11-05 15:25:29,080] {dag.py:2927} INFO - Setting next_dagrun for example_branch_python_operator_decorator to 2024-11-04T00:00:00+00:00, run_after=2024-11-05T00:00:00+00:00
[2024-11-05 15:25:29,192] {processor.py:161} INFO - Processing /home/paula/Documentos/airflow/venv/lib/python3.10/site-packages/airflow/example_dags/example_branch_operator_decorator.py took 0.175 seconds
[2024-11-05 15:29:08,946] {processor.py:153} INFO - Started process (PID=1061425) to work on /home/paula/Documentos/airflow/venv/lib/python3.10/site-packages/airflow/example_dags/example_branch_operator_decorator.py
[2024-11-05 15:29:08,980] {processor.py:641} INFO - Processing file /home/paula/Documentos/airflow/venv/lib/python3.10/site-packages/airflow/example_dags/example_branch_operator_decorator.py for tasks to queue
[2024-11-05 15:29:08,981] {logging_mixin.py:115} INFO - [2024-11-05 15:29:08,980] {dagbag.py:507} INFO - Filling up the DagBag from /home/paula/Documentos/airflow/venv/lib/python3.10/site-packages/airflow/example_dags/example_branch_operator_decorator.py
[2024-11-05 15:29:09,004] {processor.py:651} INFO - DAG(s) dict_keys(['example_branch_python_operator_decorator']) retrieved from /home/paula/Documentos/airflow/venv/lib/python3.10/site-packages/airflow/example_dags/example_branch_operator_decorator.py
[2024-11-05 15:29:09,022] {logging_mixin.py:115} INFO - [2024-11-05 15:29:09,022] {dag.py:2379} INFO - Sync 1 DAGs
[2024-11-05 15:29:09,042] {logging_mixin.py:115} INFO - [2024-11-05 15:29:09,042] {dag.py:2927} INFO - Setting next_dagrun for example_branch_python_operator_decorator to 2024-11-04T00:00:00+00:00, run_after=2024-11-05T00:00:00+00:00
[2024-11-05 15:29:09,156] {processor.py:161} INFO - Processing /home/paula/Documentos/airflow/venv/lib/python3.10/site-packages/airflow/example_dags/example_branch_operator_decorator.py took 0.213 seconds
[2024-11-05 15:29:54,271] {processor.py:153} INFO - Started process (PID=1061731) to work on /home/paula/Documentos/airflow/venv/lib/python3.10/site-packages/airflow/example_dags/example_branch_operator_decorator.py
[2024-11-05 15:29:54,272] {processor.py:641} INFO - Processing file /home/paula/Documentos/airflow/venv/lib/python3.10/site-packages/airflow/example_dags/example_branch_operator_decorator.py for tasks to queue
[2024-11-05 15:29:54,273] {logging_mixin.py:115} INFO - [2024-11-05 15:29:54,273] {dagbag.py:507} INFO - Filling up the DagBag from /home/paula/Documentos/airflow/venv/lib/python3.10/site-packages/airflow/example_dags/example_branch_operator_decorator.py
[2024-11-05 15:29:54,298] {processor.py:651} INFO - DAG(s) dict_keys(['example_branch_python_operator_decorator']) retrieved from /home/paula/Documentos/airflow/venv/lib/python3.10/site-packages/airflow/example_dags/example_branch_operator_decorator.py
[2024-11-05 15:29:54,314] {logging_mixin.py:115} INFO - [2024-11-05 15:29:54,314] {dag.py:2379} INFO - Sync 1 DAGs
[2024-11-05 15:29:54,336] {logging_mixin.py:115} INFO - [2024-11-05 15:29:54,335] {dag.py:2927} INFO - Setting next_dagrun for example_branch_python_operator_decorator to 2024-11-04T00:00:00+00:00, run_after=2024-11-05T00:00:00+00:00
[2024-11-05 15:29:54,443] {processor.py:161} INFO - Processing /home/paula/Documentos/airflow/venv/lib/python3.10/site-packages/airflow/example_dags/example_branch_operator_decorator.py took 0.175 seconds
[2024-11-05 15:30:36,873] {processor.py:153} INFO - Started process (PID=1061986) to work on /home/paula/Documentos/airflow/venv/lib/python3.10/site-packages/airflow/example_dags/example_branch_operator_decorator.py
[2024-11-05 15:30:36,888] {processor.py:641} INFO - Processing file /home/paula/Documentos/airflow/venv/lib/python3.10/site-packages/airflow/example_dags/example_branch_operator_decorator.py for tasks to queue
[2024-11-05 15:30:36,889] {logging_mixin.py:115} INFO - [2024-11-05 15:30:36,889] {dagbag.py:507} INFO - Filling up the DagBag from /home/paula/Documentos/airflow/venv/lib/python3.10/site-packages/airflow/example_dags/example_branch_operator_decorator.py
[2024-11-05 15:30:36,916] {processor.py:651} INFO - DAG(s) dict_keys(['example_branch_python_operator_decorator']) retrieved from /home/paula/Documentos/airflow/venv/lib/python3.10/site-packages/airflow/example_dags/example_branch_operator_decorator.py
[2024-11-05 15:30:36,929] {logging_mixin.py:115} INFO - [2024-11-05 15:30:36,929] {dag.py:2379} INFO - Sync 1 DAGs
[2024-11-05 15:30:36,951] {logging_mixin.py:115} INFO - [2024-11-05 15:30:36,951] {dag.py:2927} INFO - Setting next_dagrun for example_branch_python_operator_decorator to 2024-11-04T00:00:00+00:00, run_after=2024-11-05T00:00:00+00:00
[2024-11-05 15:30:37,061] {processor.py:161} INFO - Processing /home/paula/Documentos/airflow/venv/lib/python3.10/site-packages/airflow/example_dags/example_branch_operator_decorator.py took 0.191 seconds
[2024-11-05 15:31:21,860] {processor.py:153} INFO - Started process (PID=1062253) to work on /home/paula/Documentos/airflow/venv/lib/python3.10/site-packages/airflow/example_dags/example_branch_operator_decorator.py
[2024-11-05 15:31:21,883] {processor.py:641} INFO - Processing file /home/paula/Documentos/airflow/venv/lib/python3.10/site-packages/airflow/example_dags/example_branch_operator_decorator.py for tasks to queue
[2024-11-05 15:31:21,884] {logging_mixin.py:115} INFO - [2024-11-05 15:31:21,884] {dagbag.py:507} INFO - Filling up the DagBag from /home/paula/Documentos/airflow/venv/lib/python3.10/site-packages/airflow/example_dags/example_branch_operator_decorator.py
[2024-11-05 15:31:21,912] {processor.py:651} INFO - DAG(s) dict_keys(['example_branch_python_operator_decorator']) retrieved from /home/paula/Documentos/airflow/venv/lib/python3.10/site-packages/airflow/example_dags/example_branch_operator_decorator.py
[2024-11-05 15:31:22,077] {logging_mixin.py:115} INFO - [2024-11-05 15:31:22,076] {dag.py:2379} INFO - Sync 1 DAGs
[2024-11-05 15:31:22,114] {logging_mixin.py:115} INFO - [2024-11-05 15:31:22,114] {dag.py:2927} INFO - Setting next_dagrun for example_branch_python_operator_decorator to 2024-11-04T00:00:00+00:00, run_after=2024-11-05T00:00:00+00:00
[2024-11-05 15:31:22,287] {processor.py:161} INFO - Processing /home/paula/Documentos/airflow/venv/lib/python3.10/site-packages/airflow/example_dags/example_branch_operator_decorator.py took 0.431 seconds
[2024-11-05 15:32:55,307] {processor.py:153} INFO - Started process (PID=1062824) to work on /home/paula/Documentos/airflow/venv/lib/python3.10/site-packages/airflow/example_dags/example_branch_operator_decorator.py
[2024-11-05 15:32:55,314] {processor.py:641} INFO - Processing file /home/paula/Documentos/airflow/venv/lib/python3.10/site-packages/airflow/example_dags/example_branch_operator_decorator.py for tasks to queue
[2024-11-05 15:32:55,315] {logging_mixin.py:115} INFO - [2024-11-05 15:32:55,315] {dagbag.py:507} INFO - Filling up the DagBag from /home/paula/Documentos/airflow/venv/lib/python3.10/site-packages/airflow/example_dags/example_branch_operator_decorator.py
[2024-11-05 15:32:55,339] {processor.py:651} INFO - DAG(s) dict_keys(['example_branch_python_operator_decorator']) retrieved from /home/paula/Documentos/airflow/venv/lib/python3.10/site-packages/airflow/example_dags/example_branch_operator_decorator.py
[2024-11-05 15:32:55,355] {logging_mixin.py:115} INFO - [2024-11-05 15:32:55,355] {dag.py:2379} INFO - Sync 1 DAGs
[2024-11-05 15:32:55,377] {logging_mixin.py:115} INFO - [2024-11-05 15:32:55,377] {dag.py:2927} INFO - Setting next_dagrun for example_branch_python_operator_decorator to 2024-11-04T00:00:00+00:00, run_after=2024-11-05T00:00:00+00:00
[2024-11-05 15:32:55,493] {processor.py:161} INFO - Processing /home/paula/Documentos/airflow/venv/lib/python3.10/site-packages/airflow/example_dags/example_branch_operator_decorator.py took 0.188 seconds
[2024-11-05 15:33:40,768] {processor.py:153} INFO - Started process (PID=1063157) to work on /home/paula/Documentos/airflow/venv/lib/python3.10/site-packages/airflow/example_dags/example_branch_operator_decorator.py
[2024-11-05 15:33:40,801] {processor.py:641} INFO - Processing file /home/paula/Documentos/airflow/venv/lib/python3.10/site-packages/airflow/example_dags/example_branch_operator_decorator.py for tasks to queue
[2024-11-05 15:33:40,802] {logging_mixin.py:115} INFO - [2024-11-05 15:33:40,802] {dagbag.py:507} INFO - Filling up the DagBag from /home/paula/Documentos/airflow/venv/lib/python3.10/site-packages/airflow/example_dags/example_branch_operator_decorator.py
[2024-11-05 15:33:40,828] {processor.py:651} INFO - DAG(s) dict_keys(['example_branch_python_operator_decorator']) retrieved from /home/paula/Documentos/airflow/venv/lib/python3.10/site-packages/airflow/example_dags/example_branch_operator_decorator.py
[2024-11-05 15:33:40,848] {logging_mixin.py:115} INFO - [2024-11-05 15:33:40,848] {dag.py:2379} INFO - Sync 1 DAGs
[2024-11-05 15:33:40,866] {logging_mixin.py:115} INFO - [2024-11-05 15:33:40,866] {dag.py:2927} INFO - Setting next_dagrun for example_branch_python_operator_decorator to 2024-11-04T00:00:00+00:00, run_after=2024-11-05T00:00:00+00:00
[2024-11-05 15:33:40,958] {processor.py:161} INFO - Processing /home/paula/Documentos/airflow/venv/lib/python3.10/site-packages/airflow/example_dags/example_branch_operator_decorator.py took 0.193 seconds
[2024-11-05 15:34:25,721] {processor.py:153} INFO - Started process (PID=1063502) to work on /home/paula/Documentos/airflow/venv/lib/python3.10/site-packages/airflow/example_dags/example_branch_operator_decorator.py
[2024-11-05 15:34:25,754] {processor.py:641} INFO - Processing file /home/paula/Documentos/airflow/venv/lib/python3.10/site-packages/airflow/example_dags/example_branch_operator_decorator.py for tasks to queue
[2024-11-05 15:34:25,755] {logging_mixin.py:115} INFO - [2024-11-05 15:34:25,755] {dagbag.py:507} INFO - Filling up the DagBag from /home/paula/Documentos/airflow/venv/lib/python3.10/site-packages/airflow/example_dags/example_branch_operator_decorator.py
[2024-11-05 15:34:25,781] {processor.py:651} INFO - DAG(s) dict_keys(['example_branch_python_operator_decorator']) retrieved from /home/paula/Documentos/airflow/venv/lib/python3.10/site-packages/airflow/example_dags/example_branch_operator_decorator.py
[2024-11-05 15:34:25,880] {logging_mixin.py:115} INFO - [2024-11-05 15:34:25,880] {dag.py:2379} INFO - Sync 1 DAGs
[2024-11-05 15:34:25,912] {logging_mixin.py:115} INFO - [2024-11-05 15:34:25,912] {dag.py:2927} INFO - Setting next_dagrun for example_branch_python_operator_decorator to 2024-11-04T00:00:00+00:00, run_after=2024-11-05T00:00:00+00:00
[2024-11-05 15:34:26,098] {processor.py:161} INFO - Processing /home/paula/Documentos/airflow/venv/lib/python3.10/site-packages/airflow/example_dags/example_branch_operator_decorator.py took 0.380 seconds
[2024-11-05 15:35:10,315] {processor.py:153} INFO - Started process (PID=1063845) to work on /home/paula/Documentos/airflow/venv/lib/python3.10/site-packages/airflow/example_dags/example_branch_operator_decorator.py
[2024-11-05 15:35:10,344] {processor.py:641} INFO - Processing file /home/paula/Documentos/airflow/venv/lib/python3.10/site-packages/airflow/example_dags/example_branch_operator_decorator.py for tasks to queue
[2024-11-05 15:35:10,345] {logging_mixin.py:115} INFO - [2024-11-05 15:35:10,345] {dagbag.py:507} INFO - Filling up the DagBag from /home/paula/Documentos/airflow/venv/lib/python3.10/site-packages/airflow/example_dags/example_branch_operator_decorator.py
[2024-11-05 15:35:10,370] {processor.py:651} INFO - DAG(s) dict_keys(['example_branch_python_operator_decorator']) retrieved from /home/paula/Documentos/airflow/venv/lib/python3.10/site-packages/airflow/example_dags/example_branch_operator_decorator.py
[2024-11-05 15:35:10,389] {logging_mixin.py:115} INFO - [2024-11-05 15:35:10,389] {dag.py:2379} INFO - Sync 1 DAGs
[2024-11-05 15:35:10,408] {logging_mixin.py:115} INFO - [2024-11-05 15:35:10,408] {dag.py:2927} INFO - Setting next_dagrun for example_branch_python_operator_decorator to 2024-11-04T00:00:00+00:00, run_after=2024-11-05T00:00:00+00:00
[2024-11-05 15:35:10,774] {processor.py:161} INFO - Processing /home/paula/Documentos/airflow/venv/lib/python3.10/site-packages/airflow/example_dags/example_branch_operator_decorator.py took 0.462 seconds
[2024-11-05 15:35:58,832] {processor.py:153} INFO - Started process (PID=1064139) to work on /home/paula/Documentos/airflow/venv/lib/python3.10/site-packages/airflow/example_dags/example_branch_operator_decorator.py
[2024-11-05 15:35:58,833] {processor.py:641} INFO - Processing file /home/paula/Documentos/airflow/venv/lib/python3.10/site-packages/airflow/example_dags/example_branch_operator_decorator.py for tasks to queue
[2024-11-05 15:35:58,834] {logging_mixin.py:115} INFO - [2024-11-05 15:35:58,834] {dagbag.py:507} INFO - Filling up the DagBag from /home/paula/Documentos/airflow/venv/lib/python3.10/site-packages/airflow/example_dags/example_branch_operator_decorator.py
[2024-11-05 15:35:58,854] {processor.py:651} INFO - DAG(s) dict_keys(['example_branch_python_operator_decorator']) retrieved from /home/paula/Documentos/airflow/venv/lib/python3.10/site-packages/airflow/example_dags/example_branch_operator_decorator.py
[2024-11-05 15:35:58,868] {logging_mixin.py:115} INFO - [2024-11-05 15:35:58,868] {dag.py:2379} INFO - Sync 1 DAGs
[2024-11-05 15:35:58,896] {logging_mixin.py:115} INFO - [2024-11-05 15:35:58,896] {dag.py:2927} INFO - Setting next_dagrun for example_branch_python_operator_decorator to 2024-11-04T00:00:00+00:00, run_after=2024-11-05T00:00:00+00:00
[2024-11-05 15:35:58,999] {processor.py:161} INFO - Processing /home/paula/Documentos/airflow/venv/lib/python3.10/site-packages/airflow/example_dags/example_branch_operator_decorator.py took 0.172 seconds
[2024-11-05 15:40:01,801] {processor.py:153} INFO - Started process (PID=1065995) to work on /home/paula/Documentos/airflow/venv/lib/python3.10/site-packages/airflow/example_dags/example_branch_operator_decorator.py
[2024-11-05 15:40:01,808] {processor.py:641} INFO - Processing file /home/paula/Documentos/airflow/venv/lib/python3.10/site-packages/airflow/example_dags/example_branch_operator_decorator.py for tasks to queue
[2024-11-05 15:40:01,809] {logging_mixin.py:115} INFO - [2024-11-05 15:40:01,809] {dagbag.py:507} INFO - Filling up the DagBag from /home/paula/Documentos/airflow/venv/lib/python3.10/site-packages/airflow/example_dags/example_branch_operator_decorator.py
[2024-11-05 15:40:01,837] {processor.py:651} INFO - DAG(s) dict_keys(['example_branch_python_operator_decorator']) retrieved from /home/paula/Documentos/airflow/venv/lib/python3.10/site-packages/airflow/example_dags/example_branch_operator_decorator.py
[2024-11-05 15:40:01,853] {logging_mixin.py:115} INFO - [2024-11-05 15:40:01,853] {dag.py:2379} INFO - Sync 1 DAGs
[2024-11-05 15:40:01,877] {logging_mixin.py:115} INFO - [2024-11-05 15:40:01,877] {dag.py:2927} INFO - Setting next_dagrun for example_branch_python_operator_decorator to 2024-11-04T00:00:00+00:00, run_after=2024-11-05T00:00:00+00:00
[2024-11-05 15:40:02,034] {processor.py:161} INFO - Processing /home/paula/Documentos/airflow/venv/lib/python3.10/site-packages/airflow/example_dags/example_branch_operator_decorator.py took 0.236 seconds
[2024-11-05 15:40:50,285] {processor.py:153} INFO - Started process (PID=1066309) to work on /home/paula/Documentos/airflow/venv/lib/python3.10/site-packages/airflow/example_dags/example_branch_operator_decorator.py
[2024-11-05 15:40:50,315] {processor.py:641} INFO - Processing file /home/paula/Documentos/airflow/venv/lib/python3.10/site-packages/airflow/example_dags/example_branch_operator_decorator.py for tasks to queue
[2024-11-05 15:40:50,316] {logging_mixin.py:115} INFO - [2024-11-05 15:40:50,315] {dagbag.py:507} INFO - Filling up the DagBag from /home/paula/Documentos/airflow/venv/lib/python3.10/site-packages/airflow/example_dags/example_branch_operator_decorator.py
[2024-11-05 15:40:50,345] {processor.py:651} INFO - DAG(s) dict_keys(['example_branch_python_operator_decorator']) retrieved from /home/paula/Documentos/airflow/venv/lib/python3.10/site-packages/airflow/example_dags/example_branch_operator_decorator.py
[2024-11-05 15:40:50,812] {logging_mixin.py:115} INFO - [2024-11-05 15:40:50,812] {dag.py:2379} INFO - Sync 1 DAGs
[2024-11-05 15:40:50,840] {logging_mixin.py:115} INFO - [2024-11-05 15:40:50,840] {dag.py:2927} INFO - Setting next_dagrun for example_branch_python_operator_decorator to 2024-11-04T00:00:00+00:00, run_after=2024-11-05T00:00:00+00:00
[2024-11-05 15:40:51,203] {processor.py:161} INFO - Processing /home/paula/Documentos/airflow/venv/lib/python3.10/site-packages/airflow/example_dags/example_branch_operator_decorator.py took 0.921 seconds
