[2024-11-05 15:07:41,083] {processor.py:153} INFO - Started process (PID=1053049) to work on /home/paula/Documentos/airflow/venv/lib/python3.10/site-packages/airflow/example_dags/example_time_delta_sensor_async.py
[2024-11-05 15:07:41,083] {processor.py:641} INFO - Processing file /home/paula/Documentos/airflow/venv/lib/python3.10/site-packages/airflow/example_dags/example_time_delta_sensor_async.py for tasks to queue
[2024-11-05 15:07:41,084] {logging_mixin.py:115} INFO - [2024-11-05 15:07:41,084] {dagbag.py:507} INFO - Filling up the DagBag from /home/paula/Documentos/airflow/venv/lib/python3.10/site-packages/airflow/example_dags/example_time_delta_sensor_async.py
[2024-11-05 15:07:41,090] {processor.py:651} INFO - DAG(s) dict_keys(['example_time_delta_sensor_async']) retrieved from /home/paula/Documentos/airflow/venv/lib/python3.10/site-packages/airflow/example_dags/example_time_delta_sensor_async.py
[2024-11-05 15:07:41,541] {logging_mixin.py:115} INFO - [2024-11-05 15:07:41,540] {manager.py:508} INFO - Created Permission View: can edit on DAG:example_time_delta_sensor_async
[2024-11-05 15:07:41,708] {logging_mixin.py:115} INFO - [2024-11-05 15:07:41,708] {manager.py:508} INFO - Created Permission View: can read on DAG:example_time_delta_sensor_async
[2024-11-05 15:07:41,922] {logging_mixin.py:115} INFO - [2024-11-05 15:07:41,922] {manager.py:508} INFO - Created Permission View: can delete on DAG:example_time_delta_sensor_async
[2024-11-05 15:07:41,923] {logging_mixin.py:115} INFO - [2024-11-05 15:07:41,923] {dag.py:2379} INFO - Sync 1 DAGs
[2024-11-05 15:07:41,947] {logging_mixin.py:115} INFO - [2024-11-05 15:07:41,946] {dag.py:2398} INFO - Creating ORM DAG for example_time_delta_sensor_async
[2024-11-05 15:07:41,972] {logging_mixin.py:115} INFO - [2024-11-05 15:07:41,972] {dag.py:2927} INFO - Setting next_dagrun for example_time_delta_sensor_async to None, run_after=None
[2024-11-05 15:07:42,201] {processor.py:161} INFO - Processing /home/paula/Documentos/airflow/venv/lib/python3.10/site-packages/airflow/example_dags/example_time_delta_sensor_async.py took 1.122 seconds
[2024-11-05 15:08:46,449] {processor.py:153} INFO - Started process (PID=1053694) to work on /home/paula/Documentos/airflow/venv/lib/python3.10/site-packages/airflow/example_dags/example_time_delta_sensor_async.py
[2024-11-05 15:08:46,458] {processor.py:641} INFO - Processing file /home/paula/Documentos/airflow/venv/lib/python3.10/site-packages/airflow/example_dags/example_time_delta_sensor_async.py for tasks to queue
[2024-11-05 15:08:46,459] {logging_mixin.py:115} INFO - [2024-11-05 15:08:46,459] {dagbag.py:507} INFO - Filling up the DagBag from /home/paula/Documentos/airflow/venv/lib/python3.10/site-packages/airflow/example_dags/example_time_delta_sensor_async.py
[2024-11-05 15:08:46,465] {processor.py:651} INFO - DAG(s) dict_keys(['example_time_delta_sensor_async']) retrieved from /home/paula/Documentos/airflow/venv/lib/python3.10/site-packages/airflow/example_dags/example_time_delta_sensor_async.py
[2024-11-05 15:08:46,488] {logging_mixin.py:115} INFO - [2024-11-05 15:08:46,488] {dag.py:2379} INFO - Sync 1 DAGs
[2024-11-05 15:08:46,505] {logging_mixin.py:115} INFO - [2024-11-05 15:08:46,505] {dag.py:2927} INFO - Setting next_dagrun for example_time_delta_sensor_async to None, run_after=None
[2024-11-05 15:08:46,688] {processor.py:161} INFO - Processing /home/paula/Documentos/airflow/venv/lib/python3.10/site-packages/airflow/example_dags/example_time_delta_sensor_async.py took 0.243 seconds
[2024-11-05 15:09:29,307] {processor.py:153} INFO - Started process (PID=1053910) to work on /home/paula/Documentos/airflow/venv/lib/python3.10/site-packages/airflow/example_dags/example_time_delta_sensor_async.py
[2024-11-05 15:09:29,377] {processor.py:641} INFO - Processing file /home/paula/Documentos/airflow/venv/lib/python3.10/site-packages/airflow/example_dags/example_time_delta_sensor_async.py for tasks to queue
[2024-11-05 15:09:29,378] {logging_mixin.py:115} INFO - [2024-11-05 15:09:29,377] {dagbag.py:507} INFO - Filling up the DagBag from /home/paula/Documentos/airflow/venv/lib/python3.10/site-packages/airflow/example_dags/example_time_delta_sensor_async.py
[2024-11-05 15:09:29,386] {processor.py:651} INFO - DAG(s) dict_keys(['example_time_delta_sensor_async']) retrieved from /home/paula/Documentos/airflow/venv/lib/python3.10/site-packages/airflow/example_dags/example_time_delta_sensor_async.py
[2024-11-05 15:09:29,415] {logging_mixin.py:115} INFO - [2024-11-05 15:09:29,415] {dag.py:2379} INFO - Sync 1 DAGs
[2024-11-05 15:09:29,436] {logging_mixin.py:115} INFO - [2024-11-05 15:09:29,436] {dag.py:2927} INFO - Setting next_dagrun for example_time_delta_sensor_async to None, run_after=None
[2024-11-05 15:09:29,615] {processor.py:161} INFO - Processing /home/paula/Documentos/airflow/venv/lib/python3.10/site-packages/airflow/example_dags/example_time_delta_sensor_async.py took 0.312 seconds
[2024-11-05 15:10:13,384] {processor.py:153} INFO - Started process (PID=1054374) to work on /home/paula/Documentos/airflow/venv/lib/python3.10/site-packages/airflow/example_dags/example_time_delta_sensor_async.py
[2024-11-05 15:10:13,395] {processor.py:641} INFO - Processing file /home/paula/Documentos/airflow/venv/lib/python3.10/site-packages/airflow/example_dags/example_time_delta_sensor_async.py for tasks to queue
[2024-11-05 15:10:13,396] {logging_mixin.py:115} INFO - [2024-11-05 15:10:13,396] {dagbag.py:507} INFO - Filling up the DagBag from /home/paula/Documentos/airflow/venv/lib/python3.10/site-packages/airflow/example_dags/example_time_delta_sensor_async.py
[2024-11-05 15:10:13,403] {processor.py:651} INFO - DAG(s) dict_keys(['example_time_delta_sensor_async']) retrieved from /home/paula/Documentos/airflow/venv/lib/python3.10/site-packages/airflow/example_dags/example_time_delta_sensor_async.py
[2024-11-05 15:10:13,432] {logging_mixin.py:115} INFO - [2024-11-05 15:10:13,432] {dag.py:2379} INFO - Sync 1 DAGs
[2024-11-05 15:10:13,451] {logging_mixin.py:115} INFO - [2024-11-05 15:10:13,451] {dag.py:2927} INFO - Setting next_dagrun for example_time_delta_sensor_async to None, run_after=None
[2024-11-05 15:10:13,649] {processor.py:161} INFO - Processing /home/paula/Documentos/airflow/venv/lib/python3.10/site-packages/airflow/example_dags/example_time_delta_sensor_async.py took 0.269 seconds
[2024-11-05 15:10:57,059] {processor.py:153} INFO - Started process (PID=1054605) to work on /home/paula/Documentos/airflow/venv/lib/python3.10/site-packages/airflow/example_dags/example_time_delta_sensor_async.py
[2024-11-05 15:10:57,060] {processor.py:641} INFO - Processing file /home/paula/Documentos/airflow/venv/lib/python3.10/site-packages/airflow/example_dags/example_time_delta_sensor_async.py for tasks to queue
[2024-11-05 15:10:57,061] {logging_mixin.py:115} INFO - [2024-11-05 15:10:57,061] {dagbag.py:507} INFO - Filling up the DagBag from /home/paula/Documentos/airflow/venv/lib/python3.10/site-packages/airflow/example_dags/example_time_delta_sensor_async.py
[2024-11-05 15:10:57,067] {processor.py:651} INFO - DAG(s) dict_keys(['example_time_delta_sensor_async']) retrieved from /home/paula/Documentos/airflow/venv/lib/python3.10/site-packages/airflow/example_dags/example_time_delta_sensor_async.py
[2024-11-05 15:10:57,090] {logging_mixin.py:115} INFO - [2024-11-05 15:10:57,090] {dag.py:2379} INFO - Sync 1 DAGs
[2024-11-05 15:10:57,112] {logging_mixin.py:115} INFO - [2024-11-05 15:10:57,112] {dag.py:2927} INFO - Setting next_dagrun for example_time_delta_sensor_async to None, run_after=None
[2024-11-05 15:10:57,409] {processor.py:161} INFO - Processing /home/paula/Documentos/airflow/venv/lib/python3.10/site-packages/airflow/example_dags/example_time_delta_sensor_async.py took 0.354 seconds
[2024-11-05 15:11:46,611] {processor.py:153} INFO - Started process (PID=1054865) to work on /home/paula/Documentos/airflow/venv/lib/python3.10/site-packages/airflow/example_dags/example_time_delta_sensor_async.py
[2024-11-05 15:11:46,616] {processor.py:641} INFO - Processing file /home/paula/Documentos/airflow/venv/lib/python3.10/site-packages/airflow/example_dags/example_time_delta_sensor_async.py for tasks to queue
[2024-11-05 15:11:46,616] {logging_mixin.py:115} INFO - [2024-11-05 15:11:46,616] {dagbag.py:507} INFO - Filling up the DagBag from /home/paula/Documentos/airflow/venv/lib/python3.10/site-packages/airflow/example_dags/example_time_delta_sensor_async.py
[2024-11-05 15:11:46,622] {processor.py:651} INFO - DAG(s) dict_keys(['example_time_delta_sensor_async']) retrieved from /home/paula/Documentos/airflow/venv/lib/python3.10/site-packages/airflow/example_dags/example_time_delta_sensor_async.py
[2024-11-05 15:11:46,642] {logging_mixin.py:115} INFO - [2024-11-05 15:11:46,642] {dag.py:2379} INFO - Sync 1 DAGs
[2024-11-05 15:11:46,658] {logging_mixin.py:115} INFO - [2024-11-05 15:11:46,658] {dag.py:2927} INFO - Setting next_dagrun for example_time_delta_sensor_async to None, run_after=None
[2024-11-05 15:11:46,927] {processor.py:161} INFO - Processing /home/paula/Documentos/airflow/venv/lib/python3.10/site-packages/airflow/example_dags/example_time_delta_sensor_async.py took 0.319 seconds
[2024-11-05 15:12:36,034] {processor.py:153} INFO - Started process (PID=1055207) to work on /home/paula/Documentos/airflow/venv/lib/python3.10/site-packages/airflow/example_dags/example_time_delta_sensor_async.py
[2024-11-05 15:12:36,091] {processor.py:641} INFO - Processing file /home/paula/Documentos/airflow/venv/lib/python3.10/site-packages/airflow/example_dags/example_time_delta_sensor_async.py for tasks to queue
[2024-11-05 15:12:36,092] {logging_mixin.py:115} INFO - [2024-11-05 15:12:36,091] {dagbag.py:507} INFO - Filling up the DagBag from /home/paula/Documentos/airflow/venv/lib/python3.10/site-packages/airflow/example_dags/example_time_delta_sensor_async.py
[2024-11-05 15:12:36,099] {processor.py:651} INFO - DAG(s) dict_keys(['example_time_delta_sensor_async']) retrieved from /home/paula/Documentos/airflow/venv/lib/python3.10/site-packages/airflow/example_dags/example_time_delta_sensor_async.py
[2024-11-05 15:12:36,126] {logging_mixin.py:115} INFO - [2024-11-05 15:12:36,125] {dag.py:2379} INFO - Sync 1 DAGs
[2024-11-05 15:12:36,145] {logging_mixin.py:115} INFO - [2024-11-05 15:12:36,145] {dag.py:2927} INFO - Setting next_dagrun for example_time_delta_sensor_async to None, run_after=None
[2024-11-05 15:12:36,407] {processor.py:161} INFO - Processing /home/paula/Documentos/airflow/venv/lib/python3.10/site-packages/airflow/example_dags/example_time_delta_sensor_async.py took 0.376 seconds
[2024-11-05 15:13:28,129] {processor.py:153} INFO - Started process (PID=1055493) to work on /home/paula/Documentos/airflow/venv/lib/python3.10/site-packages/airflow/example_dags/example_time_delta_sensor_async.py
[2024-11-05 15:13:28,163] {processor.py:641} INFO - Processing file /home/paula/Documentos/airflow/venv/lib/python3.10/site-packages/airflow/example_dags/example_time_delta_sensor_async.py for tasks to queue
[2024-11-05 15:13:28,164] {logging_mixin.py:115} INFO - [2024-11-05 15:13:28,164] {dagbag.py:507} INFO - Filling up the DagBag from /home/paula/Documentos/airflow/venv/lib/python3.10/site-packages/airflow/example_dags/example_time_delta_sensor_async.py
[2024-11-05 15:13:28,171] {processor.py:651} INFO - DAG(s) dict_keys(['example_time_delta_sensor_async']) retrieved from /home/paula/Documentos/airflow/venv/lib/python3.10/site-packages/airflow/example_dags/example_time_delta_sensor_async.py
[2024-11-05 15:13:28,193] {logging_mixin.py:115} INFO - [2024-11-05 15:13:28,192] {dag.py:2379} INFO - Sync 1 DAGs
[2024-11-05 15:13:28,210] {logging_mixin.py:115} INFO - [2024-11-05 15:13:28,210] {dag.py:2927} INFO - Setting next_dagrun for example_time_delta_sensor_async to None, run_after=None
[2024-11-05 15:13:28,463] {processor.py:161} INFO - Processing /home/paula/Documentos/airflow/venv/lib/python3.10/site-packages/airflow/example_dags/example_time_delta_sensor_async.py took 0.337 seconds
[2024-11-05 15:14:19,651] {processor.py:153} INFO - Started process (PID=1055800) to work on /home/paula/Documentos/airflow/venv/lib/python3.10/site-packages/airflow/example_dags/example_time_delta_sensor_async.py
[2024-11-05 15:14:19,672] {processor.py:641} INFO - Processing file /home/paula/Documentos/airflow/venv/lib/python3.10/site-packages/airflow/example_dags/example_time_delta_sensor_async.py for tasks to queue
[2024-11-05 15:14:19,673] {logging_mixin.py:115} INFO - [2024-11-05 15:14:19,673] {dagbag.py:507} INFO - Filling up the DagBag from /home/paula/Documentos/airflow/venv/lib/python3.10/site-packages/airflow/example_dags/example_time_delta_sensor_async.py
[2024-11-05 15:14:19,680] {processor.py:651} INFO - DAG(s) dict_keys(['example_time_delta_sensor_async']) retrieved from /home/paula/Documentos/airflow/venv/lib/python3.10/site-packages/airflow/example_dags/example_time_delta_sensor_async.py
[2024-11-05 15:14:19,730] {logging_mixin.py:115} INFO - [2024-11-05 15:14:19,730] {dag.py:2379} INFO - Sync 1 DAGs
[2024-11-05 15:14:19,757] {logging_mixin.py:115} INFO - [2024-11-05 15:14:19,757] {dag.py:2927} INFO - Setting next_dagrun for example_time_delta_sensor_async to None, run_after=None
[2024-11-05 15:14:19,892] {processor.py:161} INFO - Processing /home/paula/Documentos/airflow/venv/lib/python3.10/site-packages/airflow/example_dags/example_time_delta_sensor_async.py took 0.246 seconds
[2024-11-05 15:15:10,052] {processor.py:153} INFO - Started process (PID=1056100) to work on /home/paula/Documentos/airflow/venv/lib/python3.10/site-packages/airflow/example_dags/example_time_delta_sensor_async.py
[2024-11-05 15:15:10,053] {processor.py:641} INFO - Processing file /home/paula/Documentos/airflow/venv/lib/python3.10/site-packages/airflow/example_dags/example_time_delta_sensor_async.py for tasks to queue
[2024-11-05 15:15:10,053] {logging_mixin.py:115} INFO - [2024-11-05 15:15:10,053] {dagbag.py:507} INFO - Filling up the DagBag from /home/paula/Documentos/airflow/venv/lib/python3.10/site-packages/airflow/example_dags/example_time_delta_sensor_async.py
[2024-11-05 15:15:10,059] {processor.py:651} INFO - DAG(s) dict_keys(['example_time_delta_sensor_async']) retrieved from /home/paula/Documentos/airflow/venv/lib/python3.10/site-packages/airflow/example_dags/example_time_delta_sensor_async.py
[2024-11-05 15:15:10,093] {logging_mixin.py:115} INFO - [2024-11-05 15:15:10,093] {dag.py:2379} INFO - Sync 1 DAGs
[2024-11-05 15:15:10,119] {logging_mixin.py:115} INFO - [2024-11-05 15:15:10,119] {dag.py:2927} INFO - Setting next_dagrun for example_time_delta_sensor_async to None, run_after=None
[2024-11-05 15:15:10,256] {processor.py:161} INFO - Processing /home/paula/Documentos/airflow/venv/lib/python3.10/site-packages/airflow/example_dags/example_time_delta_sensor_async.py took 0.208 seconds
[2024-11-05 15:15:49,634] {processor.py:153} INFO - Started process (PID=1056358) to work on /home/paula/Documentos/airflow/venv/lib/python3.10/site-packages/airflow/example_dags/example_time_delta_sensor_async.py
[2024-11-05 15:15:49,634] {processor.py:641} INFO - Processing file /home/paula/Documentos/airflow/venv/lib/python3.10/site-packages/airflow/example_dags/example_time_delta_sensor_async.py for tasks to queue
[2024-11-05 15:15:49,635] {logging_mixin.py:115} INFO - [2024-11-05 15:15:49,635] {dagbag.py:507} INFO - Filling up the DagBag from /home/paula/Documentos/airflow/venv/lib/python3.10/site-packages/airflow/example_dags/example_time_delta_sensor_async.py
[2024-11-05 15:15:49,640] {processor.py:651} INFO - DAG(s) dict_keys(['example_time_delta_sensor_async']) retrieved from /home/paula/Documentos/airflow/venv/lib/python3.10/site-packages/airflow/example_dags/example_time_delta_sensor_async.py
[2024-11-05 15:15:49,662] {logging_mixin.py:115} INFO - [2024-11-05 15:15:49,662] {dag.py:2379} INFO - Sync 1 DAGs
[2024-11-05 15:15:49,680] {logging_mixin.py:115} INFO - [2024-11-05 15:15:49,680] {dag.py:2927} INFO - Setting next_dagrun for example_time_delta_sensor_async to None, run_after=None
[2024-11-05 15:15:49,782] {processor.py:161} INFO - Processing /home/paula/Documentos/airflow/venv/lib/python3.10/site-packages/airflow/example_dags/example_time_delta_sensor_async.py took 0.152 seconds
[2024-11-05 15:16:32,510] {processor.py:153} INFO - Started process (PID=1056624) to work on /home/paula/Documentos/airflow/venv/lib/python3.10/site-packages/airflow/example_dags/example_time_delta_sensor_async.py
[2024-11-05 15:16:32,530] {processor.py:641} INFO - Processing file /home/paula/Documentos/airflow/venv/lib/python3.10/site-packages/airflow/example_dags/example_time_delta_sensor_async.py for tasks to queue
[2024-11-05 15:16:32,531] {logging_mixin.py:115} INFO - [2024-11-05 15:16:32,531] {dagbag.py:507} INFO - Filling up the DagBag from /home/paula/Documentos/airflow/venv/lib/python3.10/site-packages/airflow/example_dags/example_time_delta_sensor_async.py
[2024-11-05 15:16:32,539] {processor.py:651} INFO - DAG(s) dict_keys(['example_time_delta_sensor_async']) retrieved from /home/paula/Documentos/airflow/venv/lib/python3.10/site-packages/airflow/example_dags/example_time_delta_sensor_async.py
[2024-11-05 15:16:32,568] {logging_mixin.py:115} INFO - [2024-11-05 15:16:32,568] {dag.py:2379} INFO - Sync 1 DAGs
[2024-11-05 15:16:32,595] {logging_mixin.py:115} INFO - [2024-11-05 15:16:32,595] {dag.py:2927} INFO - Setting next_dagrun for example_time_delta_sensor_async to None, run_after=None
[2024-11-05 15:16:32,870] {processor.py:161} INFO - Processing /home/paula/Documentos/airflow/venv/lib/python3.10/site-packages/airflow/example_dags/example_time_delta_sensor_async.py took 0.362 seconds
[2024-11-05 15:17:09,265] {processor.py:153} INFO - Started process (PID=1056853) to work on /home/paula/Documentos/airflow/venv/lib/python3.10/site-packages/airflow/example_dags/example_time_delta_sensor_async.py
[2024-11-05 15:17:09,282] {processor.py:641} INFO - Processing file /home/paula/Documentos/airflow/venv/lib/python3.10/site-packages/airflow/example_dags/example_time_delta_sensor_async.py for tasks to queue
[2024-11-05 15:17:09,283] {logging_mixin.py:115} INFO - [2024-11-05 15:17:09,282] {dagbag.py:507} INFO - Filling up the DagBag from /home/paula/Documentos/airflow/venv/lib/python3.10/site-packages/airflow/example_dags/example_time_delta_sensor_async.py
[2024-11-05 15:17:09,292] {processor.py:651} INFO - DAG(s) dict_keys(['example_time_delta_sensor_async']) retrieved from /home/paula/Documentos/airflow/venv/lib/python3.10/site-packages/airflow/example_dags/example_time_delta_sensor_async.py
[2024-11-05 15:17:09,316] {logging_mixin.py:115} INFO - [2024-11-05 15:17:09,315] {dag.py:2379} INFO - Sync 1 DAGs
[2024-11-05 15:17:09,334] {logging_mixin.py:115} INFO - [2024-11-05 15:17:09,334] {dag.py:2927} INFO - Setting next_dagrun for example_time_delta_sensor_async to None, run_after=None
[2024-11-05 15:17:09,483] {processor.py:161} INFO - Processing /home/paula/Documentos/airflow/venv/lib/python3.10/site-packages/airflow/example_dags/example_time_delta_sensor_async.py took 0.222 seconds
[2024-11-05 15:17:45,394] {processor.py:153} INFO - Started process (PID=1057071) to work on /home/paula/Documentos/airflow/venv/lib/python3.10/site-packages/airflow/example_dags/example_time_delta_sensor_async.py
[2024-11-05 15:17:45,447] {processor.py:641} INFO - Processing file /home/paula/Documentos/airflow/venv/lib/python3.10/site-packages/airflow/example_dags/example_time_delta_sensor_async.py for tasks to queue
[2024-11-05 15:17:45,448] {logging_mixin.py:115} INFO - [2024-11-05 15:17:45,448] {dagbag.py:507} INFO - Filling up the DagBag from /home/paula/Documentos/airflow/venv/lib/python3.10/site-packages/airflow/example_dags/example_time_delta_sensor_async.py
[2024-11-05 15:17:45,455] {processor.py:651} INFO - DAG(s) dict_keys(['example_time_delta_sensor_async']) retrieved from /home/paula/Documentos/airflow/venv/lib/python3.10/site-packages/airflow/example_dags/example_time_delta_sensor_async.py
[2024-11-05 15:17:45,478] {logging_mixin.py:115} INFO - [2024-11-05 15:17:45,478] {dag.py:2379} INFO - Sync 1 DAGs
[2024-11-05 15:17:45,502] {logging_mixin.py:115} INFO - [2024-11-05 15:17:45,502] {dag.py:2927} INFO - Setting next_dagrun for example_time_delta_sensor_async to None, run_after=None
[2024-11-05 15:17:45,646] {processor.py:161} INFO - Processing /home/paula/Documentos/airflow/venv/lib/python3.10/site-packages/airflow/example_dags/example_time_delta_sensor_async.py took 0.255 seconds
[2024-11-05 15:18:23,238] {processor.py:153} INFO - Started process (PID=1057311) to work on /home/paula/Documentos/airflow/venv/lib/python3.10/site-packages/airflow/example_dags/example_time_delta_sensor_async.py
[2024-11-05 15:18:23,258] {processor.py:641} INFO - Processing file /home/paula/Documentos/airflow/venv/lib/python3.10/site-packages/airflow/example_dags/example_time_delta_sensor_async.py for tasks to queue
[2024-11-05 15:18:23,259] {logging_mixin.py:115} INFO - [2024-11-05 15:18:23,259] {dagbag.py:507} INFO - Filling up the DagBag from /home/paula/Documentos/airflow/venv/lib/python3.10/site-packages/airflow/example_dags/example_time_delta_sensor_async.py
[2024-11-05 15:18:23,267] {processor.py:651} INFO - DAG(s) dict_keys(['example_time_delta_sensor_async']) retrieved from /home/paula/Documentos/airflow/venv/lib/python3.10/site-packages/airflow/example_dags/example_time_delta_sensor_async.py
[2024-11-05 15:18:23,290] {logging_mixin.py:115} INFO - [2024-11-05 15:18:23,290] {dag.py:2379} INFO - Sync 1 DAGs
[2024-11-05 15:18:23,307] {logging_mixin.py:115} INFO - [2024-11-05 15:18:23,307] {dag.py:2927} INFO - Setting next_dagrun for example_time_delta_sensor_async to None, run_after=None
[2024-11-05 15:18:23,423] {processor.py:161} INFO - Processing /home/paula/Documentos/airflow/venv/lib/python3.10/site-packages/airflow/example_dags/example_time_delta_sensor_async.py took 0.189 seconds
[2024-11-05 15:19:05,577] {processor.py:153} INFO - Started process (PID=1057565) to work on /home/paula/Documentos/airflow/venv/lib/python3.10/site-packages/airflow/example_dags/example_time_delta_sensor_async.py
[2024-11-05 15:19:05,592] {processor.py:641} INFO - Processing file /home/paula/Documentos/airflow/venv/lib/python3.10/site-packages/airflow/example_dags/example_time_delta_sensor_async.py for tasks to queue
[2024-11-05 15:19:05,593] {logging_mixin.py:115} INFO - [2024-11-05 15:19:05,593] {dagbag.py:507} INFO - Filling up the DagBag from /home/paula/Documentos/airflow/venv/lib/python3.10/site-packages/airflow/example_dags/example_time_delta_sensor_async.py
[2024-11-05 15:19:05,602] {processor.py:651} INFO - DAG(s) dict_keys(['example_time_delta_sensor_async']) retrieved from /home/paula/Documentos/airflow/venv/lib/python3.10/site-packages/airflow/example_dags/example_time_delta_sensor_async.py
[2024-11-05 15:19:05,633] {logging_mixin.py:115} INFO - [2024-11-05 15:19:05,633] {dag.py:2379} INFO - Sync 1 DAGs
[2024-11-05 15:19:05,662] {logging_mixin.py:115} INFO - [2024-11-05 15:19:05,662] {dag.py:2927} INFO - Setting next_dagrun for example_time_delta_sensor_async to None, run_after=None
[2024-11-05 15:19:05,776] {processor.py:161} INFO - Processing /home/paula/Documentos/airflow/venv/lib/python3.10/site-packages/airflow/example_dags/example_time_delta_sensor_async.py took 0.203 seconds
[2024-11-05 15:19:38,454] {processor.py:153} INFO - Started process (PID=1057787) to work on /home/paula/Documentos/airflow/venv/lib/python3.10/site-packages/airflow/example_dags/example_time_delta_sensor_async.py
[2024-11-05 15:19:38,454] {processor.py:641} INFO - Processing file /home/paula/Documentos/airflow/venv/lib/python3.10/site-packages/airflow/example_dags/example_time_delta_sensor_async.py for tasks to queue
[2024-11-05 15:19:38,455] {logging_mixin.py:115} INFO - [2024-11-05 15:19:38,455] {dagbag.py:507} INFO - Filling up the DagBag from /home/paula/Documentos/airflow/venv/lib/python3.10/site-packages/airflow/example_dags/example_time_delta_sensor_async.py
[2024-11-05 15:19:38,459] {processor.py:651} INFO - DAG(s) dict_keys(['example_time_delta_sensor_async']) retrieved from /home/paula/Documentos/airflow/venv/lib/python3.10/site-packages/airflow/example_dags/example_time_delta_sensor_async.py
[2024-11-05 15:19:38,480] {logging_mixin.py:115} INFO - [2024-11-05 15:19:38,480] {dag.py:2379} INFO - Sync 1 DAGs
[2024-11-05 15:19:38,505] {logging_mixin.py:115} INFO - [2024-11-05 15:19:38,505] {dag.py:2927} INFO - Setting next_dagrun for example_time_delta_sensor_async to None, run_after=None
[2024-11-05 15:19:38,792] {processor.py:161} INFO - Processing /home/paula/Documentos/airflow/venv/lib/python3.10/site-packages/airflow/example_dags/example_time_delta_sensor_async.py took 0.341 seconds
[2024-11-05 15:20:14,093] {processor.py:153} INFO - Started process (PID=1058009) to work on /home/paula/Documentos/airflow/venv/lib/python3.10/site-packages/airflow/example_dags/example_time_delta_sensor_async.py
[2024-11-05 15:20:14,094] {processor.py:641} INFO - Processing file /home/paula/Documentos/airflow/venv/lib/python3.10/site-packages/airflow/example_dags/example_time_delta_sensor_async.py for tasks to queue
[2024-11-05 15:20:14,095] {logging_mixin.py:115} INFO - [2024-11-05 15:20:14,095] {dagbag.py:507} INFO - Filling up the DagBag from /home/paula/Documentos/airflow/venv/lib/python3.10/site-packages/airflow/example_dags/example_time_delta_sensor_async.py
[2024-11-05 15:20:14,100] {processor.py:651} INFO - DAG(s) dict_keys(['example_time_delta_sensor_async']) retrieved from /home/paula/Documentos/airflow/venv/lib/python3.10/site-packages/airflow/example_dags/example_time_delta_sensor_async.py
[2024-11-05 15:20:14,121] {logging_mixin.py:115} INFO - [2024-11-05 15:20:14,120] {dag.py:2379} INFO - Sync 1 DAGs
[2024-11-05 15:20:14,144] {logging_mixin.py:115} INFO - [2024-11-05 15:20:14,144] {dag.py:2927} INFO - Setting next_dagrun for example_time_delta_sensor_async to None, run_after=None
[2024-11-05 15:20:14,233] {processor.py:161} INFO - Processing /home/paula/Documentos/airflow/venv/lib/python3.10/site-packages/airflow/example_dags/example_time_delta_sensor_async.py took 0.144 seconds
[2024-11-05 15:21:21,736] {processor.py:153} INFO - Started process (PID=1058441) to work on /home/paula/Documentos/airflow/venv/lib/python3.10/site-packages/airflow/example_dags/example_time_delta_sensor_async.py
[2024-11-05 15:21:21,809] {processor.py:641} INFO - Processing file /home/paula/Documentos/airflow/venv/lib/python3.10/site-packages/airflow/example_dags/example_time_delta_sensor_async.py for tasks to queue
[2024-11-05 15:21:21,809] {logging_mixin.py:115} INFO - [2024-11-05 15:21:21,809] {dagbag.py:507} INFO - Filling up the DagBag from /home/paula/Documentos/airflow/venv/lib/python3.10/site-packages/airflow/example_dags/example_time_delta_sensor_async.py
[2024-11-05 15:21:21,820] {processor.py:651} INFO - DAG(s) dict_keys(['example_time_delta_sensor_async']) retrieved from /home/paula/Documentos/airflow/venv/lib/python3.10/site-packages/airflow/example_dags/example_time_delta_sensor_async.py
[2024-11-05 15:21:21,842] {logging_mixin.py:115} INFO - [2024-11-05 15:21:21,842] {dag.py:2379} INFO - Sync 1 DAGs
[2024-11-05 15:21:21,860] {logging_mixin.py:115} INFO - [2024-11-05 15:21:21,860] {dag.py:2927} INFO - Setting next_dagrun for example_time_delta_sensor_async to None, run_after=None
[2024-11-05 15:21:22,017] {processor.py:161} INFO - Processing /home/paula/Documentos/airflow/venv/lib/python3.10/site-packages/airflow/example_dags/example_time_delta_sensor_async.py took 0.284 seconds
[2024-11-05 15:22:04,052] {processor.py:153} INFO - Started process (PID=1058711) to work on /home/paula/Documentos/airflow/venv/lib/python3.10/site-packages/airflow/example_dags/example_time_delta_sensor_async.py
[2024-11-05 15:22:04,074] {processor.py:641} INFO - Processing file /home/paula/Documentos/airflow/venv/lib/python3.10/site-packages/airflow/example_dags/example_time_delta_sensor_async.py for tasks to queue
[2024-11-05 15:22:04,075] {logging_mixin.py:115} INFO - [2024-11-05 15:22:04,075] {dagbag.py:507} INFO - Filling up the DagBag from /home/paula/Documentos/airflow/venv/lib/python3.10/site-packages/airflow/example_dags/example_time_delta_sensor_async.py
[2024-11-05 15:22:04,084] {processor.py:651} INFO - DAG(s) dict_keys(['example_time_delta_sensor_async']) retrieved from /home/paula/Documentos/airflow/venv/lib/python3.10/site-packages/airflow/example_dags/example_time_delta_sensor_async.py
[2024-11-05 15:22:04,110] {logging_mixin.py:115} INFO - [2024-11-05 15:22:04,110] {dag.py:2379} INFO - Sync 1 DAGs
[2024-11-05 15:22:04,129] {logging_mixin.py:115} INFO - [2024-11-05 15:22:04,129] {dag.py:2927} INFO - Setting next_dagrun for example_time_delta_sensor_async to None, run_after=None
[2024-11-05 15:22:04,249] {processor.py:161} INFO - Processing /home/paula/Documentos/airflow/venv/lib/python3.10/site-packages/airflow/example_dags/example_time_delta_sensor_async.py took 0.199 seconds
[2024-11-05 15:22:45,969] {processor.py:153} INFO - Started process (PID=1058968) to work on /home/paula/Documentos/airflow/venv/lib/python3.10/site-packages/airflow/example_dags/example_time_delta_sensor_async.py
[2024-11-05 15:22:45,969] {processor.py:641} INFO - Processing file /home/paula/Documentos/airflow/venv/lib/python3.10/site-packages/airflow/example_dags/example_time_delta_sensor_async.py for tasks to queue
[2024-11-05 15:22:45,970] {logging_mixin.py:115} INFO - [2024-11-05 15:22:45,970] {dagbag.py:507} INFO - Filling up the DagBag from /home/paula/Documentos/airflow/venv/lib/python3.10/site-packages/airflow/example_dags/example_time_delta_sensor_async.py
[2024-11-05 15:22:45,977] {processor.py:651} INFO - DAG(s) dict_keys(['example_time_delta_sensor_async']) retrieved from /home/paula/Documentos/airflow/venv/lib/python3.10/site-packages/airflow/example_dags/example_time_delta_sensor_async.py
[2024-11-05 15:22:45,999] {logging_mixin.py:115} INFO - [2024-11-05 15:22:45,999] {dag.py:2379} INFO - Sync 1 DAGs
[2024-11-05 15:22:46,017] {logging_mixin.py:115} INFO - [2024-11-05 15:22:46,017] {dag.py:2927} INFO - Setting next_dagrun for example_time_delta_sensor_async to None, run_after=None
[2024-11-05 15:22:46,158] {processor.py:161} INFO - Processing /home/paula/Documentos/airflow/venv/lib/python3.10/site-packages/airflow/example_dags/example_time_delta_sensor_async.py took 0.193 seconds
[2024-11-05 15:23:27,777] {processor.py:153} INFO - Started process (PID=1059241) to work on /home/paula/Documentos/airflow/venv/lib/python3.10/site-packages/airflow/example_dags/example_time_delta_sensor_async.py
[2024-11-05 15:23:27,777] {processor.py:641} INFO - Processing file /home/paula/Documentos/airflow/venv/lib/python3.10/site-packages/airflow/example_dags/example_time_delta_sensor_async.py for tasks to queue
[2024-11-05 15:23:27,778] {logging_mixin.py:115} INFO - [2024-11-05 15:23:27,778] {dagbag.py:507} INFO - Filling up the DagBag from /home/paula/Documentos/airflow/venv/lib/python3.10/site-packages/airflow/example_dags/example_time_delta_sensor_async.py
[2024-11-05 15:23:27,785] {processor.py:651} INFO - DAG(s) dict_keys(['example_time_delta_sensor_async']) retrieved from /home/paula/Documentos/airflow/venv/lib/python3.10/site-packages/airflow/example_dags/example_time_delta_sensor_async.py
[2024-11-05 15:23:27,807] {logging_mixin.py:115} INFO - [2024-11-05 15:23:27,807] {dag.py:2379} INFO - Sync 1 DAGs
[2024-11-05 15:23:27,824] {logging_mixin.py:115} INFO - [2024-11-05 15:23:27,824] {dag.py:2927} INFO - Setting next_dagrun for example_time_delta_sensor_async to None, run_after=None
[2024-11-05 15:23:27,962] {processor.py:161} INFO - Processing /home/paula/Documentos/airflow/venv/lib/python3.10/site-packages/airflow/example_dags/example_time_delta_sensor_async.py took 0.188 seconds
[2024-11-05 15:24:04,870] {processor.py:153} INFO - Started process (PID=1059480) to work on /home/paula/Documentos/airflow/venv/lib/python3.10/site-packages/airflow/example_dags/example_time_delta_sensor_async.py
[2024-11-05 15:24:04,876] {processor.py:641} INFO - Processing file /home/paula/Documentos/airflow/venv/lib/python3.10/site-packages/airflow/example_dags/example_time_delta_sensor_async.py for tasks to queue
[2024-11-05 15:24:04,877] {logging_mixin.py:115} INFO - [2024-11-05 15:24:04,877] {dagbag.py:507} INFO - Filling up the DagBag from /home/paula/Documentos/airflow/venv/lib/python3.10/site-packages/airflow/example_dags/example_time_delta_sensor_async.py
[2024-11-05 15:24:04,883] {processor.py:651} INFO - DAG(s) dict_keys(['example_time_delta_sensor_async']) retrieved from /home/paula/Documentos/airflow/venv/lib/python3.10/site-packages/airflow/example_dags/example_time_delta_sensor_async.py
[2024-11-05 15:24:04,902] {logging_mixin.py:115} INFO - [2024-11-05 15:24:04,902] {dag.py:2379} INFO - Sync 1 DAGs
[2024-11-05 15:24:04,919] {logging_mixin.py:115} INFO - [2024-11-05 15:24:04,918] {dag.py:2927} INFO - Setting next_dagrun for example_time_delta_sensor_async to None, run_after=None
[2024-11-05 15:24:05,117] {processor.py:161} INFO - Processing /home/paula/Documentos/airflow/venv/lib/python3.10/site-packages/airflow/example_dags/example_time_delta_sensor_async.py took 0.249 seconds
[2024-11-05 15:24:53,097] {processor.py:153} INFO - Started process (PID=1059770) to work on /home/paula/Documentos/airflow/venv/lib/python3.10/site-packages/airflow/example_dags/example_time_delta_sensor_async.py
[2024-11-05 15:24:53,098] {processor.py:641} INFO - Processing file /home/paula/Documentos/airflow/venv/lib/python3.10/site-packages/airflow/example_dags/example_time_delta_sensor_async.py for tasks to queue
[2024-11-05 15:24:53,100] {logging_mixin.py:115} INFO - [2024-11-05 15:24:53,099] {dagbag.py:507} INFO - Filling up the DagBag from /home/paula/Documentos/airflow/venv/lib/python3.10/site-packages/airflow/example_dags/example_time_delta_sensor_async.py
[2024-11-05 15:24:53,105] {processor.py:651} INFO - DAG(s) dict_keys(['example_time_delta_sensor_async']) retrieved from /home/paula/Documentos/airflow/venv/lib/python3.10/site-packages/airflow/example_dags/example_time_delta_sensor_async.py
[2024-11-05 15:24:53,127] {logging_mixin.py:115} INFO - [2024-11-05 15:24:53,127] {dag.py:2379} INFO - Sync 1 DAGs
[2024-11-05 15:24:53,146] {logging_mixin.py:115} INFO - [2024-11-05 15:24:53,146] {dag.py:2927} INFO - Setting next_dagrun for example_time_delta_sensor_async to None, run_after=None
[2024-11-05 15:24:53,255] {processor.py:161} INFO - Processing /home/paula/Documentos/airflow/venv/lib/python3.10/site-packages/airflow/example_dags/example_time_delta_sensor_async.py took 0.161 seconds
[2024-11-05 15:25:39,809] {processor.py:153} INFO - Started process (PID=1060157) to work on /home/paula/Documentos/airflow/venv/lib/python3.10/site-packages/airflow/example_dags/example_time_delta_sensor_async.py
[2024-11-05 15:25:39,831] {processor.py:641} INFO - Processing file /home/paula/Documentos/airflow/venv/lib/python3.10/site-packages/airflow/example_dags/example_time_delta_sensor_async.py for tasks to queue
[2024-11-05 15:25:39,832] {logging_mixin.py:115} INFO - [2024-11-05 15:25:39,832] {dagbag.py:507} INFO - Filling up the DagBag from /home/paula/Documentos/airflow/venv/lib/python3.10/site-packages/airflow/example_dags/example_time_delta_sensor_async.py
[2024-11-05 15:25:39,839] {processor.py:651} INFO - DAG(s) dict_keys(['example_time_delta_sensor_async']) retrieved from /home/paula/Documentos/airflow/venv/lib/python3.10/site-packages/airflow/example_dags/example_time_delta_sensor_async.py
[2024-11-05 15:25:39,869] {logging_mixin.py:115} INFO - [2024-11-05 15:25:39,869] {dag.py:2379} INFO - Sync 1 DAGs
[2024-11-05 15:25:39,895] {logging_mixin.py:115} INFO - [2024-11-05 15:25:39,895] {dag.py:2927} INFO - Setting next_dagrun for example_time_delta_sensor_async to None, run_after=None
[2024-11-05 15:25:40,055] {processor.py:161} INFO - Processing /home/paula/Documentos/airflow/venv/lib/python3.10/site-packages/airflow/example_dags/example_time_delta_sensor_async.py took 0.250 seconds
[2024-11-05 15:28:51,171] {processor.py:153} INFO - Started process (PID=1061315) to work on /home/paula/Documentos/airflow/venv/lib/python3.10/site-packages/airflow/example_dags/example_time_delta_sensor_async.py
[2024-11-05 15:28:51,177] {processor.py:641} INFO - Processing file /home/paula/Documentos/airflow/venv/lib/python3.10/site-packages/airflow/example_dags/example_time_delta_sensor_async.py for tasks to queue
[2024-11-05 15:28:51,178] {logging_mixin.py:115} INFO - [2024-11-05 15:28:51,178] {dagbag.py:507} INFO - Filling up the DagBag from /home/paula/Documentos/airflow/venv/lib/python3.10/site-packages/airflow/example_dags/example_time_delta_sensor_async.py
[2024-11-05 15:28:51,184] {processor.py:651} INFO - DAG(s) dict_keys(['example_time_delta_sensor_async']) retrieved from /home/paula/Documentos/airflow/venv/lib/python3.10/site-packages/airflow/example_dags/example_time_delta_sensor_async.py
[2024-11-05 15:28:51,206] {logging_mixin.py:115} INFO - [2024-11-05 15:28:51,206] {dag.py:2379} INFO - Sync 1 DAGs
[2024-11-05 15:28:51,224] {logging_mixin.py:115} INFO - [2024-11-05 15:28:51,224] {dag.py:2927} INFO - Setting next_dagrun for example_time_delta_sensor_async to None, run_after=None
[2024-11-05 15:28:51,315] {processor.py:161} INFO - Processing /home/paula/Documentos/airflow/venv/lib/python3.10/site-packages/airflow/example_dags/example_time_delta_sensor_async.py took 0.147 seconds
[2024-11-05 15:29:35,699] {processor.py:153} INFO - Started process (PID=1061623) to work on /home/paula/Documentos/airflow/venv/lib/python3.10/site-packages/airflow/example_dags/example_time_delta_sensor_async.py
[2024-11-05 15:29:35,705] {processor.py:641} INFO - Processing file /home/paula/Documentos/airflow/venv/lib/python3.10/site-packages/airflow/example_dags/example_time_delta_sensor_async.py for tasks to queue
[2024-11-05 15:29:35,706] {logging_mixin.py:115} INFO - [2024-11-05 15:29:35,706] {dagbag.py:507} INFO - Filling up the DagBag from /home/paula/Documentos/airflow/venv/lib/python3.10/site-packages/airflow/example_dags/example_time_delta_sensor_async.py
[2024-11-05 15:29:35,712] {processor.py:651} INFO - DAG(s) dict_keys(['example_time_delta_sensor_async']) retrieved from /home/paula/Documentos/airflow/venv/lib/python3.10/site-packages/airflow/example_dags/example_time_delta_sensor_async.py
[2024-11-05 15:29:35,732] {logging_mixin.py:115} INFO - [2024-11-05 15:29:35,732] {dag.py:2379} INFO - Sync 1 DAGs
[2024-11-05 15:29:35,747] {logging_mixin.py:115} INFO - [2024-11-05 15:29:35,747] {dag.py:2927} INFO - Setting next_dagrun for example_time_delta_sensor_async to None, run_after=None
[2024-11-05 15:29:35,855] {processor.py:161} INFO - Processing /home/paula/Documentos/airflow/venv/lib/python3.10/site-packages/airflow/example_dags/example_time_delta_sensor_async.py took 0.158 seconds
[2024-11-05 15:30:19,030] {processor.py:153} INFO - Started process (PID=1061885) to work on /home/paula/Documentos/airflow/venv/lib/python3.10/site-packages/airflow/example_dags/example_time_delta_sensor_async.py
[2024-11-05 15:30:19,045] {processor.py:641} INFO - Processing file /home/paula/Documentos/airflow/venv/lib/python3.10/site-packages/airflow/example_dags/example_time_delta_sensor_async.py for tasks to queue
[2024-11-05 15:30:19,045] {logging_mixin.py:115} INFO - [2024-11-05 15:30:19,045] {dagbag.py:507} INFO - Filling up the DagBag from /home/paula/Documentos/airflow/venv/lib/python3.10/site-packages/airflow/example_dags/example_time_delta_sensor_async.py
[2024-11-05 15:30:19,051] {processor.py:651} INFO - DAG(s) dict_keys(['example_time_delta_sensor_async']) retrieved from /home/paula/Documentos/airflow/venv/lib/python3.10/site-packages/airflow/example_dags/example_time_delta_sensor_async.py
[2024-11-05 15:30:19,075] {logging_mixin.py:115} INFO - [2024-11-05 15:30:19,075] {dag.py:2379} INFO - Sync 1 DAGs
[2024-11-05 15:30:19,090] {logging_mixin.py:115} INFO - [2024-11-05 15:30:19,090] {dag.py:2927} INFO - Setting next_dagrun for example_time_delta_sensor_async to None, run_after=None
[2024-11-05 15:30:19,192] {processor.py:161} INFO - Processing /home/paula/Documentos/airflow/venv/lib/python3.10/site-packages/airflow/example_dags/example_time_delta_sensor_async.py took 0.165 seconds
[2024-11-05 15:31:01,669] {processor.py:153} INFO - Started process (PID=1062140) to work on /home/paula/Documentos/airflow/venv/lib/python3.10/site-packages/airflow/example_dags/example_time_delta_sensor_async.py
[2024-11-05 15:31:01,675] {processor.py:641} INFO - Processing file /home/paula/Documentos/airflow/venv/lib/python3.10/site-packages/airflow/example_dags/example_time_delta_sensor_async.py for tasks to queue
[2024-11-05 15:31:01,676] {logging_mixin.py:115} INFO - [2024-11-05 15:31:01,676] {dagbag.py:507} INFO - Filling up the DagBag from /home/paula/Documentos/airflow/venv/lib/python3.10/site-packages/airflow/example_dags/example_time_delta_sensor_async.py
[2024-11-05 15:31:01,682] {processor.py:651} INFO - DAG(s) dict_keys(['example_time_delta_sensor_async']) retrieved from /home/paula/Documentos/airflow/venv/lib/python3.10/site-packages/airflow/example_dags/example_time_delta_sensor_async.py
[2024-11-05 15:31:01,711] {logging_mixin.py:115} INFO - [2024-11-05 15:31:01,711] {dag.py:2379} INFO - Sync 1 DAGs
[2024-11-05 15:31:01,726] {logging_mixin.py:115} INFO - [2024-11-05 15:31:01,726] {dag.py:2927} INFO - Setting next_dagrun for example_time_delta_sensor_async to None, run_after=None
[2024-11-05 15:31:01,831] {processor.py:161} INFO - Processing /home/paula/Documentos/airflow/venv/lib/python3.10/site-packages/airflow/example_dags/example_time_delta_sensor_async.py took 0.166 seconds
[2024-11-05 15:31:46,139] {processor.py:153} INFO - Started process (PID=1062403) to work on /home/paula/Documentos/airflow/venv/lib/python3.10/site-packages/airflow/example_dags/example_time_delta_sensor_async.py
[2024-11-05 15:31:46,140] {processor.py:641} INFO - Processing file /home/paula/Documentos/airflow/venv/lib/python3.10/site-packages/airflow/example_dags/example_time_delta_sensor_async.py for tasks to queue
[2024-11-05 15:31:46,140] {logging_mixin.py:115} INFO - [2024-11-05 15:31:46,140] {dagbag.py:507} INFO - Filling up the DagBag from /home/paula/Documentos/airflow/venv/lib/python3.10/site-packages/airflow/example_dags/example_time_delta_sensor_async.py
[2024-11-05 15:31:46,146] {processor.py:651} INFO - DAG(s) dict_keys(['example_time_delta_sensor_async']) retrieved from /home/paula/Documentos/airflow/venv/lib/python3.10/site-packages/airflow/example_dags/example_time_delta_sensor_async.py
[2024-11-05 15:31:46,174] {logging_mixin.py:115} INFO - [2024-11-05 15:31:46,174] {dag.py:2379} INFO - Sync 1 DAGs
[2024-11-05 15:31:46,192] {logging_mixin.py:115} INFO - [2024-11-05 15:31:46,192] {dag.py:2927} INFO - Setting next_dagrun for example_time_delta_sensor_async to None, run_after=None
[2024-11-05 15:31:46,401] {processor.py:161} INFO - Processing /home/paula/Documentos/airflow/venv/lib/python3.10/site-packages/airflow/example_dags/example_time_delta_sensor_async.py took 0.265 seconds
[2024-11-05 15:32:36,423] {processor.py:153} INFO - Started process (PID=1062716) to work on /home/paula/Documentos/airflow/venv/lib/python3.10/site-packages/airflow/example_dags/example_time_delta_sensor_async.py
[2024-11-05 15:32:36,451] {processor.py:641} INFO - Processing file /home/paula/Documentos/airflow/venv/lib/python3.10/site-packages/airflow/example_dags/example_time_delta_sensor_async.py for tasks to queue
[2024-11-05 15:32:36,452] {logging_mixin.py:115} INFO - [2024-11-05 15:32:36,452] {dagbag.py:507} INFO - Filling up the DagBag from /home/paula/Documentos/airflow/venv/lib/python3.10/site-packages/airflow/example_dags/example_time_delta_sensor_async.py
[2024-11-05 15:32:36,460] {processor.py:651} INFO - DAG(s) dict_keys(['example_time_delta_sensor_async']) retrieved from /home/paula/Documentos/airflow/venv/lib/python3.10/site-packages/airflow/example_dags/example_time_delta_sensor_async.py
[2024-11-05 15:32:36,488] {logging_mixin.py:115} INFO - [2024-11-05 15:32:36,488] {dag.py:2379} INFO - Sync 1 DAGs
[2024-11-05 15:32:36,506] {logging_mixin.py:115} INFO - [2024-11-05 15:32:36,506] {dag.py:2927} INFO - Setting next_dagrun for example_time_delta_sensor_async to None, run_after=None
[2024-11-05 15:32:36,664] {processor.py:161} INFO - Processing /home/paula/Documentos/airflow/venv/lib/python3.10/site-packages/airflow/example_dags/example_time_delta_sensor_async.py took 0.245 seconds
[2024-11-05 15:33:19,371] {processor.py:153} INFO - Started process (PID=1063025) to work on /home/paula/Documentos/airflow/venv/lib/python3.10/site-packages/airflow/example_dags/example_time_delta_sensor_async.py
[2024-11-05 15:33:19,372] {processor.py:641} INFO - Processing file /home/paula/Documentos/airflow/venv/lib/python3.10/site-packages/airflow/example_dags/example_time_delta_sensor_async.py for tasks to queue
[2024-11-05 15:33:19,372] {logging_mixin.py:115} INFO - [2024-11-05 15:33:19,372] {dagbag.py:507} INFO - Filling up the DagBag from /home/paula/Documentos/airflow/venv/lib/python3.10/site-packages/airflow/example_dags/example_time_delta_sensor_async.py
[2024-11-05 15:33:19,379] {processor.py:651} INFO - DAG(s) dict_keys(['example_time_delta_sensor_async']) retrieved from /home/paula/Documentos/airflow/venv/lib/python3.10/site-packages/airflow/example_dags/example_time_delta_sensor_async.py
[2024-11-05 15:33:19,403] {logging_mixin.py:115} INFO - [2024-11-05 15:33:19,403] {dag.py:2379} INFO - Sync 1 DAGs
[2024-11-05 15:33:19,420] {logging_mixin.py:115} INFO - [2024-11-05 15:33:19,420] {dag.py:2927} INFO - Setting next_dagrun for example_time_delta_sensor_async to None, run_after=None
[2024-11-05 15:33:19,520] {processor.py:161} INFO - Processing /home/paula/Documentos/airflow/venv/lib/python3.10/site-packages/airflow/example_dags/example_time_delta_sensor_async.py took 0.153 seconds
[2024-11-05 15:34:04,013] {processor.py:153} INFO - Started process (PID=1063289) to work on /home/paula/Documentos/airflow/venv/lib/python3.10/site-packages/airflow/example_dags/example_time_delta_sensor_async.py
[2024-11-05 15:34:04,021] {processor.py:641} INFO - Processing file /home/paula/Documentos/airflow/venv/lib/python3.10/site-packages/airflow/example_dags/example_time_delta_sensor_async.py for tasks to queue
[2024-11-05 15:34:04,022] {logging_mixin.py:115} INFO - [2024-11-05 15:34:04,022] {dagbag.py:507} INFO - Filling up the DagBag from /home/paula/Documentos/airflow/venv/lib/python3.10/site-packages/airflow/example_dags/example_time_delta_sensor_async.py
[2024-11-05 15:34:04,027] {processor.py:651} INFO - DAG(s) dict_keys(['example_time_delta_sensor_async']) retrieved from /home/paula/Documentos/airflow/venv/lib/python3.10/site-packages/airflow/example_dags/example_time_delta_sensor_async.py
[2024-11-05 15:34:04,055] {logging_mixin.py:115} INFO - [2024-11-05 15:34:04,055] {dag.py:2379} INFO - Sync 1 DAGs
[2024-11-05 15:34:04,082] {logging_mixin.py:115} INFO - [2024-11-05 15:34:04,082] {dag.py:2927} INFO - Setting next_dagrun for example_time_delta_sensor_async to None, run_after=None
[2024-11-05 15:34:04,644] {processor.py:161} INFO - Processing /home/paula/Documentos/airflow/venv/lib/python3.10/site-packages/airflow/example_dags/example_time_delta_sensor_async.py took 0.633 seconds
[2024-11-05 15:34:44,797] {processor.py:153} INFO - Started process (PID=1063680) to work on /home/paula/Documentos/airflow/venv/lib/python3.10/site-packages/airflow/example_dags/example_time_delta_sensor_async.py
[2024-11-05 15:34:44,798] {processor.py:641} INFO - Processing file /home/paula/Documentos/airflow/venv/lib/python3.10/site-packages/airflow/example_dags/example_time_delta_sensor_async.py for tasks to queue
[2024-11-05 15:34:44,799] {logging_mixin.py:115} INFO - [2024-11-05 15:34:44,799] {dagbag.py:507} INFO - Filling up the DagBag from /home/paula/Documentos/airflow/venv/lib/python3.10/site-packages/airflow/example_dags/example_time_delta_sensor_async.py
[2024-11-05 15:34:44,807] {processor.py:651} INFO - DAG(s) dict_keys(['example_time_delta_sensor_async']) retrieved from /home/paula/Documentos/airflow/venv/lib/python3.10/site-packages/airflow/example_dags/example_time_delta_sensor_async.py
[2024-11-05 15:34:44,829] {logging_mixin.py:115} INFO - [2024-11-05 15:34:44,829] {dag.py:2379} INFO - Sync 1 DAGs
[2024-11-05 15:34:44,848] {logging_mixin.py:115} INFO - [2024-11-05 15:34:44,848] {dag.py:2927} INFO - Setting next_dagrun for example_time_delta_sensor_async to None, run_after=None
[2024-11-05 15:34:44,935] {processor.py:161} INFO - Processing /home/paula/Documentos/airflow/venv/lib/python3.10/site-packages/airflow/example_dags/example_time_delta_sensor_async.py took 0.141 seconds
[2024-11-05 15:35:23,969] {processor.py:153} INFO - Started process (PID=1063932) to work on /home/paula/Documentos/airflow/venv/lib/python3.10/site-packages/airflow/example_dags/example_time_delta_sensor_async.py
[2024-11-05 15:35:23,970] {processor.py:641} INFO - Processing file /home/paula/Documentos/airflow/venv/lib/python3.10/site-packages/airflow/example_dags/example_time_delta_sensor_async.py for tasks to queue
[2024-11-05 15:35:23,971] {logging_mixin.py:115} INFO - [2024-11-05 15:35:23,971] {dagbag.py:507} INFO - Filling up the DagBag from /home/paula/Documentos/airflow/venv/lib/python3.10/site-packages/airflow/example_dags/example_time_delta_sensor_async.py
[2024-11-05 15:35:23,978] {processor.py:651} INFO - DAG(s) dict_keys(['example_time_delta_sensor_async']) retrieved from /home/paula/Documentos/airflow/venv/lib/python3.10/site-packages/airflow/example_dags/example_time_delta_sensor_async.py
[2024-11-05 15:35:23,998] {logging_mixin.py:115} INFO - [2024-11-05 15:35:23,998] {dag.py:2379} INFO - Sync 1 DAGs
[2024-11-05 15:35:24,014] {logging_mixin.py:115} INFO - [2024-11-05 15:35:24,013] {dag.py:2927} INFO - Setting next_dagrun for example_time_delta_sensor_async to None, run_after=None
[2024-11-05 15:35:24,127] {processor.py:161} INFO - Processing /home/paula/Documentos/airflow/venv/lib/python3.10/site-packages/airflow/example_dags/example_time_delta_sensor_async.py took 0.161 seconds
[2024-11-05 15:39:40,516] {processor.py:153} INFO - Started process (PID=1065464) to work on /home/paula/Documentos/airflow/venv/lib/python3.10/site-packages/airflow/example_dags/example_time_delta_sensor_async.py
[2024-11-05 15:39:40,557] {processor.py:641} INFO - Processing file /home/paula/Documentos/airflow/venv/lib/python3.10/site-packages/airflow/example_dags/example_time_delta_sensor_async.py for tasks to queue
[2024-11-05 15:39:40,558] {logging_mixin.py:115} INFO - [2024-11-05 15:39:40,558] {dagbag.py:507} INFO - Filling up the DagBag from /home/paula/Documentos/airflow/venv/lib/python3.10/site-packages/airflow/example_dags/example_time_delta_sensor_async.py
[2024-11-05 15:39:40,566] {processor.py:651} INFO - DAG(s) dict_keys(['example_time_delta_sensor_async']) retrieved from /home/paula/Documentos/airflow/venv/lib/python3.10/site-packages/airflow/example_dags/example_time_delta_sensor_async.py
[2024-11-05 15:39:40,608] {logging_mixin.py:115} INFO - [2024-11-05 15:39:40,608] {dag.py:2379} INFO - Sync 1 DAGs
[2024-11-05 15:39:40,638] {logging_mixin.py:115} INFO - [2024-11-05 15:39:40,638] {dag.py:2927} INFO - Setting next_dagrun for example_time_delta_sensor_async to None, run_after=None
[2024-11-05 15:39:40,739] {processor.py:161} INFO - Processing /home/paula/Documentos/airflow/venv/lib/python3.10/site-packages/airflow/example_dags/example_time_delta_sensor_async.py took 0.226 seconds
[2024-11-05 15:40:26,549] {processor.py:153} INFO - Started process (PID=1066135) to work on /home/paula/Documentos/airflow/venv/lib/python3.10/site-packages/airflow/example_dags/example_time_delta_sensor_async.py
[2024-11-05 15:40:26,550] {processor.py:641} INFO - Processing file /home/paula/Documentos/airflow/venv/lib/python3.10/site-packages/airflow/example_dags/example_time_delta_sensor_async.py for tasks to queue
[2024-11-05 15:40:26,551] {logging_mixin.py:115} INFO - [2024-11-05 15:40:26,551] {dagbag.py:507} INFO - Filling up the DagBag from /home/paula/Documentos/airflow/venv/lib/python3.10/site-packages/airflow/example_dags/example_time_delta_sensor_async.py
[2024-11-05 15:40:26,557] {processor.py:651} INFO - DAG(s) dict_keys(['example_time_delta_sensor_async']) retrieved from /home/paula/Documentos/airflow/venv/lib/python3.10/site-packages/airflow/example_dags/example_time_delta_sensor_async.py
[2024-11-05 15:40:26,580] {logging_mixin.py:115} INFO - [2024-11-05 15:40:26,580] {dag.py:2379} INFO - Sync 1 DAGs
[2024-11-05 15:40:26,603] {logging_mixin.py:115} INFO - [2024-11-05 15:40:26,603] {dag.py:2927} INFO - Setting next_dagrun for example_time_delta_sensor_async to None, run_after=None
[2024-11-05 15:40:26,726] {processor.py:161} INFO - Processing /home/paula/Documentos/airflow/venv/lib/python3.10/site-packages/airflow/example_dags/example_time_delta_sensor_async.py took 0.180 seconds
