[2024-11-05 15:08:09,208] {processor.py:153} INFO - Started process (PID=1053446) to work on /home/paula/Documentos/airflow/venv/lib/python3.10/site-packages/airflow/example_dags/example_latest_only_with_trigger.py
[2024-11-05 15:08:09,209] {processor.py:641} INFO - Processing file /home/paula/Documentos/airflow/venv/lib/python3.10/site-packages/airflow/example_dags/example_latest_only_with_trigger.py for tasks to queue
[2024-11-05 15:08:09,210] {logging_mixin.py:115} INFO - [2024-11-05 15:08:09,210] {dagbag.py:507} INFO - Filling up the DagBag from /home/paula/Documentos/airflow/venv/lib/python3.10/site-packages/airflow/example_dags/example_latest_only_with_trigger.py
[2024-11-05 15:08:09,217] {processor.py:651} INFO - DAG(s) dict_keys(['latest_only_with_trigger']) retrieved from /home/paula/Documentos/airflow/venv/lib/python3.10/site-packages/airflow/example_dags/example_latest_only_with_trigger.py
[2024-11-05 15:08:09,704] {logging_mixin.py:115} INFO - [2024-11-05 15:08:09,703] {manager.py:508} INFO - Created Permission View: can edit on DAG:latest_only_with_trigger
[2024-11-05 15:08:09,857] {logging_mixin.py:115} INFO - [2024-11-05 15:08:09,857] {manager.py:508} INFO - Created Permission View: can read on DAG:latest_only_with_trigger
[2024-11-05 15:08:10,049] {logging_mixin.py:115} INFO - [2024-11-05 15:08:10,048] {manager.py:508} INFO - Created Permission View: can delete on DAG:latest_only_with_trigger
[2024-11-05 15:08:10,049] {logging_mixin.py:115} INFO - [2024-11-05 15:08:10,049] {dag.py:2379} INFO - Sync 1 DAGs
[2024-11-05 15:08:10,065] {logging_mixin.py:115} INFO - [2024-11-05 15:08:10,065] {dag.py:2398} INFO - Creating ORM DAG for latest_only_with_trigger
[2024-11-05 15:08:10,086] {logging_mixin.py:115} INFO - [2024-11-05 15:08:10,086] {dag.py:2927} INFO - Setting next_dagrun for latest_only_with_trigger to 2024-11-05T14:08:10.086215+00:00, run_after=2024-11-05T18:08:10.086215+00:00
[2024-11-05 15:08:10,339] {processor.py:161} INFO - Processing /home/paula/Documentos/airflow/venv/lib/python3.10/site-packages/airflow/example_dags/example_latest_only_with_trigger.py took 1.134 seconds
[2024-11-05 15:09:04,107] {processor.py:153} INFO - Started process (PID=1053781) to work on /home/paula/Documentos/airflow/venv/lib/python3.10/site-packages/airflow/example_dags/example_latest_only_with_trigger.py
[2024-11-05 15:09:04,142] {processor.py:641} INFO - Processing file /home/paula/Documentos/airflow/venv/lib/python3.10/site-packages/airflow/example_dags/example_latest_only_with_trigger.py for tasks to queue
[2024-11-05 15:09:04,144] {logging_mixin.py:115} INFO - [2024-11-05 15:09:04,144] {dagbag.py:507} INFO - Filling up the DagBag from /home/paula/Documentos/airflow/venv/lib/python3.10/site-packages/airflow/example_dags/example_latest_only_with_trigger.py
[2024-11-05 15:09:04,154] {processor.py:651} INFO - DAG(s) dict_keys(['latest_only_with_trigger']) retrieved from /home/paula/Documentos/airflow/venv/lib/python3.10/site-packages/airflow/example_dags/example_latest_only_with_trigger.py
[2024-11-05 15:09:04,178] {logging_mixin.py:115} INFO - [2024-11-05 15:09:04,178] {dag.py:2379} INFO - Sync 1 DAGs
[2024-11-05 15:09:04,196] {logging_mixin.py:115} INFO - [2024-11-05 15:09:04,196] {dag.py:2927} INFO - Setting next_dagrun for latest_only_with_trigger to 2024-11-05T14:09:04.196623+00:00, run_after=2024-11-05T18:09:04.196623+00:00
[2024-11-05 15:09:04,541] {processor.py:161} INFO - Processing /home/paula/Documentos/airflow/venv/lib/python3.10/site-packages/airflow/example_dags/example_latest_only_with_trigger.py took 0.437 seconds
[2024-11-05 15:09:46,944] {processor.py:153} INFO - Started process (PID=1053994) to work on /home/paula/Documentos/airflow/venv/lib/python3.10/site-packages/airflow/example_dags/example_latest_only_with_trigger.py
[2024-11-05 15:09:46,954] {processor.py:641} INFO - Processing file /home/paula/Documentos/airflow/venv/lib/python3.10/site-packages/airflow/example_dags/example_latest_only_with_trigger.py for tasks to queue
[2024-11-05 15:09:46,954] {logging_mixin.py:115} INFO - [2024-11-05 15:09:46,954] {dagbag.py:507} INFO - Filling up the DagBag from /home/paula/Documentos/airflow/venv/lib/python3.10/site-packages/airflow/example_dags/example_latest_only_with_trigger.py
[2024-11-05 15:09:46,961] {processor.py:651} INFO - DAG(s) dict_keys(['latest_only_with_trigger']) retrieved from /home/paula/Documentos/airflow/venv/lib/python3.10/site-packages/airflow/example_dags/example_latest_only_with_trigger.py
[2024-11-05 15:09:46,979] {logging_mixin.py:115} INFO - [2024-11-05 15:09:46,978] {dag.py:2379} INFO - Sync 1 DAGs
[2024-11-05 15:09:46,994] {logging_mixin.py:115} INFO - [2024-11-05 15:09:46,994] {dag.py:2927} INFO - Setting next_dagrun for latest_only_with_trigger to 2024-11-05T14:09:46.993982+00:00, run_after=2024-11-05T18:09:46.993982+00:00
[2024-11-05 15:09:47,273] {processor.py:161} INFO - Processing /home/paula/Documentos/airflow/venv/lib/python3.10/site-packages/airflow/example_dags/example_latest_only_with_trigger.py took 0.332 seconds
[2024-11-05 15:10:36,989] {processor.py:153} INFO - Started process (PID=1054508) to work on /home/paula/Documentos/airflow/venv/lib/python3.10/site-packages/airflow/example_dags/example_latest_only_with_trigger.py
[2024-11-05 15:10:37,038] {processor.py:641} INFO - Processing file /home/paula/Documentos/airflow/venv/lib/python3.10/site-packages/airflow/example_dags/example_latest_only_with_trigger.py for tasks to queue
[2024-11-05 15:10:37,038] {logging_mixin.py:115} INFO - [2024-11-05 15:10:37,038] {dagbag.py:507} INFO - Filling up the DagBag from /home/paula/Documentos/airflow/venv/lib/python3.10/site-packages/airflow/example_dags/example_latest_only_with_trigger.py
[2024-11-05 15:10:37,045] {processor.py:651} INFO - DAG(s) dict_keys(['latest_only_with_trigger']) retrieved from /home/paula/Documentos/airflow/venv/lib/python3.10/site-packages/airflow/example_dags/example_latest_only_with_trigger.py
[2024-11-05 15:10:37,064] {logging_mixin.py:115} INFO - [2024-11-05 15:10:37,064] {dag.py:2379} INFO - Sync 1 DAGs
[2024-11-05 15:10:37,085] {logging_mixin.py:115} INFO - [2024-11-05 15:10:37,085] {dag.py:2927} INFO - Setting next_dagrun for latest_only_with_trigger to 2024-11-05T14:10:37.085471+00:00, run_after=2024-11-05T18:10:37.085471+00:00
[2024-11-05 15:10:37,336] {processor.py:161} INFO - Processing /home/paula/Documentos/airflow/venv/lib/python3.10/site-packages/airflow/example_dags/example_latest_only_with_trigger.py took 0.351 seconds
[2024-11-05 15:11:29,329] {processor.py:153} INFO - Started process (PID=1054771) to work on /home/paula/Documentos/airflow/venv/lib/python3.10/site-packages/airflow/example_dags/example_latest_only_with_trigger.py
[2024-11-05 15:11:29,355] {processor.py:641} INFO - Processing file /home/paula/Documentos/airflow/venv/lib/python3.10/site-packages/airflow/example_dags/example_latest_only_with_trigger.py for tasks to queue
[2024-11-05 15:11:29,355] {logging_mixin.py:115} INFO - [2024-11-05 15:11:29,355] {dagbag.py:507} INFO - Filling up the DagBag from /home/paula/Documentos/airflow/venv/lib/python3.10/site-packages/airflow/example_dags/example_latest_only_with_trigger.py
[2024-11-05 15:11:29,362] {processor.py:651} INFO - DAG(s) dict_keys(['latest_only_with_trigger']) retrieved from /home/paula/Documentos/airflow/venv/lib/python3.10/site-packages/airflow/example_dags/example_latest_only_with_trigger.py
[2024-11-05 15:11:29,377] {logging_mixin.py:115} INFO - [2024-11-05 15:11:29,376] {dag.py:2379} INFO - Sync 1 DAGs
[2024-11-05 15:11:29,393] {logging_mixin.py:115} INFO - [2024-11-05 15:11:29,393] {dag.py:2927} INFO - Setting next_dagrun for latest_only_with_trigger to 2024-11-05T14:11:29.393351+00:00, run_after=2024-11-05T18:11:29.393351+00:00
[2024-11-05 15:11:29,688] {processor.py:161} INFO - Processing /home/paula/Documentos/airflow/venv/lib/python3.10/site-packages/airflow/example_dags/example_latest_only_with_trigger.py took 0.361 seconds
[2024-11-05 15:12:18,730] {processor.py:153} INFO - Started process (PID=1055089) to work on /home/paula/Documentos/airflow/venv/lib/python3.10/site-packages/airflow/example_dags/example_latest_only_with_trigger.py
[2024-11-05 15:12:18,772] {processor.py:641} INFO - Processing file /home/paula/Documentos/airflow/venv/lib/python3.10/site-packages/airflow/example_dags/example_latest_only_with_trigger.py for tasks to queue
[2024-11-05 15:12:18,773] {logging_mixin.py:115} INFO - [2024-11-05 15:12:18,772] {dagbag.py:507} INFO - Filling up the DagBag from /home/paula/Documentos/airflow/venv/lib/python3.10/site-packages/airflow/example_dags/example_latest_only_with_trigger.py
[2024-11-05 15:12:18,780] {processor.py:651} INFO - DAG(s) dict_keys(['latest_only_with_trigger']) retrieved from /home/paula/Documentos/airflow/venv/lib/python3.10/site-packages/airflow/example_dags/example_latest_only_with_trigger.py
[2024-11-05 15:12:18,805] {logging_mixin.py:115} INFO - [2024-11-05 15:12:18,805] {dag.py:2379} INFO - Sync 1 DAGs
[2024-11-05 15:12:18,826] {logging_mixin.py:115} INFO - [2024-11-05 15:12:18,825] {dag.py:2927} INFO - Setting next_dagrun for latest_only_with_trigger to 2024-11-05T14:12:18.823562+00:00, run_after=2024-11-05T18:12:18.823562+00:00
[2024-11-05 15:12:19,088] {processor.py:161} INFO - Processing /home/paula/Documentos/airflow/venv/lib/python3.10/site-packages/airflow/example_dags/example_latest_only_with_trigger.py took 0.361 seconds
[2024-11-05 15:13:09,496] {processor.py:153} INFO - Started process (PID=1055396) to work on /home/paula/Documentos/airflow/venv/lib/python3.10/site-packages/airflow/example_dags/example_latest_only_with_trigger.py
[2024-11-05 15:13:09,540] {processor.py:641} INFO - Processing file /home/paula/Documentos/airflow/venv/lib/python3.10/site-packages/airflow/example_dags/example_latest_only_with_trigger.py for tasks to queue
[2024-11-05 15:13:09,541] {logging_mixin.py:115} INFO - [2024-11-05 15:13:09,541] {dagbag.py:507} INFO - Filling up the DagBag from /home/paula/Documentos/airflow/venv/lib/python3.10/site-packages/airflow/example_dags/example_latest_only_with_trigger.py
[2024-11-05 15:13:09,551] {processor.py:651} INFO - DAG(s) dict_keys(['latest_only_with_trigger']) retrieved from /home/paula/Documentos/airflow/venv/lib/python3.10/site-packages/airflow/example_dags/example_latest_only_with_trigger.py
[2024-11-05 15:13:09,574] {logging_mixin.py:115} INFO - [2024-11-05 15:13:09,574] {dag.py:2379} INFO - Sync 1 DAGs
[2024-11-05 15:13:09,595] {logging_mixin.py:115} INFO - [2024-11-05 15:13:09,595] {dag.py:2927} INFO - Setting next_dagrun for latest_only_with_trigger to 2024-11-05T14:13:09.591543+00:00, run_after=2024-11-05T18:13:09.591543+00:00
[2024-11-05 15:13:09,857] {processor.py:161} INFO - Processing /home/paula/Documentos/airflow/venv/lib/python3.10/site-packages/airflow/example_dags/example_latest_only_with_trigger.py took 0.364 seconds
[2024-11-05 15:14:02,823] {processor.py:153} INFO - Started process (PID=1055698) to work on /home/paula/Documentos/airflow/venv/lib/python3.10/site-packages/airflow/example_dags/example_latest_only_with_trigger.py
[2024-11-05 15:14:02,832] {processor.py:641} INFO - Processing file /home/paula/Documentos/airflow/venv/lib/python3.10/site-packages/airflow/example_dags/example_latest_only_with_trigger.py for tasks to queue
[2024-11-05 15:14:02,833] {logging_mixin.py:115} INFO - [2024-11-05 15:14:02,833] {dagbag.py:507} INFO - Filling up the DagBag from /home/paula/Documentos/airflow/venv/lib/python3.10/site-packages/airflow/example_dags/example_latest_only_with_trigger.py
[2024-11-05 15:14:02,841] {processor.py:651} INFO - DAG(s) dict_keys(['latest_only_with_trigger']) retrieved from /home/paula/Documentos/airflow/venv/lib/python3.10/site-packages/airflow/example_dags/example_latest_only_with_trigger.py
[2024-11-05 15:14:02,860] {logging_mixin.py:115} INFO - [2024-11-05 15:14:02,860] {dag.py:2379} INFO - Sync 1 DAGs
[2024-11-05 15:14:02,882] {logging_mixin.py:115} INFO - [2024-11-05 15:14:02,882] {dag.py:2927} INFO - Setting next_dagrun for latest_only_with_trigger to 2024-11-05T14:14:02.877422+00:00, run_after=2024-11-05T18:14:02.877422+00:00
[2024-11-05 15:14:03,083] {processor.py:161} INFO - Processing /home/paula/Documentos/airflow/venv/lib/python3.10/site-packages/airflow/example_dags/example_latest_only_with_trigger.py took 0.263 seconds
[2024-11-05 15:14:57,746] {processor.py:153} INFO - Started process (PID=1056022) to work on /home/paula/Documentos/airflow/venv/lib/python3.10/site-packages/airflow/example_dags/example_latest_only_with_trigger.py
[2024-11-05 15:14:57,758] {processor.py:641} INFO - Processing file /home/paula/Documentos/airflow/venv/lib/python3.10/site-packages/airflow/example_dags/example_latest_only_with_trigger.py for tasks to queue
[2024-11-05 15:14:57,759] {logging_mixin.py:115} INFO - [2024-11-05 15:14:57,759] {dagbag.py:507} INFO - Filling up the DagBag from /home/paula/Documentos/airflow/venv/lib/python3.10/site-packages/airflow/example_dags/example_latest_only_with_trigger.py
[2024-11-05 15:14:57,769] {processor.py:651} INFO - DAG(s) dict_keys(['latest_only_with_trigger']) retrieved from /home/paula/Documentos/airflow/venv/lib/python3.10/site-packages/airflow/example_dags/example_latest_only_with_trigger.py
[2024-11-05 15:14:57,788] {logging_mixin.py:115} INFO - [2024-11-05 15:14:57,788] {dag.py:2379} INFO - Sync 1 DAGs
[2024-11-05 15:14:57,824] {logging_mixin.py:115} INFO - [2024-11-05 15:14:57,824] {dag.py:2927} INFO - Setting next_dagrun for latest_only_with_trigger to 2024-11-05T14:14:57.818522+00:00, run_after=2024-11-05T18:14:57.818522+00:00
[2024-11-05 15:14:57,964] {processor.py:161} INFO - Processing /home/paula/Documentos/airflow/venv/lib/python3.10/site-packages/airflow/example_dags/example_latest_only_with_trigger.py took 0.221 seconds
[2024-11-05 15:15:36,453] {processor.py:153} INFO - Started process (PID=1056271) to work on /home/paula/Documentos/airflow/venv/lib/python3.10/site-packages/airflow/example_dags/example_latest_only_with_trigger.py
[2024-11-05 15:15:36,470] {processor.py:641} INFO - Processing file /home/paula/Documentos/airflow/venv/lib/python3.10/site-packages/airflow/example_dags/example_latest_only_with_trigger.py for tasks to queue
[2024-11-05 15:15:36,471] {logging_mixin.py:115} INFO - [2024-11-05 15:15:36,471] {dagbag.py:507} INFO - Filling up the DagBag from /home/paula/Documentos/airflow/venv/lib/python3.10/site-packages/airflow/example_dags/example_latest_only_with_trigger.py
[2024-11-05 15:15:36,479] {processor.py:651} INFO - DAG(s) dict_keys(['latest_only_with_trigger']) retrieved from /home/paula/Documentos/airflow/venv/lib/python3.10/site-packages/airflow/example_dags/example_latest_only_with_trigger.py
[2024-11-05 15:15:36,496] {logging_mixin.py:115} INFO - [2024-11-05 15:15:36,496] {dag.py:2379} INFO - Sync 1 DAGs
[2024-11-05 15:15:36,516] {logging_mixin.py:115} INFO - [2024-11-05 15:15:36,515] {dag.py:2927} INFO - Setting next_dagrun for latest_only_with_trigger to 2024-11-05T14:15:36.513465+00:00, run_after=2024-11-05T18:15:36.513465+00:00
[2024-11-05 15:15:36,622] {processor.py:161} INFO - Processing /home/paula/Documentos/airflow/venv/lib/python3.10/site-packages/airflow/example_dags/example_latest_only_with_trigger.py took 0.172 seconds
[2024-11-05 15:16:15,525] {processor.py:153} INFO - Started process (PID=1056517) to work on /home/paula/Documentos/airflow/venv/lib/python3.10/site-packages/airflow/example_dags/example_latest_only_with_trigger.py
[2024-11-05 15:16:15,548] {processor.py:641} INFO - Processing file /home/paula/Documentos/airflow/venv/lib/python3.10/site-packages/airflow/example_dags/example_latest_only_with_trigger.py for tasks to queue
[2024-11-05 15:16:15,548] {logging_mixin.py:115} INFO - [2024-11-05 15:16:15,548] {dagbag.py:507} INFO - Filling up the DagBag from /home/paula/Documentos/airflow/venv/lib/python3.10/site-packages/airflow/example_dags/example_latest_only_with_trigger.py
[2024-11-05 15:16:15,555] {processor.py:651} INFO - DAG(s) dict_keys(['latest_only_with_trigger']) retrieved from /home/paula/Documentos/airflow/venv/lib/python3.10/site-packages/airflow/example_dags/example_latest_only_with_trigger.py
[2024-11-05 15:16:15,577] {logging_mixin.py:115} INFO - [2024-11-05 15:16:15,576] {dag.py:2379} INFO - Sync 1 DAGs
[2024-11-05 15:16:15,599] {logging_mixin.py:115} INFO - [2024-11-05 15:16:15,599] {dag.py:2927} INFO - Setting next_dagrun for latest_only_with_trigger to 2024-11-05T14:16:15.596000+00:00, run_after=2024-11-05T18:16:15.596000+00:00
[2024-11-05 15:16:15,727] {processor.py:161} INFO - Processing /home/paula/Documentos/airflow/venv/lib/python3.10/site-packages/airflow/example_dags/example_latest_only_with_trigger.py took 0.204 seconds
[2024-11-05 15:17:03,875] {processor.py:153} INFO - Started process (PID=1056820) to work on /home/paula/Documentos/airflow/venv/lib/python3.10/site-packages/airflow/example_dags/example_latest_only_with_trigger.py
[2024-11-05 15:17:03,898] {processor.py:641} INFO - Processing file /home/paula/Documentos/airflow/venv/lib/python3.10/site-packages/airflow/example_dags/example_latest_only_with_trigger.py for tasks to queue
[2024-11-05 15:17:03,899] {logging_mixin.py:115} INFO - [2024-11-05 15:17:03,898] {dagbag.py:507} INFO - Filling up the DagBag from /home/paula/Documentos/airflow/venv/lib/python3.10/site-packages/airflow/example_dags/example_latest_only_with_trigger.py
[2024-11-05 15:17:03,908] {processor.py:651} INFO - DAG(s) dict_keys(['latest_only_with_trigger']) retrieved from /home/paula/Documentos/airflow/venv/lib/python3.10/site-packages/airflow/example_dags/example_latest_only_with_trigger.py
[2024-11-05 15:17:03,929] {logging_mixin.py:115} INFO - [2024-11-05 15:17:03,929] {dag.py:2379} INFO - Sync 1 DAGs
[2024-11-05 15:17:03,951] {logging_mixin.py:115} INFO - [2024-11-05 15:17:03,951] {dag.py:2927} INFO - Setting next_dagrun for latest_only_with_trigger to 2024-11-05T14:17:03.948323+00:00, run_after=2024-11-05T18:17:03.948323+00:00
[2024-11-05 15:17:04,048] {processor.py:161} INFO - Processing /home/paula/Documentos/airflow/venv/lib/python3.10/site-packages/airflow/example_dags/example_latest_only_with_trigger.py took 0.178 seconds
[2024-11-05 15:17:51,917] {processor.py:153} INFO - Started process (PID=1057109) to work on /home/paula/Documentos/airflow/venv/lib/python3.10/site-packages/airflow/example_dags/example_latest_only_with_trigger.py
[2024-11-05 15:17:51,942] {processor.py:641} INFO - Processing file /home/paula/Documentos/airflow/venv/lib/python3.10/site-packages/airflow/example_dags/example_latest_only_with_trigger.py for tasks to queue
[2024-11-05 15:17:51,942] {logging_mixin.py:115} INFO - [2024-11-05 15:17:51,942] {dagbag.py:507} INFO - Filling up the DagBag from /home/paula/Documentos/airflow/venv/lib/python3.10/site-packages/airflow/example_dags/example_latest_only_with_trigger.py
[2024-11-05 15:17:51,949] {processor.py:651} INFO - DAG(s) dict_keys(['latest_only_with_trigger']) retrieved from /home/paula/Documentos/airflow/venv/lib/python3.10/site-packages/airflow/example_dags/example_latest_only_with_trigger.py
[2024-11-05 15:17:51,968] {logging_mixin.py:115} INFO - [2024-11-05 15:17:51,968] {dag.py:2379} INFO - Sync 1 DAGs
[2024-11-05 15:17:51,990] {logging_mixin.py:115} INFO - [2024-11-05 15:17:51,990] {dag.py:2927} INFO - Setting next_dagrun for latest_only_with_trigger to 2024-11-05T14:17:51.989766+00:00, run_after=2024-11-05T18:17:51.989766+00:00
[2024-11-05 15:17:52,137] {processor.py:161} INFO - Processing /home/paula/Documentos/airflow/venv/lib/python3.10/site-packages/airflow/example_dags/example_latest_only_with_trigger.py took 0.223 seconds
[2024-11-05 15:18:38,168] {processor.py:153} INFO - Started process (PID=1057405) to work on /home/paula/Documentos/airflow/venv/lib/python3.10/site-packages/airflow/example_dags/example_latest_only_with_trigger.py
[2024-11-05 15:18:38,168] {processor.py:641} INFO - Processing file /home/paula/Documentos/airflow/venv/lib/python3.10/site-packages/airflow/example_dags/example_latest_only_with_trigger.py for tasks to queue
[2024-11-05 15:18:38,169] {logging_mixin.py:115} INFO - [2024-11-05 15:18:38,169] {dagbag.py:507} INFO - Filling up the DagBag from /home/paula/Documentos/airflow/venv/lib/python3.10/site-packages/airflow/example_dags/example_latest_only_with_trigger.py
[2024-11-05 15:18:38,174] {processor.py:651} INFO - DAG(s) dict_keys(['latest_only_with_trigger']) retrieved from /home/paula/Documentos/airflow/venv/lib/python3.10/site-packages/airflow/example_dags/example_latest_only_with_trigger.py
[2024-11-05 15:18:38,189] {logging_mixin.py:115} INFO - [2024-11-05 15:18:38,189] {dag.py:2379} INFO - Sync 1 DAGs
[2024-11-05 15:18:38,211] {logging_mixin.py:115} INFO - [2024-11-05 15:18:38,211] {dag.py:2927} INFO - Setting next_dagrun for latest_only_with_trigger to 2024-11-05T14:18:38.211036+00:00, run_after=2024-11-05T18:18:38.211036+00:00
[2024-11-05 15:18:38,323] {processor.py:161} INFO - Processing /home/paula/Documentos/airflow/venv/lib/python3.10/site-packages/airflow/example_dags/example_latest_only_with_trigger.py took 0.159 seconds
[2024-11-05 15:19:21,944] {processor.py:153} INFO - Started process (PID=1057655) to work on /home/paula/Documentos/airflow/venv/lib/python3.10/site-packages/airflow/example_dags/example_latest_only_with_trigger.py
[2024-11-05 15:19:21,945] {processor.py:641} INFO - Processing file /home/paula/Documentos/airflow/venv/lib/python3.10/site-packages/airflow/example_dags/example_latest_only_with_trigger.py for tasks to queue
[2024-11-05 15:19:21,945] {logging_mixin.py:115} INFO - [2024-11-05 15:19:21,945] {dagbag.py:507} INFO - Filling up the DagBag from /home/paula/Documentos/airflow/venv/lib/python3.10/site-packages/airflow/example_dags/example_latest_only_with_trigger.py
[2024-11-05 15:19:21,952] {processor.py:651} INFO - DAG(s) dict_keys(['latest_only_with_trigger']) retrieved from /home/paula/Documentos/airflow/venv/lib/python3.10/site-packages/airflow/example_dags/example_latest_only_with_trigger.py
[2024-11-05 15:19:21,968] {logging_mixin.py:115} INFO - [2024-11-05 15:19:21,968] {dag.py:2379} INFO - Sync 1 DAGs
[2024-11-05 15:19:21,985] {logging_mixin.py:115} INFO - [2024-11-05 15:19:21,985] {dag.py:2927} INFO - Setting next_dagrun for latest_only_with_trigger to 2024-11-05T14:19:21.985521+00:00, run_after=2024-11-05T18:19:21.985521+00:00
[2024-11-05 15:19:22,094] {processor.py:161} INFO - Processing /home/paula/Documentos/airflow/venv/lib/python3.10/site-packages/airflow/example_dags/example_latest_only_with_trigger.py took 0.154 seconds
[2024-11-05 15:20:08,476] {processor.py:153} INFO - Started process (PID=1057972) to work on /home/paula/Documentos/airflow/venv/lib/python3.10/site-packages/airflow/example_dags/example_latest_only_with_trigger.py
[2024-11-05 15:20:08,499] {processor.py:641} INFO - Processing file /home/paula/Documentos/airflow/venv/lib/python3.10/site-packages/airflow/example_dags/example_latest_only_with_trigger.py for tasks to queue
[2024-11-05 15:20:08,499] {logging_mixin.py:115} INFO - [2024-11-05 15:20:08,499] {dagbag.py:507} INFO - Filling up the DagBag from /home/paula/Documentos/airflow/venv/lib/python3.10/site-packages/airflow/example_dags/example_latest_only_with_trigger.py
[2024-11-05 15:20:08,506] {processor.py:651} INFO - DAG(s) dict_keys(['latest_only_with_trigger']) retrieved from /home/paula/Documentos/airflow/venv/lib/python3.10/site-packages/airflow/example_dags/example_latest_only_with_trigger.py
[2024-11-05 15:20:08,525] {logging_mixin.py:115} INFO - [2024-11-05 15:20:08,525] {dag.py:2379} INFO - Sync 1 DAGs
[2024-11-05 15:20:08,544] {logging_mixin.py:115} INFO - [2024-11-05 15:20:08,544] {dag.py:2927} INFO - Setting next_dagrun for latest_only_with_trigger to 2024-11-05T14:20:08.544239+00:00, run_after=2024-11-05T18:20:08.544239+00:00
[2024-11-05 15:20:08,700] {processor.py:161} INFO - Processing /home/paula/Documentos/airflow/venv/lib/python3.10/site-packages/airflow/example_dags/example_latest_only_with_trigger.py took 0.228 seconds
[2024-11-05 15:21:38,066] {processor.py:153} INFO - Started process (PID=1058545) to work on /home/paula/Documentos/airflow/venv/lib/python3.10/site-packages/airflow/example_dags/example_latest_only_with_trigger.py
[2024-11-05 15:21:38,086] {processor.py:641} INFO - Processing file /home/paula/Documentos/airflow/venv/lib/python3.10/site-packages/airflow/example_dags/example_latest_only_with_trigger.py for tasks to queue
[2024-11-05 15:21:38,087] {logging_mixin.py:115} INFO - [2024-11-05 15:21:38,087] {dagbag.py:507} INFO - Filling up the DagBag from /home/paula/Documentos/airflow/venv/lib/python3.10/site-packages/airflow/example_dags/example_latest_only_with_trigger.py
[2024-11-05 15:21:38,095] {processor.py:651} INFO - DAG(s) dict_keys(['latest_only_with_trigger']) retrieved from /home/paula/Documentos/airflow/venv/lib/python3.10/site-packages/airflow/example_dags/example_latest_only_with_trigger.py
[2024-11-05 15:21:38,116] {logging_mixin.py:115} INFO - [2024-11-05 15:21:38,116] {dag.py:2379} INFO - Sync 1 DAGs
[2024-11-05 15:21:38,145] {logging_mixin.py:115} INFO - [2024-11-05 15:21:38,145] {dag.py:2927} INFO - Setting next_dagrun for latest_only_with_trigger to 2024-11-05T14:21:38.145239+00:00, run_after=2024-11-05T18:21:38.145239+00:00
[2024-11-05 15:21:38,253] {processor.py:161} INFO - Processing /home/paula/Documentos/airflow/venv/lib/python3.10/site-packages/airflow/example_dags/example_latest_only_with_trigger.py took 0.192 seconds
[2024-11-05 15:22:20,139] {processor.py:153} INFO - Started process (PID=1058805) to work on /home/paula/Documentos/airflow/venv/lib/python3.10/site-packages/airflow/example_dags/example_latest_only_with_trigger.py
[2024-11-05 15:22:20,162] {processor.py:641} INFO - Processing file /home/paula/Documentos/airflow/venv/lib/python3.10/site-packages/airflow/example_dags/example_latest_only_with_trigger.py for tasks to queue
[2024-11-05 15:22:20,163] {logging_mixin.py:115} INFO - [2024-11-05 15:22:20,163] {dagbag.py:507} INFO - Filling up the DagBag from /home/paula/Documentos/airflow/venv/lib/python3.10/site-packages/airflow/example_dags/example_latest_only_with_trigger.py
[2024-11-05 15:22:20,171] {processor.py:651} INFO - DAG(s) dict_keys(['latest_only_with_trigger']) retrieved from /home/paula/Documentos/airflow/venv/lib/python3.10/site-packages/airflow/example_dags/example_latest_only_with_trigger.py
[2024-11-05 15:22:20,192] {logging_mixin.py:115} INFO - [2024-11-05 15:22:20,192] {dag.py:2379} INFO - Sync 1 DAGs
[2024-11-05 15:22:20,213] {logging_mixin.py:115} INFO - [2024-11-05 15:22:20,213] {dag.py:2927} INFO - Setting next_dagrun for latest_only_with_trigger to 2024-11-05T14:22:20.212814+00:00, run_after=2024-11-05T18:22:20.212814+00:00
[2024-11-05 15:22:20,318] {processor.py:161} INFO - Processing /home/paula/Documentos/airflow/venv/lib/python3.10/site-packages/airflow/example_dags/example_latest_only_with_trigger.py took 0.182 seconds
[2024-11-05 15:23:04,668] {processor.py:153} INFO - Started process (PID=1059089) to work on /home/paula/Documentos/airflow/venv/lib/python3.10/site-packages/airflow/example_dags/example_latest_only_with_trigger.py
[2024-11-05 15:23:04,668] {processor.py:641} INFO - Processing file /home/paula/Documentos/airflow/venv/lib/python3.10/site-packages/airflow/example_dags/example_latest_only_with_trigger.py for tasks to queue
[2024-11-05 15:23:04,669] {logging_mixin.py:115} INFO - [2024-11-05 15:23:04,669] {dagbag.py:507} INFO - Filling up the DagBag from /home/paula/Documentos/airflow/venv/lib/python3.10/site-packages/airflow/example_dags/example_latest_only_with_trigger.py
[2024-11-05 15:23:04,676] {processor.py:651} INFO - DAG(s) dict_keys(['latest_only_with_trigger']) retrieved from /home/paula/Documentos/airflow/venv/lib/python3.10/site-packages/airflow/example_dags/example_latest_only_with_trigger.py
[2024-11-05 15:23:04,692] {logging_mixin.py:115} INFO - [2024-11-05 15:23:04,692] {dag.py:2379} INFO - Sync 1 DAGs
[2024-11-05 15:23:04,712] {logging_mixin.py:115} INFO - [2024-11-05 15:23:04,712] {dag.py:2927} INFO - Setting next_dagrun for latest_only_with_trigger to 2024-11-05T14:23:04.712374+00:00, run_after=2024-11-05T18:23:04.712374+00:00
[2024-11-05 15:23:04,802] {processor.py:161} INFO - Processing /home/paula/Documentos/airflow/venv/lib/python3.10/site-packages/airflow/example_dags/example_latest_only_with_trigger.py took 0.137 seconds
[2024-11-05 15:23:52,556] {processor.py:153} INFO - Started process (PID=1059395) to work on /home/paula/Documentos/airflow/venv/lib/python3.10/site-packages/airflow/example_dags/example_latest_only_with_trigger.py
[2024-11-05 15:23:52,557] {processor.py:641} INFO - Processing file /home/paula/Documentos/airflow/venv/lib/python3.10/site-packages/airflow/example_dags/example_latest_only_with_trigger.py for tasks to queue
[2024-11-05 15:23:52,558] {logging_mixin.py:115} INFO - [2024-11-05 15:23:52,558] {dagbag.py:507} INFO - Filling up the DagBag from /home/paula/Documentos/airflow/venv/lib/python3.10/site-packages/airflow/example_dags/example_latest_only_with_trigger.py
[2024-11-05 15:23:52,565] {processor.py:651} INFO - DAG(s) dict_keys(['latest_only_with_trigger']) retrieved from /home/paula/Documentos/airflow/venv/lib/python3.10/site-packages/airflow/example_dags/example_latest_only_with_trigger.py
[2024-11-05 15:23:52,581] {logging_mixin.py:115} INFO - [2024-11-05 15:23:52,581] {dag.py:2379} INFO - Sync 1 DAGs
[2024-11-05 15:23:52,602] {logging_mixin.py:115} INFO - [2024-11-05 15:23:52,602] {dag.py:2927} INFO - Setting next_dagrun for latest_only_with_trigger to 2024-11-05T14:23:52.601853+00:00, run_after=2024-11-05T18:23:52.601853+00:00
[2024-11-05 15:23:52,714] {processor.py:161} INFO - Processing /home/paula/Documentos/airflow/venv/lib/python3.10/site-packages/airflow/example_dags/example_latest_only_with_trigger.py took 0.162 seconds
[2024-11-05 15:24:34,060] {processor.py:153} INFO - Started process (PID=1059658) to work on /home/paula/Documentos/airflow/venv/lib/python3.10/site-packages/airflow/example_dags/example_latest_only_with_trigger.py
[2024-11-05 15:24:34,075] {processor.py:641} INFO - Processing file /home/paula/Documentos/airflow/venv/lib/python3.10/site-packages/airflow/example_dags/example_latest_only_with_trigger.py for tasks to queue
[2024-11-05 15:24:34,076] {logging_mixin.py:115} INFO - [2024-11-05 15:24:34,075] {dagbag.py:507} INFO - Filling up the DagBag from /home/paula/Documentos/airflow/venv/lib/python3.10/site-packages/airflow/example_dags/example_latest_only_with_trigger.py
[2024-11-05 15:24:34,082] {processor.py:651} INFO - DAG(s) dict_keys(['latest_only_with_trigger']) retrieved from /home/paula/Documentos/airflow/venv/lib/python3.10/site-packages/airflow/example_dags/example_latest_only_with_trigger.py
[2024-11-05 15:24:34,103] {logging_mixin.py:115} INFO - [2024-11-05 15:24:34,103] {dag.py:2379} INFO - Sync 1 DAGs
[2024-11-05 15:24:34,126] {logging_mixin.py:115} INFO - [2024-11-05 15:24:34,126] {dag.py:2927} INFO - Setting next_dagrun for latest_only_with_trigger to 2024-11-05T14:24:34.126112+00:00, run_after=2024-11-05T18:24:34.126112+00:00
[2024-11-05 15:24:34,215] {processor.py:161} INFO - Processing /home/paula/Documentos/airflow/venv/lib/python3.10/site-packages/airflow/example_dags/example_latest_only_with_trigger.py took 0.156 seconds
[2024-11-05 15:25:25,259] {processor.py:153} INFO - Started process (PID=1060068) to work on /home/paula/Documentos/airflow/venv/lib/python3.10/site-packages/airflow/example_dags/example_latest_only_with_trigger.py
[2024-11-05 15:25:25,285] {processor.py:641} INFO - Processing file /home/paula/Documentos/airflow/venv/lib/python3.10/site-packages/airflow/example_dags/example_latest_only_with_trigger.py for tasks to queue
[2024-11-05 15:25:25,286] {logging_mixin.py:115} INFO - [2024-11-05 15:25:25,286] {dagbag.py:507} INFO - Filling up the DagBag from /home/paula/Documentos/airflow/venv/lib/python3.10/site-packages/airflow/example_dags/example_latest_only_with_trigger.py
[2024-11-05 15:25:25,294] {processor.py:651} INFO - DAG(s) dict_keys(['latest_only_with_trigger']) retrieved from /home/paula/Documentos/airflow/venv/lib/python3.10/site-packages/airflow/example_dags/example_latest_only_with_trigger.py
[2024-11-05 15:25:25,313] {logging_mixin.py:115} INFO - [2024-11-05 15:25:25,312] {dag.py:2379} INFO - Sync 1 DAGs
[2024-11-05 15:25:25,342] {logging_mixin.py:115} INFO - [2024-11-05 15:25:25,342] {dag.py:2927} INFO - Setting next_dagrun for latest_only_with_trigger to 2024-11-05T14:25:25.342412+00:00, run_after=2024-11-05T18:25:25.342412+00:00
[2024-11-05 15:25:25,480] {processor.py:161} INFO - Processing /home/paula/Documentos/airflow/venv/lib/python3.10/site-packages/airflow/example_dags/example_latest_only_with_trigger.py took 0.225 seconds
[2024-11-05 15:26:13,173] {processor.py:153} INFO - Started process (PID=1060355) to work on /home/paula/Documentos/airflow/venv/lib/python3.10/site-packages/airflow/example_dags/example_latest_only_with_trigger.py
[2024-11-05 15:26:13,200] {processor.py:641} INFO - Processing file /home/paula/Documentos/airflow/venv/lib/python3.10/site-packages/airflow/example_dags/example_latest_only_with_trigger.py for tasks to queue
[2024-11-05 15:26:13,202] {logging_mixin.py:115} INFO - [2024-11-05 15:26:13,201] {dagbag.py:507} INFO - Filling up the DagBag from /home/paula/Documentos/airflow/venv/lib/python3.10/site-packages/airflow/example_dags/example_latest_only_with_trigger.py
[2024-11-05 15:26:13,209] {processor.py:651} INFO - DAG(s) dict_keys(['latest_only_with_trigger']) retrieved from /home/paula/Documentos/airflow/venv/lib/python3.10/site-packages/airflow/example_dags/example_latest_only_with_trigger.py
[2024-11-05 15:26:13,229] {logging_mixin.py:115} INFO - [2024-11-05 15:26:13,229] {dag.py:2379} INFO - Sync 1 DAGs
[2024-11-05 15:26:13,252] {logging_mixin.py:115} INFO - [2024-11-05 15:26:13,252] {dag.py:2927} INFO - Setting next_dagrun for latest_only_with_trigger to 2024-11-05T14:26:13.252319+00:00, run_after=2024-11-05T18:26:13.252319+00:00
[2024-11-05 15:26:13,394] {processor.py:161} INFO - Processing /home/paula/Documentos/airflow/venv/lib/python3.10/site-packages/airflow/example_dags/example_latest_only_with_trigger.py took 0.225 seconds
[2024-11-05 15:29:05,171] {processor.py:153} INFO - Started process (PID=1061398) to work on /home/paula/Documentos/airflow/venv/lib/python3.10/site-packages/airflow/example_dags/example_latest_only_with_trigger.py
[2024-11-05 15:29:05,172] {processor.py:641} INFO - Processing file /home/paula/Documentos/airflow/venv/lib/python3.10/site-packages/airflow/example_dags/example_latest_only_with_trigger.py for tasks to queue
[2024-11-05 15:29:05,172] {logging_mixin.py:115} INFO - [2024-11-05 15:29:05,172] {dagbag.py:507} INFO - Filling up the DagBag from /home/paula/Documentos/airflow/venv/lib/python3.10/site-packages/airflow/example_dags/example_latest_only_with_trigger.py
[2024-11-05 15:29:05,179] {processor.py:651} INFO - DAG(s) dict_keys(['latest_only_with_trigger']) retrieved from /home/paula/Documentos/airflow/venv/lib/python3.10/site-packages/airflow/example_dags/example_latest_only_with_trigger.py
[2024-11-05 15:29:05,194] {logging_mixin.py:115} INFO - [2024-11-05 15:29:05,194] {dag.py:2379} INFO - Sync 1 DAGs
[2024-11-05 15:29:05,212] {logging_mixin.py:115} INFO - [2024-11-05 15:29:05,212] {dag.py:2927} INFO - Setting next_dagrun for latest_only_with_trigger to 2024-11-05T14:29:05.212152+00:00, run_after=2024-11-05T18:29:05.212152+00:00
[2024-11-05 15:29:05,378] {processor.py:161} INFO - Processing /home/paula/Documentos/airflow/venv/lib/python3.10/site-packages/airflow/example_dags/example_latest_only_with_trigger.py took 0.210 seconds
[2024-11-05 15:29:50,970] {processor.py:153} INFO - Started process (PID=1061712) to work on /home/paula/Documentos/airflow/venv/lib/python3.10/site-packages/airflow/example_dags/example_latest_only_with_trigger.py
[2024-11-05 15:29:50,971] {processor.py:641} INFO - Processing file /home/paula/Documentos/airflow/venv/lib/python3.10/site-packages/airflow/example_dags/example_latest_only_with_trigger.py for tasks to queue
[2024-11-05 15:29:50,972] {logging_mixin.py:115} INFO - [2024-11-05 15:29:50,972] {dagbag.py:507} INFO - Filling up the DagBag from /home/paula/Documentos/airflow/venv/lib/python3.10/site-packages/airflow/example_dags/example_latest_only_with_trigger.py
[2024-11-05 15:29:50,980] {processor.py:651} INFO - DAG(s) dict_keys(['latest_only_with_trigger']) retrieved from /home/paula/Documentos/airflow/venv/lib/python3.10/site-packages/airflow/example_dags/example_latest_only_with_trigger.py
[2024-11-05 15:29:50,996] {logging_mixin.py:115} INFO - [2024-11-05 15:29:50,996] {dag.py:2379} INFO - Sync 1 DAGs
[2024-11-05 15:29:51,015] {logging_mixin.py:115} INFO - [2024-11-05 15:29:51,015] {dag.py:2927} INFO - Setting next_dagrun for latest_only_with_trigger to 2024-11-05T14:29:51.015287+00:00, run_after=2024-11-05T18:29:51.015287+00:00
[2024-11-05 15:29:51,126] {processor.py:161} INFO - Processing /home/paula/Documentos/airflow/venv/lib/python3.10/site-packages/airflow/example_dags/example_latest_only_with_trigger.py took 0.158 seconds
[2024-11-05 15:30:33,054] {processor.py:153} INFO - Started process (PID=1061971) to work on /home/paula/Documentos/airflow/venv/lib/python3.10/site-packages/airflow/example_dags/example_latest_only_with_trigger.py
[2024-11-05 15:30:33,082] {processor.py:641} INFO - Processing file /home/paula/Documentos/airflow/venv/lib/python3.10/site-packages/airflow/example_dags/example_latest_only_with_trigger.py for tasks to queue
[2024-11-05 15:30:33,082] {logging_mixin.py:115} INFO - [2024-11-05 15:30:33,082] {dagbag.py:507} INFO - Filling up the DagBag from /home/paula/Documentos/airflow/venv/lib/python3.10/site-packages/airflow/example_dags/example_latest_only_with_trigger.py
[2024-11-05 15:30:33,091] {processor.py:651} INFO - DAG(s) dict_keys(['latest_only_with_trigger']) retrieved from /home/paula/Documentos/airflow/venv/lib/python3.10/site-packages/airflow/example_dags/example_latest_only_with_trigger.py
[2024-11-05 15:30:33,112] {logging_mixin.py:115} INFO - [2024-11-05 15:30:33,112] {dag.py:2379} INFO - Sync 1 DAGs
[2024-11-05 15:30:33,132] {logging_mixin.py:115} INFO - [2024-11-05 15:30:33,132] {dag.py:2927} INFO - Setting next_dagrun for latest_only_with_trigger to 2024-11-05T14:30:33.131850+00:00, run_after=2024-11-05T18:30:33.131850+00:00
[2024-11-05 15:30:33,239] {processor.py:161} INFO - Processing /home/paula/Documentos/airflow/venv/lib/python3.10/site-packages/airflow/example_dags/example_latest_only_with_trigger.py took 0.188 seconds
[2024-11-05 15:31:17,900] {processor.py:153} INFO - Started process (PID=1062232) to work on /home/paula/Documentos/airflow/venv/lib/python3.10/site-packages/airflow/example_dags/example_latest_only_with_trigger.py
[2024-11-05 15:31:17,901] {processor.py:641} INFO - Processing file /home/paula/Documentos/airflow/venv/lib/python3.10/site-packages/airflow/example_dags/example_latest_only_with_trigger.py for tasks to queue
[2024-11-05 15:31:17,902] {logging_mixin.py:115} INFO - [2024-11-05 15:31:17,901] {dagbag.py:507} INFO - Filling up the DagBag from /home/paula/Documentos/airflow/venv/lib/python3.10/site-packages/airflow/example_dags/example_latest_only_with_trigger.py
[2024-11-05 15:31:17,912] {processor.py:651} INFO - DAG(s) dict_keys(['latest_only_with_trigger']) retrieved from /home/paula/Documentos/airflow/venv/lib/python3.10/site-packages/airflow/example_dags/example_latest_only_with_trigger.py
[2024-11-05 15:31:17,927] {logging_mixin.py:115} INFO - [2024-11-05 15:31:17,927] {dag.py:2379} INFO - Sync 1 DAGs
[2024-11-05 15:31:17,945] {logging_mixin.py:115} INFO - [2024-11-05 15:31:17,945] {dag.py:2927} INFO - Setting next_dagrun for latest_only_with_trigger to 2024-11-05T14:31:17.945363+00:00, run_after=2024-11-05T18:31:17.945363+00:00
[2024-11-05 15:31:18,061] {processor.py:161} INFO - Processing /home/paula/Documentos/airflow/venv/lib/python3.10/site-packages/airflow/example_dags/example_latest_only_with_trigger.py took 0.167 seconds
[2024-11-05 15:32:01,268] {processor.py:153} INFO - Started process (PID=1062493) to work on /home/paula/Documentos/airflow/venv/lib/python3.10/site-packages/airflow/example_dags/example_latest_only_with_trigger.py
[2024-11-05 15:32:01,277] {processor.py:641} INFO - Processing file /home/paula/Documentos/airflow/venv/lib/python3.10/site-packages/airflow/example_dags/example_latest_only_with_trigger.py for tasks to queue
[2024-11-05 15:32:01,277] {logging_mixin.py:115} INFO - [2024-11-05 15:32:01,277] {dagbag.py:507} INFO - Filling up the DagBag from /home/paula/Documentos/airflow/venv/lib/python3.10/site-packages/airflow/example_dags/example_latest_only_with_trigger.py
[2024-11-05 15:32:01,287] {processor.py:651} INFO - DAG(s) dict_keys(['latest_only_with_trigger']) retrieved from /home/paula/Documentos/airflow/venv/lib/python3.10/site-packages/airflow/example_dags/example_latest_only_with_trigger.py
[2024-11-05 15:32:01,306] {logging_mixin.py:115} INFO - [2024-11-05 15:32:01,306] {dag.py:2379} INFO - Sync 1 DAGs
[2024-11-05 15:32:01,326] {logging_mixin.py:115} INFO - [2024-11-05 15:32:01,326] {dag.py:2927} INFO - Setting next_dagrun for latest_only_with_trigger to 2024-11-05T14:32:01.326105+00:00, run_after=2024-11-05T18:32:01.326105+00:00
[2024-11-05 15:32:01,411] {processor.py:161} INFO - Processing /home/paula/Documentos/airflow/venv/lib/python3.10/site-packages/airflow/example_dags/example_latest_only_with_trigger.py took 0.147 seconds
[2024-11-05 15:32:51,757] {processor.py:153} INFO - Started process (PID=1062803) to work on /home/paula/Documentos/airflow/venv/lib/python3.10/site-packages/airflow/example_dags/example_latest_only_with_trigger.py
[2024-11-05 15:32:51,993] {processor.py:641} INFO - Processing file /home/paula/Documentos/airflow/venv/lib/python3.10/site-packages/airflow/example_dags/example_latest_only_with_trigger.py for tasks to queue
[2024-11-05 15:32:51,994] {logging_mixin.py:115} INFO - [2024-11-05 15:32:51,994] {dagbag.py:507} INFO - Filling up the DagBag from /home/paula/Documentos/airflow/venv/lib/python3.10/site-packages/airflow/example_dags/example_latest_only_with_trigger.py
[2024-11-05 15:32:52,004] {processor.py:651} INFO - DAG(s) dict_keys(['latest_only_with_trigger']) retrieved from /home/paula/Documentos/airflow/venv/lib/python3.10/site-packages/airflow/example_dags/example_latest_only_with_trigger.py
[2024-11-05 15:32:52,031] {logging_mixin.py:115} INFO - [2024-11-05 15:32:52,031] {dag.py:2379} INFO - Sync 1 DAGs
[2024-11-05 15:32:52,065] {logging_mixin.py:115} INFO - [2024-11-05 15:32:52,065] {dag.py:2927} INFO - Setting next_dagrun for latest_only_with_trigger to 2024-11-05T14:32:52.064784+00:00, run_after=2024-11-05T18:32:52.064784+00:00
[2024-11-05 15:32:52,200] {processor.py:161} INFO - Processing /home/paula/Documentos/airflow/venv/lib/python3.10/site-packages/airflow/example_dags/example_latest_only_with_trigger.py took 0.446 seconds
[2024-11-05 15:33:36,671] {processor.py:153} INFO - Started process (PID=1063128) to work on /home/paula/Documentos/airflow/venv/lib/python3.10/site-packages/airflow/example_dags/example_latest_only_with_trigger.py
[2024-11-05 15:33:36,672] {processor.py:641} INFO - Processing file /home/paula/Documentos/airflow/venv/lib/python3.10/site-packages/airflow/example_dags/example_latest_only_with_trigger.py for tasks to queue
[2024-11-05 15:33:36,673] {logging_mixin.py:115} INFO - [2024-11-05 15:33:36,673] {dagbag.py:507} INFO - Filling up the DagBag from /home/paula/Documentos/airflow/venv/lib/python3.10/site-packages/airflow/example_dags/example_latest_only_with_trigger.py
[2024-11-05 15:33:36,682] {processor.py:651} INFO - DAG(s) dict_keys(['latest_only_with_trigger']) retrieved from /home/paula/Documentos/airflow/venv/lib/python3.10/site-packages/airflow/example_dags/example_latest_only_with_trigger.py
[2024-11-05 15:33:36,697] {logging_mixin.py:115} INFO - [2024-11-05 15:33:36,697] {dag.py:2379} INFO - Sync 1 DAGs
[2024-11-05 15:33:36,715] {logging_mixin.py:115} INFO - [2024-11-05 15:33:36,715] {dag.py:2927} INFO - Setting next_dagrun for latest_only_with_trigger to 2024-11-05T14:33:36.714791+00:00, run_after=2024-11-05T18:33:36.714791+00:00
[2024-11-05 15:33:36,813] {processor.py:161} INFO - Processing /home/paula/Documentos/airflow/venv/lib/python3.10/site-packages/airflow/example_dags/example_latest_only_with_trigger.py took 0.146 seconds
[2024-11-05 15:34:22,471] {processor.py:153} INFO - Started process (PID=1063475) to work on /home/paula/Documentos/airflow/venv/lib/python3.10/site-packages/airflow/example_dags/example_latest_only_with_trigger.py
[2024-11-05 15:34:22,472] {processor.py:641} INFO - Processing file /home/paula/Documentos/airflow/venv/lib/python3.10/site-packages/airflow/example_dags/example_latest_only_with_trigger.py for tasks to queue
[2024-11-05 15:34:22,473] {logging_mixin.py:115} INFO - [2024-11-05 15:34:22,472] {dagbag.py:507} INFO - Filling up the DagBag from /home/paula/Documentos/airflow/venv/lib/python3.10/site-packages/airflow/example_dags/example_latest_only_with_trigger.py
[2024-11-05 15:34:22,480] {processor.py:651} INFO - DAG(s) dict_keys(['latest_only_with_trigger']) retrieved from /home/paula/Documentos/airflow/venv/lib/python3.10/site-packages/airflow/example_dags/example_latest_only_with_trigger.py
[2024-11-05 15:34:22,495] {logging_mixin.py:115} INFO - [2024-11-05 15:34:22,495] {dag.py:2379} INFO - Sync 1 DAGs
[2024-11-05 15:34:22,515] {logging_mixin.py:115} INFO - [2024-11-05 15:34:22,515] {dag.py:2927} INFO - Setting next_dagrun for latest_only_with_trigger to 2024-11-05T14:34:22.515039+00:00, run_after=2024-11-05T18:34:22.515039+00:00
[2024-11-05 15:34:22,610] {processor.py:161} INFO - Processing /home/paula/Documentos/airflow/venv/lib/python3.10/site-packages/airflow/example_dags/example_latest_only_with_trigger.py took 0.142 seconds
[2024-11-05 15:35:03,046] {processor.py:153} INFO - Started process (PID=1063796) to work on /home/paula/Documentos/airflow/venv/lib/python3.10/site-packages/airflow/example_dags/example_latest_only_with_trigger.py
[2024-11-05 15:35:03,047] {processor.py:641} INFO - Processing file /home/paula/Documentos/airflow/venv/lib/python3.10/site-packages/airflow/example_dags/example_latest_only_with_trigger.py for tasks to queue
[2024-11-05 15:35:03,048] {logging_mixin.py:115} INFO - [2024-11-05 15:35:03,048] {dagbag.py:507} INFO - Filling up the DagBag from /home/paula/Documentos/airflow/venv/lib/python3.10/site-packages/airflow/example_dags/example_latest_only_with_trigger.py
[2024-11-05 15:35:03,056] {processor.py:651} INFO - DAG(s) dict_keys(['latest_only_with_trigger']) retrieved from /home/paula/Documentos/airflow/venv/lib/python3.10/site-packages/airflow/example_dags/example_latest_only_with_trigger.py
[2024-11-05 15:35:03,080] {logging_mixin.py:115} INFO - [2024-11-05 15:35:03,080] {dag.py:2379} INFO - Sync 1 DAGs
[2024-11-05 15:35:03,110] {logging_mixin.py:115} INFO - [2024-11-05 15:35:03,110] {dag.py:2927} INFO - Setting next_dagrun for latest_only_with_trigger to 2024-11-05T14:35:03.110477+00:00, run_after=2024-11-05T18:35:03.110477+00:00
[2024-11-05 15:35:03,301] {processor.py:161} INFO - Processing /home/paula/Documentos/airflow/venv/lib/python3.10/site-packages/airflow/example_dags/example_latest_only_with_trigger.py took 0.260 seconds
[2024-11-05 15:35:48,467] {processor.py:153} INFO - Started process (PID=1064078) to work on /home/paula/Documentos/airflow/venv/lib/python3.10/site-packages/airflow/example_dags/example_latest_only_with_trigger.py
[2024-11-05 15:35:48,468] {processor.py:641} INFO - Processing file /home/paula/Documentos/airflow/venv/lib/python3.10/site-packages/airflow/example_dags/example_latest_only_with_trigger.py for tasks to queue
[2024-11-05 15:35:48,469] {logging_mixin.py:115} INFO - [2024-11-05 15:35:48,469] {dagbag.py:507} INFO - Filling up the DagBag from /home/paula/Documentos/airflow/venv/lib/python3.10/site-packages/airflow/example_dags/example_latest_only_with_trigger.py
[2024-11-05 15:35:48,476] {processor.py:651} INFO - DAG(s) dict_keys(['latest_only_with_trigger']) retrieved from /home/paula/Documentos/airflow/venv/lib/python3.10/site-packages/airflow/example_dags/example_latest_only_with_trigger.py
[2024-11-05 15:35:48,492] {logging_mixin.py:115} INFO - [2024-11-05 15:35:48,491] {dag.py:2379} INFO - Sync 1 DAGs
[2024-11-05 15:35:48,511] {logging_mixin.py:115} INFO - [2024-11-05 15:35:48,511] {dag.py:2927} INFO - Setting next_dagrun for latest_only_with_trigger to 2024-11-05T14:35:48.511036+00:00, run_after=2024-11-05T18:35:48.511036+00:00
[2024-11-05 15:35:48,703] {processor.py:161} INFO - Processing /home/paula/Documentos/airflow/venv/lib/python3.10/site-packages/airflow/example_dags/example_latest_only_with_trigger.py took 0.238 seconds
[2024-11-05 15:39:58,256] {processor.py:153} INFO - Started process (PID=1065969) to work on /home/paula/Documentos/airflow/venv/lib/python3.10/site-packages/airflow/example_dags/example_latest_only_with_trigger.py
[2024-11-05 15:39:58,256] {processor.py:641} INFO - Processing file /home/paula/Documentos/airflow/venv/lib/python3.10/site-packages/airflow/example_dags/example_latest_only_with_trigger.py for tasks to queue
[2024-11-05 15:39:58,257] {logging_mixin.py:115} INFO - [2024-11-05 15:39:58,257] {dagbag.py:507} INFO - Filling up the DagBag from /home/paula/Documentos/airflow/venv/lib/python3.10/site-packages/airflow/example_dags/example_latest_only_with_trigger.py
[2024-11-05 15:39:58,263] {processor.py:651} INFO - DAG(s) dict_keys(['latest_only_with_trigger']) retrieved from /home/paula/Documentos/airflow/venv/lib/python3.10/site-packages/airflow/example_dags/example_latest_only_with_trigger.py
[2024-11-05 15:39:58,281] {logging_mixin.py:115} INFO - [2024-11-05 15:39:58,281] {dag.py:2379} INFO - Sync 1 DAGs
[2024-11-05 15:39:58,306] {logging_mixin.py:115} INFO - [2024-11-05 15:39:58,306] {dag.py:2927} INFO - Setting next_dagrun for latest_only_with_trigger to 2024-11-05T14:39:58.306054+00:00, run_after=2024-11-05T18:39:58.306054+00:00
[2024-11-05 15:39:58,390] {processor.py:161} INFO - Processing /home/paula/Documentos/airflow/venv/lib/python3.10/site-packages/airflow/example_dags/example_latest_only_with_trigger.py took 0.138 seconds
[2024-11-05 15:40:46,521] {processor.py:153} INFO - Started process (PID=1066297) to work on /home/paula/Documentos/airflow/venv/lib/python3.10/site-packages/airflow/example_dags/example_latest_only_with_trigger.py
[2024-11-05 15:40:46,540] {processor.py:641} INFO - Processing file /home/paula/Documentos/airflow/venv/lib/python3.10/site-packages/airflow/example_dags/example_latest_only_with_trigger.py for tasks to queue
[2024-11-05 15:40:46,540] {logging_mixin.py:115} INFO - [2024-11-05 15:40:46,540] {dagbag.py:507} INFO - Filling up the DagBag from /home/paula/Documentos/airflow/venv/lib/python3.10/site-packages/airflow/example_dags/example_latest_only_with_trigger.py
[2024-11-05 15:40:46,548] {processor.py:651} INFO - DAG(s) dict_keys(['latest_only_with_trigger']) retrieved from /home/paula/Documentos/airflow/venv/lib/python3.10/site-packages/airflow/example_dags/example_latest_only_with_trigger.py
[2024-11-05 15:40:46,566] {logging_mixin.py:115} INFO - [2024-11-05 15:40:46,566] {dag.py:2379} INFO - Sync 1 DAGs
[2024-11-05 15:40:46,584] {logging_mixin.py:115} INFO - [2024-11-05 15:40:46,584] {dag.py:2927} INFO - Setting next_dagrun for latest_only_with_trigger to 2024-11-05T14:40:46.584401+00:00, run_after=2024-11-05T18:40:46.584401+00:00
[2024-11-05 15:40:46,690] {processor.py:161} INFO - Processing /home/paula/Documentos/airflow/venv/lib/python3.10/site-packages/airflow/example_dags/example_latest_only_with_trigger.py took 0.172 seconds
