[2024-11-05 15:08:31,107] {processor.py:153} INFO - Started process (PID=1053611) to work on /home/paula/Documentos/airflow/venv/lib/python3.10/site-packages/airflow/example_dags/example_branch_day_of_week_operator.py
[2024-11-05 15:08:31,108] {processor.py:641} INFO - Processing file /home/paula/Documentos/airflow/venv/lib/python3.10/site-packages/airflow/example_dags/example_branch_day_of_week_operator.py for tasks to queue
[2024-11-05 15:08:31,109] {logging_mixin.py:115} INFO - [2024-11-05 15:08:31,108] {dagbag.py:507} INFO - Filling up the DagBag from /home/paula/Documentos/airflow/venv/lib/python3.10/site-packages/airflow/example_dags/example_branch_day_of_week_operator.py
[2024-11-05 15:08:31,117] {processor.py:651} INFO - DAG(s) dict_keys(['example_weekday_branch_operator']) retrieved from /home/paula/Documentos/airflow/venv/lib/python3.10/site-packages/airflow/example_dags/example_branch_day_of_week_operator.py
[2024-11-05 15:08:31,556] {logging_mixin.py:115} INFO - [2024-11-05 15:08:31,555] {manager.py:508} INFO - Created Permission View: can edit on DAG:example_weekday_branch_operator
[2024-11-05 15:08:31,756] {logging_mixin.py:115} INFO - [2024-11-05 15:08:31,755] {manager.py:508} INFO - Created Permission View: can read on DAG:example_weekday_branch_operator
[2024-11-05 15:08:31,925] {logging_mixin.py:115} INFO - [2024-11-05 15:08:31,924] {manager.py:508} INFO - Created Permission View: can delete on DAG:example_weekday_branch_operator
[2024-11-05 15:08:31,925] {logging_mixin.py:115} INFO - [2024-11-05 15:08:31,925] {dag.py:2379} INFO - Sync 1 DAGs
[2024-11-05 15:08:31,946] {logging_mixin.py:115} INFO - [2024-11-05 15:08:31,946] {dag.py:2398} INFO - Creating ORM DAG for example_weekday_branch_operator
[2024-11-05 15:08:32,153] {logging_mixin.py:115} INFO - [2024-11-05 15:08:32,153] {dag.py:2927} INFO - Setting next_dagrun for example_weekday_branch_operator to 2024-11-04T00:00:00+00:00, run_after=2024-11-05T00:00:00+00:00
[2024-11-05 15:08:32,426] {processor.py:161} INFO - Processing /home/paula/Documentos/airflow/venv/lib/python3.10/site-packages/airflow/example_dags/example_branch_day_of_week_operator.py took 1.322 seconds
[2024-11-05 15:09:26,709] {processor.py:153} INFO - Started process (PID=1053892) to work on /home/paula/Documentos/airflow/venv/lib/python3.10/site-packages/airflow/example_dags/example_branch_day_of_week_operator.py
[2024-11-05 15:09:26,713] {processor.py:641} INFO - Processing file /home/paula/Documentos/airflow/venv/lib/python3.10/site-packages/airflow/example_dags/example_branch_day_of_week_operator.py for tasks to queue
[2024-11-05 15:09:26,714] {logging_mixin.py:115} INFO - [2024-11-05 15:09:26,714] {dagbag.py:507} INFO - Filling up the DagBag from /home/paula/Documentos/airflow/venv/lib/python3.10/site-packages/airflow/example_dags/example_branch_day_of_week_operator.py
[2024-11-05 15:09:26,725] {processor.py:651} INFO - DAG(s) dict_keys(['example_weekday_branch_operator']) retrieved from /home/paula/Documentos/airflow/venv/lib/python3.10/site-packages/airflow/example_dags/example_branch_day_of_week_operator.py
[2024-11-05 15:09:26,741] {logging_mixin.py:115} INFO - [2024-11-05 15:09:26,741] {dag.py:2379} INFO - Sync 1 DAGs
[2024-11-05 15:09:26,759] {logging_mixin.py:115} INFO - [2024-11-05 15:09:26,759] {dag.py:2927} INFO - Setting next_dagrun for example_weekday_branch_operator to 2024-11-04T00:00:00+00:00, run_after=2024-11-05T00:00:00+00:00
[2024-11-05 15:09:26,899] {processor.py:161} INFO - Processing /home/paula/Documentos/airflow/venv/lib/python3.10/site-packages/airflow/example_dags/example_branch_day_of_week_operator.py took 0.193 seconds
[2024-11-05 15:10:25,928] {processor.py:153} INFO - Started process (PID=1054455) to work on /home/paula/Documentos/airflow/venv/lib/python3.10/site-packages/airflow/example_dags/example_branch_day_of_week_operator.py
[2024-11-05 15:10:25,966] {processor.py:641} INFO - Processing file /home/paula/Documentos/airflow/venv/lib/python3.10/site-packages/airflow/example_dags/example_branch_day_of_week_operator.py for tasks to queue
[2024-11-05 15:10:25,966] {logging_mixin.py:115} INFO - [2024-11-05 15:10:25,966] {dagbag.py:507} INFO - Filling up the DagBag from /home/paula/Documentos/airflow/venv/lib/python3.10/site-packages/airflow/example_dags/example_branch_day_of_week_operator.py
[2024-11-05 15:10:25,976] {processor.py:651} INFO - DAG(s) dict_keys(['example_weekday_branch_operator']) retrieved from /home/paula/Documentos/airflow/venv/lib/python3.10/site-packages/airflow/example_dags/example_branch_day_of_week_operator.py
[2024-11-05 15:10:25,993] {logging_mixin.py:115} INFO - [2024-11-05 15:10:25,993] {dag.py:2379} INFO - Sync 1 DAGs
[2024-11-05 15:10:26,020] {logging_mixin.py:115} INFO - [2024-11-05 15:10:26,020] {dag.py:2927} INFO - Setting next_dagrun for example_weekday_branch_operator to 2024-11-04T00:00:00+00:00, run_after=2024-11-05T00:00:00+00:00
[2024-11-05 15:10:26,441] {processor.py:161} INFO - Processing /home/paula/Documentos/airflow/venv/lib/python3.10/site-packages/airflow/example_dags/example_branch_day_of_week_operator.py took 0.516 seconds
[2024-11-05 15:11:18,628] {processor.py:153} INFO - Started process (PID=1054719) to work on /home/paula/Documentos/airflow/venv/lib/python3.10/site-packages/airflow/example_dags/example_branch_day_of_week_operator.py
[2024-11-05 15:11:18,656] {processor.py:641} INFO - Processing file /home/paula/Documentos/airflow/venv/lib/python3.10/site-packages/airflow/example_dags/example_branch_day_of_week_operator.py for tasks to queue
[2024-11-05 15:11:18,658] {logging_mixin.py:115} INFO - [2024-11-05 15:11:18,657] {dagbag.py:507} INFO - Filling up the DagBag from /home/paula/Documentos/airflow/venv/lib/python3.10/site-packages/airflow/example_dags/example_branch_day_of_week_operator.py
[2024-11-05 15:11:18,675] {processor.py:651} INFO - DAG(s) dict_keys(['example_weekday_branch_operator']) retrieved from /home/paula/Documentos/airflow/venv/lib/python3.10/site-packages/airflow/example_dags/example_branch_day_of_week_operator.py
[2024-11-05 15:11:18,699] {logging_mixin.py:115} INFO - [2024-11-05 15:11:18,699] {dag.py:2379} INFO - Sync 1 DAGs
[2024-11-05 15:11:18,723] {logging_mixin.py:115} INFO - [2024-11-05 15:11:18,723] {dag.py:2927} INFO - Setting next_dagrun for example_weekday_branch_operator to 2024-11-04T00:00:00+00:00, run_after=2024-11-05T00:00:00+00:00
[2024-11-05 15:11:18,999] {processor.py:161} INFO - Processing /home/paula/Documentos/airflow/venv/lib/python3.10/site-packages/airflow/example_dags/example_branch_day_of_week_operator.py took 0.373 seconds
[2024-11-05 15:12:10,465] {processor.py:153} INFO - Started process (PID=1055029) to work on /home/paula/Documentos/airflow/venv/lib/python3.10/site-packages/airflow/example_dags/example_branch_day_of_week_operator.py
[2024-11-05 15:12:10,530] {processor.py:641} INFO - Processing file /home/paula/Documentos/airflow/venv/lib/python3.10/site-packages/airflow/example_dags/example_branch_day_of_week_operator.py for tasks to queue
[2024-11-05 15:12:10,530] {logging_mixin.py:115} INFO - [2024-11-05 15:12:10,530] {dagbag.py:507} INFO - Filling up the DagBag from /home/paula/Documentos/airflow/venv/lib/python3.10/site-packages/airflow/example_dags/example_branch_day_of_week_operator.py
[2024-11-05 15:12:10,538] {processor.py:651} INFO - DAG(s) dict_keys(['example_weekday_branch_operator']) retrieved from /home/paula/Documentos/airflow/venv/lib/python3.10/site-packages/airflow/example_dags/example_branch_day_of_week_operator.py
[2024-11-05 15:12:10,551] {logging_mixin.py:115} INFO - [2024-11-05 15:12:10,551] {dag.py:2379} INFO - Sync 1 DAGs
[2024-11-05 15:12:10,569] {logging_mixin.py:115} INFO - [2024-11-05 15:12:10,568] {dag.py:2927} INFO - Setting next_dagrun for example_weekday_branch_operator to 2024-11-04T00:00:00+00:00, run_after=2024-11-05T00:00:00+00:00
[2024-11-05 15:12:10,857] {processor.py:161} INFO - Processing /home/paula/Documentos/airflow/venv/lib/python3.10/site-packages/airflow/example_dags/example_branch_day_of_week_operator.py took 0.394 seconds
[2024-11-05 15:12:59,681] {processor.py:153} INFO - Started process (PID=1055324) to work on /home/paula/Documentos/airflow/venv/lib/python3.10/site-packages/airflow/example_dags/example_branch_day_of_week_operator.py
[2024-11-05 15:12:59,739] {processor.py:641} INFO - Processing file /home/paula/Documentos/airflow/venv/lib/python3.10/site-packages/airflow/example_dags/example_branch_day_of_week_operator.py for tasks to queue
[2024-11-05 15:12:59,740] {logging_mixin.py:115} INFO - [2024-11-05 15:12:59,740] {dagbag.py:507} INFO - Filling up the DagBag from /home/paula/Documentos/airflow/venv/lib/python3.10/site-packages/airflow/example_dags/example_branch_day_of_week_operator.py
[2024-11-05 15:12:59,755] {processor.py:651} INFO - DAG(s) dict_keys(['example_weekday_branch_operator']) retrieved from /home/paula/Documentos/airflow/venv/lib/python3.10/site-packages/airflow/example_dags/example_branch_day_of_week_operator.py
[2024-11-05 15:12:59,780] {logging_mixin.py:115} INFO - [2024-11-05 15:12:59,780] {dag.py:2379} INFO - Sync 1 DAGs
[2024-11-05 15:13:00,147] {logging_mixin.py:115} INFO - [2024-11-05 15:13:00,147] {dag.py:2927} INFO - Setting next_dagrun for example_weekday_branch_operator to 2024-11-04T00:00:00+00:00, run_after=2024-11-05T00:00:00+00:00
[2024-11-05 15:13:00,368] {processor.py:161} INFO - Processing /home/paula/Documentos/airflow/venv/lib/python3.10/site-packages/airflow/example_dags/example_branch_day_of_week_operator.py took 0.691 seconds
[2024-11-05 15:13:53,327] {processor.py:153} INFO - Started process (PID=1055653) to work on /home/paula/Documentos/airflow/venv/lib/python3.10/site-packages/airflow/example_dags/example_branch_day_of_week_operator.py
[2024-11-05 15:13:53,353] {processor.py:641} INFO - Processing file /home/paula/Documentos/airflow/venv/lib/python3.10/site-packages/airflow/example_dags/example_branch_day_of_week_operator.py for tasks to queue
[2024-11-05 15:13:53,354] {logging_mixin.py:115} INFO - [2024-11-05 15:13:53,354] {dagbag.py:507} INFO - Filling up the DagBag from /home/paula/Documentos/airflow/venv/lib/python3.10/site-packages/airflow/example_dags/example_branch_day_of_week_operator.py
[2024-11-05 15:13:53,366] {processor.py:651} INFO - DAG(s) dict_keys(['example_weekday_branch_operator']) retrieved from /home/paula/Documentos/airflow/venv/lib/python3.10/site-packages/airflow/example_dags/example_branch_day_of_week_operator.py
[2024-11-05 15:13:53,383] {logging_mixin.py:115} INFO - [2024-11-05 15:13:53,383] {dag.py:2379} INFO - Sync 1 DAGs
[2024-11-05 15:13:53,418] {logging_mixin.py:115} INFO - [2024-11-05 15:13:53,417] {dag.py:2927} INFO - Setting next_dagrun for example_weekday_branch_operator to 2024-11-04T00:00:00+00:00, run_after=2024-11-05T00:00:00+00:00
[2024-11-05 15:13:53,634] {processor.py:161} INFO - Processing /home/paula/Documentos/airflow/venv/lib/python3.10/site-packages/airflow/example_dags/example_branch_day_of_week_operator.py took 0.310 seconds
[2024-11-05 15:14:45,768] {processor.py:153} INFO - Started process (PID=1055949) to work on /home/paula/Documentos/airflow/venv/lib/python3.10/site-packages/airflow/example_dags/example_branch_day_of_week_operator.py
[2024-11-05 15:14:45,801] {processor.py:641} INFO - Processing file /home/paula/Documentos/airflow/venv/lib/python3.10/site-packages/airflow/example_dags/example_branch_day_of_week_operator.py for tasks to queue
[2024-11-05 15:14:45,802] {logging_mixin.py:115} INFO - [2024-11-05 15:14:45,802] {dagbag.py:507} INFO - Filling up the DagBag from /home/paula/Documentos/airflow/venv/lib/python3.10/site-packages/airflow/example_dags/example_branch_day_of_week_operator.py
[2024-11-05 15:14:45,814] {processor.py:651} INFO - DAG(s) dict_keys(['example_weekday_branch_operator']) retrieved from /home/paula/Documentos/airflow/venv/lib/python3.10/site-packages/airflow/example_dags/example_branch_day_of_week_operator.py
[2024-11-05 15:14:45,837] {logging_mixin.py:115} INFO - [2024-11-05 15:14:45,837] {dag.py:2379} INFO - Sync 1 DAGs
[2024-11-05 15:14:45,859] {logging_mixin.py:115} INFO - [2024-11-05 15:14:45,859] {dag.py:2927} INFO - Setting next_dagrun for example_weekday_branch_operator to 2024-11-04T00:00:00+00:00, run_after=2024-11-05T00:00:00+00:00
[2024-11-05 15:14:45,989] {processor.py:161} INFO - Processing /home/paula/Documentos/airflow/venv/lib/python3.10/site-packages/airflow/example_dags/example_branch_day_of_week_operator.py took 0.224 seconds
[2024-11-05 15:15:29,073] {processor.py:153} INFO - Started process (PID=1056227) to work on /home/paula/Documentos/airflow/venv/lib/python3.10/site-packages/airflow/example_dags/example_branch_day_of_week_operator.py
[2024-11-05 15:15:29,074] {processor.py:641} INFO - Processing file /home/paula/Documentos/airflow/venv/lib/python3.10/site-packages/airflow/example_dags/example_branch_day_of_week_operator.py for tasks to queue
[2024-11-05 15:15:29,075] {logging_mixin.py:115} INFO - [2024-11-05 15:15:29,074] {dagbag.py:507} INFO - Filling up the DagBag from /home/paula/Documentos/airflow/venv/lib/python3.10/site-packages/airflow/example_dags/example_branch_day_of_week_operator.py
[2024-11-05 15:15:29,085] {processor.py:651} INFO - DAG(s) dict_keys(['example_weekday_branch_operator']) retrieved from /home/paula/Documentos/airflow/venv/lib/python3.10/site-packages/airflow/example_dags/example_branch_day_of_week_operator.py
[2024-11-05 15:15:29,100] {logging_mixin.py:115} INFO - [2024-11-05 15:15:29,100] {dag.py:2379} INFO - Sync 1 DAGs
[2024-11-05 15:15:29,123] {logging_mixin.py:115} INFO - [2024-11-05 15:15:29,123] {dag.py:2927} INFO - Setting next_dagrun for example_weekday_branch_operator to 2024-11-04T00:00:00+00:00, run_after=2024-11-05T00:00:00+00:00
[2024-11-05 15:15:29,239] {processor.py:161} INFO - Processing /home/paula/Documentos/airflow/venv/lib/python3.10/site-packages/airflow/example_dags/example_branch_day_of_week_operator.py took 0.168 seconds
[2024-11-05 15:16:18,541] {processor.py:153} INFO - Started process (PID=1056534) to work on /home/paula/Documentos/airflow/venv/lib/python3.10/site-packages/airflow/example_dags/example_branch_day_of_week_operator.py
[2024-11-05 15:16:18,542] {processor.py:641} INFO - Processing file /home/paula/Documentos/airflow/venv/lib/python3.10/site-packages/airflow/example_dags/example_branch_day_of_week_operator.py for tasks to queue
[2024-11-05 15:16:18,544] {logging_mixin.py:115} INFO - [2024-11-05 15:16:18,544] {dagbag.py:507} INFO - Filling up the DagBag from /home/paula/Documentos/airflow/venv/lib/python3.10/site-packages/airflow/example_dags/example_branch_day_of_week_operator.py
[2024-11-05 15:16:18,557] {processor.py:651} INFO - DAG(s) dict_keys(['example_weekday_branch_operator']) retrieved from /home/paula/Documentos/airflow/venv/lib/python3.10/site-packages/airflow/example_dags/example_branch_day_of_week_operator.py
[2024-11-05 15:16:18,572] {logging_mixin.py:115} INFO - [2024-11-05 15:16:18,572] {dag.py:2379} INFO - Sync 1 DAGs
[2024-11-05 15:16:18,598] {logging_mixin.py:115} INFO - [2024-11-05 15:16:18,598] {dag.py:2927} INFO - Setting next_dagrun for example_weekday_branch_operator to 2024-11-04T00:00:00+00:00, run_after=2024-11-05T00:00:00+00:00
[2024-11-05 15:16:18,692] {processor.py:161} INFO - Processing /home/paula/Documentos/airflow/venv/lib/python3.10/site-packages/airflow/example_dags/example_branch_day_of_week_operator.py took 0.155 seconds
[2024-11-05 15:17:05,613] {processor.py:153} INFO - Started process (PID=1056832) to work on /home/paula/Documentos/airflow/venv/lib/python3.10/site-packages/airflow/example_dags/example_branch_day_of_week_operator.py
[2024-11-05 15:17:05,627] {processor.py:641} INFO - Processing file /home/paula/Documentos/airflow/venv/lib/python3.10/site-packages/airflow/example_dags/example_branch_day_of_week_operator.py for tasks to queue
[2024-11-05 15:17:05,628] {logging_mixin.py:115} INFO - [2024-11-05 15:17:05,628] {dagbag.py:507} INFO - Filling up the DagBag from /home/paula/Documentos/airflow/venv/lib/python3.10/site-packages/airflow/example_dags/example_branch_day_of_week_operator.py
[2024-11-05 15:17:05,639] {processor.py:651} INFO - DAG(s) dict_keys(['example_weekday_branch_operator']) retrieved from /home/paula/Documentos/airflow/venv/lib/python3.10/site-packages/airflow/example_dags/example_branch_day_of_week_operator.py
[2024-11-05 15:17:05,662] {logging_mixin.py:115} INFO - [2024-11-05 15:17:05,662] {dag.py:2379} INFO - Sync 1 DAGs
[2024-11-05 15:17:05,684] {logging_mixin.py:115} INFO - [2024-11-05 15:17:05,684] {dag.py:2927} INFO - Setting next_dagrun for example_weekday_branch_operator to 2024-11-04T00:00:00+00:00, run_after=2024-11-05T00:00:00+00:00
[2024-11-05 15:17:05,815] {processor.py:161} INFO - Processing /home/paula/Documentos/airflow/venv/lib/python3.10/site-packages/airflow/example_dags/example_branch_day_of_week_operator.py took 0.205 seconds
[2024-11-05 15:17:54,051] {processor.py:153} INFO - Started process (PID=1057120) to work on /home/paula/Documentos/airflow/venv/lib/python3.10/site-packages/airflow/example_dags/example_branch_day_of_week_operator.py
[2024-11-05 15:17:54,074] {processor.py:641} INFO - Processing file /home/paula/Documentos/airflow/venv/lib/python3.10/site-packages/airflow/example_dags/example_branch_day_of_week_operator.py for tasks to queue
[2024-11-05 15:17:54,075] {logging_mixin.py:115} INFO - [2024-11-05 15:17:54,075] {dagbag.py:507} INFO - Filling up the DagBag from /home/paula/Documentos/airflow/venv/lib/python3.10/site-packages/airflow/example_dags/example_branch_day_of_week_operator.py
[2024-11-05 15:17:54,082] {processor.py:651} INFO - DAG(s) dict_keys(['example_weekday_branch_operator']) retrieved from /home/paula/Documentos/airflow/venv/lib/python3.10/site-packages/airflow/example_dags/example_branch_day_of_week_operator.py
[2024-11-05 15:17:54,097] {logging_mixin.py:115} INFO - [2024-11-05 15:17:54,097] {dag.py:2379} INFO - Sync 1 DAGs
[2024-11-05 15:17:54,117] {logging_mixin.py:115} INFO - [2024-11-05 15:17:54,116] {dag.py:2927} INFO - Setting next_dagrun for example_weekday_branch_operator to 2024-11-04T00:00:00+00:00, run_after=2024-11-05T00:00:00+00:00
[2024-11-05 15:17:54,260] {processor.py:161} INFO - Processing /home/paula/Documentos/airflow/venv/lib/python3.10/site-packages/airflow/example_dags/example_branch_day_of_week_operator.py took 0.212 seconds
[2024-11-05 15:18:40,875] {processor.py:153} INFO - Started process (PID=1057417) to work on /home/paula/Documentos/airflow/venv/lib/python3.10/site-packages/airflow/example_dags/example_branch_day_of_week_operator.py
[2024-11-05 15:18:40,876] {processor.py:641} INFO - Processing file /home/paula/Documentos/airflow/venv/lib/python3.10/site-packages/airflow/example_dags/example_branch_day_of_week_operator.py for tasks to queue
[2024-11-05 15:18:40,877] {logging_mixin.py:115} INFO - [2024-11-05 15:18:40,877] {dagbag.py:507} INFO - Filling up the DagBag from /home/paula/Documentos/airflow/venv/lib/python3.10/site-packages/airflow/example_dags/example_branch_day_of_week_operator.py
[2024-11-05 15:18:40,884] {processor.py:651} INFO - DAG(s) dict_keys(['example_weekday_branch_operator']) retrieved from /home/paula/Documentos/airflow/venv/lib/python3.10/site-packages/airflow/example_dags/example_branch_day_of_week_operator.py
[2024-11-05 15:18:40,898] {logging_mixin.py:115} INFO - [2024-11-05 15:18:40,898] {dag.py:2379} INFO - Sync 1 DAGs
[2024-11-05 15:18:40,916] {logging_mixin.py:115} INFO - [2024-11-05 15:18:40,916] {dag.py:2927} INFO - Setting next_dagrun for example_weekday_branch_operator to 2024-11-04T00:00:00+00:00, run_after=2024-11-05T00:00:00+00:00
[2024-11-05 15:18:41,005] {processor.py:161} INFO - Processing /home/paula/Documentos/airflow/venv/lib/python3.10/site-packages/airflow/example_dags/example_branch_day_of_week_operator.py took 0.133 seconds
[2024-11-05 15:19:24,428] {processor.py:153} INFO - Started process (PID=1057674) to work on /home/paula/Documentos/airflow/venv/lib/python3.10/site-packages/airflow/example_dags/example_branch_day_of_week_operator.py
[2024-11-05 15:19:24,450] {processor.py:641} INFO - Processing file /home/paula/Documentos/airflow/venv/lib/python3.10/site-packages/airflow/example_dags/example_branch_day_of_week_operator.py for tasks to queue
[2024-11-05 15:19:24,451] {logging_mixin.py:115} INFO - [2024-11-05 15:19:24,451] {dagbag.py:507} INFO - Filling up the DagBag from /home/paula/Documentos/airflow/venv/lib/python3.10/site-packages/airflow/example_dags/example_branch_day_of_week_operator.py
[2024-11-05 15:19:24,464] {processor.py:651} INFO - DAG(s) dict_keys(['example_weekday_branch_operator']) retrieved from /home/paula/Documentos/airflow/venv/lib/python3.10/site-packages/airflow/example_dags/example_branch_day_of_week_operator.py
[2024-11-05 15:19:24,482] {logging_mixin.py:115} INFO - [2024-11-05 15:19:24,482] {dag.py:2379} INFO - Sync 1 DAGs
[2024-11-05 15:19:24,503] {logging_mixin.py:115} INFO - [2024-11-05 15:19:24,503] {dag.py:2927} INFO - Setting next_dagrun for example_weekday_branch_operator to 2024-11-04T00:00:00+00:00, run_after=2024-11-05T00:00:00+00:00
[2024-11-05 15:19:24,603] {processor.py:161} INFO - Processing /home/paula/Documentos/airflow/venv/lib/python3.10/site-packages/airflow/example_dags/example_branch_day_of_week_operator.py took 0.179 seconds
[2024-11-05 15:20:10,343] {processor.py:153} INFO - Started process (PID=1057983) to work on /home/paula/Documentos/airflow/venv/lib/python3.10/site-packages/airflow/example_dags/example_branch_day_of_week_operator.py
[2024-11-05 15:20:10,364] {processor.py:641} INFO - Processing file /home/paula/Documentos/airflow/venv/lib/python3.10/site-packages/airflow/example_dags/example_branch_day_of_week_operator.py for tasks to queue
[2024-11-05 15:20:10,365] {logging_mixin.py:115} INFO - [2024-11-05 15:20:10,365] {dagbag.py:507} INFO - Filling up the DagBag from /home/paula/Documentos/airflow/venv/lib/python3.10/site-packages/airflow/example_dags/example_branch_day_of_week_operator.py
[2024-11-05 15:20:10,375] {processor.py:651} INFO - DAG(s) dict_keys(['example_weekday_branch_operator']) retrieved from /home/paula/Documentos/airflow/venv/lib/python3.10/site-packages/airflow/example_dags/example_branch_day_of_week_operator.py
[2024-11-05 15:20:10,392] {logging_mixin.py:115} INFO - [2024-11-05 15:20:10,392] {dag.py:2379} INFO - Sync 1 DAGs
[2024-11-05 15:20:10,412] {logging_mixin.py:115} INFO - [2024-11-05 15:20:10,412] {dag.py:2927} INFO - Setting next_dagrun for example_weekday_branch_operator to 2024-11-04T00:00:00+00:00, run_after=2024-11-05T00:00:00+00:00
[2024-11-05 15:20:10,553] {processor.py:161} INFO - Processing /home/paula/Documentos/airflow/venv/lib/python3.10/site-packages/airflow/example_dags/example_branch_day_of_week_operator.py took 0.214 seconds
[2024-11-05 15:21:48,044] {processor.py:153} INFO - Started process (PID=1058611) to work on /home/paula/Documentos/airflow/venv/lib/python3.10/site-packages/airflow/example_dags/example_branch_day_of_week_operator.py
[2024-11-05 15:21:48,045] {processor.py:641} INFO - Processing file /home/paula/Documentos/airflow/venv/lib/python3.10/site-packages/airflow/example_dags/example_branch_day_of_week_operator.py for tasks to queue
[2024-11-05 15:21:48,045] {logging_mixin.py:115} INFO - [2024-11-05 15:21:48,045] {dagbag.py:507} INFO - Filling up the DagBag from /home/paula/Documentos/airflow/venv/lib/python3.10/site-packages/airflow/example_dags/example_branch_day_of_week_operator.py
[2024-11-05 15:21:48,054] {processor.py:651} INFO - DAG(s) dict_keys(['example_weekday_branch_operator']) retrieved from /home/paula/Documentos/airflow/venv/lib/python3.10/site-packages/airflow/example_dags/example_branch_day_of_week_operator.py
[2024-11-05 15:21:48,069] {logging_mixin.py:115} INFO - [2024-11-05 15:21:48,069] {dag.py:2379} INFO - Sync 1 DAGs
[2024-11-05 15:21:48,091] {logging_mixin.py:115} INFO - [2024-11-05 15:21:48,091] {dag.py:2927} INFO - Setting next_dagrun for example_weekday_branch_operator to 2024-11-04T00:00:00+00:00, run_after=2024-11-05T00:00:00+00:00
[2024-11-05 15:21:48,202] {processor.py:161} INFO - Processing /home/paula/Documentos/airflow/venv/lib/python3.10/site-packages/airflow/example_dags/example_branch_day_of_week_operator.py took 0.161 seconds
[2024-11-05 15:22:37,653] {processor.py:153} INFO - Started process (PID=1058915) to work on /home/paula/Documentos/airflow/venv/lib/python3.10/site-packages/airflow/example_dags/example_branch_day_of_week_operator.py
[2024-11-05 15:22:37,673] {processor.py:641} INFO - Processing file /home/paula/Documentos/airflow/venv/lib/python3.10/site-packages/airflow/example_dags/example_branch_day_of_week_operator.py for tasks to queue
[2024-11-05 15:22:37,674] {logging_mixin.py:115} INFO - [2024-11-05 15:22:37,674] {dagbag.py:507} INFO - Filling up the DagBag from /home/paula/Documentos/airflow/venv/lib/python3.10/site-packages/airflow/example_dags/example_branch_day_of_week_operator.py
[2024-11-05 15:22:37,686] {processor.py:651} INFO - DAG(s) dict_keys(['example_weekday_branch_operator']) retrieved from /home/paula/Documentos/airflow/venv/lib/python3.10/site-packages/airflow/example_dags/example_branch_day_of_week_operator.py
[2024-11-05 15:22:37,703] {logging_mixin.py:115} INFO - [2024-11-05 15:22:37,702] {dag.py:2379} INFO - Sync 1 DAGs
[2024-11-05 15:22:37,724] {logging_mixin.py:115} INFO - [2024-11-05 15:22:37,724] {dag.py:2927} INFO - Setting next_dagrun for example_weekday_branch_operator to 2024-11-04T00:00:00+00:00, run_after=2024-11-05T00:00:00+00:00
[2024-11-05 15:22:37,861] {processor.py:161} INFO - Processing /home/paula/Documentos/airflow/venv/lib/python3.10/site-packages/airflow/example_dags/example_branch_day_of_week_operator.py took 0.211 seconds
[2024-11-05 15:23:20,730] {processor.py:153} INFO - Started process (PID=1059202) to work on /home/paula/Documentos/airflow/venv/lib/python3.10/site-packages/airflow/example_dags/example_branch_day_of_week_operator.py
[2024-11-05 15:23:20,752] {processor.py:641} INFO - Processing file /home/paula/Documentos/airflow/venv/lib/python3.10/site-packages/airflow/example_dags/example_branch_day_of_week_operator.py for tasks to queue
[2024-11-05 15:23:20,752] {logging_mixin.py:115} INFO - [2024-11-05 15:23:20,752] {dagbag.py:507} INFO - Filling up the DagBag from /home/paula/Documentos/airflow/venv/lib/python3.10/site-packages/airflow/example_dags/example_branch_day_of_week_operator.py
[2024-11-05 15:23:20,764] {processor.py:651} INFO - DAG(s) dict_keys(['example_weekday_branch_operator']) retrieved from /home/paula/Documentos/airflow/venv/lib/python3.10/site-packages/airflow/example_dags/example_branch_day_of_week_operator.py
[2024-11-05 15:23:20,780] {logging_mixin.py:115} INFO - [2024-11-05 15:23:20,780] {dag.py:2379} INFO - Sync 1 DAGs
[2024-11-05 15:23:20,801] {logging_mixin.py:115} INFO - [2024-11-05 15:23:20,801] {dag.py:2927} INFO - Setting next_dagrun for example_weekday_branch_operator to 2024-11-04T00:00:00+00:00, run_after=2024-11-05T00:00:00+00:00
[2024-11-05 15:23:20,899] {processor.py:161} INFO - Processing /home/paula/Documentos/airflow/venv/lib/python3.10/site-packages/airflow/example_dags/example_branch_day_of_week_operator.py took 0.172 seconds
[2024-11-05 15:24:10,312] {processor.py:153} INFO - Started process (PID=1059506) to work on /home/paula/Documentos/airflow/venv/lib/python3.10/site-packages/airflow/example_dags/example_branch_day_of_week_operator.py
[2024-11-05 15:24:10,313] {processor.py:641} INFO - Processing file /home/paula/Documentos/airflow/venv/lib/python3.10/site-packages/airflow/example_dags/example_branch_day_of_week_operator.py for tasks to queue
[2024-11-05 15:24:10,313] {logging_mixin.py:115} INFO - [2024-11-05 15:24:10,313] {dagbag.py:507} INFO - Filling up the DagBag from /home/paula/Documentos/airflow/venv/lib/python3.10/site-packages/airflow/example_dags/example_branch_day_of_week_operator.py
[2024-11-05 15:24:10,320] {processor.py:651} INFO - DAG(s) dict_keys(['example_weekday_branch_operator']) retrieved from /home/paula/Documentos/airflow/venv/lib/python3.10/site-packages/airflow/example_dags/example_branch_day_of_week_operator.py
[2024-11-05 15:24:10,337] {logging_mixin.py:115} INFO - [2024-11-05 15:24:10,337] {dag.py:2379} INFO - Sync 1 DAGs
[2024-11-05 15:24:10,361] {logging_mixin.py:115} INFO - [2024-11-05 15:24:10,361] {dag.py:2927} INFO - Setting next_dagrun for example_weekday_branch_operator to 2024-11-04T00:00:00+00:00, run_after=2024-11-05T00:00:00+00:00
[2024-11-05 15:24:10,508] {processor.py:161} INFO - Processing /home/paula/Documentos/airflow/venv/lib/python3.10/site-packages/airflow/example_dags/example_branch_day_of_week_operator.py took 0.200 seconds
[2024-11-05 15:24:59,594] {processor.py:153} INFO - Started process (PID=1059823) to work on /home/paula/Documentos/airflow/venv/lib/python3.10/site-packages/airflow/example_dags/example_branch_day_of_week_operator.py
[2024-11-05 15:24:59,595] {processor.py:641} INFO - Processing file /home/paula/Documentos/airflow/venv/lib/python3.10/site-packages/airflow/example_dags/example_branch_day_of_week_operator.py for tasks to queue
[2024-11-05 15:24:59,596] {logging_mixin.py:115} INFO - [2024-11-05 15:24:59,596] {dagbag.py:507} INFO - Filling up the DagBag from /home/paula/Documentos/airflow/venv/lib/python3.10/site-packages/airflow/example_dags/example_branch_day_of_week_operator.py
[2024-11-05 15:24:59,607] {processor.py:651} INFO - DAG(s) dict_keys(['example_weekday_branch_operator']) retrieved from /home/paula/Documentos/airflow/venv/lib/python3.10/site-packages/airflow/example_dags/example_branch_day_of_week_operator.py
[2024-11-05 15:24:59,630] {logging_mixin.py:115} INFO - [2024-11-05 15:24:59,630] {dag.py:2379} INFO - Sync 1 DAGs
[2024-11-05 15:24:59,664] {logging_mixin.py:115} INFO - [2024-11-05 15:24:59,664] {dag.py:2927} INFO - Setting next_dagrun for example_weekday_branch_operator to 2024-11-04T00:00:00+00:00, run_after=2024-11-05T00:00:00+00:00
[2024-11-05 15:24:59,797] {processor.py:161} INFO - Processing /home/paula/Documentos/airflow/venv/lib/python3.10/site-packages/airflow/example_dags/example_branch_day_of_week_operator.py took 0.205 seconds
[2024-11-05 15:25:48,084] {processor.py:153} INFO - Started process (PID=1060207) to work on /home/paula/Documentos/airflow/venv/lib/python3.10/site-packages/airflow/example_dags/example_branch_day_of_week_operator.py
[2024-11-05 15:25:48,085] {processor.py:641} INFO - Processing file /home/paula/Documentos/airflow/venv/lib/python3.10/site-packages/airflow/example_dags/example_branch_day_of_week_operator.py for tasks to queue
[2024-11-05 15:25:48,086] {logging_mixin.py:115} INFO - [2024-11-05 15:25:48,086] {dagbag.py:507} INFO - Filling up the DagBag from /home/paula/Documentos/airflow/venv/lib/python3.10/site-packages/airflow/example_dags/example_branch_day_of_week_operator.py
[2024-11-05 15:25:48,095] {processor.py:651} INFO - DAG(s) dict_keys(['example_weekday_branch_operator']) retrieved from /home/paula/Documentos/airflow/venv/lib/python3.10/site-packages/airflow/example_dags/example_branch_day_of_week_operator.py
[2024-11-05 15:25:48,247] {logging_mixin.py:115} INFO - [2024-11-05 15:25:48,246] {dag.py:2379} INFO - Sync 1 DAGs
[2024-11-05 15:25:48,270] {logging_mixin.py:115} INFO - [2024-11-05 15:25:48,270] {dag.py:2927} INFO - Setting next_dagrun for example_weekday_branch_operator to 2024-11-04T00:00:00+00:00, run_after=2024-11-05T00:00:00+00:00
[2024-11-05 15:25:48,463] {processor.py:161} INFO - Processing /home/paula/Documentos/airflow/venv/lib/python3.10/site-packages/airflow/example_dags/example_branch_day_of_week_operator.py took 0.381 seconds
[2024-11-05 15:29:16,780] {processor.py:153} INFO - Started process (PID=1061470) to work on /home/paula/Documentos/airflow/venv/lib/python3.10/site-packages/airflow/example_dags/example_branch_day_of_week_operator.py
[2024-11-05 15:29:16,793] {processor.py:641} INFO - Processing file /home/paula/Documentos/airflow/venv/lib/python3.10/site-packages/airflow/example_dags/example_branch_day_of_week_operator.py for tasks to queue
[2024-11-05 15:29:16,794] {logging_mixin.py:115} INFO - [2024-11-05 15:29:16,794] {dagbag.py:507} INFO - Filling up the DagBag from /home/paula/Documentos/airflow/venv/lib/python3.10/site-packages/airflow/example_dags/example_branch_day_of_week_operator.py
[2024-11-05 15:29:16,805] {processor.py:651} INFO - DAG(s) dict_keys(['example_weekday_branch_operator']) retrieved from /home/paula/Documentos/airflow/venv/lib/python3.10/site-packages/airflow/example_dags/example_branch_day_of_week_operator.py
[2024-11-05 15:29:16,822] {logging_mixin.py:115} INFO - [2024-11-05 15:29:16,822] {dag.py:2379} INFO - Sync 1 DAGs
[2024-11-05 15:29:16,847] {logging_mixin.py:115} INFO - [2024-11-05 15:29:16,847] {dag.py:2927} INFO - Setting next_dagrun for example_weekday_branch_operator to 2024-11-04T00:00:00+00:00, run_after=2024-11-05T00:00:00+00:00
[2024-11-05 15:29:16,938] {processor.py:161} INFO - Processing /home/paula/Documentos/airflow/venv/lib/python3.10/site-packages/airflow/example_dags/example_branch_day_of_week_operator.py took 0.163 seconds
[2024-11-05 15:30:02,142] {processor.py:153} INFO - Started process (PID=1061778) to work on /home/paula/Documentos/airflow/venv/lib/python3.10/site-packages/airflow/example_dags/example_branch_day_of_week_operator.py
[2024-11-05 15:30:02,155] {processor.py:641} INFO - Processing file /home/paula/Documentos/airflow/venv/lib/python3.10/site-packages/airflow/example_dags/example_branch_day_of_week_operator.py for tasks to queue
[2024-11-05 15:30:02,156] {logging_mixin.py:115} INFO - [2024-11-05 15:30:02,156] {dagbag.py:507} INFO - Filling up the DagBag from /home/paula/Documentos/airflow/venv/lib/python3.10/site-packages/airflow/example_dags/example_branch_day_of_week_operator.py
[2024-11-05 15:30:02,167] {processor.py:651} INFO - DAG(s) dict_keys(['example_weekday_branch_operator']) retrieved from /home/paula/Documentos/airflow/venv/lib/python3.10/site-packages/airflow/example_dags/example_branch_day_of_week_operator.py
[2024-11-05 15:30:02,184] {logging_mixin.py:115} INFO - [2024-11-05 15:30:02,184] {dag.py:2379} INFO - Sync 1 DAGs
[2024-11-05 15:30:02,213] {logging_mixin.py:115} INFO - [2024-11-05 15:30:02,213] {dag.py:2927} INFO - Setting next_dagrun for example_weekday_branch_operator to 2024-11-04T00:00:00+00:00, run_after=2024-11-05T00:00:00+00:00
[2024-11-05 15:30:02,337] {processor.py:161} INFO - Processing /home/paula/Documentos/airflow/venv/lib/python3.10/site-packages/airflow/example_dags/example_branch_day_of_week_operator.py took 0.198 seconds
[2024-11-05 15:30:53,563] {processor.py:153} INFO - Started process (PID=1062093) to work on /home/paula/Documentos/airflow/venv/lib/python3.10/site-packages/airflow/example_dags/example_branch_day_of_week_operator.py
[2024-11-05 15:30:53,576] {processor.py:641} INFO - Processing file /home/paula/Documentos/airflow/venv/lib/python3.10/site-packages/airflow/example_dags/example_branch_day_of_week_operator.py for tasks to queue
[2024-11-05 15:30:53,576] {logging_mixin.py:115} INFO - [2024-11-05 15:30:53,576] {dagbag.py:507} INFO - Filling up the DagBag from /home/paula/Documentos/airflow/venv/lib/python3.10/site-packages/airflow/example_dags/example_branch_day_of_week_operator.py
[2024-11-05 15:30:53,586] {processor.py:651} INFO - DAG(s) dict_keys(['example_weekday_branch_operator']) retrieved from /home/paula/Documentos/airflow/venv/lib/python3.10/site-packages/airflow/example_dags/example_branch_day_of_week_operator.py
[2024-11-05 15:30:53,603] {logging_mixin.py:115} INFO - [2024-11-05 15:30:53,603] {dag.py:2379} INFO - Sync 1 DAGs
[2024-11-05 15:30:53,622] {logging_mixin.py:115} INFO - [2024-11-05 15:30:53,622] {dag.py:2927} INFO - Setting next_dagrun for example_weekday_branch_operator to 2024-11-04T00:00:00+00:00, run_after=2024-11-05T00:00:00+00:00
[2024-11-05 15:30:53,719] {processor.py:161} INFO - Processing /home/paula/Documentos/airflow/venv/lib/python3.10/site-packages/airflow/example_dags/example_branch_day_of_week_operator.py took 0.159 seconds
[2024-11-05 15:31:38,183] {processor.py:153} INFO - Started process (PID=1062355) to work on /home/paula/Documentos/airflow/venv/lib/python3.10/site-packages/airflow/example_dags/example_branch_day_of_week_operator.py
[2024-11-05 15:31:38,221] {processor.py:641} INFO - Processing file /home/paula/Documentos/airflow/venv/lib/python3.10/site-packages/airflow/example_dags/example_branch_day_of_week_operator.py for tasks to queue
[2024-11-05 15:31:38,222] {logging_mixin.py:115} INFO - [2024-11-05 15:31:38,222] {dagbag.py:507} INFO - Filling up the DagBag from /home/paula/Documentos/airflow/venv/lib/python3.10/site-packages/airflow/example_dags/example_branch_day_of_week_operator.py
[2024-11-05 15:31:38,231] {processor.py:651} INFO - DAG(s) dict_keys(['example_weekday_branch_operator']) retrieved from /home/paula/Documentos/airflow/venv/lib/python3.10/site-packages/airflow/example_dags/example_branch_day_of_week_operator.py
[2024-11-05 15:31:38,258] {logging_mixin.py:115} INFO - [2024-11-05 15:31:38,258] {dag.py:2379} INFO - Sync 1 DAGs
[2024-11-05 15:31:38,290] {logging_mixin.py:115} INFO - [2024-11-05 15:31:38,290] {dag.py:2927} INFO - Setting next_dagrun for example_weekday_branch_operator to 2024-11-04T00:00:00+00:00, run_after=2024-11-05T00:00:00+00:00
[2024-11-05 15:31:38,461] {processor.py:161} INFO - Processing /home/paula/Documentos/airflow/venv/lib/python3.10/site-packages/airflow/example_dags/example_branch_day_of_week_operator.py took 0.282 seconds
[2024-11-05 15:33:02,333] {processor.py:153} INFO - Started process (PID=1062863) to work on /home/paula/Documentos/airflow/venv/lib/python3.10/site-packages/airflow/example_dags/example_branch_day_of_week_operator.py
[2024-11-05 15:33:02,340] {processor.py:641} INFO - Processing file /home/paula/Documentos/airflow/venv/lib/python3.10/site-packages/airflow/example_dags/example_branch_day_of_week_operator.py for tasks to queue
[2024-11-05 15:33:02,340] {logging_mixin.py:115} INFO - [2024-11-05 15:33:02,340] {dagbag.py:507} INFO - Filling up the DagBag from /home/paula/Documentos/airflow/venv/lib/python3.10/site-packages/airflow/example_dags/example_branch_day_of_week_operator.py
[2024-11-05 15:33:02,350] {processor.py:651} INFO - DAG(s) dict_keys(['example_weekday_branch_operator']) retrieved from /home/paula/Documentos/airflow/venv/lib/python3.10/site-packages/airflow/example_dags/example_branch_day_of_week_operator.py
[2024-11-05 15:33:02,371] {logging_mixin.py:115} INFO - [2024-11-05 15:33:02,371] {dag.py:2379} INFO - Sync 1 DAGs
[2024-11-05 15:33:02,394] {logging_mixin.py:115} INFO - [2024-11-05 15:33:02,393] {dag.py:2927} INFO - Setting next_dagrun for example_weekday_branch_operator to 2024-11-04T00:00:00+00:00, run_after=2024-11-05T00:00:00+00:00
[2024-11-05 15:33:02,500] {processor.py:161} INFO - Processing /home/paula/Documentos/airflow/venv/lib/python3.10/site-packages/airflow/example_dags/example_branch_day_of_week_operator.py took 0.170 seconds
[2024-11-05 15:34:01,278] {processor.py:153} INFO - Started process (PID=1063270) to work on /home/paula/Documentos/airflow/venv/lib/python3.10/site-packages/airflow/example_dags/example_branch_day_of_week_operator.py
[2024-11-05 15:34:01,279] {processor.py:641} INFO - Processing file /home/paula/Documentos/airflow/venv/lib/python3.10/site-packages/airflow/example_dags/example_branch_day_of_week_operator.py for tasks to queue
[2024-11-05 15:34:01,279] {logging_mixin.py:115} INFO - [2024-11-05 15:34:01,279] {dagbag.py:507} INFO - Filling up the DagBag from /home/paula/Documentos/airflow/venv/lib/python3.10/site-packages/airflow/example_dags/example_branch_day_of_week_operator.py
[2024-11-05 15:34:01,290] {processor.py:651} INFO - DAG(s) dict_keys(['example_weekday_branch_operator']) retrieved from /home/paula/Documentos/airflow/venv/lib/python3.10/site-packages/airflow/example_dags/example_branch_day_of_week_operator.py
[2024-11-05 15:34:01,307] {logging_mixin.py:115} INFO - [2024-11-05 15:34:01,306] {dag.py:2379} INFO - Sync 1 DAGs
[2024-11-05 15:34:01,329] {logging_mixin.py:115} INFO - [2024-11-05 15:34:01,329] {dag.py:2927} INFO - Setting next_dagrun for example_weekday_branch_operator to 2024-11-04T00:00:00+00:00, run_after=2024-11-05T00:00:00+00:00
[2024-11-05 15:34:01,427] {processor.py:161} INFO - Processing /home/paula/Documentos/airflow/venv/lib/python3.10/site-packages/airflow/example_dags/example_branch_day_of_week_operator.py took 0.152 seconds
[2024-11-05 15:34:51,475] {processor.py:153} INFO - Started process (PID=1063731) to work on /home/paula/Documentos/airflow/venv/lib/python3.10/site-packages/airflow/example_dags/example_branch_day_of_week_operator.py
[2024-11-05 15:34:51,484] {processor.py:641} INFO - Processing file /home/paula/Documentos/airflow/venv/lib/python3.10/site-packages/airflow/example_dags/example_branch_day_of_week_operator.py for tasks to queue
[2024-11-05 15:34:51,485] {logging_mixin.py:115} INFO - [2024-11-05 15:34:51,485] {dagbag.py:507} INFO - Filling up the DagBag from /home/paula/Documentos/airflow/venv/lib/python3.10/site-packages/airflow/example_dags/example_branch_day_of_week_operator.py
[2024-11-05 15:34:51,495] {processor.py:651} INFO - DAG(s) dict_keys(['example_weekday_branch_operator']) retrieved from /home/paula/Documentos/airflow/venv/lib/python3.10/site-packages/airflow/example_dags/example_branch_day_of_week_operator.py
[2024-11-05 15:34:51,513] {logging_mixin.py:115} INFO - [2024-11-05 15:34:51,513] {dag.py:2379} INFO - Sync 1 DAGs
[2024-11-05 15:34:51,535] {logging_mixin.py:115} INFO - [2024-11-05 15:34:51,535] {dag.py:2927} INFO - Setting next_dagrun for example_weekday_branch_operator to 2024-11-04T00:00:00+00:00, run_after=2024-11-05T00:00:00+00:00
[2024-11-05 15:34:51,628] {processor.py:161} INFO - Processing /home/paula/Documentos/airflow/venv/lib/python3.10/site-packages/airflow/example_dags/example_branch_day_of_week_operator.py took 0.155 seconds
[2024-11-05 15:35:38,283] {processor.py:153} INFO - Started process (PID=1064018) to work on /home/paula/Documentos/airflow/venv/lib/python3.10/site-packages/airflow/example_dags/example_branch_day_of_week_operator.py
[2024-11-05 15:35:38,297] {processor.py:641} INFO - Processing file /home/paula/Documentos/airflow/venv/lib/python3.10/site-packages/airflow/example_dags/example_branch_day_of_week_operator.py for tasks to queue
[2024-11-05 15:35:38,298] {logging_mixin.py:115} INFO - [2024-11-05 15:35:38,298] {dagbag.py:507} INFO - Filling up the DagBag from /home/paula/Documentos/airflow/venv/lib/python3.10/site-packages/airflow/example_dags/example_branch_day_of_week_operator.py
[2024-11-05 15:35:38,309] {processor.py:651} INFO - DAG(s) dict_keys(['example_weekday_branch_operator']) retrieved from /home/paula/Documentos/airflow/venv/lib/python3.10/site-packages/airflow/example_dags/example_branch_day_of_week_operator.py
[2024-11-05 15:35:38,328] {logging_mixin.py:115} INFO - [2024-11-05 15:35:38,328] {dag.py:2379} INFO - Sync 1 DAGs
[2024-11-05 15:35:38,364] {logging_mixin.py:115} INFO - [2024-11-05 15:35:38,364] {dag.py:2927} INFO - Setting next_dagrun for example_weekday_branch_operator to 2024-11-04T00:00:00+00:00, run_after=2024-11-05T00:00:00+00:00
[2024-11-05 15:35:38,442] {processor.py:161} INFO - Processing /home/paula/Documentos/airflow/venv/lib/python3.10/site-packages/airflow/example_dags/example_branch_day_of_week_operator.py took 0.162 seconds
[2024-11-05 15:40:09,091] {processor.py:153} INFO - Started process (PID=1066029) to work on /home/paula/Documentos/airflow/venv/lib/python3.10/site-packages/airflow/example_dags/example_branch_day_of_week_operator.py
[2024-11-05 15:40:09,115] {processor.py:641} INFO - Processing file /home/paula/Documentos/airflow/venv/lib/python3.10/site-packages/airflow/example_dags/example_branch_day_of_week_operator.py for tasks to queue
[2024-11-05 15:40:09,116] {logging_mixin.py:115} INFO - [2024-11-05 15:40:09,116] {dagbag.py:507} INFO - Filling up the DagBag from /home/paula/Documentos/airflow/venv/lib/python3.10/site-packages/airflow/example_dags/example_branch_day_of_week_operator.py
[2024-11-05 15:40:09,131] {processor.py:651} INFO - DAG(s) dict_keys(['example_weekday_branch_operator']) retrieved from /home/paula/Documentos/airflow/venv/lib/python3.10/site-packages/airflow/example_dags/example_branch_day_of_week_operator.py
[2024-11-05 15:40:09,156] {logging_mixin.py:115} INFO - [2024-11-05 15:40:09,155] {dag.py:2379} INFO - Sync 1 DAGs
[2024-11-05 15:40:09,202] {logging_mixin.py:115} INFO - [2024-11-05 15:40:09,201] {dag.py:2927} INFO - Setting next_dagrun for example_weekday_branch_operator to 2024-11-04T00:00:00+00:00, run_after=2024-11-05T00:00:00+00:00
[2024-11-05 15:40:09,379] {processor.py:161} INFO - Processing /home/paula/Documentos/airflow/venv/lib/python3.10/site-packages/airflow/example_dags/example_branch_day_of_week_operator.py took 0.292 seconds
[2024-11-05 15:40:59,571] {processor.py:153} INFO - Started process (PID=1066363) to work on /home/paula/Documentos/airflow/venv/lib/python3.10/site-packages/airflow/example_dags/example_branch_day_of_week_operator.py
[2024-11-05 15:40:59,586] {processor.py:641} INFO - Processing file /home/paula/Documentos/airflow/venv/lib/python3.10/site-packages/airflow/example_dags/example_branch_day_of_week_operator.py for tasks to queue
[2024-11-05 15:40:59,586] {logging_mixin.py:115} INFO - [2024-11-05 15:40:59,586] {dagbag.py:507} INFO - Filling up the DagBag from /home/paula/Documentos/airflow/venv/lib/python3.10/site-packages/airflow/example_dags/example_branch_day_of_week_operator.py
[2024-11-05 15:40:59,598] {processor.py:651} INFO - DAG(s) dict_keys(['example_weekday_branch_operator']) retrieved from /home/paula/Documentos/airflow/venv/lib/python3.10/site-packages/airflow/example_dags/example_branch_day_of_week_operator.py
[2024-11-05 15:40:59,616] {logging_mixin.py:115} INFO - [2024-11-05 15:40:59,616] {dag.py:2379} INFO - Sync 1 DAGs
[2024-11-05 15:40:59,635] {logging_mixin.py:115} INFO - [2024-11-05 15:40:59,635] {dag.py:2927} INFO - Setting next_dagrun for example_weekday_branch_operator to 2024-11-04T00:00:00+00:00, run_after=2024-11-05T00:00:00+00:00
[2024-11-05 15:40:59,741] {processor.py:161} INFO - Processing /home/paula/Documentos/airflow/venv/lib/python3.10/site-packages/airflow/example_dags/example_branch_day_of_week_operator.py took 0.174 seconds
