[2024-11-05 15:08:26,897] {processor.py:153} INFO - Started process (PID=1053589) to work on /home/paula/Documentos/airflow/venv/lib/python3.10/site-packages/airflow/example_dags/example_branch_datetime_operator.py
[2024-11-05 15:08:26,898] {processor.py:641} INFO - Processing file /home/paula/Documentos/airflow/venv/lib/python3.10/site-packages/airflow/example_dags/example_branch_datetime_operator.py for tasks to queue
[2024-11-05 15:08:26,898] {logging_mixin.py:115} INFO - [2024-11-05 15:08:26,898] {dagbag.py:507} INFO - Filling up the DagBag from /home/paula/Documentos/airflow/venv/lib/python3.10/site-packages/airflow/example_dags/example_branch_datetime_operator.py
[2024-11-05 15:08:26,907] {processor.py:651} INFO - DAG(s) dict_keys(['example_branch_datetime_operator_2']) retrieved from /home/paula/Documentos/airflow/venv/lib/python3.10/site-packages/airflow/example_dags/example_branch_datetime_operator.py
[2024-11-05 15:08:27,491] {logging_mixin.py:115} INFO - [2024-11-05 15:08:27,490] {manager.py:508} INFO - Created Permission View: can edit on DAG:example_branch_datetime_operator_2
[2024-11-05 15:08:27,668] {logging_mixin.py:115} INFO - [2024-11-05 15:08:27,668] {manager.py:508} INFO - Created Permission View: can read on DAG:example_branch_datetime_operator_2
[2024-11-05 15:08:27,870] {logging_mixin.py:115} INFO - [2024-11-05 15:08:27,870] {manager.py:508} INFO - Created Permission View: can delete on DAG:example_branch_datetime_operator_2
[2024-11-05 15:08:27,871] {logging_mixin.py:115} INFO - [2024-11-05 15:08:27,871] {dag.py:2379} INFO - Sync 1 DAGs
[2024-11-05 15:08:27,896] {logging_mixin.py:115} INFO - [2024-11-05 15:08:27,895] {dag.py:2398} INFO - Creating ORM DAG for example_branch_datetime_operator_2
[2024-11-05 15:08:27,928] {logging_mixin.py:115} INFO - [2024-11-05 15:08:27,928] {dag.py:2927} INFO - Setting next_dagrun for example_branch_datetime_operator_2 to 2024-11-04T00:00:00+00:00, run_after=2024-11-05T00:00:00+00:00
[2024-11-05 15:08:28,176] {processor.py:161} INFO - Processing /home/paula/Documentos/airflow/venv/lib/python3.10/site-packages/airflow/example_dags/example_branch_datetime_operator.py took 1.282 seconds
[2024-11-05 15:09:13,277] {processor.py:153} INFO - Started process (PID=1053828) to work on /home/paula/Documentos/airflow/venv/lib/python3.10/site-packages/airflow/example_dags/example_branch_datetime_operator.py
[2024-11-05 15:09:13,302] {processor.py:641} INFO - Processing file /home/paula/Documentos/airflow/venv/lib/python3.10/site-packages/airflow/example_dags/example_branch_datetime_operator.py for tasks to queue
[2024-11-05 15:09:13,302] {logging_mixin.py:115} INFO - [2024-11-05 15:09:13,302] {dagbag.py:507} INFO - Filling up the DagBag from /home/paula/Documentos/airflow/venv/lib/python3.10/site-packages/airflow/example_dags/example_branch_datetime_operator.py
[2024-11-05 15:09:13,315] {processor.py:651} INFO - DAG(s) dict_keys(['example_branch_datetime_operator_2']) retrieved from /home/paula/Documentos/airflow/venv/lib/python3.10/site-packages/airflow/example_dags/example_branch_datetime_operator.py
[2024-11-05 15:09:13,335] {logging_mixin.py:115} INFO - [2024-11-05 15:09:13,334] {dag.py:2379} INFO - Sync 1 DAGs
[2024-11-05 15:09:13,354] {logging_mixin.py:115} INFO - [2024-11-05 15:09:13,354] {dag.py:2927} INFO - Setting next_dagrun for example_branch_datetime_operator_2 to 2024-11-04T00:00:00+00:00, run_after=2024-11-05T00:00:00+00:00
[2024-11-05 15:09:13,558] {processor.py:161} INFO - Processing /home/paula/Documentos/airflow/venv/lib/python3.10/site-packages/airflow/example_dags/example_branch_datetime_operator.py took 0.284 seconds
[2024-11-05 15:10:07,758] {processor.py:153} INFO - Started process (PID=1054263) to work on /home/paula/Documentos/airflow/venv/lib/python3.10/site-packages/airflow/example_dags/example_branch_datetime_operator.py
[2024-11-05 15:10:07,800] {processor.py:641} INFO - Processing file /home/paula/Documentos/airflow/venv/lib/python3.10/site-packages/airflow/example_dags/example_branch_datetime_operator.py for tasks to queue
[2024-11-05 15:10:07,801] {logging_mixin.py:115} INFO - [2024-11-05 15:10:07,800] {dagbag.py:507} INFO - Filling up the DagBag from /home/paula/Documentos/airflow/venv/lib/python3.10/site-packages/airflow/example_dags/example_branch_datetime_operator.py
[2024-11-05 15:10:07,809] {processor.py:651} INFO - DAG(s) dict_keys(['example_branch_datetime_operator_2']) retrieved from /home/paula/Documentos/airflow/venv/lib/python3.10/site-packages/airflow/example_dags/example_branch_datetime_operator.py
[2024-11-05 15:10:07,826] {logging_mixin.py:115} INFO - [2024-11-05 15:10:07,826] {dag.py:2379} INFO - Sync 1 DAGs
[2024-11-05 15:10:07,846] {logging_mixin.py:115} INFO - [2024-11-05 15:10:07,846] {dag.py:2927} INFO - Setting next_dagrun for example_branch_datetime_operator_2 to 2024-11-04T00:00:00+00:00, run_after=2024-11-05T00:00:00+00:00
[2024-11-05 15:10:08,200] {processor.py:161} INFO - Processing /home/paula/Documentos/airflow/venv/lib/python3.10/site-packages/airflow/example_dags/example_branch_datetime_operator.py took 0.446 seconds
[2024-11-05 15:11:00,711] {processor.py:153} INFO - Started process (PID=1054624) to work on /home/paula/Documentos/airflow/venv/lib/python3.10/site-packages/airflow/example_dags/example_branch_datetime_operator.py
[2024-11-05 15:11:00,736] {processor.py:641} INFO - Processing file /home/paula/Documentos/airflow/venv/lib/python3.10/site-packages/airflow/example_dags/example_branch_datetime_operator.py for tasks to queue
[2024-11-05 15:11:00,738] {logging_mixin.py:115} INFO - [2024-11-05 15:11:00,737] {dagbag.py:507} INFO - Filling up the DagBag from /home/paula/Documentos/airflow/venv/lib/python3.10/site-packages/airflow/example_dags/example_branch_datetime_operator.py
[2024-11-05 15:11:00,756] {processor.py:651} INFO - DAG(s) dict_keys(['example_branch_datetime_operator_2']) retrieved from /home/paula/Documentos/airflow/venv/lib/python3.10/site-packages/airflow/example_dags/example_branch_datetime_operator.py
[2024-11-05 15:11:00,775] {logging_mixin.py:115} INFO - [2024-11-05 15:11:00,775] {dag.py:2379} INFO - Sync 1 DAGs
[2024-11-05 15:11:00,795] {logging_mixin.py:115} INFO - [2024-11-05 15:11:00,795] {dag.py:2927} INFO - Setting next_dagrun for example_branch_datetime_operator_2 to 2024-11-04T00:00:00+00:00, run_after=2024-11-05T00:00:00+00:00
[2024-11-05 15:11:01,053] {processor.py:161} INFO - Processing /home/paula/Documentos/airflow/venv/lib/python3.10/site-packages/airflow/example_dags/example_branch_datetime_operator.py took 0.350 seconds
[2024-11-05 15:11:51,723] {processor.py:153} INFO - Started process (PID=1054894) to work on /home/paula/Documentos/airflow/venv/lib/python3.10/site-packages/airflow/example_dags/example_branch_datetime_operator.py
[2024-11-05 15:11:51,727] {processor.py:641} INFO - Processing file /home/paula/Documentos/airflow/venv/lib/python3.10/site-packages/airflow/example_dags/example_branch_datetime_operator.py for tasks to queue
[2024-11-05 15:11:51,727] {logging_mixin.py:115} INFO - [2024-11-05 15:11:51,727] {dagbag.py:507} INFO - Filling up the DagBag from /home/paula/Documentos/airflow/venv/lib/python3.10/site-packages/airflow/example_dags/example_branch_datetime_operator.py
[2024-11-05 15:11:51,738] {processor.py:651} INFO - DAG(s) dict_keys(['example_branch_datetime_operator_2']) retrieved from /home/paula/Documentos/airflow/venv/lib/python3.10/site-packages/airflow/example_dags/example_branch_datetime_operator.py
[2024-11-05 15:11:51,753] {logging_mixin.py:115} INFO - [2024-11-05 15:11:51,753] {dag.py:2379} INFO - Sync 1 DAGs
[2024-11-05 15:11:51,770] {logging_mixin.py:115} INFO - [2024-11-05 15:11:51,770] {dag.py:2927} INFO - Setting next_dagrun for example_branch_datetime_operator_2 to 2024-11-04T00:00:00+00:00, run_after=2024-11-05T00:00:00+00:00
[2024-11-05 15:11:52,087] {processor.py:161} INFO - Processing /home/paula/Documentos/airflow/venv/lib/python3.10/site-packages/airflow/example_dags/example_branch_datetime_operator.py took 0.368 seconds
[2024-11-05 15:12:41,529] {processor.py:153} INFO - Started process (PID=1055230) to work on /home/paula/Documentos/airflow/venv/lib/python3.10/site-packages/airflow/example_dags/example_branch_datetime_operator.py
[2024-11-05 15:12:41,672] {processor.py:641} INFO - Processing file /home/paula/Documentos/airflow/venv/lib/python3.10/site-packages/airflow/example_dags/example_branch_datetime_operator.py for tasks to queue
[2024-11-05 15:12:41,675] {logging_mixin.py:115} INFO - [2024-11-05 15:12:41,675] {dagbag.py:507} INFO - Filling up the DagBag from /home/paula/Documentos/airflow/venv/lib/python3.10/site-packages/airflow/example_dags/example_branch_datetime_operator.py
[2024-11-05 15:12:41,694] {processor.py:651} INFO - DAG(s) dict_keys(['example_branch_datetime_operator_2']) retrieved from /home/paula/Documentos/airflow/venv/lib/python3.10/site-packages/airflow/example_dags/example_branch_datetime_operator.py
[2024-11-05 15:12:41,713] {logging_mixin.py:115} INFO - [2024-11-05 15:12:41,713] {dag.py:2379} INFO - Sync 1 DAGs
[2024-11-05 15:12:41,739] {logging_mixin.py:115} INFO - [2024-11-05 15:12:41,739] {dag.py:2927} INFO - Setting next_dagrun for example_branch_datetime_operator_2 to 2024-11-04T00:00:00+00:00, run_after=2024-11-05T00:00:00+00:00
[2024-11-05 15:12:42,110] {processor.py:161} INFO - Processing /home/paula/Documentos/airflow/venv/lib/python3.10/site-packages/airflow/example_dags/example_branch_datetime_operator.py took 0.583 seconds
[2024-11-05 15:13:33,356] {processor.py:153} INFO - Started process (PID=1055545) to work on /home/paula/Documentos/airflow/venv/lib/python3.10/site-packages/airflow/example_dags/example_branch_datetime_operator.py
[2024-11-05 15:13:33,368] {processor.py:641} INFO - Processing file /home/paula/Documentos/airflow/venv/lib/python3.10/site-packages/airflow/example_dags/example_branch_datetime_operator.py for tasks to queue
[2024-11-05 15:13:33,368] {logging_mixin.py:115} INFO - [2024-11-05 15:13:33,368] {dagbag.py:507} INFO - Filling up the DagBag from /home/paula/Documentos/airflow/venv/lib/python3.10/site-packages/airflow/example_dags/example_branch_datetime_operator.py
[2024-11-05 15:13:33,379] {processor.py:651} INFO - DAG(s) dict_keys(['example_branch_datetime_operator_2']) retrieved from /home/paula/Documentos/airflow/venv/lib/python3.10/site-packages/airflow/example_dags/example_branch_datetime_operator.py
[2024-11-05 15:13:33,399] {logging_mixin.py:115} INFO - [2024-11-05 15:13:33,399] {dag.py:2379} INFO - Sync 1 DAGs
[2024-11-05 15:13:33,428] {logging_mixin.py:115} INFO - [2024-11-05 15:13:33,427] {dag.py:2927} INFO - Setting next_dagrun for example_branch_datetime_operator_2 to 2024-11-04T00:00:00+00:00, run_after=2024-11-05T00:00:00+00:00
[2024-11-05 15:13:33,702] {processor.py:161} INFO - Processing /home/paula/Documentos/airflow/venv/lib/python3.10/site-packages/airflow/example_dags/example_branch_datetime_operator.py took 0.350 seconds
[2024-11-05 15:14:25,225] {processor.py:153} INFO - Started process (PID=1055824) to work on /home/paula/Documentos/airflow/venv/lib/python3.10/site-packages/airflow/example_dags/example_branch_datetime_operator.py
[2024-11-05 15:14:25,239] {processor.py:641} INFO - Processing file /home/paula/Documentos/airflow/venv/lib/python3.10/site-packages/airflow/example_dags/example_branch_datetime_operator.py for tasks to queue
[2024-11-05 15:14:25,240] {logging_mixin.py:115} INFO - [2024-11-05 15:14:25,240] {dagbag.py:507} INFO - Filling up the DagBag from /home/paula/Documentos/airflow/venv/lib/python3.10/site-packages/airflow/example_dags/example_branch_datetime_operator.py
[2024-11-05 15:14:25,251] {processor.py:651} INFO - DAG(s) dict_keys(['example_branch_datetime_operator_2']) retrieved from /home/paula/Documentos/airflow/venv/lib/python3.10/site-packages/airflow/example_dags/example_branch_datetime_operator.py
[2024-11-05 15:14:25,266] {logging_mixin.py:115} INFO - [2024-11-05 15:14:25,266] {dag.py:2379} INFO - Sync 1 DAGs
[2024-11-05 15:14:25,288] {logging_mixin.py:115} INFO - [2024-11-05 15:14:25,288] {dag.py:2927} INFO - Setting next_dagrun for example_branch_datetime_operator_2 to 2024-11-04T00:00:00+00:00, run_after=2024-11-05T00:00:00+00:00
[2024-11-05 15:14:25,729] {processor.py:161} INFO - Processing /home/paula/Documentos/airflow/venv/lib/python3.10/site-packages/airflow/example_dags/example_branch_datetime_operator.py took 0.506 seconds
[2024-11-05 15:15:15,680] {processor.py:153} INFO - Started process (PID=1056139) to work on /home/paula/Documentos/airflow/venv/lib/python3.10/site-packages/airflow/example_dags/example_branch_datetime_operator.py
[2024-11-05 15:15:15,685] {processor.py:641} INFO - Processing file /home/paula/Documentos/airflow/venv/lib/python3.10/site-packages/airflow/example_dags/example_branch_datetime_operator.py for tasks to queue
[2024-11-05 15:15:15,686] {logging_mixin.py:115} INFO - [2024-11-05 15:15:15,686] {dagbag.py:507} INFO - Filling up the DagBag from /home/paula/Documentos/airflow/venv/lib/python3.10/site-packages/airflow/example_dags/example_branch_datetime_operator.py
[2024-11-05 15:15:15,693] {processor.py:651} INFO - DAG(s) dict_keys(['example_branch_datetime_operator_2']) retrieved from /home/paula/Documentos/airflow/venv/lib/python3.10/site-packages/airflow/example_dags/example_branch_datetime_operator.py
[2024-11-05 15:15:15,709] {logging_mixin.py:115} INFO - [2024-11-05 15:15:15,709] {dag.py:2379} INFO - Sync 1 DAGs
[2024-11-05 15:15:15,735] {logging_mixin.py:115} INFO - [2024-11-05 15:15:15,734] {dag.py:2927} INFO - Setting next_dagrun for example_branch_datetime_operator_2 to 2024-11-04T00:00:00+00:00, run_after=2024-11-05T00:00:00+00:00
[2024-11-05 15:15:15,905] {processor.py:161} INFO - Processing /home/paula/Documentos/airflow/venv/lib/python3.10/site-packages/airflow/example_dags/example_branch_datetime_operator.py took 0.228 seconds
[2024-11-05 15:15:55,218] {processor.py:153} INFO - Started process (PID=1056398) to work on /home/paula/Documentos/airflow/venv/lib/python3.10/site-packages/airflow/example_dags/example_branch_datetime_operator.py
[2024-11-05 15:15:55,218] {processor.py:641} INFO - Processing file /home/paula/Documentos/airflow/venv/lib/python3.10/site-packages/airflow/example_dags/example_branch_datetime_operator.py for tasks to queue
[2024-11-05 15:15:55,219] {logging_mixin.py:115} INFO - [2024-11-05 15:15:55,219] {dagbag.py:507} INFO - Filling up the DagBag from /home/paula/Documentos/airflow/venv/lib/python3.10/site-packages/airflow/example_dags/example_branch_datetime_operator.py
[2024-11-05 15:15:55,230] {processor.py:651} INFO - DAG(s) dict_keys(['example_branch_datetime_operator_2']) retrieved from /home/paula/Documentos/airflow/venv/lib/python3.10/site-packages/airflow/example_dags/example_branch_datetime_operator.py
[2024-11-05 15:15:55,251] {logging_mixin.py:115} INFO - [2024-11-05 15:15:55,251] {dag.py:2379} INFO - Sync 1 DAGs
[2024-11-05 15:15:55,274] {logging_mixin.py:115} INFO - [2024-11-05 15:15:55,274] {dag.py:2927} INFO - Setting next_dagrun for example_branch_datetime_operator_2 to 2024-11-04T00:00:00+00:00, run_after=2024-11-05T00:00:00+00:00
[2024-11-05 15:15:55,418] {processor.py:161} INFO - Processing /home/paula/Documentos/airflow/venv/lib/python3.10/site-packages/airflow/example_dags/example_branch_datetime_operator.py took 0.206 seconds
[2024-11-05 15:16:39,855] {processor.py:153} INFO - Started process (PID=1056677) to work on /home/paula/Documentos/airflow/venv/lib/python3.10/site-packages/airflow/example_dags/example_branch_datetime_operator.py
[2024-11-05 15:16:39,876] {processor.py:641} INFO - Processing file /home/paula/Documentos/airflow/venv/lib/python3.10/site-packages/airflow/example_dags/example_branch_datetime_operator.py for tasks to queue
[2024-11-05 15:16:39,876] {logging_mixin.py:115} INFO - [2024-11-05 15:16:39,876] {dagbag.py:507} INFO - Filling up the DagBag from /home/paula/Documentos/airflow/venv/lib/python3.10/site-packages/airflow/example_dags/example_branch_datetime_operator.py
[2024-11-05 15:16:39,888] {processor.py:651} INFO - DAG(s) dict_keys(['example_branch_datetime_operator_2']) retrieved from /home/paula/Documentos/airflow/venv/lib/python3.10/site-packages/airflow/example_dags/example_branch_datetime_operator.py
[2024-11-05 15:16:39,911] {logging_mixin.py:115} INFO - [2024-11-05 15:16:39,911] {dag.py:2379} INFO - Sync 1 DAGs
[2024-11-05 15:16:39,934] {logging_mixin.py:115} INFO - [2024-11-05 15:16:39,934] {dag.py:2927} INFO - Setting next_dagrun for example_branch_datetime_operator_2 to 2024-11-04T00:00:00+00:00, run_after=2024-11-05T00:00:00+00:00
[2024-11-05 15:16:40,066] {processor.py:161} INFO - Processing /home/paula/Documentos/airflow/venv/lib/python3.10/site-packages/airflow/example_dags/example_branch_datetime_operator.py took 0.214 seconds
[2024-11-05 15:17:28,676] {processor.py:153} INFO - Started process (PID=1056976) to work on /home/paula/Documentos/airflow/venv/lib/python3.10/site-packages/airflow/example_dags/example_branch_datetime_operator.py
[2024-11-05 15:17:28,698] {processor.py:641} INFO - Processing file /home/paula/Documentos/airflow/venv/lib/python3.10/site-packages/airflow/example_dags/example_branch_datetime_operator.py for tasks to queue
[2024-11-05 15:17:28,698] {logging_mixin.py:115} INFO - [2024-11-05 15:17:28,698] {dagbag.py:507} INFO - Filling up the DagBag from /home/paula/Documentos/airflow/venv/lib/python3.10/site-packages/airflow/example_dags/example_branch_datetime_operator.py
[2024-11-05 15:17:28,709] {processor.py:651} INFO - DAG(s) dict_keys(['example_branch_datetime_operator_2']) retrieved from /home/paula/Documentos/airflow/venv/lib/python3.10/site-packages/airflow/example_dags/example_branch_datetime_operator.py
[2024-11-05 15:17:28,726] {logging_mixin.py:115} INFO - [2024-11-05 15:17:28,725] {dag.py:2379} INFO - Sync 1 DAGs
[2024-11-05 15:17:28,747] {logging_mixin.py:115} INFO - [2024-11-05 15:17:28,747] {dag.py:2927} INFO - Setting next_dagrun for example_branch_datetime_operator_2 to 2024-11-04T00:00:00+00:00, run_after=2024-11-05T00:00:00+00:00
[2024-11-05 15:17:28,842] {processor.py:161} INFO - Processing /home/paula/Documentos/airflow/venv/lib/python3.10/site-packages/airflow/example_dags/example_branch_datetime_operator.py took 0.169 seconds
[2024-11-05 15:18:17,947] {processor.py:153} INFO - Started process (PID=1057284) to work on /home/paula/Documentos/airflow/venv/lib/python3.10/site-packages/airflow/example_dags/example_branch_datetime_operator.py
[2024-11-05 15:18:17,959] {processor.py:641} INFO - Processing file /home/paula/Documentos/airflow/venv/lib/python3.10/site-packages/airflow/example_dags/example_branch_datetime_operator.py for tasks to queue
[2024-11-05 15:18:17,960] {logging_mixin.py:115} INFO - [2024-11-05 15:18:17,960] {dagbag.py:507} INFO - Filling up the DagBag from /home/paula/Documentos/airflow/venv/lib/python3.10/site-packages/airflow/example_dags/example_branch_datetime_operator.py
[2024-11-05 15:18:17,971] {processor.py:651} INFO - DAG(s) dict_keys(['example_branch_datetime_operator_2']) retrieved from /home/paula/Documentos/airflow/venv/lib/python3.10/site-packages/airflow/example_dags/example_branch_datetime_operator.py
[2024-11-05 15:18:17,989] {logging_mixin.py:115} INFO - [2024-11-05 15:18:17,989] {dag.py:2379} INFO - Sync 1 DAGs
[2024-11-05 15:18:18,011] {logging_mixin.py:115} INFO - [2024-11-05 15:18:18,011] {dag.py:2927} INFO - Setting next_dagrun for example_branch_datetime_operator_2 to 2024-11-04T00:00:00+00:00, run_after=2024-11-05T00:00:00+00:00
[2024-11-05 15:18:18,137] {processor.py:161} INFO - Processing /home/paula/Documentos/airflow/venv/lib/python3.10/site-packages/airflow/example_dags/example_branch_datetime_operator.py took 0.193 seconds
[2024-11-05 15:18:59,975] {processor.py:153} INFO - Started process (PID=1057528) to work on /home/paula/Documentos/airflow/venv/lib/python3.10/site-packages/airflow/example_dags/example_branch_datetime_operator.py
[2024-11-05 15:19:00,003] {processor.py:641} INFO - Processing file /home/paula/Documentos/airflow/venv/lib/python3.10/site-packages/airflow/example_dags/example_branch_datetime_operator.py for tasks to queue
[2024-11-05 15:19:00,004] {logging_mixin.py:115} INFO - [2024-11-05 15:19:00,004] {dagbag.py:507} INFO - Filling up the DagBag from /home/paula/Documentos/airflow/venv/lib/python3.10/site-packages/airflow/example_dags/example_branch_datetime_operator.py
[2024-11-05 15:19:00,012] {processor.py:651} INFO - DAG(s) dict_keys(['example_branch_datetime_operator_2']) retrieved from /home/paula/Documentos/airflow/venv/lib/python3.10/site-packages/airflow/example_dags/example_branch_datetime_operator.py
[2024-11-05 15:19:00,028] {logging_mixin.py:115} INFO - [2024-11-05 15:19:00,028] {dag.py:2379} INFO - Sync 1 DAGs
[2024-11-05 15:19:00,048] {logging_mixin.py:115} INFO - [2024-11-05 15:19:00,048] {dag.py:2927} INFO - Setting next_dagrun for example_branch_datetime_operator_2 to 2024-11-04T00:00:00+00:00, run_after=2024-11-05T00:00:00+00:00
[2024-11-05 15:19:00,281] {processor.py:161} INFO - Processing /home/paula/Documentos/airflow/venv/lib/python3.10/site-packages/airflow/example_dags/example_branch_datetime_operator.py took 0.309 seconds
[2024-11-05 15:19:45,409] {processor.py:153} INFO - Started process (PID=1057837) to work on /home/paula/Documentos/airflow/venv/lib/python3.10/site-packages/airflow/example_dags/example_branch_datetime_operator.py
[2024-11-05 15:19:45,422] {processor.py:641} INFO - Processing file /home/paula/Documentos/airflow/venv/lib/python3.10/site-packages/airflow/example_dags/example_branch_datetime_operator.py for tasks to queue
[2024-11-05 15:19:45,423] {logging_mixin.py:115} INFO - [2024-11-05 15:19:45,422] {dagbag.py:507} INFO - Filling up the DagBag from /home/paula/Documentos/airflow/venv/lib/python3.10/site-packages/airflow/example_dags/example_branch_datetime_operator.py
[2024-11-05 15:19:45,435] {processor.py:651} INFO - DAG(s) dict_keys(['example_branch_datetime_operator_2']) retrieved from /home/paula/Documentos/airflow/venv/lib/python3.10/site-packages/airflow/example_dags/example_branch_datetime_operator.py
[2024-11-05 15:19:45,457] {logging_mixin.py:115} INFO - [2024-11-05 15:19:45,457] {dag.py:2379} INFO - Sync 1 DAGs
[2024-11-05 15:19:45,476] {logging_mixin.py:115} INFO - [2024-11-05 15:19:45,476] {dag.py:2927} INFO - Setting next_dagrun for example_branch_datetime_operator_2 to 2024-11-04T00:00:00+00:00, run_after=2024-11-05T00:00:00+00:00
[2024-11-05 15:19:45,591] {processor.py:161} INFO - Processing /home/paula/Documentos/airflow/venv/lib/python3.10/site-packages/airflow/example_dags/example_branch_datetime_operator.py took 0.186 seconds
[2024-11-05 15:20:30,335] {processor.py:153} INFO - Started process (PID=1058104) to work on /home/paula/Documentos/airflow/venv/lib/python3.10/site-packages/airflow/example_dags/example_branch_datetime_operator.py
[2024-11-05 15:20:30,676] {processor.py:641} INFO - Processing file /home/paula/Documentos/airflow/venv/lib/python3.10/site-packages/airflow/example_dags/example_branch_datetime_operator.py for tasks to queue
[2024-11-05 15:20:30,677] {logging_mixin.py:115} INFO - [2024-11-05 15:20:30,677] {dagbag.py:507} INFO - Filling up the DagBag from /home/paula/Documentos/airflow/venv/lib/python3.10/site-packages/airflow/example_dags/example_branch_datetime_operator.py
[2024-11-05 15:20:30,687] {processor.py:651} INFO - DAG(s) dict_keys(['example_branch_datetime_operator_2']) retrieved from /home/paula/Documentos/airflow/venv/lib/python3.10/site-packages/airflow/example_dags/example_branch_datetime_operator.py
[2024-11-05 15:20:30,829] {logging_mixin.py:115} INFO - [2024-11-05 15:20:30,828] {dag.py:2379} INFO - Sync 1 DAGs
[2024-11-05 15:20:30,874] {logging_mixin.py:115} INFO - [2024-11-05 15:20:30,874] {dag.py:2927} INFO - Setting next_dagrun for example_branch_datetime_operator_2 to 2024-11-04T00:00:00+00:00, run_after=2024-11-05T00:00:00+00:00
[2024-11-05 15:20:31,063] {processor.py:161} INFO - Processing /home/paula/Documentos/airflow/venv/lib/python3.10/site-packages/airflow/example_dags/example_branch_datetime_operator.py took 0.730 seconds
[2024-11-05 15:21:45,210] {processor.py:153} INFO - Started process (PID=1058592) to work on /home/paula/Documentos/airflow/venv/lib/python3.10/site-packages/airflow/example_dags/example_branch_datetime_operator.py
[2024-11-05 15:21:45,233] {processor.py:641} INFO - Processing file /home/paula/Documentos/airflow/venv/lib/python3.10/site-packages/airflow/example_dags/example_branch_datetime_operator.py for tasks to queue
[2024-11-05 15:21:45,234] {logging_mixin.py:115} INFO - [2024-11-05 15:21:45,234] {dagbag.py:507} INFO - Filling up the DagBag from /home/paula/Documentos/airflow/venv/lib/python3.10/site-packages/airflow/example_dags/example_branch_datetime_operator.py
[2024-11-05 15:21:45,244] {processor.py:651} INFO - DAG(s) dict_keys(['example_branch_datetime_operator_2']) retrieved from /home/paula/Documentos/airflow/venv/lib/python3.10/site-packages/airflow/example_dags/example_branch_datetime_operator.py
[2024-11-05 15:21:45,263] {logging_mixin.py:115} INFO - [2024-11-05 15:21:45,263] {dag.py:2379} INFO - Sync 1 DAGs
[2024-11-05 15:21:45,286] {logging_mixin.py:115} INFO - [2024-11-05 15:21:45,285] {dag.py:2927} INFO - Setting next_dagrun for example_branch_datetime_operator_2 to 2024-11-04T00:00:00+00:00, run_after=2024-11-05T00:00:00+00:00
[2024-11-05 15:21:45,442] {processor.py:161} INFO - Processing /home/paula/Documentos/airflow/venv/lib/python3.10/site-packages/airflow/example_dags/example_branch_datetime_operator.py took 0.235 seconds
[2024-11-05 15:22:35,071] {processor.py:153} INFO - Started process (PID=1058894) to work on /home/paula/Documentos/airflow/venv/lib/python3.10/site-packages/airflow/example_dags/example_branch_datetime_operator.py
[2024-11-05 15:22:35,084] {processor.py:641} INFO - Processing file /home/paula/Documentos/airflow/venv/lib/python3.10/site-packages/airflow/example_dags/example_branch_datetime_operator.py for tasks to queue
[2024-11-05 15:22:35,085] {logging_mixin.py:115} INFO - [2024-11-05 15:22:35,085] {dagbag.py:507} INFO - Filling up the DagBag from /home/paula/Documentos/airflow/venv/lib/python3.10/site-packages/airflow/example_dags/example_branch_datetime_operator.py
[2024-11-05 15:22:35,097] {processor.py:651} INFO - DAG(s) dict_keys(['example_branch_datetime_operator_2']) retrieved from /home/paula/Documentos/airflow/venv/lib/python3.10/site-packages/airflow/example_dags/example_branch_datetime_operator.py
[2024-11-05 15:22:35,115] {logging_mixin.py:115} INFO - [2024-11-05 15:22:35,114] {dag.py:2379} INFO - Sync 1 DAGs
[2024-11-05 15:22:35,138] {logging_mixin.py:115} INFO - [2024-11-05 15:22:35,138] {dag.py:2927} INFO - Setting next_dagrun for example_branch_datetime_operator_2 to 2024-11-04T00:00:00+00:00, run_after=2024-11-05T00:00:00+00:00
[2024-11-05 15:22:35,283] {processor.py:161} INFO - Processing /home/paula/Documentos/airflow/venv/lib/python3.10/site-packages/airflow/example_dags/example_branch_datetime_operator.py took 0.215 seconds
[2024-11-05 15:23:17,817] {processor.py:153} INFO - Started process (PID=1059181) to work on /home/paula/Documentos/airflow/venv/lib/python3.10/site-packages/airflow/example_dags/example_branch_datetime_operator.py
[2024-11-05 15:23:17,834] {processor.py:641} INFO - Processing file /home/paula/Documentos/airflow/venv/lib/python3.10/site-packages/airflow/example_dags/example_branch_datetime_operator.py for tasks to queue
[2024-11-05 15:23:17,835] {logging_mixin.py:115} INFO - [2024-11-05 15:23:17,835] {dagbag.py:507} INFO - Filling up the DagBag from /home/paula/Documentos/airflow/venv/lib/python3.10/site-packages/airflow/example_dags/example_branch_datetime_operator.py
[2024-11-05 15:23:17,848] {processor.py:651} INFO - DAG(s) dict_keys(['example_branch_datetime_operator_2']) retrieved from /home/paula/Documentos/airflow/venv/lib/python3.10/site-packages/airflow/example_dags/example_branch_datetime_operator.py
[2024-11-05 15:23:17,867] {logging_mixin.py:115} INFO - [2024-11-05 15:23:17,866] {dag.py:2379} INFO - Sync 1 DAGs
[2024-11-05 15:23:17,890] {logging_mixin.py:115} INFO - [2024-11-05 15:23:17,890] {dag.py:2927} INFO - Setting next_dagrun for example_branch_datetime_operator_2 to 2024-11-04T00:00:00+00:00, run_after=2024-11-05T00:00:00+00:00
[2024-11-05 15:23:18,014] {processor.py:161} INFO - Processing /home/paula/Documentos/airflow/venv/lib/python3.10/site-packages/airflow/example_dags/example_branch_datetime_operator.py took 0.200 seconds
[2024-11-05 15:24:07,329] {processor.py:153} INFO - Started process (PID=1059495) to work on /home/paula/Documentos/airflow/venv/lib/python3.10/site-packages/airflow/example_dags/example_branch_datetime_operator.py
[2024-11-05 15:24:07,330] {processor.py:641} INFO - Processing file /home/paula/Documentos/airflow/venv/lib/python3.10/site-packages/airflow/example_dags/example_branch_datetime_operator.py for tasks to queue
[2024-11-05 15:24:07,330] {logging_mixin.py:115} INFO - [2024-11-05 15:24:07,330] {dagbag.py:507} INFO - Filling up the DagBag from /home/paula/Documentos/airflow/venv/lib/python3.10/site-packages/airflow/example_dags/example_branch_datetime_operator.py
[2024-11-05 15:24:07,340] {processor.py:651} INFO - DAG(s) dict_keys(['example_branch_datetime_operator_2']) retrieved from /home/paula/Documentos/airflow/venv/lib/python3.10/site-packages/airflow/example_dags/example_branch_datetime_operator.py
[2024-11-05 15:24:07,357] {logging_mixin.py:115} INFO - [2024-11-05 15:24:07,357] {dag.py:2379} INFO - Sync 1 DAGs
[2024-11-05 15:24:07,385] {logging_mixin.py:115} INFO - [2024-11-05 15:24:07,385] {dag.py:2927} INFO - Setting next_dagrun for example_branch_datetime_operator_2 to 2024-11-04T00:00:00+00:00, run_after=2024-11-05T00:00:00+00:00
[2024-11-05 15:24:07,485] {processor.py:161} INFO - Processing /home/paula/Documentos/airflow/venv/lib/python3.10/site-packages/airflow/example_dags/example_branch_datetime_operator.py took 0.161 seconds
[2024-11-05 15:24:56,707] {processor.py:153} INFO - Started process (PID=1059794) to work on /home/paula/Documentos/airflow/venv/lib/python3.10/site-packages/airflow/example_dags/example_branch_datetime_operator.py
[2024-11-05 15:24:56,783] {processor.py:641} INFO - Processing file /home/paula/Documentos/airflow/venv/lib/python3.10/site-packages/airflow/example_dags/example_branch_datetime_operator.py for tasks to queue
[2024-11-05 15:24:56,784] {logging_mixin.py:115} INFO - [2024-11-05 15:24:56,784] {dagbag.py:507} INFO - Filling up the DagBag from /home/paula/Documentos/airflow/venv/lib/python3.10/site-packages/airflow/example_dags/example_branch_datetime_operator.py
[2024-11-05 15:24:56,791] {processor.py:651} INFO - DAG(s) dict_keys(['example_branch_datetime_operator_2']) retrieved from /home/paula/Documentos/airflow/venv/lib/python3.10/site-packages/airflow/example_dags/example_branch_datetime_operator.py
[2024-11-05 15:24:56,808] {logging_mixin.py:115} INFO - [2024-11-05 15:24:56,808] {dag.py:2379} INFO - Sync 1 DAGs
[2024-11-05 15:24:56,830] {logging_mixin.py:115} INFO - [2024-11-05 15:24:56,830] {dag.py:2927} INFO - Setting next_dagrun for example_branch_datetime_operator_2 to 2024-11-04T00:00:00+00:00, run_after=2024-11-05T00:00:00+00:00
[2024-11-05 15:24:57,006] {processor.py:161} INFO - Processing /home/paula/Documentos/airflow/venv/lib/python3.10/site-packages/airflow/example_dags/example_branch_datetime_operator.py took 0.304 seconds
[2024-11-05 15:25:45,382] {processor.py:153} INFO - Started process (PID=1060195) to work on /home/paula/Documentos/airflow/venv/lib/python3.10/site-packages/airflow/example_dags/example_branch_datetime_operator.py
[2024-11-05 15:25:45,399] {processor.py:641} INFO - Processing file /home/paula/Documentos/airflow/venv/lib/python3.10/site-packages/airflow/example_dags/example_branch_datetime_operator.py for tasks to queue
[2024-11-05 15:25:45,401] {logging_mixin.py:115} INFO - [2024-11-05 15:25:45,400] {dagbag.py:507} INFO - Filling up the DagBag from /home/paula/Documentos/airflow/venv/lib/python3.10/site-packages/airflow/example_dags/example_branch_datetime_operator.py
[2024-11-05 15:25:45,414] {processor.py:651} INFO - DAG(s) dict_keys(['example_branch_datetime_operator_2']) retrieved from /home/paula/Documentos/airflow/venv/lib/python3.10/site-packages/airflow/example_dags/example_branch_datetime_operator.py
[2024-11-05 15:25:45,433] {logging_mixin.py:115} INFO - [2024-11-05 15:25:45,433] {dag.py:2379} INFO - Sync 1 DAGs
[2024-11-05 15:25:45,455] {logging_mixin.py:115} INFO - [2024-11-05 15:25:45,455] {dag.py:2927} INFO - Setting next_dagrun for example_branch_datetime_operator_2 to 2024-11-04T00:00:00+00:00, run_after=2024-11-05T00:00:00+00:00
[2024-11-05 15:25:45,544] {processor.py:161} INFO - Processing /home/paula/Documentos/airflow/venv/lib/python3.10/site-packages/airflow/example_dags/example_branch_datetime_operator.py took 0.164 seconds
[2024-11-05 15:29:14,369] {processor.py:153} INFO - Started process (PID=1061458) to work on /home/paula/Documentos/airflow/venv/lib/python3.10/site-packages/airflow/example_dags/example_branch_datetime_operator.py
[2024-11-05 15:29:14,370] {processor.py:641} INFO - Processing file /home/paula/Documentos/airflow/venv/lib/python3.10/site-packages/airflow/example_dags/example_branch_datetime_operator.py for tasks to queue
[2024-11-05 15:29:14,370] {logging_mixin.py:115} INFO - [2024-11-05 15:29:14,370] {dagbag.py:507} INFO - Filling up the DagBag from /home/paula/Documentos/airflow/venv/lib/python3.10/site-packages/airflow/example_dags/example_branch_datetime_operator.py
[2024-11-05 15:29:14,381] {processor.py:651} INFO - DAG(s) dict_keys(['example_branch_datetime_operator_2']) retrieved from /home/paula/Documentos/airflow/venv/lib/python3.10/site-packages/airflow/example_dags/example_branch_datetime_operator.py
[2024-11-05 15:29:14,398] {logging_mixin.py:115} INFO - [2024-11-05 15:29:14,398] {dag.py:2379} INFO - Sync 1 DAGs
[2024-11-05 15:29:14,420] {logging_mixin.py:115} INFO - [2024-11-05 15:29:14,420] {dag.py:2927} INFO - Setting next_dagrun for example_branch_datetime_operator_2 to 2024-11-04T00:00:00+00:00, run_after=2024-11-05T00:00:00+00:00
[2024-11-05 15:29:14,783] {processor.py:161} INFO - Processing /home/paula/Documentos/airflow/venv/lib/python3.10/site-packages/airflow/example_dags/example_branch_datetime_operator.py took 0.416 seconds
[2024-11-05 15:29:59,618] {processor.py:153} INFO - Started process (PID=1061763) to work on /home/paula/Documentos/airflow/venv/lib/python3.10/site-packages/airflow/example_dags/example_branch_datetime_operator.py
[2024-11-05 15:29:59,634] {processor.py:641} INFO - Processing file /home/paula/Documentos/airflow/venv/lib/python3.10/site-packages/airflow/example_dags/example_branch_datetime_operator.py for tasks to queue
[2024-11-05 15:29:59,635] {logging_mixin.py:115} INFO - [2024-11-05 15:29:59,635] {dagbag.py:507} INFO - Filling up the DagBag from /home/paula/Documentos/airflow/venv/lib/python3.10/site-packages/airflow/example_dags/example_branch_datetime_operator.py
[2024-11-05 15:29:59,646] {processor.py:651} INFO - DAG(s) dict_keys(['example_branch_datetime_operator_2']) retrieved from /home/paula/Documentos/airflow/venv/lib/python3.10/site-packages/airflow/example_dags/example_branch_datetime_operator.py
[2024-11-05 15:29:59,665] {logging_mixin.py:115} INFO - [2024-11-05 15:29:59,665] {dag.py:2379} INFO - Sync 1 DAGs
[2024-11-05 15:29:59,686] {logging_mixin.py:115} INFO - [2024-11-05 15:29:59,686] {dag.py:2927} INFO - Setting next_dagrun for example_branch_datetime_operator_2 to 2024-11-04T00:00:00+00:00, run_after=2024-11-05T00:00:00+00:00
[2024-11-05 15:29:59,777] {processor.py:161} INFO - Processing /home/paula/Documentos/airflow/venv/lib/python3.10/site-packages/airflow/example_dags/example_branch_datetime_operator.py took 0.162 seconds
[2024-11-05 15:30:42,018] {processor.py:153} INFO - Started process (PID=1062023) to work on /home/paula/Documentos/airflow/venv/lib/python3.10/site-packages/airflow/example_dags/example_branch_datetime_operator.py
[2024-11-05 15:30:42,033] {processor.py:641} INFO - Processing file /home/paula/Documentos/airflow/venv/lib/python3.10/site-packages/airflow/example_dags/example_branch_datetime_operator.py for tasks to queue
[2024-11-05 15:30:42,033] {logging_mixin.py:115} INFO - [2024-11-05 15:30:42,033] {dagbag.py:507} INFO - Filling up the DagBag from /home/paula/Documentos/airflow/venv/lib/python3.10/site-packages/airflow/example_dags/example_branch_datetime_operator.py
[2024-11-05 15:30:42,045] {processor.py:651} INFO - DAG(s) dict_keys(['example_branch_datetime_operator_2']) retrieved from /home/paula/Documentos/airflow/venv/lib/python3.10/site-packages/airflow/example_dags/example_branch_datetime_operator.py
[2024-11-05 15:30:42,063] {logging_mixin.py:115} INFO - [2024-11-05 15:30:42,063] {dag.py:2379} INFO - Sync 1 DAGs
[2024-11-05 15:30:42,088] {logging_mixin.py:115} INFO - [2024-11-05 15:30:42,088] {dag.py:2927} INFO - Setting next_dagrun for example_branch_datetime_operator_2 to 2024-11-04T00:00:00+00:00, run_after=2024-11-05T00:00:00+00:00
[2024-11-05 15:30:42,188] {processor.py:161} INFO - Processing /home/paula/Documentos/airflow/venv/lib/python3.10/site-packages/airflow/example_dags/example_branch_datetime_operator.py took 0.173 seconds
[2024-11-05 15:31:35,368] {processor.py:153} INFO - Started process (PID=1062332) to work on /home/paula/Documentos/airflow/venv/lib/python3.10/site-packages/airflow/example_dags/example_branch_datetime_operator.py
[2024-11-05 15:31:35,382] {processor.py:641} INFO - Processing file /home/paula/Documentos/airflow/venv/lib/python3.10/site-packages/airflow/example_dags/example_branch_datetime_operator.py for tasks to queue
[2024-11-05 15:31:35,383] {logging_mixin.py:115} INFO - [2024-11-05 15:31:35,383] {dagbag.py:507} INFO - Filling up the DagBag from /home/paula/Documentos/airflow/venv/lib/python3.10/site-packages/airflow/example_dags/example_branch_datetime_operator.py
[2024-11-05 15:31:35,393] {processor.py:651} INFO - DAG(s) dict_keys(['example_branch_datetime_operator_2']) retrieved from /home/paula/Documentos/airflow/venv/lib/python3.10/site-packages/airflow/example_dags/example_branch_datetime_operator.py
[2024-11-05 15:31:35,408] {logging_mixin.py:115} INFO - [2024-11-05 15:31:35,408] {dag.py:2379} INFO - Sync 1 DAGs
[2024-11-05 15:31:35,429] {logging_mixin.py:115} INFO - [2024-11-05 15:31:35,429] {dag.py:2927} INFO - Setting next_dagrun for example_branch_datetime_operator_2 to 2024-11-04T00:00:00+00:00, run_after=2024-11-05T00:00:00+00:00
[2024-11-05 15:31:35,525] {processor.py:161} INFO - Processing /home/paula/Documentos/airflow/venv/lib/python3.10/site-packages/airflow/example_dags/example_branch_datetime_operator.py took 0.159 seconds
[2024-11-05 15:33:00,588] {processor.py:153} INFO - Started process (PID=1062850) to work on /home/paula/Documentos/airflow/venv/lib/python3.10/site-packages/airflow/example_dags/example_branch_datetime_operator.py
[2024-11-05 15:33:00,588] {processor.py:641} INFO - Processing file /home/paula/Documentos/airflow/venv/lib/python3.10/site-packages/airflow/example_dags/example_branch_datetime_operator.py for tasks to queue
[2024-11-05 15:33:00,589] {logging_mixin.py:115} INFO - [2024-11-05 15:33:00,589] {dagbag.py:507} INFO - Filling up the DagBag from /home/paula/Documentos/airflow/venv/lib/python3.10/site-packages/airflow/example_dags/example_branch_datetime_operator.py
[2024-11-05 15:33:00,599] {processor.py:651} INFO - DAG(s) dict_keys(['example_branch_datetime_operator_2']) retrieved from /home/paula/Documentos/airflow/venv/lib/python3.10/site-packages/airflow/example_dags/example_branch_datetime_operator.py
[2024-11-05 15:33:00,615] {logging_mixin.py:115} INFO - [2024-11-05 15:33:00,615] {dag.py:2379} INFO - Sync 1 DAGs
[2024-11-05 15:33:00,637] {logging_mixin.py:115} INFO - [2024-11-05 15:33:00,637] {dag.py:2927} INFO - Setting next_dagrun for example_branch_datetime_operator_2 to 2024-11-04T00:00:00+00:00, run_after=2024-11-05T00:00:00+00:00
[2024-11-05 15:33:00,718] {processor.py:161} INFO - Processing /home/paula/Documentos/airflow/venv/lib/python3.10/site-packages/airflow/example_dags/example_branch_datetime_operator.py took 0.134 seconds
[2024-11-05 15:33:58,550] {processor.py:153} INFO - Started process (PID=1063258) to work on /home/paula/Documentos/airflow/venv/lib/python3.10/site-packages/airflow/example_dags/example_branch_datetime_operator.py
[2024-11-05 15:33:58,573] {processor.py:641} INFO - Processing file /home/paula/Documentos/airflow/venv/lib/python3.10/site-packages/airflow/example_dags/example_branch_datetime_operator.py for tasks to queue
[2024-11-05 15:33:58,574] {logging_mixin.py:115} INFO - [2024-11-05 15:33:58,574] {dagbag.py:507} INFO - Filling up the DagBag from /home/paula/Documentos/airflow/venv/lib/python3.10/site-packages/airflow/example_dags/example_branch_datetime_operator.py
[2024-11-05 15:33:58,582] {processor.py:651} INFO - DAG(s) dict_keys(['example_branch_datetime_operator_2']) retrieved from /home/paula/Documentos/airflow/venv/lib/python3.10/site-packages/airflow/example_dags/example_branch_datetime_operator.py
[2024-11-05 15:33:58,600] {logging_mixin.py:115} INFO - [2024-11-05 15:33:58,600] {dag.py:2379} INFO - Sync 1 DAGs
[2024-11-05 15:33:58,621] {logging_mixin.py:115} INFO - [2024-11-05 15:33:58,621] {dag.py:2927} INFO - Setting next_dagrun for example_branch_datetime_operator_2 to 2024-11-04T00:00:00+00:00, run_after=2024-11-05T00:00:00+00:00
[2024-11-05 15:33:58,733] {processor.py:161} INFO - Processing /home/paula/Documentos/airflow/venv/lib/python3.10/site-packages/airflow/example_dags/example_branch_datetime_operator.py took 0.187 seconds
[2024-11-05 15:34:39,726] {processor.py:153} INFO - Started process (PID=1063622) to work on /home/paula/Documentos/airflow/venv/lib/python3.10/site-packages/airflow/example_dags/example_branch_datetime_operator.py
[2024-11-05 15:34:39,741] {processor.py:641} INFO - Processing file /home/paula/Documentos/airflow/venv/lib/python3.10/site-packages/airflow/example_dags/example_branch_datetime_operator.py for tasks to queue
[2024-11-05 15:34:39,742] {logging_mixin.py:115} INFO - [2024-11-05 15:34:39,741] {dagbag.py:507} INFO - Filling up the DagBag from /home/paula/Documentos/airflow/venv/lib/python3.10/site-packages/airflow/example_dags/example_branch_datetime_operator.py
[2024-11-05 15:34:39,753] {processor.py:651} INFO - DAG(s) dict_keys(['example_branch_datetime_operator_2']) retrieved from /home/paula/Documentos/airflow/venv/lib/python3.10/site-packages/airflow/example_dags/example_branch_datetime_operator.py
[2024-11-05 15:34:39,771] {logging_mixin.py:115} INFO - [2024-11-05 15:34:39,771] {dag.py:2379} INFO - Sync 1 DAGs
[2024-11-05 15:34:39,791] {logging_mixin.py:115} INFO - [2024-11-05 15:34:39,790] {dag.py:2927} INFO - Setting next_dagrun for example_branch_datetime_operator_2 to 2024-11-04T00:00:00+00:00, run_after=2024-11-05T00:00:00+00:00
[2024-11-05 15:34:39,992] {processor.py:161} INFO - Processing /home/paula/Documentos/airflow/venv/lib/python3.10/site-packages/airflow/example_dags/example_branch_datetime_operator.py took 0.270 seconds
[2024-11-05 15:35:25,881] {processor.py:153} INFO - Started process (PID=1063943) to work on /home/paula/Documentos/airflow/venv/lib/python3.10/site-packages/airflow/example_dags/example_branch_datetime_operator.py
[2024-11-05 15:35:25,882] {processor.py:641} INFO - Processing file /home/paula/Documentos/airflow/venv/lib/python3.10/site-packages/airflow/example_dags/example_branch_datetime_operator.py for tasks to queue
[2024-11-05 15:35:25,882] {logging_mixin.py:115} INFO - [2024-11-05 15:35:25,882] {dagbag.py:507} INFO - Filling up the DagBag from /home/paula/Documentos/airflow/venv/lib/python3.10/site-packages/airflow/example_dags/example_branch_datetime_operator.py
[2024-11-05 15:35:25,891] {processor.py:651} INFO - DAG(s) dict_keys(['example_branch_datetime_operator_2']) retrieved from /home/paula/Documentos/airflow/venv/lib/python3.10/site-packages/airflow/example_dags/example_branch_datetime_operator.py
[2024-11-05 15:35:25,906] {logging_mixin.py:115} INFO - [2024-11-05 15:35:25,906] {dag.py:2379} INFO - Sync 1 DAGs
[2024-11-05 15:35:25,926] {logging_mixin.py:115} INFO - [2024-11-05 15:35:25,926] {dag.py:2927} INFO - Setting next_dagrun for example_branch_datetime_operator_2 to 2024-11-04T00:00:00+00:00, run_after=2024-11-05T00:00:00+00:00
[2024-11-05 15:35:26,069] {processor.py:161} INFO - Processing /home/paula/Documentos/airflow/venv/lib/python3.10/site-packages/airflow/example_dags/example_branch_datetime_operator.py took 0.192 seconds
[2024-11-05 15:40:06,338] {processor.py:153} INFO - Started process (PID=1066017) to work on /home/paula/Documentos/airflow/venv/lib/python3.10/site-packages/airflow/example_dags/example_branch_datetime_operator.py
[2024-11-05 15:40:06,359] {processor.py:641} INFO - Processing file /home/paula/Documentos/airflow/venv/lib/python3.10/site-packages/airflow/example_dags/example_branch_datetime_operator.py for tasks to queue
[2024-11-05 15:40:06,360] {logging_mixin.py:115} INFO - [2024-11-05 15:40:06,359] {dagbag.py:507} INFO - Filling up the DagBag from /home/paula/Documentos/airflow/venv/lib/python3.10/site-packages/airflow/example_dags/example_branch_datetime_operator.py
[2024-11-05 15:40:06,369] {processor.py:651} INFO - DAG(s) dict_keys(['example_branch_datetime_operator_2']) retrieved from /home/paula/Documentos/airflow/venv/lib/python3.10/site-packages/airflow/example_dags/example_branch_datetime_operator.py
[2024-11-05 15:40:06,393] {logging_mixin.py:115} INFO - [2024-11-05 15:40:06,393] {dag.py:2379} INFO - Sync 1 DAGs
[2024-11-05 15:40:06,413] {logging_mixin.py:115} INFO - [2024-11-05 15:40:06,413] {dag.py:2927} INFO - Setting next_dagrun for example_branch_datetime_operator_2 to 2024-11-04T00:00:00+00:00, run_after=2024-11-05T00:00:00+00:00
[2024-11-05 15:40:06,506] {processor.py:161} INFO - Processing /home/paula/Documentos/airflow/venv/lib/python3.10/site-packages/airflow/example_dags/example_branch_datetime_operator.py took 0.170 seconds
[2024-11-05 15:40:56,843] {processor.py:153} INFO - Started process (PID=1066348) to work on /home/paula/Documentos/airflow/venv/lib/python3.10/site-packages/airflow/example_dags/example_branch_datetime_operator.py
[2024-11-05 15:40:56,858] {processor.py:641} INFO - Processing file /home/paula/Documentos/airflow/venv/lib/python3.10/site-packages/airflow/example_dags/example_branch_datetime_operator.py for tasks to queue
[2024-11-05 15:40:56,859] {logging_mixin.py:115} INFO - [2024-11-05 15:40:56,859] {dagbag.py:507} INFO - Filling up the DagBag from /home/paula/Documentos/airflow/venv/lib/python3.10/site-packages/airflow/example_dags/example_branch_datetime_operator.py
[2024-11-05 15:40:56,868] {processor.py:651} INFO - DAG(s) dict_keys(['example_branch_datetime_operator_2']) retrieved from /home/paula/Documentos/airflow/venv/lib/python3.10/site-packages/airflow/example_dags/example_branch_datetime_operator.py
[2024-11-05 15:40:56,886] {logging_mixin.py:115} INFO - [2024-11-05 15:40:56,886] {dag.py:2379} INFO - Sync 1 DAGs
[2024-11-05 15:40:56,906] {logging_mixin.py:115} INFO - [2024-11-05 15:40:56,905] {dag.py:2927} INFO - Setting next_dagrun for example_branch_datetime_operator_2 to 2024-11-04T00:00:00+00:00, run_after=2024-11-05T00:00:00+00:00
[2024-11-05 15:40:57,007] {processor.py:161} INFO - Processing /home/paula/Documentos/airflow/venv/lib/python3.10/site-packages/airflow/example_dags/example_branch_datetime_operator.py took 0.167 seconds
