[2024-11-05 15:07:34,217] {processor.py:153} INFO - Started process (PID=1053043) to work on /home/paula/Documentos/airflow/venv/lib/python3.10/site-packages/airflow/example_dags/example_task_group_decorator.py
[2024-11-05 15:07:34,217] {processor.py:641} INFO - Processing file /home/paula/Documentos/airflow/venv/lib/python3.10/site-packages/airflow/example_dags/example_task_group_decorator.py for tasks to queue
[2024-11-05 15:07:34,218] {logging_mixin.py:115} INFO - [2024-11-05 15:07:34,217] {dagbag.py:507} INFO - Filling up the DagBag from /home/paula/Documentos/airflow/venv/lib/python3.10/site-packages/airflow/example_dags/example_task_group_decorator.py
[2024-11-05 15:07:34,243] {processor.py:651} INFO - DAG(s) dict_keys(['example_task_group_decorator']) retrieved from /home/paula/Documentos/airflow/venv/lib/python3.10/site-packages/airflow/example_dags/example_task_group_decorator.py
[2024-11-05 15:07:34,686] {logging_mixin.py:115} INFO - [2024-11-05 15:07:34,686] {manager.py:508} INFO - Created Permission View: can edit on DAG:example_task_group_decorator
[2024-11-05 15:07:34,842] {logging_mixin.py:115} INFO - [2024-11-05 15:07:34,842] {manager.py:508} INFO - Created Permission View: can read on DAG:example_task_group_decorator
[2024-11-05 15:07:34,966] {logging_mixin.py:115} INFO - [2024-11-05 15:07:34,966] {manager.py:508} INFO - Created Permission View: can delete on DAG:example_task_group_decorator
[2024-11-05 15:07:34,967] {logging_mixin.py:115} INFO - [2024-11-05 15:07:34,966] {dag.py:2379} INFO - Sync 1 DAGs
[2024-11-05 15:07:34,994] {logging_mixin.py:115} INFO - [2024-11-05 15:07:34,993] {dag.py:2398} INFO - Creating ORM DAG for example_task_group_decorator
[2024-11-05 15:07:35,021] {logging_mixin.py:115} INFO - [2024-11-05 15:07:35,021] {dag.py:2927} INFO - Setting next_dagrun for example_task_group_decorator to 2024-11-04T18:07:35.021213+00:00, run_after=2024-11-05T18:07:35.021213+00:00
[2024-11-05 15:07:35,247] {processor.py:161} INFO - Processing /home/paula/Documentos/airflow/venv/lib/python3.10/site-packages/airflow/example_dags/example_task_group_decorator.py took 1.034 seconds
[2024-11-05 15:08:42,752] {processor.py:153} INFO - Started process (PID=1053674) to work on /home/paula/Documentos/airflow/venv/lib/python3.10/site-packages/airflow/example_dags/example_task_group_decorator.py
[2024-11-05 15:08:42,769] {processor.py:641} INFO - Processing file /home/paula/Documentos/airflow/venv/lib/python3.10/site-packages/airflow/example_dags/example_task_group_decorator.py for tasks to queue
[2024-11-05 15:08:42,770] {logging_mixin.py:115} INFO - [2024-11-05 15:08:42,770] {dagbag.py:507} INFO - Filling up the DagBag from /home/paula/Documentos/airflow/venv/lib/python3.10/site-packages/airflow/example_dags/example_task_group_decorator.py
[2024-11-05 15:08:42,806] {processor.py:651} INFO - DAG(s) dict_keys(['example_task_group_decorator']) retrieved from /home/paula/Documentos/airflow/venv/lib/python3.10/site-packages/airflow/example_dags/example_task_group_decorator.py
[2024-11-05 15:08:43,103] {logging_mixin.py:115} INFO - [2024-11-05 15:08:43,103] {dag.py:2379} INFO - Sync 1 DAGs
[2024-11-05 15:08:43,117] {logging_mixin.py:115} INFO - [2024-11-05 15:08:43,117] {dag.py:2927} INFO - Setting next_dagrun for example_task_group_decorator to 2024-11-04T18:08:43.117309+00:00, run_after=2024-11-05T18:08:43.117309+00:00
[2024-11-05 15:08:43,307] {processor.py:161} INFO - Processing /home/paula/Documentos/airflow/venv/lib/python3.10/site-packages/airflow/example_dags/example_task_group_decorator.py took 0.557 seconds
[2024-11-05 15:09:24,550] {processor.py:153} INFO - Started process (PID=1053879) to work on /home/paula/Documentos/airflow/venv/lib/python3.10/site-packages/airflow/example_dags/example_task_group_decorator.py
[2024-11-05 15:09:24,562] {processor.py:641} INFO - Processing file /home/paula/Documentos/airflow/venv/lib/python3.10/site-packages/airflow/example_dags/example_task_group_decorator.py for tasks to queue
[2024-11-05 15:09:24,563] {logging_mixin.py:115} INFO - [2024-11-05 15:09:24,563] {dagbag.py:507} INFO - Filling up the DagBag from /home/paula/Documentos/airflow/venv/lib/python3.10/site-packages/airflow/example_dags/example_task_group_decorator.py
[2024-11-05 15:09:24,593] {processor.py:651} INFO - DAG(s) dict_keys(['example_task_group_decorator']) retrieved from /home/paula/Documentos/airflow/venv/lib/python3.10/site-packages/airflow/example_dags/example_task_group_decorator.py
[2024-11-05 15:09:24,646] {logging_mixin.py:115} INFO - [2024-11-05 15:09:24,645] {dag.py:2379} INFO - Sync 1 DAGs
[2024-11-05 15:09:24,660] {logging_mixin.py:115} INFO - [2024-11-05 15:09:24,660] {dag.py:2927} INFO - Setting next_dagrun for example_task_group_decorator to 2024-11-04T18:09:24.659828+00:00, run_after=2024-11-05T18:09:24.659828+00:00
[2024-11-05 15:09:24,829] {processor.py:161} INFO - Processing /home/paula/Documentos/airflow/venv/lib/python3.10/site-packages/airflow/example_dags/example_task_group_decorator.py took 0.282 seconds
[2024-11-05 15:10:04,594] {processor.py:153} INFO - Started process (PID=1054086) to work on /home/paula/Documentos/airflow/venv/lib/python3.10/site-packages/airflow/example_dags/example_task_group_decorator.py
[2024-11-05 15:10:04,610] {processor.py:641} INFO - Processing file /home/paula/Documentos/airflow/venv/lib/python3.10/site-packages/airflow/example_dags/example_task_group_decorator.py for tasks to queue
[2024-11-05 15:10:04,611] {logging_mixin.py:115} INFO - [2024-11-05 15:10:04,610] {dagbag.py:507} INFO - Filling up the DagBag from /home/paula/Documentos/airflow/venv/lib/python3.10/site-packages/airflow/example_dags/example_task_group_decorator.py
[2024-11-05 15:10:04,641] {processor.py:651} INFO - DAG(s) dict_keys(['example_task_group_decorator']) retrieved from /home/paula/Documentos/airflow/venv/lib/python3.10/site-packages/airflow/example_dags/example_task_group_decorator.py
[2024-11-05 15:10:04,668] {logging_mixin.py:115} INFO - [2024-11-05 15:10:04,668] {dag.py:2379} INFO - Sync 1 DAGs
[2024-11-05 15:10:04,689] {logging_mixin.py:115} INFO - [2024-11-05 15:10:04,689] {dag.py:2927} INFO - Setting next_dagrun for example_task_group_decorator to 2024-11-04T18:10:04.689498+00:00, run_after=2024-11-05T18:10:04.689498+00:00
[2024-11-05 15:10:04,967] {processor.py:161} INFO - Processing /home/paula/Documentos/airflow/venv/lib/python3.10/site-packages/airflow/example_dags/example_task_group_decorator.py took 0.380 seconds
[2024-11-05 15:10:53,230] {processor.py:153} INFO - Started process (PID=1054585) to work on /home/paula/Documentos/airflow/venv/lib/python3.10/site-packages/airflow/example_dags/example_task_group_decorator.py
[2024-11-05 15:10:53,255] {processor.py:641} INFO - Processing file /home/paula/Documentos/airflow/venv/lib/python3.10/site-packages/airflow/example_dags/example_task_group_decorator.py for tasks to queue
[2024-11-05 15:10:53,256] {logging_mixin.py:115} INFO - [2024-11-05 15:10:53,255] {dagbag.py:507} INFO - Filling up the DagBag from /home/paula/Documentos/airflow/venv/lib/python3.10/site-packages/airflow/example_dags/example_task_group_decorator.py
[2024-11-05 15:10:53,288] {processor.py:651} INFO - DAG(s) dict_keys(['example_task_group_decorator']) retrieved from /home/paula/Documentos/airflow/venv/lib/python3.10/site-packages/airflow/example_dags/example_task_group_decorator.py
[2024-11-05 15:10:53,330] {logging_mixin.py:115} INFO - [2024-11-05 15:10:53,330] {dag.py:2379} INFO - Sync 1 DAGs
[2024-11-05 15:10:53,344] {logging_mixin.py:115} INFO - [2024-11-05 15:10:53,343] {dag.py:2927} INFO - Setting next_dagrun for example_task_group_decorator to 2024-11-04T18:10:53.343728+00:00, run_after=2024-11-05T18:10:53.343728+00:00
[2024-11-05 15:10:53,632] {processor.py:161} INFO - Processing /home/paula/Documentos/airflow/venv/lib/python3.10/site-packages/airflow/example_dags/example_task_group_decorator.py took 0.406 seconds
[2024-11-05 15:11:43,106] {processor.py:153} INFO - Started process (PID=1054854) to work on /home/paula/Documentos/airflow/venv/lib/python3.10/site-packages/airflow/example_dags/example_task_group_decorator.py
[2024-11-05 15:11:43,135] {processor.py:641} INFO - Processing file /home/paula/Documentos/airflow/venv/lib/python3.10/site-packages/airflow/example_dags/example_task_group_decorator.py for tasks to queue
[2024-11-05 15:11:43,135] {logging_mixin.py:115} INFO - [2024-11-05 15:11:43,135] {dagbag.py:507} INFO - Filling up the DagBag from /home/paula/Documentos/airflow/venv/lib/python3.10/site-packages/airflow/example_dags/example_task_group_decorator.py
[2024-11-05 15:11:43,170] {processor.py:651} INFO - DAG(s) dict_keys(['example_task_group_decorator']) retrieved from /home/paula/Documentos/airflow/venv/lib/python3.10/site-packages/airflow/example_dags/example_task_group_decorator.py
[2024-11-05 15:11:43,220] {logging_mixin.py:115} INFO - [2024-11-05 15:11:43,220] {dag.py:2379} INFO - Sync 1 DAGs
[2024-11-05 15:11:43,238] {logging_mixin.py:115} INFO - [2024-11-05 15:11:43,238] {dag.py:2927} INFO - Setting next_dagrun for example_task_group_decorator to 2024-11-04T18:11:43.238073+00:00, run_after=2024-11-05T18:11:43.238073+00:00
[2024-11-05 15:11:43,504] {processor.py:161} INFO - Processing /home/paula/Documentos/airflow/venv/lib/python3.10/site-packages/airflow/example_dags/example_task_group_decorator.py took 0.401 seconds
[2024-11-05 15:12:31,770] {processor.py:153} INFO - Started process (PID=1055179) to work on /home/paula/Documentos/airflow/venv/lib/python3.10/site-packages/airflow/example_dags/example_task_group_decorator.py
[2024-11-05 15:12:31,785] {processor.py:641} INFO - Processing file /home/paula/Documentos/airflow/venv/lib/python3.10/site-packages/airflow/example_dags/example_task_group_decorator.py for tasks to queue
[2024-11-05 15:12:31,786] {logging_mixin.py:115} INFO - [2024-11-05 15:12:31,786] {dagbag.py:507} INFO - Filling up the DagBag from /home/paula/Documentos/airflow/venv/lib/python3.10/site-packages/airflow/example_dags/example_task_group_decorator.py
[2024-11-05 15:12:31,811] {processor.py:651} INFO - DAG(s) dict_keys(['example_task_group_decorator']) retrieved from /home/paula/Documentos/airflow/venv/lib/python3.10/site-packages/airflow/example_dags/example_task_group_decorator.py
[2024-11-05 15:12:32,111] {logging_mixin.py:115} INFO - [2024-11-05 15:12:32,111] {dag.py:2379} INFO - Sync 1 DAGs
[2024-11-05 15:12:32,127] {logging_mixin.py:115} INFO - [2024-11-05 15:12:32,127] {dag.py:2927} INFO - Setting next_dagrun for example_task_group_decorator to 2024-11-04T18:12:32.126841+00:00, run_after=2024-11-05T18:12:32.126841+00:00
[2024-11-05 15:12:32,328] {processor.py:161} INFO - Processing /home/paula/Documentos/airflow/venv/lib/python3.10/site-packages/airflow/example_dags/example_task_group_decorator.py took 0.561 seconds
[2024-11-05 15:13:23,370] {processor.py:153} INFO - Started process (PID=1055472) to work on /home/paula/Documentos/airflow/venv/lib/python3.10/site-packages/airflow/example_dags/example_task_group_decorator.py
[2024-11-05 15:13:23,380] {processor.py:641} INFO - Processing file /home/paula/Documentos/airflow/venv/lib/python3.10/site-packages/airflow/example_dags/example_task_group_decorator.py for tasks to queue
[2024-11-05 15:13:23,381] {logging_mixin.py:115} INFO - [2024-11-05 15:13:23,381] {dagbag.py:507} INFO - Filling up the DagBag from /home/paula/Documentos/airflow/venv/lib/python3.10/site-packages/airflow/example_dags/example_task_group_decorator.py
[2024-11-05 15:13:23,411] {processor.py:651} INFO - DAG(s) dict_keys(['example_task_group_decorator']) retrieved from /home/paula/Documentos/airflow/venv/lib/python3.10/site-packages/airflow/example_dags/example_task_group_decorator.py
[2024-11-05 15:13:23,461] {logging_mixin.py:115} INFO - [2024-11-05 15:13:23,461] {dag.py:2379} INFO - Sync 1 DAGs
[2024-11-05 15:13:23,477] {logging_mixin.py:115} INFO - [2024-11-05 15:13:23,477] {dag.py:2927} INFO - Setting next_dagrun for example_task_group_decorator to 2024-11-04T18:13:23.477347+00:00, run_after=2024-11-05T18:13:23.477347+00:00
[2024-11-05 15:13:23,778] {processor.py:161} INFO - Processing /home/paula/Documentos/airflow/venv/lib/python3.10/site-packages/airflow/example_dags/example_task_group_decorator.py took 0.412 seconds
[2024-11-05 15:13:59,060] {processor.py:153} INFO - Started process (PID=1055676) to work on /home/paula/Documentos/airflow/venv/lib/python3.10/site-packages/airflow/example_dags/example_task_group_decorator.py
[2024-11-05 15:13:59,104] {processor.py:641} INFO - Processing file /home/paula/Documentos/airflow/venv/lib/python3.10/site-packages/airflow/example_dags/example_task_group_decorator.py for tasks to queue
[2024-11-05 15:13:59,105] {logging_mixin.py:115} INFO - [2024-11-05 15:13:59,105] {dagbag.py:507} INFO - Filling up the DagBag from /home/paula/Documentos/airflow/venv/lib/python3.10/site-packages/airflow/example_dags/example_task_group_decorator.py
[2024-11-05 15:13:59,134] {processor.py:651} INFO - DAG(s) dict_keys(['example_task_group_decorator']) retrieved from /home/paula/Documentos/airflow/venv/lib/python3.10/site-packages/airflow/example_dags/example_task_group_decorator.py
[2024-11-05 15:13:59,196] {logging_mixin.py:115} INFO - [2024-11-05 15:13:59,195] {dag.py:2379} INFO - Sync 1 DAGs
[2024-11-05 15:13:59,220] {logging_mixin.py:115} INFO - [2024-11-05 15:13:59,220] {dag.py:2927} INFO - Setting next_dagrun for example_task_group_decorator to 2024-11-04T18:13:59.220091+00:00, run_after=2024-11-05T18:13:59.220091+00:00
[2024-11-05 15:13:59,486] {processor.py:161} INFO - Processing /home/paula/Documentos/airflow/venv/lib/python3.10/site-packages/airflow/example_dags/example_task_group_decorator.py took 0.429 seconds
[2024-11-05 15:14:52,383] {processor.py:153} INFO - Started process (PID=1055996) to work on /home/paula/Documentos/airflow/venv/lib/python3.10/site-packages/airflow/example_dags/example_task_group_decorator.py
[2024-11-05 15:14:52,396] {processor.py:641} INFO - Processing file /home/paula/Documentos/airflow/venv/lib/python3.10/site-packages/airflow/example_dags/example_task_group_decorator.py for tasks to queue
[2024-11-05 15:14:52,396] {logging_mixin.py:115} INFO - [2024-11-05 15:14:52,396] {dagbag.py:507} INFO - Filling up the DagBag from /home/paula/Documentos/airflow/venv/lib/python3.10/site-packages/airflow/example_dags/example_task_group_decorator.py
[2024-11-05 15:14:52,425] {processor.py:651} INFO - DAG(s) dict_keys(['example_task_group_decorator']) retrieved from /home/paula/Documentos/airflow/venv/lib/python3.10/site-packages/airflow/example_dags/example_task_group_decorator.py
[2024-11-05 15:14:52,460] {logging_mixin.py:115} INFO - [2024-11-05 15:14:52,460] {dag.py:2379} INFO - Sync 1 DAGs
[2024-11-05 15:14:52,517] {logging_mixin.py:115} INFO - [2024-11-05 15:14:52,517] {dag.py:2927} INFO - Setting next_dagrun for example_task_group_decorator to 2024-11-04T18:14:52.516837+00:00, run_after=2024-11-05T18:14:52.516837+00:00
[2024-11-05 15:14:52,617] {processor.py:161} INFO - Processing /home/paula/Documentos/airflow/venv/lib/python3.10/site-packages/airflow/example_dags/example_task_group_decorator.py took 0.237 seconds
[2024-11-05 15:15:31,831] {processor.py:153} INFO - Started process (PID=1056240) to work on /home/paula/Documentos/airflow/venv/lib/python3.10/site-packages/airflow/example_dags/example_task_group_decorator.py
[2024-11-05 15:15:31,849] {processor.py:641} INFO - Processing file /home/paula/Documentos/airflow/venv/lib/python3.10/site-packages/airflow/example_dags/example_task_group_decorator.py for tasks to queue
[2024-11-05 15:15:31,850] {logging_mixin.py:115} INFO - [2024-11-05 15:15:31,850] {dagbag.py:507} INFO - Filling up the DagBag from /home/paula/Documentos/airflow/venv/lib/python3.10/site-packages/airflow/example_dags/example_task_group_decorator.py
[2024-11-05 15:15:31,889] {processor.py:651} INFO - DAG(s) dict_keys(['example_task_group_decorator']) retrieved from /home/paula/Documentos/airflow/venv/lib/python3.10/site-packages/airflow/example_dags/example_task_group_decorator.py
[2024-11-05 15:15:31,976] {logging_mixin.py:115} INFO - [2024-11-05 15:15:31,975] {dag.py:2379} INFO - Sync 1 DAGs
[2024-11-05 15:15:31,992] {logging_mixin.py:115} INFO - [2024-11-05 15:15:31,992] {dag.py:2927} INFO - Setting next_dagrun for example_task_group_decorator to 2024-11-04T18:15:31.992622+00:00, run_after=2024-11-05T18:15:31.992622+00:00
[2024-11-05 15:15:32,097] {processor.py:161} INFO - Processing /home/paula/Documentos/airflow/venv/lib/python3.10/site-packages/airflow/example_dags/example_task_group_decorator.py took 0.270 seconds
[2024-11-05 15:16:10,018] {processor.py:153} INFO - Started process (PID=1056484) to work on /home/paula/Documentos/airflow/venv/lib/python3.10/site-packages/airflow/example_dags/example_task_group_decorator.py
[2024-11-05 15:16:10,019] {processor.py:641} INFO - Processing file /home/paula/Documentos/airflow/venv/lib/python3.10/site-packages/airflow/example_dags/example_task_group_decorator.py for tasks to queue
[2024-11-05 15:16:10,019] {logging_mixin.py:115} INFO - [2024-11-05 15:16:10,019] {dagbag.py:507} INFO - Filling up the DagBag from /home/paula/Documentos/airflow/venv/lib/python3.10/site-packages/airflow/example_dags/example_task_group_decorator.py
[2024-11-05 15:16:10,069] {processor.py:651} INFO - DAG(s) dict_keys(['example_task_group_decorator']) retrieved from /home/paula/Documentos/airflow/venv/lib/python3.10/site-packages/airflow/example_dags/example_task_group_decorator.py
[2024-11-05 15:16:10,124] {logging_mixin.py:115} INFO - [2024-11-05 15:16:10,124] {dag.py:2379} INFO - Sync 1 DAGs
[2024-11-05 15:16:10,139] {logging_mixin.py:115} INFO - [2024-11-05 15:16:10,139] {dag.py:2927} INFO - Setting next_dagrun for example_task_group_decorator to 2024-11-04T18:16:10.139265+00:00, run_after=2024-11-05T18:16:10.139265+00:00
[2024-11-05 15:16:10,260] {processor.py:161} INFO - Processing /home/paula/Documentos/airflow/venv/lib/python3.10/site-packages/airflow/example_dags/example_task_group_decorator.py took 0.248 seconds
[2024-11-05 15:16:45,133] {processor.py:153} INFO - Started process (PID=1056703) to work on /home/paula/Documentos/airflow/venv/lib/python3.10/site-packages/airflow/example_dags/example_task_group_decorator.py
[2024-11-05 15:16:45,167] {processor.py:641} INFO - Processing file /home/paula/Documentos/airflow/venv/lib/python3.10/site-packages/airflow/example_dags/example_task_group_decorator.py for tasks to queue
[2024-11-05 15:16:45,168] {logging_mixin.py:115} INFO - [2024-11-05 15:16:45,168] {dagbag.py:507} INFO - Filling up the DagBag from /home/paula/Documentos/airflow/venv/lib/python3.10/site-packages/airflow/example_dags/example_task_group_decorator.py
[2024-11-05 15:16:45,206] {processor.py:651} INFO - DAG(s) dict_keys(['example_task_group_decorator']) retrieved from /home/paula/Documentos/airflow/venv/lib/python3.10/site-packages/airflow/example_dags/example_task_group_decorator.py
[2024-11-05 15:16:45,226] {logging_mixin.py:115} INFO - [2024-11-05 15:16:45,226] {dag.py:2379} INFO - Sync 1 DAGs
[2024-11-05 15:16:45,248] {logging_mixin.py:115} INFO - [2024-11-05 15:16:45,248] {dag.py:2927} INFO - Setting next_dagrun for example_task_group_decorator to 2024-11-04T18:16:45.248574+00:00, run_after=2024-11-05T18:16:45.248574+00:00
[2024-11-05 15:16:45,554] {processor.py:161} INFO - Processing /home/paula/Documentos/airflow/venv/lib/python3.10/site-packages/airflow/example_dags/example_task_group_decorator.py took 0.424 seconds
[2024-11-05 15:17:21,917] {processor.py:153} INFO - Started process (PID=1056926) to work on /home/paula/Documentos/airflow/venv/lib/python3.10/site-packages/airflow/example_dags/example_task_group_decorator.py
[2024-11-05 15:17:21,918] {processor.py:641} INFO - Processing file /home/paula/Documentos/airflow/venv/lib/python3.10/site-packages/airflow/example_dags/example_task_group_decorator.py for tasks to queue
[2024-11-05 15:17:21,918] {logging_mixin.py:115} INFO - [2024-11-05 15:17:21,918] {dagbag.py:507} INFO - Filling up the DagBag from /home/paula/Documentos/airflow/venv/lib/python3.10/site-packages/airflow/example_dags/example_task_group_decorator.py
[2024-11-05 15:17:21,946] {processor.py:651} INFO - DAG(s) dict_keys(['example_task_group_decorator']) retrieved from /home/paula/Documentos/airflow/venv/lib/python3.10/site-packages/airflow/example_dags/example_task_group_decorator.py
[2024-11-05 15:17:21,994] {logging_mixin.py:115} INFO - [2024-11-05 15:17:21,994] {dag.py:2379} INFO - Sync 1 DAGs
[2024-11-05 15:17:22,010] {logging_mixin.py:115} INFO - [2024-11-05 15:17:22,010] {dag.py:2927} INFO - Setting next_dagrun for example_task_group_decorator to 2024-11-04T18:17:22.010303+00:00, run_after=2024-11-05T18:17:22.010303+00:00
[2024-11-05 15:17:22,111] {processor.py:161} INFO - Processing /home/paula/Documentos/airflow/venv/lib/python3.10/site-packages/airflow/example_dags/example_task_group_decorator.py took 0.197 seconds
[2024-11-05 15:17:57,481] {processor.py:153} INFO - Started process (PID=1057145) to work on /home/paula/Documentos/airflow/venv/lib/python3.10/site-packages/airflow/example_dags/example_task_group_decorator.py
[2024-11-05 15:17:57,482] {processor.py:641} INFO - Processing file /home/paula/Documentos/airflow/venv/lib/python3.10/site-packages/airflow/example_dags/example_task_group_decorator.py for tasks to queue
[2024-11-05 15:17:57,483] {logging_mixin.py:115} INFO - [2024-11-05 15:17:57,483] {dagbag.py:507} INFO - Filling up the DagBag from /home/paula/Documentos/airflow/venv/lib/python3.10/site-packages/airflow/example_dags/example_task_group_decorator.py
[2024-11-05 15:17:57,514] {processor.py:651} INFO - DAG(s) dict_keys(['example_task_group_decorator']) retrieved from /home/paula/Documentos/airflow/venv/lib/python3.10/site-packages/airflow/example_dags/example_task_group_decorator.py
[2024-11-05 15:17:57,533] {logging_mixin.py:115} INFO - [2024-11-05 15:17:57,533] {dag.py:2379} INFO - Sync 1 DAGs
[2024-11-05 15:17:57,551] {logging_mixin.py:115} INFO - [2024-11-05 15:17:57,551] {dag.py:2927} INFO - Setting next_dagrun for example_task_group_decorator to 2024-11-04T18:17:57.551080+00:00, run_after=2024-11-05T18:17:57.551080+00:00
[2024-11-05 15:17:57,661] {processor.py:161} INFO - Processing /home/paula/Documentos/airflow/venv/lib/python3.10/site-packages/airflow/example_dags/example_task_group_decorator.py took 0.185 seconds
[2024-11-05 15:18:34,168] {processor.py:153} INFO - Started process (PID=1057382) to work on /home/paula/Documentos/airflow/venv/lib/python3.10/site-packages/airflow/example_dags/example_task_group_decorator.py
[2024-11-05 15:18:34,169] {processor.py:641} INFO - Processing file /home/paula/Documentos/airflow/venv/lib/python3.10/site-packages/airflow/example_dags/example_task_group_decorator.py for tasks to queue
[2024-11-05 15:18:34,170] {logging_mixin.py:115} INFO - [2024-11-05 15:18:34,170] {dagbag.py:507} INFO - Filling up the DagBag from /home/paula/Documentos/airflow/venv/lib/python3.10/site-packages/airflow/example_dags/example_task_group_decorator.py
[2024-11-05 15:18:34,197] {processor.py:651} INFO - DAG(s) dict_keys(['example_task_group_decorator']) retrieved from /home/paula/Documentos/airflow/venv/lib/python3.10/site-packages/airflow/example_dags/example_task_group_decorator.py
[2024-11-05 15:18:34,245] {logging_mixin.py:115} INFO - [2024-11-05 15:18:34,245] {dag.py:2379} INFO - Sync 1 DAGs
[2024-11-05 15:18:34,260] {logging_mixin.py:115} INFO - [2024-11-05 15:18:34,260] {dag.py:2927} INFO - Setting next_dagrun for example_task_group_decorator to 2024-11-04T18:18:34.260626+00:00, run_after=2024-11-05T18:18:34.260626+00:00
[2024-11-05 15:18:34,456] {processor.py:161} INFO - Processing /home/paula/Documentos/airflow/venv/lib/python3.10/site-packages/airflow/example_dags/example_task_group_decorator.py took 0.292 seconds
[2024-11-05 15:19:17,306] {processor.py:153} INFO - Started process (PID=1057636) to work on /home/paula/Documentos/airflow/venv/lib/python3.10/site-packages/airflow/example_dags/example_task_group_decorator.py
[2024-11-05 15:19:17,306] {processor.py:641} INFO - Processing file /home/paula/Documentos/airflow/venv/lib/python3.10/site-packages/airflow/example_dags/example_task_group_decorator.py for tasks to queue
[2024-11-05 15:19:17,307] {logging_mixin.py:115} INFO - [2024-11-05 15:19:17,307] {dagbag.py:507} INFO - Filling up the DagBag from /home/paula/Documentos/airflow/venv/lib/python3.10/site-packages/airflow/example_dags/example_task_group_decorator.py
[2024-11-05 15:19:17,333] {processor.py:651} INFO - DAG(s) dict_keys(['example_task_group_decorator']) retrieved from /home/paula/Documentos/airflow/venv/lib/python3.10/site-packages/airflow/example_dags/example_task_group_decorator.py
[2024-11-05 15:19:17,377] {logging_mixin.py:115} INFO - [2024-11-05 15:19:17,377] {dag.py:2379} INFO - Sync 1 DAGs
[2024-11-05 15:19:17,393] {logging_mixin.py:115} INFO - [2024-11-05 15:19:17,393] {dag.py:2927} INFO - Setting next_dagrun for example_task_group_decorator to 2024-11-04T18:19:17.392841+00:00, run_after=2024-11-05T18:19:17.392841+00:00
[2024-11-05 15:19:17,519] {processor.py:161} INFO - Processing /home/paula/Documentos/airflow/venv/lib/python3.10/site-packages/airflow/example_dags/example_task_group_decorator.py took 0.217 seconds
[2024-11-05 15:19:50,839] {processor.py:153} INFO - Started process (PID=1057876) to work on /home/paula/Documentos/airflow/venv/lib/python3.10/site-packages/airflow/example_dags/example_task_group_decorator.py
[2024-11-05 15:19:50,840] {processor.py:641} INFO - Processing file /home/paula/Documentos/airflow/venv/lib/python3.10/site-packages/airflow/example_dags/example_task_group_decorator.py for tasks to queue
[2024-11-05 15:19:50,840] {logging_mixin.py:115} INFO - [2024-11-05 15:19:50,840] {dagbag.py:507} INFO - Filling up the DagBag from /home/paula/Documentos/airflow/venv/lib/python3.10/site-packages/airflow/example_dags/example_task_group_decorator.py
[2024-11-05 15:19:50,868] {processor.py:651} INFO - DAG(s) dict_keys(['example_task_group_decorator']) retrieved from /home/paula/Documentos/airflow/venv/lib/python3.10/site-packages/airflow/example_dags/example_task_group_decorator.py
[2024-11-05 15:19:50,890] {logging_mixin.py:115} INFO - [2024-11-05 15:19:50,890] {dag.py:2379} INFO - Sync 1 DAGs
[2024-11-05 15:19:50,910] {logging_mixin.py:115} INFO - [2024-11-05 15:19:50,910] {dag.py:2927} INFO - Setting next_dagrun for example_task_group_decorator to 2024-11-04T18:19:50.909954+00:00, run_after=2024-11-05T18:19:50.909954+00:00
[2024-11-05 15:19:51,009] {processor.py:161} INFO - Processing /home/paula/Documentos/airflow/venv/lib/python3.10/site-packages/airflow/example_dags/example_task_group_decorator.py took 0.173 seconds
[2024-11-05 15:20:25,709] {processor.py:153} INFO - Started process (PID=1058080) to work on /home/paula/Documentos/airflow/venv/lib/python3.10/site-packages/airflow/example_dags/example_task_group_decorator.py
[2024-11-05 15:20:25,710] {processor.py:641} INFO - Processing file /home/paula/Documentos/airflow/venv/lib/python3.10/site-packages/airflow/example_dags/example_task_group_decorator.py for tasks to queue
[2024-11-05 15:20:25,710] {logging_mixin.py:115} INFO - [2024-11-05 15:20:25,710] {dagbag.py:507} INFO - Filling up the DagBag from /home/paula/Documentos/airflow/venv/lib/python3.10/site-packages/airflow/example_dags/example_task_group_decorator.py
[2024-11-05 15:20:25,738] {processor.py:651} INFO - DAG(s) dict_keys(['example_task_group_decorator']) retrieved from /home/paula/Documentos/airflow/venv/lib/python3.10/site-packages/airflow/example_dags/example_task_group_decorator.py
[2024-11-05 15:20:25,788] {logging_mixin.py:115} INFO - [2024-11-05 15:20:25,788] {dag.py:2379} INFO - Sync 1 DAGs
[2024-11-05 15:20:25,803] {logging_mixin.py:115} INFO - [2024-11-05 15:20:25,803] {dag.py:2927} INFO - Setting next_dagrun for example_task_group_decorator to 2024-11-04T18:20:25.803470+00:00, run_after=2024-11-05T18:20:25.803470+00:00
[2024-11-05 15:20:25,900] {processor.py:161} INFO - Processing /home/paula/Documentos/airflow/venv/lib/python3.10/site-packages/airflow/example_dags/example_task_group_decorator.py took 0.193 seconds
[2024-11-05 15:21:17,705] {processor.py:153} INFO - Started process (PID=1058419) to work on /home/paula/Documentos/airflow/venv/lib/python3.10/site-packages/airflow/example_dags/example_task_group_decorator.py
[2024-11-05 15:21:17,720] {processor.py:641} INFO - Processing file /home/paula/Documentos/airflow/venv/lib/python3.10/site-packages/airflow/example_dags/example_task_group_decorator.py for tasks to queue
[2024-11-05 15:21:17,721] {logging_mixin.py:115} INFO - [2024-11-05 15:21:17,721] {dagbag.py:507} INFO - Filling up the DagBag from /home/paula/Documentos/airflow/venv/lib/python3.10/site-packages/airflow/example_dags/example_task_group_decorator.py
[2024-11-05 15:21:17,753] {processor.py:651} INFO - DAG(s) dict_keys(['example_task_group_decorator']) retrieved from /home/paula/Documentos/airflow/venv/lib/python3.10/site-packages/airflow/example_dags/example_task_group_decorator.py
[2024-11-05 15:21:17,801] {logging_mixin.py:115} INFO - [2024-11-05 15:21:17,801] {dag.py:2379} INFO - Sync 1 DAGs
[2024-11-05 15:21:17,817] {logging_mixin.py:115} INFO - [2024-11-05 15:21:17,816] {dag.py:2927} INFO - Setting next_dagrun for example_task_group_decorator to 2024-11-04T18:21:17.816747+00:00, run_after=2024-11-05T18:21:17.816747+00:00
[2024-11-05 15:21:17,920] {processor.py:161} INFO - Processing /home/paula/Documentos/airflow/venv/lib/python3.10/site-packages/airflow/example_dags/example_task_group_decorator.py took 0.218 seconds
[2024-11-05 15:22:00,795] {processor.py:153} INFO - Started process (PID=1058686) to work on /home/paula/Documentos/airflow/venv/lib/python3.10/site-packages/airflow/example_dags/example_task_group_decorator.py
[2024-11-05 15:22:00,808] {processor.py:641} INFO - Processing file /home/paula/Documentos/airflow/venv/lib/python3.10/site-packages/airflow/example_dags/example_task_group_decorator.py for tasks to queue
[2024-11-05 15:22:00,809] {logging_mixin.py:115} INFO - [2024-11-05 15:22:00,809] {dagbag.py:507} INFO - Filling up the DagBag from /home/paula/Documentos/airflow/venv/lib/python3.10/site-packages/airflow/example_dags/example_task_group_decorator.py
[2024-11-05 15:22:00,838] {processor.py:651} INFO - DAG(s) dict_keys(['example_task_group_decorator']) retrieved from /home/paula/Documentos/airflow/venv/lib/python3.10/site-packages/airflow/example_dags/example_task_group_decorator.py
[2024-11-05 15:22:00,888] {logging_mixin.py:115} INFO - [2024-11-05 15:22:00,888] {dag.py:2379} INFO - Sync 1 DAGs
[2024-11-05 15:22:00,905] {logging_mixin.py:115} INFO - [2024-11-05 15:22:00,904] {dag.py:2927} INFO - Setting next_dagrun for example_task_group_decorator to 2024-11-04T18:22:00.904775+00:00, run_after=2024-11-05T18:22:00.904775+00:00
[2024-11-05 15:22:01,035] {processor.py:161} INFO - Processing /home/paula/Documentos/airflow/venv/lib/python3.10/site-packages/airflow/example_dags/example_task_group_decorator.py took 0.244 seconds
[2024-11-05 15:22:42,573] {processor.py:153} INFO - Started process (PID=1058939) to work on /home/paula/Documentos/airflow/venv/lib/python3.10/site-packages/airflow/example_dags/example_task_group_decorator.py
[2024-11-05 15:22:42,603] {processor.py:641} INFO - Processing file /home/paula/Documentos/airflow/venv/lib/python3.10/site-packages/airflow/example_dags/example_task_group_decorator.py for tasks to queue
[2024-11-05 15:22:42,604] {logging_mixin.py:115} INFO - [2024-11-05 15:22:42,604] {dagbag.py:507} INFO - Filling up the DagBag from /home/paula/Documentos/airflow/venv/lib/python3.10/site-packages/airflow/example_dags/example_task_group_decorator.py
[2024-11-05 15:22:42,633] {processor.py:651} INFO - DAG(s) dict_keys(['example_task_group_decorator']) retrieved from /home/paula/Documentos/airflow/venv/lib/python3.10/site-packages/airflow/example_dags/example_task_group_decorator.py
[2024-11-05 15:22:42,652] {logging_mixin.py:115} INFO - [2024-11-05 15:22:42,652] {dag.py:2379} INFO - Sync 1 DAGs
[2024-11-05 15:22:42,674] {logging_mixin.py:115} INFO - [2024-11-05 15:22:42,674] {dag.py:2927} INFO - Setting next_dagrun for example_task_group_decorator to 2024-11-04T18:22:42.674194+00:00, run_after=2024-11-05T18:22:42.674194+00:00
[2024-11-05 15:22:42,903] {processor.py:161} INFO - Processing /home/paula/Documentos/airflow/venv/lib/python3.10/site-packages/airflow/example_dags/example_task_group_decorator.py took 0.334 seconds
[2024-11-05 15:23:23,332] {processor.py:153} INFO - Started process (PID=1059214) to work on /home/paula/Documentos/airflow/venv/lib/python3.10/site-packages/airflow/example_dags/example_task_group_decorator.py
[2024-11-05 15:23:23,346] {processor.py:641} INFO - Processing file /home/paula/Documentos/airflow/venv/lib/python3.10/site-packages/airflow/example_dags/example_task_group_decorator.py for tasks to queue
[2024-11-05 15:23:23,346] {logging_mixin.py:115} INFO - [2024-11-05 15:23:23,346] {dagbag.py:507} INFO - Filling up the DagBag from /home/paula/Documentos/airflow/venv/lib/python3.10/site-packages/airflow/example_dags/example_task_group_decorator.py
[2024-11-05 15:23:23,378] {processor.py:651} INFO - DAG(s) dict_keys(['example_task_group_decorator']) retrieved from /home/paula/Documentos/airflow/venv/lib/python3.10/site-packages/airflow/example_dags/example_task_group_decorator.py
[2024-11-05 15:23:23,437] {logging_mixin.py:115} INFO - [2024-11-05 15:23:23,437] {dag.py:2379} INFO - Sync 1 DAGs
[2024-11-05 15:23:23,456] {logging_mixin.py:115} INFO - [2024-11-05 15:23:23,455] {dag.py:2927} INFO - Setting next_dagrun for example_task_group_decorator to 2024-11-04T18:23:23.455697+00:00, run_after=2024-11-05T18:23:23.455697+00:00
[2024-11-05 15:23:23,540] {processor.py:161} INFO - Processing /home/paula/Documentos/airflow/venv/lib/python3.10/site-packages/airflow/example_dags/example_task_group_decorator.py took 0.211 seconds
[2024-11-05 15:24:01,904] {processor.py:153} INFO - Started process (PID=1059455) to work on /home/paula/Documentos/airflow/venv/lib/python3.10/site-packages/airflow/example_dags/example_task_group_decorator.py
[2024-11-05 15:24:01,905] {processor.py:641} INFO - Processing file /home/paula/Documentos/airflow/venv/lib/python3.10/site-packages/airflow/example_dags/example_task_group_decorator.py for tasks to queue
[2024-11-05 15:24:01,905] {logging_mixin.py:115} INFO - [2024-11-05 15:24:01,905] {dagbag.py:507} INFO - Filling up the DagBag from /home/paula/Documentos/airflow/venv/lib/python3.10/site-packages/airflow/example_dags/example_task_group_decorator.py
[2024-11-05 15:24:01,937] {processor.py:651} INFO - DAG(s) dict_keys(['example_task_group_decorator']) retrieved from /home/paula/Documentos/airflow/venv/lib/python3.10/site-packages/airflow/example_dags/example_task_group_decorator.py
[2024-11-05 15:24:01,955] {logging_mixin.py:115} INFO - [2024-11-05 15:24:01,955] {dag.py:2379} INFO - Sync 1 DAGs
[2024-11-05 15:24:01,978] {logging_mixin.py:115} INFO - [2024-11-05 15:24:01,978] {dag.py:2927} INFO - Setting next_dagrun for example_task_group_decorator to 2024-11-04T18:24:01.978070+00:00, run_after=2024-11-05T18:24:01.978070+00:00
[2024-11-05 15:24:02,083] {processor.py:161} INFO - Processing /home/paula/Documentos/airflow/venv/lib/python3.10/site-packages/airflow/example_dags/example_task_group_decorator.py took 0.182 seconds
[2024-11-05 15:24:35,950] {processor.py:153} INFO - Started process (PID=1059670) to work on /home/paula/Documentos/airflow/venv/lib/python3.10/site-packages/airflow/example_dags/example_task_group_decorator.py
[2024-11-05 15:24:35,971] {processor.py:641} INFO - Processing file /home/paula/Documentos/airflow/venv/lib/python3.10/site-packages/airflow/example_dags/example_task_group_decorator.py for tasks to queue
[2024-11-05 15:24:35,971] {logging_mixin.py:115} INFO - [2024-11-05 15:24:35,971] {dagbag.py:507} INFO - Filling up the DagBag from /home/paula/Documentos/airflow/venv/lib/python3.10/site-packages/airflow/example_dags/example_task_group_decorator.py
[2024-11-05 15:24:35,998] {processor.py:651} INFO - DAG(s) dict_keys(['example_task_group_decorator']) retrieved from /home/paula/Documentos/airflow/venv/lib/python3.10/site-packages/airflow/example_dags/example_task_group_decorator.py
[2024-11-05 15:24:36,047] {logging_mixin.py:115} INFO - [2024-11-05 15:24:36,047] {dag.py:2379} INFO - Sync 1 DAGs
[2024-11-05 15:24:36,062] {logging_mixin.py:115} INFO - [2024-11-05 15:24:36,062] {dag.py:2927} INFO - Setting next_dagrun for example_task_group_decorator to 2024-11-04T18:24:36.061797+00:00, run_after=2024-11-05T18:24:36.061797+00:00
[2024-11-05 15:24:36,228] {processor.py:161} INFO - Processing /home/paula/Documentos/airflow/venv/lib/python3.10/site-packages/airflow/example_dags/example_task_group_decorator.py took 0.282 seconds
[2024-11-05 15:25:17,302] {processor.py:153} INFO - Started process (PID=1060014) to work on /home/paula/Documentos/airflow/venv/lib/python3.10/site-packages/airflow/example_dags/example_task_group_decorator.py
[2024-11-05 15:25:17,303] {processor.py:641} INFO - Processing file /home/paula/Documentos/airflow/venv/lib/python3.10/site-packages/airflow/example_dags/example_task_group_decorator.py for tasks to queue
[2024-11-05 15:25:17,304] {logging_mixin.py:115} INFO - [2024-11-05 15:25:17,304] {dagbag.py:507} INFO - Filling up the DagBag from /home/paula/Documentos/airflow/venv/lib/python3.10/site-packages/airflow/example_dags/example_task_group_decorator.py
[2024-11-05 15:25:17,333] {processor.py:651} INFO - DAG(s) dict_keys(['example_task_group_decorator']) retrieved from /home/paula/Documentos/airflow/venv/lib/python3.10/site-packages/airflow/example_dags/example_task_group_decorator.py
[2024-11-05 15:25:17,374] {logging_mixin.py:115} INFO - [2024-11-05 15:25:17,374] {dag.py:2379} INFO - Sync 1 DAGs
[2024-11-05 15:25:17,388] {logging_mixin.py:115} INFO - [2024-11-05 15:25:17,388] {dag.py:2927} INFO - Setting next_dagrun for example_task_group_decorator to 2024-11-04T18:25:17.388242+00:00, run_after=2024-11-05T18:25:17.388242+00:00
[2024-11-05 15:25:17,474] {processor.py:161} INFO - Processing /home/paula/Documentos/airflow/venv/lib/python3.10/site-packages/airflow/example_dags/example_task_group_decorator.py took 0.176 seconds
[2024-11-05 15:25:52,555] {processor.py:153} INFO - Started process (PID=1060239) to work on /home/paula/Documentos/airflow/venv/lib/python3.10/site-packages/airflow/example_dags/example_task_group_decorator.py
[2024-11-05 15:25:52,569] {processor.py:641} INFO - Processing file /home/paula/Documentos/airflow/venv/lib/python3.10/site-packages/airflow/example_dags/example_task_group_decorator.py for tasks to queue
[2024-11-05 15:25:52,570] {logging_mixin.py:115} INFO - [2024-11-05 15:25:52,570] {dagbag.py:507} INFO - Filling up the DagBag from /home/paula/Documentos/airflow/venv/lib/python3.10/site-packages/airflow/example_dags/example_task_group_decorator.py
[2024-11-05 15:25:52,601] {processor.py:651} INFO - DAG(s) dict_keys(['example_task_group_decorator']) retrieved from /home/paula/Documentos/airflow/venv/lib/python3.10/site-packages/airflow/example_dags/example_task_group_decorator.py
[2024-11-05 15:25:52,642] {logging_mixin.py:115} INFO - [2024-11-05 15:25:52,642] {dag.py:2379} INFO - Sync 1 DAGs
[2024-11-05 15:25:52,656] {logging_mixin.py:115} INFO - [2024-11-05 15:25:52,656] {dag.py:2927} INFO - Setting next_dagrun for example_task_group_decorator to 2024-11-04T18:25:52.656537+00:00, run_after=2024-11-05T18:25:52.656537+00:00
[2024-11-05 15:25:52,743] {processor.py:161} INFO - Processing /home/paula/Documentos/airflow/venv/lib/python3.10/site-packages/airflow/example_dags/example_task_group_decorator.py took 0.191 seconds
[2024-11-05 15:28:47,309] {processor.py:153} INFO - Started process (PID=1061295) to work on /home/paula/Documentos/airflow/venv/lib/python3.10/site-packages/airflow/example_dags/example_task_group_decorator.py
[2024-11-05 15:28:47,332] {processor.py:641} INFO - Processing file /home/paula/Documentos/airflow/venv/lib/python3.10/site-packages/airflow/example_dags/example_task_group_decorator.py for tasks to queue
[2024-11-05 15:28:47,333] {logging_mixin.py:115} INFO - [2024-11-05 15:28:47,333] {dagbag.py:507} INFO - Filling up the DagBag from /home/paula/Documentos/airflow/venv/lib/python3.10/site-packages/airflow/example_dags/example_task_group_decorator.py
[2024-11-05 15:28:47,377] {processor.py:651} INFO - DAG(s) dict_keys(['example_task_group_decorator']) retrieved from /home/paula/Documentos/airflow/venv/lib/python3.10/site-packages/airflow/example_dags/example_task_group_decorator.py
[2024-11-05 15:28:47,440] {logging_mixin.py:115} INFO - [2024-11-05 15:28:47,440] {dag.py:2379} INFO - Sync 1 DAGs
[2024-11-05 15:28:47,455] {logging_mixin.py:115} INFO - [2024-11-05 15:28:47,455] {dag.py:2927} INFO - Setting next_dagrun for example_task_group_decorator to 2024-11-04T18:28:47.454993+00:00, run_after=2024-11-05T18:28:47.454993+00:00
[2024-11-05 15:28:47,546] {processor.py:161} INFO - Processing /home/paula/Documentos/airflow/venv/lib/python3.10/site-packages/airflow/example_dags/example_task_group_decorator.py took 0.240 seconds
[2024-11-05 15:29:29,685] {processor.py:153} INFO - Started process (PID=1061587) to work on /home/paula/Documentos/airflow/venv/lib/python3.10/site-packages/airflow/example_dags/example_task_group_decorator.py
[2024-11-05 15:29:29,715] {processor.py:641} INFO - Processing file /home/paula/Documentos/airflow/venv/lib/python3.10/site-packages/airflow/example_dags/example_task_group_decorator.py for tasks to queue
[2024-11-05 15:29:29,715] {logging_mixin.py:115} INFO - [2024-11-05 15:29:29,715] {dagbag.py:507} INFO - Filling up the DagBag from /home/paula/Documentos/airflow/venv/lib/python3.10/site-packages/airflow/example_dags/example_task_group_decorator.py
[2024-11-05 15:29:29,744] {processor.py:651} INFO - DAG(s) dict_keys(['example_task_group_decorator']) retrieved from /home/paula/Documentos/airflow/venv/lib/python3.10/site-packages/airflow/example_dags/example_task_group_decorator.py
[2024-11-05 15:29:30,148] {logging_mixin.py:115} INFO - [2024-11-05 15:29:30,148] {dag.py:2379} INFO - Sync 1 DAGs
[2024-11-05 15:29:30,176] {logging_mixin.py:115} INFO - [2024-11-05 15:29:30,176] {dag.py:2927} INFO - Setting next_dagrun for example_task_group_decorator to 2024-11-04T18:29:30.176347+00:00, run_after=2024-11-05T18:29:30.176347+00:00
[2024-11-05 15:29:30,720] {processor.py:161} INFO - Processing /home/paula/Documentos/airflow/venv/lib/python3.10/site-packages/airflow/example_dags/example_task_group_decorator.py took 1.039 seconds
[2024-11-05 15:30:15,134] {processor.py:153} INFO - Started process (PID=1061858) to work on /home/paula/Documentos/airflow/venv/lib/python3.10/site-packages/airflow/example_dags/example_task_group_decorator.py
[2024-11-05 15:30:15,168] {processor.py:641} INFO - Processing file /home/paula/Documentos/airflow/venv/lib/python3.10/site-packages/airflow/example_dags/example_task_group_decorator.py for tasks to queue
[2024-11-05 15:30:15,169] {logging_mixin.py:115} INFO - [2024-11-05 15:30:15,169] {dagbag.py:507} INFO - Filling up the DagBag from /home/paula/Documentos/airflow/venv/lib/python3.10/site-packages/airflow/example_dags/example_task_group_decorator.py
[2024-11-05 15:30:15,197] {processor.py:651} INFO - DAG(s) dict_keys(['example_task_group_decorator']) retrieved from /home/paula/Documentos/airflow/venv/lib/python3.10/site-packages/airflow/example_dags/example_task_group_decorator.py
[2024-11-05 15:30:15,373] {logging_mixin.py:115} INFO - [2024-11-05 15:30:15,373] {dag.py:2379} INFO - Sync 1 DAGs
[2024-11-05 15:30:15,387] {logging_mixin.py:115} INFO - [2024-11-05 15:30:15,387] {dag.py:2927} INFO - Setting next_dagrun for example_task_group_decorator to 2024-11-04T18:30:15.387383+00:00, run_after=2024-11-05T18:30:15.387383+00:00
[2024-11-05 15:30:15,585] {processor.py:161} INFO - Processing /home/paula/Documentos/airflow/venv/lib/python3.10/site-packages/airflow/example_dags/example_task_group_decorator.py took 0.453 seconds
[2024-11-05 15:30:57,825] {processor.py:153} INFO - Started process (PID=1062113) to work on /home/paula/Documentos/airflow/venv/lib/python3.10/site-packages/airflow/example_dags/example_task_group_decorator.py
[2024-11-05 15:30:57,832] {processor.py:641} INFO - Processing file /home/paula/Documentos/airflow/venv/lib/python3.10/site-packages/airflow/example_dags/example_task_group_decorator.py for tasks to queue
[2024-11-05 15:30:57,833] {logging_mixin.py:115} INFO - [2024-11-05 15:30:57,833] {dagbag.py:507} INFO - Filling up the DagBag from /home/paula/Documentos/airflow/venv/lib/python3.10/site-packages/airflow/example_dags/example_task_group_decorator.py
[2024-11-05 15:30:57,862] {processor.py:651} INFO - DAG(s) dict_keys(['example_task_group_decorator']) retrieved from /home/paula/Documentos/airflow/venv/lib/python3.10/site-packages/airflow/example_dags/example_task_group_decorator.py
[2024-11-05 15:30:57,906] {logging_mixin.py:115} INFO - [2024-11-05 15:30:57,906] {dag.py:2379} INFO - Sync 1 DAGs
[2024-11-05 15:30:57,920] {logging_mixin.py:115} INFO - [2024-11-05 15:30:57,920] {dag.py:2927} INFO - Setting next_dagrun for example_task_group_decorator to 2024-11-04T18:30:57.919963+00:00, run_after=2024-11-05T18:30:57.919963+00:00
[2024-11-05 15:30:58,022] {processor.py:161} INFO - Processing /home/paula/Documentos/airflow/venv/lib/python3.10/site-packages/airflow/example_dags/example_task_group_decorator.py took 0.200 seconds
[2024-11-05 15:31:42,127] {processor.py:153} INFO - Started process (PID=1062374) to work on /home/paula/Documentos/airflow/venv/lib/python3.10/site-packages/airflow/example_dags/example_task_group_decorator.py
[2024-11-05 15:31:42,157] {processor.py:641} INFO - Processing file /home/paula/Documentos/airflow/venv/lib/python3.10/site-packages/airflow/example_dags/example_task_group_decorator.py for tasks to queue
[2024-11-05 15:31:42,158] {logging_mixin.py:115} INFO - [2024-11-05 15:31:42,158] {dagbag.py:507} INFO - Filling up the DagBag from /home/paula/Documentos/airflow/venv/lib/python3.10/site-packages/airflow/example_dags/example_task_group_decorator.py
[2024-11-05 15:31:42,198] {processor.py:651} INFO - DAG(s) dict_keys(['example_task_group_decorator']) retrieved from /home/paula/Documentos/airflow/venv/lib/python3.10/site-packages/airflow/example_dags/example_task_group_decorator.py
[2024-11-05 15:31:42,245] {logging_mixin.py:115} INFO - [2024-11-05 15:31:42,245] {dag.py:2379} INFO - Sync 1 DAGs
[2024-11-05 15:31:42,260] {logging_mixin.py:115} INFO - [2024-11-05 15:31:42,260] {dag.py:2927} INFO - Setting next_dagrun for example_task_group_decorator to 2024-11-04T18:31:42.259822+00:00, run_after=2024-11-05T18:31:42.259822+00:00
[2024-11-05 15:31:42,384] {processor.py:161} INFO - Processing /home/paula/Documentos/airflow/venv/lib/python3.10/site-packages/airflow/example_dags/example_task_group_decorator.py took 0.260 seconds
[2024-11-05 15:32:33,489] {processor.py:153} INFO - Started process (PID=1062704) to work on /home/paula/Documentos/airflow/venv/lib/python3.10/site-packages/airflow/example_dags/example_task_group_decorator.py
[2024-11-05 15:32:33,490] {processor.py:641} INFO - Processing file /home/paula/Documentos/airflow/venv/lib/python3.10/site-packages/airflow/example_dags/example_task_group_decorator.py for tasks to queue
[2024-11-05 15:32:33,491] {logging_mixin.py:115} INFO - [2024-11-05 15:32:33,491] {dagbag.py:507} INFO - Filling up the DagBag from /home/paula/Documentos/airflow/venv/lib/python3.10/site-packages/airflow/example_dags/example_task_group_decorator.py
[2024-11-05 15:32:33,523] {processor.py:651} INFO - DAG(s) dict_keys(['example_task_group_decorator']) retrieved from /home/paula/Documentos/airflow/venv/lib/python3.10/site-packages/airflow/example_dags/example_task_group_decorator.py
[2024-11-05 15:32:33,576] {logging_mixin.py:115} INFO - [2024-11-05 15:32:33,576] {dag.py:2379} INFO - Sync 1 DAGs
[2024-11-05 15:32:33,593] {logging_mixin.py:115} INFO - [2024-11-05 15:32:33,592] {dag.py:2927} INFO - Setting next_dagrun for example_task_group_decorator to 2024-11-04T18:32:33.592633+00:00, run_after=2024-11-05T18:32:33.592633+00:00
[2024-11-05 15:32:33,690] {processor.py:161} INFO - Processing /home/paula/Documentos/airflow/venv/lib/python3.10/site-packages/airflow/example_dags/example_task_group_decorator.py took 0.206 seconds
[2024-11-05 15:33:15,311] {processor.py:153} INFO - Started process (PID=1062998) to work on /home/paula/Documentos/airflow/venv/lib/python3.10/site-packages/airflow/example_dags/example_task_group_decorator.py
[2024-11-05 15:33:15,312] {processor.py:641} INFO - Processing file /home/paula/Documentos/airflow/venv/lib/python3.10/site-packages/airflow/example_dags/example_task_group_decorator.py for tasks to queue
[2024-11-05 15:33:15,313] {logging_mixin.py:115} INFO - [2024-11-05 15:33:15,313] {dagbag.py:507} INFO - Filling up the DagBag from /home/paula/Documentos/airflow/venv/lib/python3.10/site-packages/airflow/example_dags/example_task_group_decorator.py
[2024-11-05 15:33:15,344] {processor.py:651} INFO - DAG(s) dict_keys(['example_task_group_decorator']) retrieved from /home/paula/Documentos/airflow/venv/lib/python3.10/site-packages/airflow/example_dags/example_task_group_decorator.py
[2024-11-05 15:33:15,390] {logging_mixin.py:115} INFO - [2024-11-05 15:33:15,390] {dag.py:2379} INFO - Sync 1 DAGs
[2024-11-05 15:33:15,406] {logging_mixin.py:115} INFO - [2024-11-05 15:33:15,406] {dag.py:2927} INFO - Setting next_dagrun for example_task_group_decorator to 2024-11-04T18:33:15.405795+00:00, run_after=2024-11-05T18:33:15.405795+00:00
[2024-11-05 15:33:15,510] {processor.py:161} INFO - Processing /home/paula/Documentos/airflow/venv/lib/python3.10/site-packages/airflow/example_dags/example_task_group_decorator.py took 0.203 seconds
[2024-11-05 15:33:57,189] {processor.py:153} INFO - Started process (PID=1063249) to work on /home/paula/Documentos/airflow/venv/lib/python3.10/site-packages/airflow/example_dags/example_task_group_decorator.py
[2024-11-05 15:33:57,190] {processor.py:641} INFO - Processing file /home/paula/Documentos/airflow/venv/lib/python3.10/site-packages/airflow/example_dags/example_task_group_decorator.py for tasks to queue
[2024-11-05 15:33:57,191] {logging_mixin.py:115} INFO - [2024-11-05 15:33:57,191] {dagbag.py:507} INFO - Filling up the DagBag from /home/paula/Documentos/airflow/venv/lib/python3.10/site-packages/airflow/example_dags/example_task_group_decorator.py
[2024-11-05 15:33:57,226] {processor.py:651} INFO - DAG(s) dict_keys(['example_task_group_decorator']) retrieved from /home/paula/Documentos/airflow/venv/lib/python3.10/site-packages/airflow/example_dags/example_task_group_decorator.py
[2024-11-05 15:33:57,280] {logging_mixin.py:115} INFO - [2024-11-05 15:33:57,280] {dag.py:2379} INFO - Sync 1 DAGs
[2024-11-05 15:33:57,296] {logging_mixin.py:115} INFO - [2024-11-05 15:33:57,295] {dag.py:2927} INFO - Setting next_dagrun for example_task_group_decorator to 2024-11-04T18:33:57.295738+00:00, run_after=2024-11-05T18:33:57.295738+00:00
[2024-11-05 15:33:57,389] {processor.py:161} INFO - Processing /home/paula/Documentos/airflow/venv/lib/python3.10/site-packages/airflow/example_dags/example_task_group_decorator.py took 0.205 seconds
[2024-11-05 15:34:39,320] {processor.py:153} INFO - Started process (PID=1063621) to work on /home/paula/Documentos/airflow/venv/lib/python3.10/site-packages/airflow/example_dags/example_task_group_decorator.py
[2024-11-05 15:34:39,391] {processor.py:641} INFO - Processing file /home/paula/Documentos/airflow/venv/lib/python3.10/site-packages/airflow/example_dags/example_task_group_decorator.py for tasks to queue
[2024-11-05 15:34:39,392] {logging_mixin.py:115} INFO - [2024-11-05 15:34:39,391] {dagbag.py:507} INFO - Filling up the DagBag from /home/paula/Documentos/airflow/venv/lib/python3.10/site-packages/airflow/example_dags/example_task_group_decorator.py
[2024-11-05 15:34:39,428] {processor.py:651} INFO - DAG(s) dict_keys(['example_task_group_decorator']) retrieved from /home/paula/Documentos/airflow/venv/lib/python3.10/site-packages/airflow/example_dags/example_task_group_decorator.py
[2024-11-05 15:34:39,477] {logging_mixin.py:115} INFO - [2024-11-05 15:34:39,477] {dag.py:2379} INFO - Sync 1 DAGs
[2024-11-05 15:34:39,491] {logging_mixin.py:115} INFO - [2024-11-05 15:34:39,491] {dag.py:2927} INFO - Setting next_dagrun for example_task_group_decorator to 2024-11-04T18:34:39.491410+00:00, run_after=2024-11-05T18:34:39.491410+00:00
[2024-11-05 15:34:39,599] {processor.py:161} INFO - Processing /home/paula/Documentos/airflow/venv/lib/python3.10/site-packages/airflow/example_dags/example_task_group_decorator.py took 0.283 seconds
[2024-11-05 15:35:19,862] {processor.py:153} INFO - Started process (PID=1063904) to work on /home/paula/Documentos/airflow/venv/lib/python3.10/site-packages/airflow/example_dags/example_task_group_decorator.py
[2024-11-05 15:35:19,863] {processor.py:641} INFO - Processing file /home/paula/Documentos/airflow/venv/lib/python3.10/site-packages/airflow/example_dags/example_task_group_decorator.py for tasks to queue
[2024-11-05 15:35:19,863] {logging_mixin.py:115} INFO - [2024-11-05 15:35:19,863] {dagbag.py:507} INFO - Filling up the DagBag from /home/paula/Documentos/airflow/venv/lib/python3.10/site-packages/airflow/example_dags/example_task_group_decorator.py
[2024-11-05 15:35:19,890] {processor.py:651} INFO - DAG(s) dict_keys(['example_task_group_decorator']) retrieved from /home/paula/Documentos/airflow/venv/lib/python3.10/site-packages/airflow/example_dags/example_task_group_decorator.py
[2024-11-05 15:35:19,933] {logging_mixin.py:115} INFO - [2024-11-05 15:35:19,933] {dag.py:2379} INFO - Sync 1 DAGs
[2024-11-05 15:35:19,947] {logging_mixin.py:115} INFO - [2024-11-05 15:35:19,947] {dag.py:2927} INFO - Setting next_dagrun for example_task_group_decorator to 2024-11-04T18:35:19.946837+00:00, run_after=2024-11-05T18:35:19.946837+00:00
[2024-11-05 15:35:20,048] {processor.py:161} INFO - Processing /home/paula/Documentos/airflow/venv/lib/python3.10/site-packages/airflow/example_dags/example_task_group_decorator.py took 0.190 seconds
[2024-11-05 15:35:56,541] {processor.py:153} INFO - Started process (PID=1064127) to work on /home/paula/Documentos/airflow/venv/lib/python3.10/site-packages/airflow/example_dags/example_task_group_decorator.py
[2024-11-05 15:35:56,543] {processor.py:641} INFO - Processing file /home/paula/Documentos/airflow/venv/lib/python3.10/site-packages/airflow/example_dags/example_task_group_decorator.py for tasks to queue
[2024-11-05 15:35:56,544] {logging_mixin.py:115} INFO - [2024-11-05 15:35:56,544] {dagbag.py:507} INFO - Filling up the DagBag from /home/paula/Documentos/airflow/venv/lib/python3.10/site-packages/airflow/example_dags/example_task_group_decorator.py
[2024-11-05 15:35:56,572] {processor.py:651} INFO - DAG(s) dict_keys(['example_task_group_decorator']) retrieved from /home/paula/Documentos/airflow/venv/lib/python3.10/site-packages/airflow/example_dags/example_task_group_decorator.py
[2024-11-05 15:35:56,618] {logging_mixin.py:115} INFO - [2024-11-05 15:35:56,618] {dag.py:2379} INFO - Sync 1 DAGs
[2024-11-05 15:35:56,633] {logging_mixin.py:115} INFO - [2024-11-05 15:35:56,633] {dag.py:2927} INFO - Setting next_dagrun for example_task_group_decorator to 2024-11-04T18:35:56.632843+00:00, run_after=2024-11-05T18:35:56.632843+00:00
[2024-11-05 15:35:56,752] {processor.py:161} INFO - Processing /home/paula/Documentos/airflow/venv/lib/python3.10/site-packages/airflow/example_dags/example_task_group_decorator.py took 0.216 seconds
[2024-11-05 15:39:37,540] {processor.py:153} INFO - Started process (PID=1065139) to work on /home/paula/Documentos/airflow/venv/lib/python3.10/site-packages/airflow/example_dags/example_task_group_decorator.py
[2024-11-05 15:39:37,558] {processor.py:641} INFO - Processing file /home/paula/Documentos/airflow/venv/lib/python3.10/site-packages/airflow/example_dags/example_task_group_decorator.py for tasks to queue
[2024-11-05 15:39:37,559] {logging_mixin.py:115} INFO - [2024-11-05 15:39:37,559] {dagbag.py:507} INFO - Filling up the DagBag from /home/paula/Documentos/airflow/venv/lib/python3.10/site-packages/airflow/example_dags/example_task_group_decorator.py
[2024-11-05 15:39:37,590] {processor.py:651} INFO - DAG(s) dict_keys(['example_task_group_decorator']) retrieved from /home/paula/Documentos/airflow/venv/lib/python3.10/site-packages/airflow/example_dags/example_task_group_decorator.py
[2024-11-05 15:39:37,641] {logging_mixin.py:115} INFO - [2024-11-05 15:39:37,641] {dag.py:2379} INFO - Sync 1 DAGs
[2024-11-05 15:39:37,658] {logging_mixin.py:115} INFO - [2024-11-05 15:39:37,658] {dag.py:2927} INFO - Setting next_dagrun for example_task_group_decorator to 2024-11-04T18:39:37.657803+00:00, run_after=2024-11-05T18:39:37.657803+00:00
[2024-11-05 15:39:37,760] {processor.py:161} INFO - Processing /home/paula/Documentos/airflow/venv/lib/python3.10/site-packages/airflow/example_dags/example_task_group_decorator.py took 0.224 seconds
[2024-11-05 15:40:22,331] {processor.py:153} INFO - Started process (PID=1066107) to work on /home/paula/Documentos/airflow/venv/lib/python3.10/site-packages/airflow/example_dags/example_task_group_decorator.py
[2024-11-05 15:40:22,353] {processor.py:641} INFO - Processing file /home/paula/Documentos/airflow/venv/lib/python3.10/site-packages/airflow/example_dags/example_task_group_decorator.py for tasks to queue
[2024-11-05 15:40:22,353] {logging_mixin.py:115} INFO - [2024-11-05 15:40:22,353] {dagbag.py:507} INFO - Filling up the DagBag from /home/paula/Documentos/airflow/venv/lib/python3.10/site-packages/airflow/example_dags/example_task_group_decorator.py
[2024-11-05 15:40:22,392] {processor.py:651} INFO - DAG(s) dict_keys(['example_task_group_decorator']) retrieved from /home/paula/Documentos/airflow/venv/lib/python3.10/site-packages/airflow/example_dags/example_task_group_decorator.py
[2024-11-05 15:40:22,454] {logging_mixin.py:115} INFO - [2024-11-05 15:40:22,454] {dag.py:2379} INFO - Sync 1 DAGs
[2024-11-05 15:40:22,469] {logging_mixin.py:115} INFO - [2024-11-05 15:40:22,469] {dag.py:2927} INFO - Setting next_dagrun for example_task_group_decorator to 2024-11-04T18:40:22.469442+00:00, run_after=2024-11-05T18:40:22.469442+00:00
[2024-11-05 15:40:22,586] {processor.py:161} INFO - Processing /home/paula/Documentos/airflow/venv/lib/python3.10/site-packages/airflow/example_dags/example_task_group_decorator.py took 0.258 seconds
