[2024-11-05 15:07:52,534] {processor.py:153} INFO - Started process (PID=1053267) to work on /home/paula/Documentos/airflow/venv/lib/python3.10/site-packages/airflow/example_dags/example_short_circuit_operator.py
[2024-11-05 15:07:52,535] {processor.py:641} INFO - Processing file /home/paula/Documentos/airflow/venv/lib/python3.10/site-packages/airflow/example_dags/example_short_circuit_operator.py for tasks to queue
[2024-11-05 15:07:52,539] {logging_mixin.py:115} INFO - [2024-11-05 15:07:52,539] {dagbag.py:507} INFO - Filling up the DagBag from /home/paula/Documentos/airflow/venv/lib/python3.10/site-packages/airflow/example_dags/example_short_circuit_operator.py
[2024-11-05 15:07:52,554] {processor.py:651} INFO - DAG(s) dict_keys(['example_short_circuit_operator']) retrieved from /home/paula/Documentos/airflow/venv/lib/python3.10/site-packages/airflow/example_dags/example_short_circuit_operator.py
[2024-11-05 15:07:53,242] {logging_mixin.py:115} INFO - [2024-11-05 15:07:53,242] {manager.py:508} INFO - Created Permission View: can edit on DAG:example_short_circuit_operator
[2024-11-05 15:07:53,477] {logging_mixin.py:115} INFO - [2024-11-05 15:07:53,476] {manager.py:508} INFO - Created Permission View: can read on DAG:example_short_circuit_operator
[2024-11-05 15:07:53,729] {logging_mixin.py:115} INFO - [2024-11-05 15:07:53,729] {manager.py:508} INFO - Created Permission View: can delete on DAG:example_short_circuit_operator
[2024-11-05 15:07:53,729] {logging_mixin.py:115} INFO - [2024-11-05 15:07:53,729] {dag.py:2379} INFO - Sync 1 DAGs
[2024-11-05 15:07:53,741] {logging_mixin.py:115} INFO - [2024-11-05 15:07:53,740] {dag.py:2398} INFO - Creating ORM DAG for example_short_circuit_operator
[2024-11-05 15:07:53,754] {logging_mixin.py:115} INFO - [2024-11-05 15:07:53,754] {dag.py:2927} INFO - Setting next_dagrun for example_short_circuit_operator to 2024-11-04T18:07:53.754468+00:00, run_after=2024-11-05T18:07:53.754468+00:00
[2024-11-05 15:07:53,979] {processor.py:161} INFO - Processing /home/paula/Documentos/airflow/venv/lib/python3.10/site-packages/airflow/example_dags/example_short_circuit_operator.py took 1.454 seconds
[2024-11-05 15:08:53,564] {processor.py:153} INFO - Started process (PID=1053726) to work on /home/paula/Documentos/airflow/venv/lib/python3.10/site-packages/airflow/example_dags/example_short_circuit_operator.py
[2024-11-05 15:08:53,591] {processor.py:641} INFO - Processing file /home/paula/Documentos/airflow/venv/lib/python3.10/site-packages/airflow/example_dags/example_short_circuit_operator.py for tasks to queue
[2024-11-05 15:08:53,591] {logging_mixin.py:115} INFO - [2024-11-05 15:08:53,591] {dagbag.py:507} INFO - Filling up the DagBag from /home/paula/Documentos/airflow/venv/lib/python3.10/site-packages/airflow/example_dags/example_short_circuit_operator.py
[2024-11-05 15:08:53,601] {processor.py:651} INFO - DAG(s) dict_keys(['example_short_circuit_operator']) retrieved from /home/paula/Documentos/airflow/venv/lib/python3.10/site-packages/airflow/example_dags/example_short_circuit_operator.py
[2024-11-05 15:08:53,620] {logging_mixin.py:115} INFO - [2024-11-05 15:08:53,620] {dag.py:2379} INFO - Sync 1 DAGs
[2024-11-05 15:08:53,638] {logging_mixin.py:115} INFO - [2024-11-05 15:08:53,638] {dag.py:2927} INFO - Setting next_dagrun for example_short_circuit_operator to 2024-11-04T18:08:53.638120+00:00, run_after=2024-11-05T18:08:53.638120+00:00
[2024-11-05 15:08:53,801] {processor.py:161} INFO - Processing /home/paula/Documentos/airflow/venv/lib/python3.10/site-packages/airflow/example_dags/example_short_circuit_operator.py took 0.240 seconds
[2024-11-05 15:09:36,377] {processor.py:153} INFO - Started process (PID=1053940) to work on /home/paula/Documentos/airflow/venv/lib/python3.10/site-packages/airflow/example_dags/example_short_circuit_operator.py
[2024-11-05 15:09:36,421] {processor.py:641} INFO - Processing file /home/paula/Documentos/airflow/venv/lib/python3.10/site-packages/airflow/example_dags/example_short_circuit_operator.py for tasks to queue
[2024-11-05 15:09:36,421] {logging_mixin.py:115} INFO - [2024-11-05 15:09:36,421] {dagbag.py:507} INFO - Filling up the DagBag from /home/paula/Documentos/airflow/venv/lib/python3.10/site-packages/airflow/example_dags/example_short_circuit_operator.py
[2024-11-05 15:09:36,433] {processor.py:651} INFO - DAG(s) dict_keys(['example_short_circuit_operator']) retrieved from /home/paula/Documentos/airflow/venv/lib/python3.10/site-packages/airflow/example_dags/example_short_circuit_operator.py
[2024-11-05 15:09:36,456] {logging_mixin.py:115} INFO - [2024-11-05 15:09:36,455] {dag.py:2379} INFO - Sync 1 DAGs
[2024-11-05 15:09:36,476] {logging_mixin.py:115} INFO - [2024-11-05 15:09:36,476] {dag.py:2927} INFO - Setting next_dagrun for example_short_circuit_operator to 2024-11-04T18:09:36.476272+00:00, run_after=2024-11-05T18:09:36.476272+00:00
[2024-11-05 15:09:36,761] {processor.py:161} INFO - Processing /home/paula/Documentos/airflow/venv/lib/python3.10/site-packages/airflow/example_dags/example_short_circuit_operator.py took 0.387 seconds
[2024-11-05 15:10:21,060] {processor.py:153} INFO - Started process (PID=1054427) to work on /home/paula/Documentos/airflow/venv/lib/python3.10/site-packages/airflow/example_dags/example_short_circuit_operator.py
[2024-11-05 15:10:21,317] {processor.py:641} INFO - Processing file /home/paula/Documentos/airflow/venv/lib/python3.10/site-packages/airflow/example_dags/example_short_circuit_operator.py for tasks to queue
[2024-11-05 15:10:21,317] {logging_mixin.py:115} INFO - [2024-11-05 15:10:21,317] {dagbag.py:507} INFO - Filling up the DagBag from /home/paula/Documentos/airflow/venv/lib/python3.10/site-packages/airflow/example_dags/example_short_circuit_operator.py
[2024-11-05 15:10:21,331] {processor.py:651} INFO - DAG(s) dict_keys(['example_short_circuit_operator']) retrieved from /home/paula/Documentos/airflow/venv/lib/python3.10/site-packages/airflow/example_dags/example_short_circuit_operator.py
[2024-11-05 15:10:21,353] {logging_mixin.py:115} INFO - [2024-11-05 15:10:21,352] {dag.py:2379} INFO - Sync 1 DAGs
[2024-11-05 15:10:21,378] {logging_mixin.py:115} INFO - [2024-11-05 15:10:21,377] {dag.py:2927} INFO - Setting next_dagrun for example_short_circuit_operator to 2024-11-04T18:10:21.377520+00:00, run_after=2024-11-05T18:10:21.377520+00:00
[2024-11-05 15:10:21,831] {processor.py:161} INFO - Processing /home/paula/Documentos/airflow/venv/lib/python3.10/site-packages/airflow/example_dags/example_short_circuit_operator.py took 0.774 seconds
[2024-11-05 15:11:11,269] {processor.py:153} INFO - Started process (PID=1054681) to work on /home/paula/Documentos/airflow/venv/lib/python3.10/site-packages/airflow/example_dags/example_short_circuit_operator.py
[2024-11-05 15:11:11,290] {processor.py:641} INFO - Processing file /home/paula/Documentos/airflow/venv/lib/python3.10/site-packages/airflow/example_dags/example_short_circuit_operator.py for tasks to queue
[2024-11-05 15:11:11,291] {logging_mixin.py:115} INFO - [2024-11-05 15:11:11,291] {dagbag.py:507} INFO - Filling up the DagBag from /home/paula/Documentos/airflow/venv/lib/python3.10/site-packages/airflow/example_dags/example_short_circuit_operator.py
[2024-11-05 15:11:11,302] {processor.py:651} INFO - DAG(s) dict_keys(['example_short_circuit_operator']) retrieved from /home/paula/Documentos/airflow/venv/lib/python3.10/site-packages/airflow/example_dags/example_short_circuit_operator.py
[2024-11-05 15:11:11,322] {logging_mixin.py:115} INFO - [2024-11-05 15:11:11,322] {dag.py:2379} INFO - Sync 1 DAGs
[2024-11-05 15:11:11,343] {logging_mixin.py:115} INFO - [2024-11-05 15:11:11,343] {dag.py:2927} INFO - Setting next_dagrun for example_short_circuit_operator to 2024-11-04T18:11:11.343027+00:00, run_after=2024-11-05T18:11:11.343027+00:00
[2024-11-05 15:11:11,599] {processor.py:161} INFO - Processing /home/paula/Documentos/airflow/venv/lib/python3.10/site-packages/airflow/example_dags/example_short_circuit_operator.py took 0.333 seconds
[2024-11-05 15:12:03,651] {processor.py:153} INFO - Started process (PID=1054980) to work on /home/paula/Documentos/airflow/venv/lib/python3.10/site-packages/airflow/example_dags/example_short_circuit_operator.py
[2024-11-05 15:12:03,686] {processor.py:641} INFO - Processing file /home/paula/Documentos/airflow/venv/lib/python3.10/site-packages/airflow/example_dags/example_short_circuit_operator.py for tasks to queue
[2024-11-05 15:12:03,686] {logging_mixin.py:115} INFO - [2024-11-05 15:12:03,686] {dagbag.py:507} INFO - Filling up the DagBag from /home/paula/Documentos/airflow/venv/lib/python3.10/site-packages/airflow/example_dags/example_short_circuit_operator.py
[2024-11-05 15:12:03,706] {processor.py:651} INFO - DAG(s) dict_keys(['example_short_circuit_operator']) retrieved from /home/paula/Documentos/airflow/venv/lib/python3.10/site-packages/airflow/example_dags/example_short_circuit_operator.py
[2024-11-05 15:12:03,737] {logging_mixin.py:115} INFO - [2024-11-05 15:12:03,737] {dag.py:2379} INFO - Sync 1 DAGs
[2024-11-05 15:12:03,771] {logging_mixin.py:115} INFO - [2024-11-05 15:12:03,769] {dag.py:2927} INFO - Setting next_dagrun for example_short_circuit_operator to 2024-11-04T18:12:03.768880+00:00, run_after=2024-11-05T18:12:03.768880+00:00
[2024-11-05 15:12:04,093] {processor.py:161} INFO - Processing /home/paula/Documentos/airflow/venv/lib/python3.10/site-packages/airflow/example_dags/example_short_circuit_operator.py took 0.446 seconds
[2024-11-05 15:12:52,897] {processor.py:153} INFO - Started process (PID=1055292) to work on /home/paula/Documentos/airflow/venv/lib/python3.10/site-packages/airflow/example_dags/example_short_circuit_operator.py
[2024-11-05 15:12:52,915] {processor.py:641} INFO - Processing file /home/paula/Documentos/airflow/venv/lib/python3.10/site-packages/airflow/example_dags/example_short_circuit_operator.py for tasks to queue
[2024-11-05 15:12:52,915] {logging_mixin.py:115} INFO - [2024-11-05 15:12:52,915] {dagbag.py:507} INFO - Filling up the DagBag from /home/paula/Documentos/airflow/venv/lib/python3.10/site-packages/airflow/example_dags/example_short_circuit_operator.py
[2024-11-05 15:12:52,927] {processor.py:651} INFO - DAG(s) dict_keys(['example_short_circuit_operator']) retrieved from /home/paula/Documentos/airflow/venv/lib/python3.10/site-packages/airflow/example_dags/example_short_circuit_operator.py
[2024-11-05 15:12:52,946] {logging_mixin.py:115} INFO - [2024-11-05 15:12:52,946] {dag.py:2379} INFO - Sync 1 DAGs
[2024-11-05 15:12:52,964] {logging_mixin.py:115} INFO - [2024-11-05 15:12:52,964] {dag.py:2927} INFO - Setting next_dagrun for example_short_circuit_operator to 2024-11-04T18:12:52.964558+00:00, run_after=2024-11-05T18:12:52.964558+00:00
[2024-11-05 15:12:53,194] {processor.py:161} INFO - Processing /home/paula/Documentos/airflow/venv/lib/python3.10/site-packages/airflow/example_dags/example_short_circuit_operator.py took 0.300 seconds
[2024-11-05 15:13:45,139] {processor.py:153} INFO - Started process (PID=1055611) to work on /home/paula/Documentos/airflow/venv/lib/python3.10/site-packages/airflow/example_dags/example_short_circuit_operator.py
[2024-11-05 15:13:45,176] {processor.py:641} INFO - Processing file /home/paula/Documentos/airflow/venv/lib/python3.10/site-packages/airflow/example_dags/example_short_circuit_operator.py for tasks to queue
[2024-11-05 15:13:45,177] {logging_mixin.py:115} INFO - [2024-11-05 15:13:45,177] {dagbag.py:507} INFO - Filling up the DagBag from /home/paula/Documentos/airflow/venv/lib/python3.10/site-packages/airflow/example_dags/example_short_circuit_operator.py
[2024-11-05 15:13:45,193] {processor.py:651} INFO - DAG(s) dict_keys(['example_short_circuit_operator']) retrieved from /home/paula/Documentos/airflow/venv/lib/python3.10/site-packages/airflow/example_dags/example_short_circuit_operator.py
[2024-11-05 15:13:45,217] {logging_mixin.py:115} INFO - [2024-11-05 15:13:45,217] {dag.py:2379} INFO - Sync 1 DAGs
[2024-11-05 15:13:45,239] {logging_mixin.py:115} INFO - [2024-11-05 15:13:45,239] {dag.py:2927} INFO - Setting next_dagrun for example_short_circuit_operator to 2024-11-04T18:13:45.239071+00:00, run_after=2024-11-05T18:13:45.239071+00:00
[2024-11-05 15:13:45,511] {processor.py:161} INFO - Processing /home/paula/Documentos/airflow/venv/lib/python3.10/site-packages/airflow/example_dags/example_short_circuit_operator.py took 0.375 seconds
[2024-11-05 15:14:36,818] {processor.py:153} INFO - Started process (PID=1055900) to work on /home/paula/Documentos/airflow/venv/lib/python3.10/site-packages/airflow/example_dags/example_short_circuit_operator.py
[2024-11-05 15:14:36,884] {processor.py:641} INFO - Processing file /home/paula/Documentos/airflow/venv/lib/python3.10/site-packages/airflow/example_dags/example_short_circuit_operator.py for tasks to queue
[2024-11-05 15:14:36,885] {logging_mixin.py:115} INFO - [2024-11-05 15:14:36,885] {dagbag.py:507} INFO - Filling up the DagBag from /home/paula/Documentos/airflow/venv/lib/python3.10/site-packages/airflow/example_dags/example_short_circuit_operator.py
[2024-11-05 15:14:36,894] {processor.py:651} INFO - DAG(s) dict_keys(['example_short_circuit_operator']) retrieved from /home/paula/Documentos/airflow/venv/lib/python3.10/site-packages/airflow/example_dags/example_short_circuit_operator.py
[2024-11-05 15:14:36,916] {logging_mixin.py:115} INFO - [2024-11-05 15:14:36,916] {dag.py:2379} INFO - Sync 1 DAGs
[2024-11-05 15:14:36,938] {logging_mixin.py:115} INFO - [2024-11-05 15:14:36,938] {dag.py:2927} INFO - Setting next_dagrun for example_short_circuit_operator to 2024-11-04T18:14:36.937859+00:00, run_after=2024-11-05T18:14:36.937859+00:00
[2024-11-05 15:14:37,245] {processor.py:161} INFO - Processing /home/paula/Documentos/airflow/venv/lib/python3.10/site-packages/airflow/example_dags/example_short_circuit_operator.py took 0.430 seconds
[2024-11-05 15:15:21,160] {processor.py:153} INFO - Started process (PID=1056174) to work on /home/paula/Documentos/airflow/venv/lib/python3.10/site-packages/airflow/example_dags/example_short_circuit_operator.py
[2024-11-05 15:15:21,175] {processor.py:641} INFO - Processing file /home/paula/Documentos/airflow/venv/lib/python3.10/site-packages/airflow/example_dags/example_short_circuit_operator.py for tasks to queue
[2024-11-05 15:15:21,176] {logging_mixin.py:115} INFO - [2024-11-05 15:15:21,176] {dagbag.py:507} INFO - Filling up the DagBag from /home/paula/Documentos/airflow/venv/lib/python3.10/site-packages/airflow/example_dags/example_short_circuit_operator.py
[2024-11-05 15:15:21,186] {processor.py:651} INFO - DAG(s) dict_keys(['example_short_circuit_operator']) retrieved from /home/paula/Documentos/airflow/venv/lib/python3.10/site-packages/airflow/example_dags/example_short_circuit_operator.py
[2024-11-05 15:15:21,202] {logging_mixin.py:115} INFO - [2024-11-05 15:15:21,202] {dag.py:2379} INFO - Sync 1 DAGs
[2024-11-05 15:15:21,227] {logging_mixin.py:115} INFO - [2024-11-05 15:15:21,227] {dag.py:2927} INFO - Setting next_dagrun for example_short_circuit_operator to 2024-11-04T18:15:21.226918+00:00, run_after=2024-11-05T18:15:21.226918+00:00
[2024-11-05 15:15:21,332] {processor.py:161} INFO - Processing /home/paula/Documentos/airflow/venv/lib/python3.10/site-packages/airflow/example_dags/example_short_circuit_operator.py took 0.175 seconds
[2024-11-05 15:16:01,951] {processor.py:153} INFO - Started process (PID=1056429) to work on /home/paula/Documentos/airflow/venv/lib/python3.10/site-packages/airflow/example_dags/example_short_circuit_operator.py
[2024-11-05 15:16:01,968] {processor.py:641} INFO - Processing file /home/paula/Documentos/airflow/venv/lib/python3.10/site-packages/airflow/example_dags/example_short_circuit_operator.py for tasks to queue
[2024-11-05 15:16:01,969] {logging_mixin.py:115} INFO - [2024-11-05 15:16:01,969] {dagbag.py:507} INFO - Filling up the DagBag from /home/paula/Documentos/airflow/venv/lib/python3.10/site-packages/airflow/example_dags/example_short_circuit_operator.py
[2024-11-05 15:16:01,984] {processor.py:651} INFO - DAG(s) dict_keys(['example_short_circuit_operator']) retrieved from /home/paula/Documentos/airflow/venv/lib/python3.10/site-packages/airflow/example_dags/example_short_circuit_operator.py
[2024-11-05 15:16:02,010] {logging_mixin.py:115} INFO - [2024-11-05 15:16:02,010] {dag.py:2379} INFO - Sync 1 DAGs
[2024-11-05 15:16:02,035] {logging_mixin.py:115} INFO - [2024-11-05 15:16:02,034] {dag.py:2927} INFO - Setting next_dagrun for example_short_circuit_operator to 2024-11-04T18:16:02.034709+00:00, run_after=2024-11-05T18:16:02.034709+00:00
[2024-11-05 15:16:02,134] {processor.py:161} INFO - Processing /home/paula/Documentos/airflow/venv/lib/python3.10/site-packages/airflow/example_dags/example_short_circuit_operator.py took 0.188 seconds
[2024-11-05 15:16:47,967] {processor.py:153} INFO - Started process (PID=1056720) to work on /home/paula/Documentos/airflow/venv/lib/python3.10/site-packages/airflow/example_dags/example_short_circuit_operator.py
[2024-11-05 15:16:47,968] {processor.py:641} INFO - Processing file /home/paula/Documentos/airflow/venv/lib/python3.10/site-packages/airflow/example_dags/example_short_circuit_operator.py for tasks to queue
[2024-11-05 15:16:47,968] {logging_mixin.py:115} INFO - [2024-11-05 15:16:47,968] {dagbag.py:507} INFO - Filling up the DagBag from /home/paula/Documentos/airflow/venv/lib/python3.10/site-packages/airflow/example_dags/example_short_circuit_operator.py
[2024-11-05 15:16:47,978] {processor.py:651} INFO - DAG(s) dict_keys(['example_short_circuit_operator']) retrieved from /home/paula/Documentos/airflow/venv/lib/python3.10/site-packages/airflow/example_dags/example_short_circuit_operator.py
[2024-11-05 15:16:47,995] {logging_mixin.py:115} INFO - [2024-11-05 15:16:47,994] {dag.py:2379} INFO - Sync 1 DAGs
[2024-11-05 15:16:48,015] {logging_mixin.py:115} INFO - [2024-11-05 15:16:48,015] {dag.py:2927} INFO - Setting next_dagrun for example_short_circuit_operator to 2024-11-04T18:16:48.015387+00:00, run_after=2024-11-05T18:16:48.015387+00:00
[2024-11-05 15:16:48,120] {processor.py:161} INFO - Processing /home/paula/Documentos/airflow/venv/lib/python3.10/site-packages/airflow/example_dags/example_short_circuit_operator.py took 0.157 seconds
[2024-11-05 15:17:25,733] {processor.py:153} INFO - Started process (PID=1056956) to work on /home/paula/Documentos/airflow/venv/lib/python3.10/site-packages/airflow/example_dags/example_short_circuit_operator.py
[2024-11-05 15:17:25,761] {processor.py:641} INFO - Processing file /home/paula/Documentos/airflow/venv/lib/python3.10/site-packages/airflow/example_dags/example_short_circuit_operator.py for tasks to queue
[2024-11-05 15:17:25,761] {logging_mixin.py:115} INFO - [2024-11-05 15:17:25,761] {dagbag.py:507} INFO - Filling up the DagBag from /home/paula/Documentos/airflow/venv/lib/python3.10/site-packages/airflow/example_dags/example_short_circuit_operator.py
[2024-11-05 15:17:25,770] {processor.py:651} INFO - DAG(s) dict_keys(['example_short_circuit_operator']) retrieved from /home/paula/Documentos/airflow/venv/lib/python3.10/site-packages/airflow/example_dags/example_short_circuit_operator.py
[2024-11-05 15:17:25,867] {logging_mixin.py:115} INFO - [2024-11-05 15:17:25,867] {dag.py:2379} INFO - Sync 1 DAGs
[2024-11-05 15:17:25,890] {logging_mixin.py:115} INFO - [2024-11-05 15:17:25,889] {dag.py:2927} INFO - Setting next_dagrun for example_short_circuit_operator to 2024-11-04T18:17:25.889579+00:00, run_after=2024-11-05T18:17:25.889579+00:00
[2024-11-05 15:17:26,040] {processor.py:161} INFO - Processing /home/paula/Documentos/airflow/venv/lib/python3.10/site-packages/airflow/example_dags/example_short_circuit_operator.py took 0.311 seconds
[2024-11-05 15:18:13,711] {processor.py:153} INFO - Started process (PID=1057260) to work on /home/paula/Documentos/airflow/venv/lib/python3.10/site-packages/airflow/example_dags/example_short_circuit_operator.py
[2024-11-05 15:18:13,738] {processor.py:641} INFO - Processing file /home/paula/Documentos/airflow/venv/lib/python3.10/site-packages/airflow/example_dags/example_short_circuit_operator.py for tasks to queue
[2024-11-05 15:18:13,739] {logging_mixin.py:115} INFO - [2024-11-05 15:18:13,739] {dagbag.py:507} INFO - Filling up the DagBag from /home/paula/Documentos/airflow/venv/lib/python3.10/site-packages/airflow/example_dags/example_short_circuit_operator.py
[2024-11-05 15:18:13,752] {processor.py:651} INFO - DAG(s) dict_keys(['example_short_circuit_operator']) retrieved from /home/paula/Documentos/airflow/venv/lib/python3.10/site-packages/airflow/example_dags/example_short_circuit_operator.py
[2024-11-05 15:18:13,773] {logging_mixin.py:115} INFO - [2024-11-05 15:18:13,773] {dag.py:2379} INFO - Sync 1 DAGs
[2024-11-05 15:18:13,792] {logging_mixin.py:115} INFO - [2024-11-05 15:18:13,791] {dag.py:2927} INFO - Setting next_dagrun for example_short_circuit_operator to 2024-11-04T18:18:13.791725+00:00, run_after=2024-11-05T18:18:13.791725+00:00
[2024-11-05 15:18:13,882] {processor.py:161} INFO - Processing /home/paula/Documentos/airflow/venv/lib/python3.10/site-packages/airflow/example_dags/example_short_circuit_operator.py took 0.173 seconds
[2024-11-05 15:18:55,970] {processor.py:153} INFO - Started process (PID=1057515) to work on /home/paula/Documentos/airflow/venv/lib/python3.10/site-packages/airflow/example_dags/example_short_circuit_operator.py
[2024-11-05 15:18:55,981] {processor.py:641} INFO - Processing file /home/paula/Documentos/airflow/venv/lib/python3.10/site-packages/airflow/example_dags/example_short_circuit_operator.py for tasks to queue
[2024-11-05 15:18:55,982] {logging_mixin.py:115} INFO - [2024-11-05 15:18:55,982] {dagbag.py:507} INFO - Filling up the DagBag from /home/paula/Documentos/airflow/venv/lib/python3.10/site-packages/airflow/example_dags/example_short_circuit_operator.py
[2024-11-05 15:18:55,995] {processor.py:651} INFO - DAG(s) dict_keys(['example_short_circuit_operator']) retrieved from /home/paula/Documentos/airflow/venv/lib/python3.10/site-packages/airflow/example_dags/example_short_circuit_operator.py
[2024-11-05 15:18:56,012] {logging_mixin.py:115} INFO - [2024-11-05 15:18:56,011] {dag.py:2379} INFO - Sync 1 DAGs
[2024-11-05 15:18:56,036] {logging_mixin.py:115} INFO - [2024-11-05 15:18:56,035] {dag.py:2927} INFO - Setting next_dagrun for example_short_circuit_operator to 2024-11-04T18:18:56.035607+00:00, run_after=2024-11-05T18:18:56.035607+00:00
[2024-11-05 15:18:56,169] {processor.py:161} INFO - Processing /home/paula/Documentos/airflow/venv/lib/python3.10/site-packages/airflow/example_dags/example_short_circuit_operator.py took 0.202 seconds
[2024-11-05 15:19:39,676] {processor.py:153} INFO - Started process (PID=1057802) to work on /home/paula/Documentos/airflow/venv/lib/python3.10/site-packages/airflow/example_dags/example_short_circuit_operator.py
[2024-11-05 15:19:39,676] {processor.py:641} INFO - Processing file /home/paula/Documentos/airflow/venv/lib/python3.10/site-packages/airflow/example_dags/example_short_circuit_operator.py for tasks to queue
[2024-11-05 15:19:39,677] {logging_mixin.py:115} INFO - [2024-11-05 15:19:39,677] {dagbag.py:507} INFO - Filling up the DagBag from /home/paula/Documentos/airflow/venv/lib/python3.10/site-packages/airflow/example_dags/example_short_circuit_operator.py
[2024-11-05 15:19:39,688] {processor.py:651} INFO - DAG(s) dict_keys(['example_short_circuit_operator']) retrieved from /home/paula/Documentos/airflow/venv/lib/python3.10/site-packages/airflow/example_dags/example_short_circuit_operator.py
[2024-11-05 15:19:39,703] {logging_mixin.py:115} INFO - [2024-11-05 15:19:39,703] {dag.py:2379} INFO - Sync 1 DAGs
[2024-11-05 15:19:39,721] {logging_mixin.py:115} INFO - [2024-11-05 15:19:39,721] {dag.py:2927} INFO - Setting next_dagrun for example_short_circuit_operator to 2024-11-04T18:19:39.721422+00:00, run_after=2024-11-05T18:19:39.721422+00:00
[2024-11-05 15:19:39,829] {processor.py:161} INFO - Processing /home/paula/Documentos/airflow/venv/lib/python3.10/site-packages/airflow/example_dags/example_short_circuit_operator.py took 0.156 seconds
[2024-11-05 15:20:16,625] {processor.py:153} INFO - Started process (PID=1058021) to work on /home/paula/Documentos/airflow/venv/lib/python3.10/site-packages/airflow/example_dags/example_short_circuit_operator.py
[2024-11-05 15:20:16,626] {processor.py:641} INFO - Processing file /home/paula/Documentos/airflow/venv/lib/python3.10/site-packages/airflow/example_dags/example_short_circuit_operator.py for tasks to queue
[2024-11-05 15:20:16,627] {logging_mixin.py:115} INFO - [2024-11-05 15:20:16,627] {dagbag.py:507} INFO - Filling up the DagBag from /home/paula/Documentos/airflow/venv/lib/python3.10/site-packages/airflow/example_dags/example_short_circuit_operator.py
[2024-11-05 15:20:16,637] {processor.py:651} INFO - DAG(s) dict_keys(['example_short_circuit_operator']) retrieved from /home/paula/Documentos/airflow/venv/lib/python3.10/site-packages/airflow/example_dags/example_short_circuit_operator.py
[2024-11-05 15:20:16,652] {logging_mixin.py:115} INFO - [2024-11-05 15:20:16,652] {dag.py:2379} INFO - Sync 1 DAGs
[2024-11-05 15:20:16,670] {logging_mixin.py:115} INFO - [2024-11-05 15:20:16,670] {dag.py:2927} INFO - Setting next_dagrun for example_short_circuit_operator to 2024-11-04T18:20:16.670535+00:00, run_after=2024-11-05T18:20:16.670535+00:00
[2024-11-05 15:20:16,772] {processor.py:161} INFO - Processing /home/paula/Documentos/airflow/venv/lib/python3.10/site-packages/airflow/example_dags/example_short_circuit_operator.py took 0.150 seconds
[2024-11-05 15:21:28,657] {processor.py:153} INFO - Started process (PID=1058490) to work on /home/paula/Documentos/airflow/venv/lib/python3.10/site-packages/airflow/example_dags/example_short_circuit_operator.py
[2024-11-05 15:21:28,685] {processor.py:641} INFO - Processing file /home/paula/Documentos/airflow/venv/lib/python3.10/site-packages/airflow/example_dags/example_short_circuit_operator.py for tasks to queue
[2024-11-05 15:21:28,685] {logging_mixin.py:115} INFO - [2024-11-05 15:21:28,685] {dagbag.py:507} INFO - Filling up the DagBag from /home/paula/Documentos/airflow/venv/lib/python3.10/site-packages/airflow/example_dags/example_short_circuit_operator.py
[2024-11-05 15:21:28,693] {processor.py:651} INFO - DAG(s) dict_keys(['example_short_circuit_operator']) retrieved from /home/paula/Documentos/airflow/venv/lib/python3.10/site-packages/airflow/example_dags/example_short_circuit_operator.py
[2024-11-05 15:21:28,711] {logging_mixin.py:115} INFO - [2024-11-05 15:21:28,710] {dag.py:2379} INFO - Sync 1 DAGs
[2024-11-05 15:21:28,734] {logging_mixin.py:115} INFO - [2024-11-05 15:21:28,734] {dag.py:2927} INFO - Setting next_dagrun for example_short_circuit_operator to 2024-11-04T18:21:28.733973+00:00, run_after=2024-11-05T18:21:28.733973+00:00
[2024-11-05 15:21:28,837] {processor.py:161} INFO - Processing /home/paula/Documentos/airflow/venv/lib/python3.10/site-packages/airflow/example_dags/example_short_circuit_operator.py took 0.184 seconds
[2024-11-05 15:22:10,696] {processor.py:153} INFO - Started process (PID=1058750) to work on /home/paula/Documentos/airflow/venv/lib/python3.10/site-packages/airflow/example_dags/example_short_circuit_operator.py
[2024-11-05 15:22:10,717] {processor.py:641} INFO - Processing file /home/paula/Documentos/airflow/venv/lib/python3.10/site-packages/airflow/example_dags/example_short_circuit_operator.py for tasks to queue
[2024-11-05 15:22:10,718] {logging_mixin.py:115} INFO - [2024-11-05 15:22:10,718] {dagbag.py:507} INFO - Filling up the DagBag from /home/paula/Documentos/airflow/venv/lib/python3.10/site-packages/airflow/example_dags/example_short_circuit_operator.py
[2024-11-05 15:22:10,728] {processor.py:651} INFO - DAG(s) dict_keys(['example_short_circuit_operator']) retrieved from /home/paula/Documentos/airflow/venv/lib/python3.10/site-packages/airflow/example_dags/example_short_circuit_operator.py
[2024-11-05 15:22:10,744] {logging_mixin.py:115} INFO - [2024-11-05 15:22:10,744] {dag.py:2379} INFO - Sync 1 DAGs
[2024-11-05 15:22:10,766] {logging_mixin.py:115} INFO - [2024-11-05 15:22:10,765] {dag.py:2927} INFO - Setting next_dagrun for example_short_circuit_operator to 2024-11-04T18:22:10.765669+00:00, run_after=2024-11-05T18:22:10.765669+00:00
[2024-11-05 15:22:10,922] {processor.py:161} INFO - Processing /home/paula/Documentos/airflow/venv/lib/python3.10/site-packages/airflow/example_dags/example_short_circuit_operator.py took 0.231 seconds
[2024-11-05 15:22:51,464] {processor.py:153} INFO - Started process (PID=1058993) to work on /home/paula/Documentos/airflow/venv/lib/python3.10/site-packages/airflow/example_dags/example_short_circuit_operator.py
[2024-11-05 15:22:51,488] {processor.py:641} INFO - Processing file /home/paula/Documentos/airflow/venv/lib/python3.10/site-packages/airflow/example_dags/example_short_circuit_operator.py for tasks to queue
[2024-11-05 15:22:51,489] {logging_mixin.py:115} INFO - [2024-11-05 15:22:51,489] {dagbag.py:507} INFO - Filling up the DagBag from /home/paula/Documentos/airflow/venv/lib/python3.10/site-packages/airflow/example_dags/example_short_circuit_operator.py
[2024-11-05 15:22:51,503] {processor.py:651} INFO - DAG(s) dict_keys(['example_short_circuit_operator']) retrieved from /home/paula/Documentos/airflow/venv/lib/python3.10/site-packages/airflow/example_dags/example_short_circuit_operator.py
[2024-11-05 15:22:51,522] {logging_mixin.py:115} INFO - [2024-11-05 15:22:51,522] {dag.py:2379} INFO - Sync 1 DAGs
[2024-11-05 15:22:51,543] {logging_mixin.py:115} INFO - [2024-11-05 15:22:51,542] {dag.py:2927} INFO - Setting next_dagrun for example_short_circuit_operator to 2024-11-04T18:22:51.542379+00:00, run_after=2024-11-05T18:22:51.542379+00:00
[2024-11-05 15:22:51,671] {processor.py:161} INFO - Processing /home/paula/Documentos/airflow/venv/lib/python3.10/site-packages/airflow/example_dags/example_short_circuit_operator.py took 0.210 seconds
[2024-11-05 15:23:34,026] {processor.py:153} INFO - Started process (PID=1059278) to work on /home/paula/Documentos/airflow/venv/lib/python3.10/site-packages/airflow/example_dags/example_short_circuit_operator.py
[2024-11-05 15:23:34,045] {processor.py:641} INFO - Processing file /home/paula/Documentos/airflow/venv/lib/python3.10/site-packages/airflow/example_dags/example_short_circuit_operator.py for tasks to queue
[2024-11-05 15:23:34,045] {logging_mixin.py:115} INFO - [2024-11-05 15:23:34,045] {dagbag.py:507} INFO - Filling up the DagBag from /home/paula/Documentos/airflow/venv/lib/python3.10/site-packages/airflow/example_dags/example_short_circuit_operator.py
[2024-11-05 15:23:34,056] {processor.py:651} INFO - DAG(s) dict_keys(['example_short_circuit_operator']) retrieved from /home/paula/Documentos/airflow/venv/lib/python3.10/site-packages/airflow/example_dags/example_short_circuit_operator.py
[2024-11-05 15:23:34,074] {logging_mixin.py:115} INFO - [2024-11-05 15:23:34,074] {dag.py:2379} INFO - Sync 1 DAGs
[2024-11-05 15:23:34,097] {logging_mixin.py:115} INFO - [2024-11-05 15:23:34,097] {dag.py:2927} INFO - Setting next_dagrun for example_short_circuit_operator to 2024-11-04T18:23:34.096951+00:00, run_after=2024-11-05T18:23:34.096951+00:00
[2024-11-05 15:23:34,207] {processor.py:161} INFO - Processing /home/paula/Documentos/airflow/venv/lib/python3.10/site-packages/airflow/example_dags/example_short_circuit_operator.py took 0.185 seconds
[2024-11-05 15:24:20,068] {processor.py:153} INFO - Started process (PID=1059567) to work on /home/paula/Documentos/airflow/venv/lib/python3.10/site-packages/airflow/example_dags/example_short_circuit_operator.py
[2024-11-05 15:24:20,085] {processor.py:641} INFO - Processing file /home/paula/Documentos/airflow/venv/lib/python3.10/site-packages/airflow/example_dags/example_short_circuit_operator.py for tasks to queue
[2024-11-05 15:24:20,086] {logging_mixin.py:115} INFO - [2024-11-05 15:24:20,086] {dagbag.py:507} INFO - Filling up the DagBag from /home/paula/Documentos/airflow/venv/lib/python3.10/site-packages/airflow/example_dags/example_short_circuit_operator.py
[2024-11-05 15:24:20,099] {processor.py:651} INFO - DAG(s) dict_keys(['example_short_circuit_operator']) retrieved from /home/paula/Documentos/airflow/venv/lib/python3.10/site-packages/airflow/example_dags/example_short_circuit_operator.py
[2024-11-05 15:24:20,120] {logging_mixin.py:115} INFO - [2024-11-05 15:24:20,120] {dag.py:2379} INFO - Sync 1 DAGs
[2024-11-05 15:24:20,150] {logging_mixin.py:115} INFO - [2024-11-05 15:24:20,150] {dag.py:2927} INFO - Setting next_dagrun for example_short_circuit_operator to 2024-11-04T18:24:20.150602+00:00, run_after=2024-11-05T18:24:20.150602+00:00
[2024-11-05 15:24:20,278] {processor.py:161} INFO - Processing /home/paula/Documentos/airflow/venv/lib/python3.10/site-packages/airflow/example_dags/example_short_circuit_operator.py took 0.213 seconds
[2024-11-05 15:25:09,414] {processor.py:153} INFO - Started process (PID=1059944) to work on /home/paula/Documentos/airflow/venv/lib/python3.10/site-packages/airflow/example_dags/example_short_circuit_operator.py
[2024-11-05 15:25:09,422] {processor.py:641} INFO - Processing file /home/paula/Documentos/airflow/venv/lib/python3.10/site-packages/airflow/example_dags/example_short_circuit_operator.py for tasks to queue
[2024-11-05 15:25:09,423] {logging_mixin.py:115} INFO - [2024-11-05 15:25:09,422] {dagbag.py:507} INFO - Filling up the DagBag from /home/paula/Documentos/airflow/venv/lib/python3.10/site-packages/airflow/example_dags/example_short_circuit_operator.py
[2024-11-05 15:25:09,435] {processor.py:651} INFO - DAG(s) dict_keys(['example_short_circuit_operator']) retrieved from /home/paula/Documentos/airflow/venv/lib/python3.10/site-packages/airflow/example_dags/example_short_circuit_operator.py
[2024-11-05 15:25:09,453] {logging_mixin.py:115} INFO - [2024-11-05 15:25:09,453] {dag.py:2379} INFO - Sync 1 DAGs
[2024-11-05 15:25:09,471] {logging_mixin.py:115} INFO - [2024-11-05 15:25:09,471] {dag.py:2927} INFO - Setting next_dagrun for example_short_circuit_operator to 2024-11-04T18:25:09.471503+00:00, run_after=2024-11-05T18:25:09.471503+00:00
[2024-11-05 15:25:09,582] {processor.py:161} INFO - Processing /home/paula/Documentos/airflow/venv/lib/python3.10/site-packages/airflow/example_dags/example_short_circuit_operator.py took 0.172 seconds
[2024-11-05 15:25:58,220] {processor.py:153} INFO - Started process (PID=1060267) to work on /home/paula/Documentos/airflow/venv/lib/python3.10/site-packages/airflow/example_dags/example_short_circuit_operator.py
[2024-11-05 15:25:58,221] {processor.py:641} INFO - Processing file /home/paula/Documentos/airflow/venv/lib/python3.10/site-packages/airflow/example_dags/example_short_circuit_operator.py for tasks to queue
[2024-11-05 15:25:58,221] {logging_mixin.py:115} INFO - [2024-11-05 15:25:58,221] {dagbag.py:507} INFO - Filling up the DagBag from /home/paula/Documentos/airflow/venv/lib/python3.10/site-packages/airflow/example_dags/example_short_circuit_operator.py
[2024-11-05 15:25:58,232] {processor.py:651} INFO - DAG(s) dict_keys(['example_short_circuit_operator']) retrieved from /home/paula/Documentos/airflow/venv/lib/python3.10/site-packages/airflow/example_dags/example_short_circuit_operator.py
[2024-11-05 15:25:58,247] {logging_mixin.py:115} INFO - [2024-11-05 15:25:58,247] {dag.py:2379} INFO - Sync 1 DAGs
[2024-11-05 15:25:58,264] {logging_mixin.py:115} INFO - [2024-11-05 15:25:58,264] {dag.py:2927} INFO - Setting next_dagrun for example_short_circuit_operator to 2024-11-04T18:25:58.264379+00:00, run_after=2024-11-05T18:25:58.264379+00:00
[2024-11-05 15:25:58,380] {processor.py:161} INFO - Processing /home/paula/Documentos/airflow/venv/lib/python3.10/site-packages/airflow/example_dags/example_short_circuit_operator.py took 0.163 seconds
[2024-11-05 15:28:56,593] {processor.py:153} INFO - Started process (PID=1061350) to work on /home/paula/Documentos/airflow/venv/lib/python3.10/site-packages/airflow/example_dags/example_short_circuit_operator.py
[2024-11-05 15:28:56,599] {processor.py:641} INFO - Processing file /home/paula/Documentos/airflow/venv/lib/python3.10/site-packages/airflow/example_dags/example_short_circuit_operator.py for tasks to queue
[2024-11-05 15:28:56,600] {logging_mixin.py:115} INFO - [2024-11-05 15:28:56,600] {dagbag.py:507} INFO - Filling up the DagBag from /home/paula/Documentos/airflow/venv/lib/python3.10/site-packages/airflow/example_dags/example_short_circuit_operator.py
[2024-11-05 15:28:56,609] {processor.py:651} INFO - DAG(s) dict_keys(['example_short_circuit_operator']) retrieved from /home/paula/Documentos/airflow/venv/lib/python3.10/site-packages/airflow/example_dags/example_short_circuit_operator.py
[2024-11-05 15:28:56,627] {logging_mixin.py:115} INFO - [2024-11-05 15:28:56,627] {dag.py:2379} INFO - Sync 1 DAGs
[2024-11-05 15:28:56,649] {logging_mixin.py:115} INFO - [2024-11-05 15:28:56,649] {dag.py:2927} INFO - Setting next_dagrun for example_short_circuit_operator to 2024-11-04T18:28:56.648886+00:00, run_after=2024-11-05T18:28:56.648886+00:00
[2024-11-05 15:28:56,867] {processor.py:161} INFO - Processing /home/paula/Documentos/airflow/venv/lib/python3.10/site-packages/airflow/example_dags/example_short_circuit_operator.py took 0.280 seconds
[2024-11-05 15:29:41,782] {processor.py:153} INFO - Started process (PID=1061655) to work on /home/paula/Documentos/airflow/venv/lib/python3.10/site-packages/airflow/example_dags/example_short_circuit_operator.py
[2024-11-05 15:29:41,805] {processor.py:641} INFO - Processing file /home/paula/Documentos/airflow/venv/lib/python3.10/site-packages/airflow/example_dags/example_short_circuit_operator.py for tasks to queue
[2024-11-05 15:29:41,806] {logging_mixin.py:115} INFO - [2024-11-05 15:29:41,805] {dagbag.py:507} INFO - Filling up the DagBag from /home/paula/Documentos/airflow/venv/lib/python3.10/site-packages/airflow/example_dags/example_short_circuit_operator.py
[2024-11-05 15:29:41,817] {processor.py:651} INFO - DAG(s) dict_keys(['example_short_circuit_operator']) retrieved from /home/paula/Documentos/airflow/venv/lib/python3.10/site-packages/airflow/example_dags/example_short_circuit_operator.py
[2024-11-05 15:29:41,836] {logging_mixin.py:115} INFO - [2024-11-05 15:29:41,836] {dag.py:2379} INFO - Sync 1 DAGs
[2024-11-05 15:29:41,854] {logging_mixin.py:115} INFO - [2024-11-05 15:29:41,854] {dag.py:2927} INFO - Setting next_dagrun for example_short_circuit_operator to 2024-11-04T18:29:41.853963+00:00, run_after=2024-11-05T18:29:41.853963+00:00
[2024-11-05 15:29:41,961] {processor.py:161} INFO - Processing /home/paula/Documentos/airflow/venv/lib/python3.10/site-packages/airflow/example_dags/example_short_circuit_operator.py took 0.182 seconds
[2024-11-05 15:30:24,356] {processor.py:153} INFO - Started process (PID=1061912) to work on /home/paula/Documentos/airflow/venv/lib/python3.10/site-packages/airflow/example_dags/example_short_circuit_operator.py
[2024-11-05 15:30:24,391] {processor.py:641} INFO - Processing file /home/paula/Documentos/airflow/venv/lib/python3.10/site-packages/airflow/example_dags/example_short_circuit_operator.py for tasks to queue
[2024-11-05 15:30:24,392] {logging_mixin.py:115} INFO - [2024-11-05 15:30:24,392] {dagbag.py:507} INFO - Filling up the DagBag from /home/paula/Documentos/airflow/venv/lib/python3.10/site-packages/airflow/example_dags/example_short_circuit_operator.py
[2024-11-05 15:30:24,403] {processor.py:651} INFO - DAG(s) dict_keys(['example_short_circuit_operator']) retrieved from /home/paula/Documentos/airflow/venv/lib/python3.10/site-packages/airflow/example_dags/example_short_circuit_operator.py
[2024-11-05 15:30:24,423] {logging_mixin.py:115} INFO - [2024-11-05 15:30:24,423] {dag.py:2379} INFO - Sync 1 DAGs
[2024-11-05 15:30:24,444] {logging_mixin.py:115} INFO - [2024-11-05 15:30:24,444] {dag.py:2927} INFO - Setting next_dagrun for example_short_circuit_operator to 2024-11-04T18:30:24.444449+00:00, run_after=2024-11-05T18:30:24.444449+00:00
[2024-11-05 15:30:24,546] {processor.py:161} INFO - Processing /home/paula/Documentos/airflow/venv/lib/python3.10/site-packages/airflow/example_dags/example_short_circuit_operator.py took 0.193 seconds
[2024-11-05 15:31:07,562] {processor.py:153} INFO - Started process (PID=1062172) to work on /home/paula/Documentos/airflow/venv/lib/python3.10/site-packages/airflow/example_dags/example_short_circuit_operator.py
[2024-11-05 15:31:07,574] {processor.py:641} INFO - Processing file /home/paula/Documentos/airflow/venv/lib/python3.10/site-packages/airflow/example_dags/example_short_circuit_operator.py for tasks to queue
[2024-11-05 15:31:07,575] {logging_mixin.py:115} INFO - [2024-11-05 15:31:07,575] {dagbag.py:507} INFO - Filling up the DagBag from /home/paula/Documentos/airflow/venv/lib/python3.10/site-packages/airflow/example_dags/example_short_circuit_operator.py
[2024-11-05 15:31:07,588] {processor.py:651} INFO - DAG(s) dict_keys(['example_short_circuit_operator']) retrieved from /home/paula/Documentos/airflow/venv/lib/python3.10/site-packages/airflow/example_dags/example_short_circuit_operator.py
[2024-11-05 15:31:07,606] {logging_mixin.py:115} INFO - [2024-11-05 15:31:07,606] {dag.py:2379} INFO - Sync 1 DAGs
[2024-11-05 15:31:07,624] {logging_mixin.py:115} INFO - [2024-11-05 15:31:07,624] {dag.py:2927} INFO - Setting next_dagrun for example_short_circuit_operator to 2024-11-04T18:31:07.623842+00:00, run_after=2024-11-05T18:31:07.623842+00:00
[2024-11-05 15:31:07,958] {processor.py:161} INFO - Processing /home/paula/Documentos/airflow/venv/lib/python3.10/site-packages/airflow/example_dags/example_short_circuit_operator.py took 0.399 seconds
[2024-11-05 15:31:52,466] {processor.py:153} INFO - Started process (PID=1062437) to work on /home/paula/Documentos/airflow/venv/lib/python3.10/site-packages/airflow/example_dags/example_short_circuit_operator.py
[2024-11-05 15:31:52,481] {processor.py:641} INFO - Processing file /home/paula/Documentos/airflow/venv/lib/python3.10/site-packages/airflow/example_dags/example_short_circuit_operator.py for tasks to queue
[2024-11-05 15:31:52,482] {logging_mixin.py:115} INFO - [2024-11-05 15:31:52,482] {dagbag.py:507} INFO - Filling up the DagBag from /home/paula/Documentos/airflow/venv/lib/python3.10/site-packages/airflow/example_dags/example_short_circuit_operator.py
[2024-11-05 15:31:52,495] {processor.py:651} INFO - DAG(s) dict_keys(['example_short_circuit_operator']) retrieved from /home/paula/Documentos/airflow/venv/lib/python3.10/site-packages/airflow/example_dags/example_short_circuit_operator.py
[2024-11-05 15:31:52,518] {logging_mixin.py:115} INFO - [2024-11-05 15:31:52,518] {dag.py:2379} INFO - Sync 1 DAGs
[2024-11-05 15:31:52,540] {logging_mixin.py:115} INFO - [2024-11-05 15:31:52,540] {dag.py:2927} INFO - Setting next_dagrun for example_short_circuit_operator to 2024-11-04T18:31:52.540243+00:00, run_after=2024-11-05T18:31:52.540243+00:00
[2024-11-05 15:31:52,629] {processor.py:161} INFO - Processing /home/paula/Documentos/airflow/venv/lib/python3.10/site-packages/airflow/example_dags/example_short_circuit_operator.py took 0.165 seconds
[2024-11-05 15:32:41,931] {processor.py:153} INFO - Started process (PID=1062748) to work on /home/paula/Documentos/airflow/venv/lib/python3.10/site-packages/airflow/example_dags/example_short_circuit_operator.py
[2024-11-05 15:32:41,932] {processor.py:641} INFO - Processing file /home/paula/Documentos/airflow/venv/lib/python3.10/site-packages/airflow/example_dags/example_short_circuit_operator.py for tasks to queue
[2024-11-05 15:32:41,933] {logging_mixin.py:115} INFO - [2024-11-05 15:32:41,933] {dagbag.py:507} INFO - Filling up the DagBag from /home/paula/Documentos/airflow/venv/lib/python3.10/site-packages/airflow/example_dags/example_short_circuit_operator.py
[2024-11-05 15:32:41,944] {processor.py:651} INFO - DAG(s) dict_keys(['example_short_circuit_operator']) retrieved from /home/paula/Documentos/airflow/venv/lib/python3.10/site-packages/airflow/example_dags/example_short_circuit_operator.py
[2024-11-05 15:32:41,961] {logging_mixin.py:115} INFO - [2024-11-05 15:32:41,961] {dag.py:2379} INFO - Sync 1 DAGs
[2024-11-05 15:32:41,981] {logging_mixin.py:115} INFO - [2024-11-05 15:32:41,981] {dag.py:2927} INFO - Setting next_dagrun for example_short_circuit_operator to 2024-11-04T18:32:41.981327+00:00, run_after=2024-11-05T18:32:41.981327+00:00
[2024-11-05 15:32:42,116] {processor.py:161} INFO - Processing /home/paula/Documentos/airflow/venv/lib/python3.10/site-packages/airflow/example_dags/example_short_circuit_operator.py took 0.187 seconds
[2024-11-05 15:33:25,324] {processor.py:153} INFO - Started process (PID=1063056) to work on /home/paula/Documentos/airflow/venv/lib/python3.10/site-packages/airflow/example_dags/example_short_circuit_operator.py
[2024-11-05 15:33:25,348] {processor.py:641} INFO - Processing file /home/paula/Documentos/airflow/venv/lib/python3.10/site-packages/airflow/example_dags/example_short_circuit_operator.py for tasks to queue
[2024-11-05 15:33:25,349] {logging_mixin.py:115} INFO - [2024-11-05 15:33:25,349] {dagbag.py:507} INFO - Filling up the DagBag from /home/paula/Documentos/airflow/venv/lib/python3.10/site-packages/airflow/example_dags/example_short_circuit_operator.py
[2024-11-05 15:33:25,363] {processor.py:651} INFO - DAG(s) dict_keys(['example_short_circuit_operator']) retrieved from /home/paula/Documentos/airflow/venv/lib/python3.10/site-packages/airflow/example_dags/example_short_circuit_operator.py
[2024-11-05 15:33:25,390] {logging_mixin.py:115} INFO - [2024-11-05 15:33:25,390] {dag.py:2379} INFO - Sync 1 DAGs
[2024-11-05 15:33:26,156] {logging_mixin.py:115} INFO - [2024-11-05 15:33:26,155] {dag.py:2927} INFO - Setting next_dagrun for example_short_circuit_operator to 2024-11-04T18:33:26.155203+00:00, run_after=2024-11-05T18:33:26.155203+00:00
[2024-11-05 15:33:26,357] {processor.py:161} INFO - Processing /home/paula/Documentos/airflow/venv/lib/python3.10/site-packages/airflow/example_dags/example_short_circuit_operator.py took 1.036 seconds
[2024-11-05 15:34:11,678] {processor.py:153} INFO - Started process (PID=1063411) to work on /home/paula/Documentos/airflow/venv/lib/python3.10/site-packages/airflow/example_dags/example_short_circuit_operator.py
[2024-11-05 15:34:11,693] {processor.py:641} INFO - Processing file /home/paula/Documentos/airflow/venv/lib/python3.10/site-packages/airflow/example_dags/example_short_circuit_operator.py for tasks to queue
[2024-11-05 15:34:11,693] {logging_mixin.py:115} INFO - [2024-11-05 15:34:11,693] {dagbag.py:507} INFO - Filling up the DagBag from /home/paula/Documentos/airflow/venv/lib/python3.10/site-packages/airflow/example_dags/example_short_circuit_operator.py
[2024-11-05 15:34:11,705] {processor.py:651} INFO - DAG(s) dict_keys(['example_short_circuit_operator']) retrieved from /home/paula/Documentos/airflow/venv/lib/python3.10/site-packages/airflow/example_dags/example_short_circuit_operator.py
[2024-11-05 15:34:11,725] {logging_mixin.py:115} INFO - [2024-11-05 15:34:11,725] {dag.py:2379} INFO - Sync 1 DAGs
[2024-11-05 15:34:11,744] {logging_mixin.py:115} INFO - [2024-11-05 15:34:11,744] {dag.py:2927} INFO - Setting next_dagrun for example_short_circuit_operator to 2024-11-04T18:34:11.743787+00:00, run_after=2024-11-05T18:34:11.743787+00:00
[2024-11-05 15:34:11,866] {processor.py:161} INFO - Processing /home/paula/Documentos/airflow/venv/lib/python3.10/site-packages/airflow/example_dags/example_short_circuit_operator.py took 0.191 seconds
[2024-11-05 15:34:50,225] {processor.py:153} INFO - Started process (PID=1063720) to work on /home/paula/Documentos/airflow/venv/lib/python3.10/site-packages/airflow/example_dags/example_short_circuit_operator.py
[2024-11-05 15:34:50,250] {processor.py:641} INFO - Processing file /home/paula/Documentos/airflow/venv/lib/python3.10/site-packages/airflow/example_dags/example_short_circuit_operator.py for tasks to queue
[2024-11-05 15:34:50,251] {logging_mixin.py:115} INFO - [2024-11-05 15:34:50,250] {dagbag.py:507} INFO - Filling up the DagBag from /home/paula/Documentos/airflow/venv/lib/python3.10/site-packages/airflow/example_dags/example_short_circuit_operator.py
[2024-11-05 15:34:50,262] {processor.py:651} INFO - DAG(s) dict_keys(['example_short_circuit_operator']) retrieved from /home/paula/Documentos/airflow/venv/lib/python3.10/site-packages/airflow/example_dags/example_short_circuit_operator.py
[2024-11-05 15:34:50,283] {logging_mixin.py:115} INFO - [2024-11-05 15:34:50,282] {dag.py:2379} INFO - Sync 1 DAGs
[2024-11-05 15:34:50,302] {logging_mixin.py:115} INFO - [2024-11-05 15:34:50,302] {dag.py:2927} INFO - Setting next_dagrun for example_short_circuit_operator to 2024-11-04T18:34:50.302527+00:00, run_after=2024-11-05T18:34:50.302527+00:00
[2024-11-05 15:34:50,385] {processor.py:161} INFO - Processing /home/paula/Documentos/airflow/venv/lib/python3.10/site-packages/airflow/example_dags/example_short_circuit_operator.py took 0.164 seconds
[2024-11-05 15:35:33,563] {processor.py:153} INFO - Started process (PID=1063984) to work on /home/paula/Documentos/airflow/venv/lib/python3.10/site-packages/airflow/example_dags/example_short_circuit_operator.py
[2024-11-05 15:35:33,563] {processor.py:641} INFO - Processing file /home/paula/Documentos/airflow/venv/lib/python3.10/site-packages/airflow/example_dags/example_short_circuit_operator.py for tasks to queue
[2024-11-05 15:35:33,564] {logging_mixin.py:115} INFO - [2024-11-05 15:35:33,564] {dagbag.py:507} INFO - Filling up the DagBag from /home/paula/Documentos/airflow/venv/lib/python3.10/site-packages/airflow/example_dags/example_short_circuit_operator.py
[2024-11-05 15:35:33,577] {processor.py:651} INFO - DAG(s) dict_keys(['example_short_circuit_operator']) retrieved from /home/paula/Documentos/airflow/venv/lib/python3.10/site-packages/airflow/example_dags/example_short_circuit_operator.py
[2024-11-05 15:35:33,593] {logging_mixin.py:115} INFO - [2024-11-05 15:35:33,593] {dag.py:2379} INFO - Sync 1 DAGs
[2024-11-05 15:35:33,611] {logging_mixin.py:115} INFO - [2024-11-05 15:35:33,611] {dag.py:2927} INFO - Setting next_dagrun for example_short_circuit_operator to 2024-11-04T18:35:33.610827+00:00, run_after=2024-11-05T18:35:33.610827+00:00
[2024-11-05 15:35:33,755] {processor.py:161} INFO - Processing /home/paula/Documentos/airflow/venv/lib/python3.10/site-packages/airflow/example_dags/example_short_circuit_operator.py took 0.196 seconds
[2024-11-05 15:39:48,369] {processor.py:153} INFO - Started process (PID=1065781) to work on /home/paula/Documentos/airflow/venv/lib/python3.10/site-packages/airflow/example_dags/example_short_circuit_operator.py
[2024-11-05 15:39:48,369] {processor.py:641} INFO - Processing file /home/paula/Documentos/airflow/venv/lib/python3.10/site-packages/airflow/example_dags/example_short_circuit_operator.py for tasks to queue
[2024-11-05 15:39:48,370] {logging_mixin.py:115} INFO - [2024-11-05 15:39:48,370] {dagbag.py:507} INFO - Filling up the DagBag from /home/paula/Documentos/airflow/venv/lib/python3.10/site-packages/airflow/example_dags/example_short_circuit_operator.py
[2024-11-05 15:39:48,383] {processor.py:651} INFO - DAG(s) dict_keys(['example_short_circuit_operator']) retrieved from /home/paula/Documentos/airflow/venv/lib/python3.10/site-packages/airflow/example_dags/example_short_circuit_operator.py
[2024-11-05 15:39:48,406] {logging_mixin.py:115} INFO - [2024-11-05 15:39:48,406] {dag.py:2379} INFO - Sync 1 DAGs
[2024-11-05 15:39:48,436] {logging_mixin.py:115} INFO - [2024-11-05 15:39:48,436] {dag.py:2927} INFO - Setting next_dagrun for example_short_circuit_operator to 2024-11-04T18:39:48.435884+00:00, run_after=2024-11-05T18:39:48.435884+00:00
[2024-11-05 15:39:48,709] {processor.py:161} INFO - Processing /home/paula/Documentos/airflow/venv/lib/python3.10/site-packages/airflow/example_dags/example_short_circuit_operator.py took 0.344 seconds
[2024-11-05 15:40:32,610] {processor.py:153} INFO - Started process (PID=1066212) to work on /home/paula/Documentos/airflow/venv/lib/python3.10/site-packages/airflow/example_dags/example_short_circuit_operator.py
[2024-11-05 15:40:32,631] {processor.py:641} INFO - Processing file /home/paula/Documentos/airflow/venv/lib/python3.10/site-packages/airflow/example_dags/example_short_circuit_operator.py for tasks to queue
[2024-11-05 15:40:32,632] {logging_mixin.py:115} INFO - [2024-11-05 15:40:32,632] {dagbag.py:507} INFO - Filling up the DagBag from /home/paula/Documentos/airflow/venv/lib/python3.10/site-packages/airflow/example_dags/example_short_circuit_operator.py
[2024-11-05 15:40:32,646] {processor.py:651} INFO - DAG(s) dict_keys(['example_short_circuit_operator']) retrieved from /home/paula/Documentos/airflow/venv/lib/python3.10/site-packages/airflow/example_dags/example_short_circuit_operator.py
[2024-11-05 15:40:32,671] {logging_mixin.py:115} INFO - [2024-11-05 15:40:32,671] {dag.py:2379} INFO - Sync 1 DAGs
[2024-11-05 15:40:32,704] {logging_mixin.py:115} INFO - [2024-11-05 15:40:32,704] {dag.py:2927} INFO - Setting next_dagrun for example_short_circuit_operator to 2024-11-04T18:40:32.704439+00:00, run_after=2024-11-05T18:40:32.704439+00:00
[2024-11-05 15:40:32,911] {processor.py:161} INFO - Processing /home/paula/Documentos/airflow/venv/lib/python3.10/site-packages/airflow/example_dags/example_short_circuit_operator.py took 0.304 seconds
