[2024-11-05 15:08:28,626] {processor.py:153} INFO - Started process (PID=1053599) to work on /home/paula/Documentos/airflow/venv/lib/python3.10/site-packages/airflow/example_dags/example_bash_operator.py
[2024-11-05 15:08:28,627] {processor.py:641} INFO - Processing file /home/paula/Documentos/airflow/venv/lib/python3.10/site-packages/airflow/example_dags/example_bash_operator.py for tasks to queue
[2024-11-05 15:08:28,628] {logging_mixin.py:115} INFO - [2024-11-05 15:08:28,628] {dagbag.py:507} INFO - Filling up the DagBag from /home/paula/Documentos/airflow/venv/lib/python3.10/site-packages/airflow/example_dags/example_bash_operator.py
[2024-11-05 15:08:28,639] {processor.py:651} INFO - DAG(s) dict_keys(['example_bash_operator']) retrieved from /home/paula/Documentos/airflow/venv/lib/python3.10/site-packages/airflow/example_dags/example_bash_operator.py
[2024-11-05 15:08:29,069] {logging_mixin.py:115} INFO - [2024-11-05 15:08:29,068] {manager.py:508} INFO - Created Permission View: can edit on DAG:example_bash_operator
[2024-11-05 15:08:29,236] {logging_mixin.py:115} INFO - [2024-11-05 15:08:29,236] {manager.py:508} INFO - Created Permission View: can read on DAG:example_bash_operator
[2024-11-05 15:08:29,427] {logging_mixin.py:115} INFO - [2024-11-05 15:08:29,426] {manager.py:508} INFO - Created Permission View: can delete on DAG:example_bash_operator
[2024-11-05 15:08:29,427] {logging_mixin.py:115} INFO - [2024-11-05 15:08:29,427] {dag.py:2379} INFO - Sync 1 DAGs
[2024-11-05 15:08:29,444] {logging_mixin.py:115} INFO - [2024-11-05 15:08:29,444] {dag.py:2398} INFO - Creating ORM DAG for example_bash_operator
[2024-11-05 15:08:29,462] {logging_mixin.py:115} INFO - [2024-11-05 15:08:29,462] {dag.py:2927} INFO - Setting next_dagrun for example_bash_operator to 2024-11-04T00:00:00+00:00, run_after=2024-11-05T00:00:00+00:00
[2024-11-05 15:08:29,744] {processor.py:161} INFO - Processing /home/paula/Documentos/airflow/venv/lib/python3.10/site-packages/airflow/example_dags/example_bash_operator.py took 1.121 seconds
[2024-11-05 15:09:13,952] {processor.py:153} INFO - Started process (PID=1053829) to work on /home/paula/Documentos/airflow/venv/lib/python3.10/site-packages/airflow/example_dags/example_bash_operator.py
[2024-11-05 15:09:13,977] {processor.py:641} INFO - Processing file /home/paula/Documentos/airflow/venv/lib/python3.10/site-packages/airflow/example_dags/example_bash_operator.py for tasks to queue
[2024-11-05 15:09:13,978] {logging_mixin.py:115} INFO - [2024-11-05 15:09:13,978] {dagbag.py:507} INFO - Filling up the DagBag from /home/paula/Documentos/airflow/venv/lib/python3.10/site-packages/airflow/example_dags/example_bash_operator.py
[2024-11-05 15:09:13,994] {processor.py:651} INFO - DAG(s) dict_keys(['example_bash_operator']) retrieved from /home/paula/Documentos/airflow/venv/lib/python3.10/site-packages/airflow/example_dags/example_bash_operator.py
[2024-11-05 15:09:14,014] {logging_mixin.py:115} INFO - [2024-11-05 15:09:14,014] {dag.py:2379} INFO - Sync 1 DAGs
[2024-11-05 15:09:14,035] {logging_mixin.py:115} INFO - [2024-11-05 15:09:14,035] {dag.py:2927} INFO - Setting next_dagrun for example_bash_operator to 2024-11-04T00:00:00+00:00, run_after=2024-11-05T00:00:00+00:00
[2024-11-05 15:09:14,206] {processor.py:161} INFO - Processing /home/paula/Documentos/airflow/venv/lib/python3.10/site-packages/airflow/example_dags/example_bash_operator.py took 0.257 seconds
[2024-11-05 15:10:09,303] {processor.py:153} INFO - Started process (PID=1054330) to work on /home/paula/Documentos/airflow/venv/lib/python3.10/site-packages/airflow/example_dags/example_bash_operator.py
[2024-11-05 15:10:09,383] {processor.py:641} INFO - Processing file /home/paula/Documentos/airflow/venv/lib/python3.10/site-packages/airflow/example_dags/example_bash_operator.py for tasks to queue
[2024-11-05 15:10:09,383] {logging_mixin.py:115} INFO - [2024-11-05 15:10:09,383] {dagbag.py:507} INFO - Filling up the DagBag from /home/paula/Documentos/airflow/venv/lib/python3.10/site-packages/airflow/example_dags/example_bash_operator.py
[2024-11-05 15:10:09,395] {processor.py:651} INFO - DAG(s) dict_keys(['example_bash_operator']) retrieved from /home/paula/Documentos/airflow/venv/lib/python3.10/site-packages/airflow/example_dags/example_bash_operator.py
[2024-11-05 15:10:09,409] {logging_mixin.py:115} INFO - [2024-11-05 15:10:09,409] {dag.py:2379} INFO - Sync 1 DAGs
[2024-11-05 15:10:09,428] {logging_mixin.py:115} INFO - [2024-11-05 15:10:09,428] {dag.py:2927} INFO - Setting next_dagrun for example_bash_operator to 2024-11-04T00:00:00+00:00, run_after=2024-11-05T00:00:00+00:00
[2024-11-05 15:10:09,646] {processor.py:161} INFO - Processing /home/paula/Documentos/airflow/venv/lib/python3.10/site-packages/airflow/example_dags/example_bash_operator.py took 0.346 seconds
[2024-11-05 15:11:01,238] {processor.py:153} INFO - Started process (PID=1054625) to work on /home/paula/Documentos/airflow/venv/lib/python3.10/site-packages/airflow/example_dags/example_bash_operator.py
[2024-11-05 15:11:01,300] {processor.py:641} INFO - Processing file /home/paula/Documentos/airflow/venv/lib/python3.10/site-packages/airflow/example_dags/example_bash_operator.py for tasks to queue
[2024-11-05 15:11:01,302] {logging_mixin.py:115} INFO - [2024-11-05 15:11:01,301] {dagbag.py:507} INFO - Filling up the DagBag from /home/paula/Documentos/airflow/venv/lib/python3.10/site-packages/airflow/example_dags/example_bash_operator.py
[2024-11-05 15:11:01,324] {processor.py:651} INFO - DAG(s) dict_keys(['example_bash_operator']) retrieved from /home/paula/Documentos/airflow/venv/lib/python3.10/site-packages/airflow/example_dags/example_bash_operator.py
[2024-11-05 15:11:01,344] {logging_mixin.py:115} INFO - [2024-11-05 15:11:01,344] {dag.py:2379} INFO - Sync 1 DAGs
[2024-11-05 15:11:01,368] {logging_mixin.py:115} INFO - [2024-11-05 15:11:01,368] {dag.py:2927} INFO - Setting next_dagrun for example_bash_operator to 2024-11-04T00:00:00+00:00, run_after=2024-11-05T00:00:00+00:00
[2024-11-05 15:11:01,659] {processor.py:161} INFO - Processing /home/paula/Documentos/airflow/venv/lib/python3.10/site-packages/airflow/example_dags/example_bash_operator.py took 0.425 seconds
[2024-11-05 15:11:53,173] {processor.py:153} INFO - Started process (PID=1054903) to work on /home/paula/Documentos/airflow/venv/lib/python3.10/site-packages/airflow/example_dags/example_bash_operator.py
[2024-11-05 15:11:53,177] {processor.py:641} INFO - Processing file /home/paula/Documentos/airflow/venv/lib/python3.10/site-packages/airflow/example_dags/example_bash_operator.py for tasks to queue
[2024-11-05 15:11:53,177] {logging_mixin.py:115} INFO - [2024-11-05 15:11:53,177] {dagbag.py:507} INFO - Filling up the DagBag from /home/paula/Documentos/airflow/venv/lib/python3.10/site-packages/airflow/example_dags/example_bash_operator.py
[2024-11-05 15:11:53,187] {processor.py:651} INFO - DAG(s) dict_keys(['example_bash_operator']) retrieved from /home/paula/Documentos/airflow/venv/lib/python3.10/site-packages/airflow/example_dags/example_bash_operator.py
[2024-11-05 15:11:53,451] {logging_mixin.py:115} INFO - [2024-11-05 15:11:53,451] {dag.py:2379} INFO - Sync 1 DAGs
[2024-11-05 15:11:53,504] {logging_mixin.py:115} INFO - [2024-11-05 15:11:53,504] {dag.py:2927} INFO - Setting next_dagrun for example_bash_operator to 2024-11-04T00:00:00+00:00, run_after=2024-11-05T00:00:00+00:00
[2024-11-05 15:11:53,749] {processor.py:161} INFO - Processing /home/paula/Documentos/airflow/venv/lib/python3.10/site-packages/airflow/example_dags/example_bash_operator.py took 0.578 seconds
[2024-11-05 15:12:42,426] {processor.py:153} INFO - Started process (PID=1055240) to work on /home/paula/Documentos/airflow/venv/lib/python3.10/site-packages/airflow/example_dags/example_bash_operator.py
[2024-11-05 15:12:42,439] {processor.py:641} INFO - Processing file /home/paula/Documentos/airflow/venv/lib/python3.10/site-packages/airflow/example_dags/example_bash_operator.py for tasks to queue
[2024-11-05 15:12:42,440] {logging_mixin.py:115} INFO - [2024-11-05 15:12:42,440] {dagbag.py:507} INFO - Filling up the DagBag from /home/paula/Documentos/airflow/venv/lib/python3.10/site-packages/airflow/example_dags/example_bash_operator.py
[2024-11-05 15:12:42,453] {processor.py:651} INFO - DAG(s) dict_keys(['example_bash_operator']) retrieved from /home/paula/Documentos/airflow/venv/lib/python3.10/site-packages/airflow/example_dags/example_bash_operator.py
[2024-11-05 15:12:42,476] {logging_mixin.py:115} INFO - [2024-11-05 15:12:42,476] {dag.py:2379} INFO - Sync 1 DAGs
[2024-11-05 15:12:42,499] {logging_mixin.py:115} INFO - [2024-11-05 15:12:42,499] {dag.py:2927} INFO - Setting next_dagrun for example_bash_operator to 2024-11-04T00:00:00+00:00, run_after=2024-11-05T00:00:00+00:00
[2024-11-05 15:12:42,730] {processor.py:161} INFO - Processing /home/paula/Documentos/airflow/venv/lib/python3.10/site-packages/airflow/example_dags/example_bash_operator.py took 0.307 seconds
[2024-11-05 15:13:34,330] {processor.py:153} INFO - Started process (PID=1055546) to work on /home/paula/Documentos/airflow/venv/lib/python3.10/site-packages/airflow/example_dags/example_bash_operator.py
[2024-11-05 15:13:34,433] {processor.py:641} INFO - Processing file /home/paula/Documentos/airflow/venv/lib/python3.10/site-packages/airflow/example_dags/example_bash_operator.py for tasks to queue
[2024-11-05 15:13:34,434] {logging_mixin.py:115} INFO - [2024-11-05 15:13:34,434] {dagbag.py:507} INFO - Filling up the DagBag from /home/paula/Documentos/airflow/venv/lib/python3.10/site-packages/airflow/example_dags/example_bash_operator.py
[2024-11-05 15:13:34,451] {processor.py:651} INFO - DAG(s) dict_keys(['example_bash_operator']) retrieved from /home/paula/Documentos/airflow/venv/lib/python3.10/site-packages/airflow/example_dags/example_bash_operator.py
[2024-11-05 15:13:34,478] {logging_mixin.py:115} INFO - [2024-11-05 15:13:34,478] {dag.py:2379} INFO - Sync 1 DAGs
[2024-11-05 15:13:34,509] {logging_mixin.py:115} INFO - [2024-11-05 15:13:34,509] {dag.py:2927} INFO - Setting next_dagrun for example_bash_operator to 2024-11-04T00:00:00+00:00, run_after=2024-11-05T00:00:00+00:00
[2024-11-05 15:13:34,965] {processor.py:161} INFO - Processing /home/paula/Documentos/airflow/venv/lib/python3.10/site-packages/airflow/example_dags/example_bash_operator.py took 0.639 seconds
[2024-11-05 15:14:27,001] {processor.py:153} INFO - Started process (PID=1055836) to work on /home/paula/Documentos/airflow/venv/lib/python3.10/site-packages/airflow/example_dags/example_bash_operator.py
[2024-11-05 15:14:27,011] {processor.py:641} INFO - Processing file /home/paula/Documentos/airflow/venv/lib/python3.10/site-packages/airflow/example_dags/example_bash_operator.py for tasks to queue
[2024-11-05 15:14:27,011] {logging_mixin.py:115} INFO - [2024-11-05 15:14:27,011] {dagbag.py:507} INFO - Filling up the DagBag from /home/paula/Documentos/airflow/venv/lib/python3.10/site-packages/airflow/example_dags/example_bash_operator.py
[2024-11-05 15:14:27,026] {processor.py:651} INFO - DAG(s) dict_keys(['example_bash_operator']) retrieved from /home/paula/Documentos/airflow/venv/lib/python3.10/site-packages/airflow/example_dags/example_bash_operator.py
[2024-11-05 15:14:27,046] {logging_mixin.py:115} INFO - [2024-11-05 15:14:27,046] {dag.py:2379} INFO - Sync 1 DAGs
[2024-11-05 15:14:27,069] {logging_mixin.py:115} INFO - [2024-11-05 15:14:27,069] {dag.py:2927} INFO - Setting next_dagrun for example_bash_operator to 2024-11-04T00:00:00+00:00, run_after=2024-11-05T00:00:00+00:00
[2024-11-05 15:14:27,521] {processor.py:161} INFO - Processing /home/paula/Documentos/airflow/venv/lib/python3.10/site-packages/airflow/example_dags/example_bash_operator.py took 0.526 seconds
[2024-11-05 15:15:17,161] {processor.py:153} INFO - Started process (PID=1056151) to work on /home/paula/Documentos/airflow/venv/lib/python3.10/site-packages/airflow/example_dags/example_bash_operator.py
[2024-11-05 15:15:17,169] {processor.py:641} INFO - Processing file /home/paula/Documentos/airflow/venv/lib/python3.10/site-packages/airflow/example_dags/example_bash_operator.py for tasks to queue
[2024-11-05 15:15:17,170] {logging_mixin.py:115} INFO - [2024-11-05 15:15:17,170] {dagbag.py:507} INFO - Filling up the DagBag from /home/paula/Documentos/airflow/venv/lib/python3.10/site-packages/airflow/example_dags/example_bash_operator.py
[2024-11-05 15:15:17,187] {processor.py:651} INFO - DAG(s) dict_keys(['example_bash_operator']) retrieved from /home/paula/Documentos/airflow/venv/lib/python3.10/site-packages/airflow/example_dags/example_bash_operator.py
[2024-11-05 15:15:17,203] {logging_mixin.py:115} INFO - [2024-11-05 15:15:17,203] {dag.py:2379} INFO - Sync 1 DAGs
[2024-11-05 15:15:17,228] {logging_mixin.py:115} INFO - [2024-11-05 15:15:17,228] {dag.py:2927} INFO - Setting next_dagrun for example_bash_operator to 2024-11-04T00:00:00+00:00, run_after=2024-11-05T00:00:00+00:00
[2024-11-05 15:15:17,333] {processor.py:161} INFO - Processing /home/paula/Documentos/airflow/venv/lib/python3.10/site-packages/airflow/example_dags/example_bash_operator.py took 0.176 seconds
[2024-11-05 15:15:56,556] {processor.py:153} INFO - Started process (PID=1056399) to work on /home/paula/Documentos/airflow/venv/lib/python3.10/site-packages/airflow/example_dags/example_bash_operator.py
[2024-11-05 15:15:56,580] {processor.py:641} INFO - Processing file /home/paula/Documentos/airflow/venv/lib/python3.10/site-packages/airflow/example_dags/example_bash_operator.py for tasks to queue
[2024-11-05 15:15:56,580] {logging_mixin.py:115} INFO - [2024-11-05 15:15:56,580] {dagbag.py:507} INFO - Filling up the DagBag from /home/paula/Documentos/airflow/venv/lib/python3.10/site-packages/airflow/example_dags/example_bash_operator.py
[2024-11-05 15:15:56,595] {processor.py:651} INFO - DAG(s) dict_keys(['example_bash_operator']) retrieved from /home/paula/Documentos/airflow/venv/lib/python3.10/site-packages/airflow/example_dags/example_bash_operator.py
[2024-11-05 15:15:56,614] {logging_mixin.py:115} INFO - [2024-11-05 15:15:56,614] {dag.py:2379} INFO - Sync 1 DAGs
[2024-11-05 15:15:56,635] {logging_mixin.py:115} INFO - [2024-11-05 15:15:56,635] {dag.py:2927} INFO - Setting next_dagrun for example_bash_operator to 2024-11-04T00:00:00+00:00, run_after=2024-11-05T00:00:00+00:00
[2024-11-05 15:15:56,766] {processor.py:161} INFO - Processing /home/paula/Documentos/airflow/venv/lib/python3.10/site-packages/airflow/example_dags/example_bash_operator.py took 0.212 seconds
[2024-11-05 15:16:41,215] {processor.py:153} INFO - Started process (PID=1056679) to work on /home/paula/Documentos/airflow/venv/lib/python3.10/site-packages/airflow/example_dags/example_bash_operator.py
[2024-11-05 15:16:41,216] {processor.py:641} INFO - Processing file /home/paula/Documentos/airflow/venv/lib/python3.10/site-packages/airflow/example_dags/example_bash_operator.py for tasks to queue
[2024-11-05 15:16:41,217] {logging_mixin.py:115} INFO - [2024-11-05 15:16:41,216] {dagbag.py:507} INFO - Filling up the DagBag from /home/paula/Documentos/airflow/venv/lib/python3.10/site-packages/airflow/example_dags/example_bash_operator.py
[2024-11-05 15:16:41,231] {processor.py:651} INFO - DAG(s) dict_keys(['example_bash_operator']) retrieved from /home/paula/Documentos/airflow/venv/lib/python3.10/site-packages/airflow/example_dags/example_bash_operator.py
[2024-11-05 15:16:41,248] {logging_mixin.py:115} INFO - [2024-11-05 15:16:41,248] {dag.py:2379} INFO - Sync 1 DAGs
[2024-11-05 15:16:41,268] {logging_mixin.py:115} INFO - [2024-11-05 15:16:41,268] {dag.py:2927} INFO - Setting next_dagrun for example_bash_operator to 2024-11-04T00:00:00+00:00, run_after=2024-11-05T00:00:00+00:00
[2024-11-05 15:16:41,372] {processor.py:161} INFO - Processing /home/paula/Documentos/airflow/venv/lib/python3.10/site-packages/airflow/example_dags/example_bash_operator.py took 0.161 seconds
[2024-11-05 15:17:29,913] {processor.py:153} INFO - Started process (PID=1056978) to work on /home/paula/Documentos/airflow/venv/lib/python3.10/site-packages/airflow/example_dags/example_bash_operator.py
[2024-11-05 15:17:29,913] {processor.py:641} INFO - Processing file /home/paula/Documentos/airflow/venv/lib/python3.10/site-packages/airflow/example_dags/example_bash_operator.py for tasks to queue
[2024-11-05 15:17:29,914] {logging_mixin.py:115} INFO - [2024-11-05 15:17:29,914] {dagbag.py:507} INFO - Filling up the DagBag from /home/paula/Documentos/airflow/venv/lib/python3.10/site-packages/airflow/example_dags/example_bash_operator.py
[2024-11-05 15:17:29,933] {processor.py:651} INFO - DAG(s) dict_keys(['example_bash_operator']) retrieved from /home/paula/Documentos/airflow/venv/lib/python3.10/site-packages/airflow/example_dags/example_bash_operator.py
[2024-11-05 15:17:29,950] {logging_mixin.py:115} INFO - [2024-11-05 15:17:29,950] {dag.py:2379} INFO - Sync 1 DAGs
[2024-11-05 15:17:29,974] {logging_mixin.py:115} INFO - [2024-11-05 15:17:29,974] {dag.py:2927} INFO - Setting next_dagrun for example_bash_operator to 2024-11-04T00:00:00+00:00, run_after=2024-11-05T00:00:00+00:00
[2024-11-05 15:17:30,116] {processor.py:161} INFO - Processing /home/paula/Documentos/airflow/venv/lib/python3.10/site-packages/airflow/example_dags/example_bash_operator.py took 0.207 seconds
[2024-11-05 15:18:19,188] {processor.py:153} INFO - Started process (PID=1057286) to work on /home/paula/Documentos/airflow/venv/lib/python3.10/site-packages/airflow/example_dags/example_bash_operator.py
[2024-11-05 15:18:19,207] {processor.py:641} INFO - Processing file /home/paula/Documentos/airflow/venv/lib/python3.10/site-packages/airflow/example_dags/example_bash_operator.py for tasks to queue
[2024-11-05 15:18:19,208] {logging_mixin.py:115} INFO - [2024-11-05 15:18:19,208] {dagbag.py:507} INFO - Filling up the DagBag from /home/paula/Documentos/airflow/venv/lib/python3.10/site-packages/airflow/example_dags/example_bash_operator.py
[2024-11-05 15:18:19,224] {processor.py:651} INFO - DAG(s) dict_keys(['example_bash_operator']) retrieved from /home/paula/Documentos/airflow/venv/lib/python3.10/site-packages/airflow/example_dags/example_bash_operator.py
[2024-11-05 15:18:19,240] {logging_mixin.py:115} INFO - [2024-11-05 15:18:19,240] {dag.py:2379} INFO - Sync 1 DAGs
[2024-11-05 15:18:19,259] {logging_mixin.py:115} INFO - [2024-11-05 15:18:19,259] {dag.py:2927} INFO - Setting next_dagrun for example_bash_operator to 2024-11-04T00:00:00+00:00, run_after=2024-11-05T00:00:00+00:00
[2024-11-05 15:18:19,446] {processor.py:161} INFO - Processing /home/paula/Documentos/airflow/venv/lib/python3.10/site-packages/airflow/example_dags/example_bash_operator.py took 0.261 seconds
[2024-11-05 15:19:01,585] {processor.py:153} INFO - Started process (PID=1057539) to work on /home/paula/Documentos/airflow/venv/lib/python3.10/site-packages/airflow/example_dags/example_bash_operator.py
[2024-11-05 15:19:01,611] {processor.py:641} INFO - Processing file /home/paula/Documentos/airflow/venv/lib/python3.10/site-packages/airflow/example_dags/example_bash_operator.py for tasks to queue
[2024-11-05 15:19:01,611] {logging_mixin.py:115} INFO - [2024-11-05 15:19:01,611] {dagbag.py:507} INFO - Filling up the DagBag from /home/paula/Documentos/airflow/venv/lib/python3.10/site-packages/airflow/example_dags/example_bash_operator.py
[2024-11-05 15:19:01,635] {processor.py:651} INFO - DAG(s) dict_keys(['example_bash_operator']) retrieved from /home/paula/Documentos/airflow/venv/lib/python3.10/site-packages/airflow/example_dags/example_bash_operator.py
[2024-11-05 15:19:01,653] {logging_mixin.py:115} INFO - [2024-11-05 15:19:01,653] {dag.py:2379} INFO - Sync 1 DAGs
[2024-11-05 15:19:01,673] {logging_mixin.py:115} INFO - [2024-11-05 15:19:01,673] {dag.py:2927} INFO - Setting next_dagrun for example_bash_operator to 2024-11-04T00:00:00+00:00, run_after=2024-11-05T00:00:00+00:00
[2024-11-05 15:19:01,790] {processor.py:161} INFO - Processing /home/paula/Documentos/airflow/venv/lib/python3.10/site-packages/airflow/example_dags/example_bash_operator.py took 0.209 seconds
[2024-11-05 15:19:46,649] {processor.py:153} INFO - Started process (PID=1057840) to work on /home/paula/Documentos/airflow/venv/lib/python3.10/site-packages/airflow/example_dags/example_bash_operator.py
[2024-11-05 15:19:46,677] {processor.py:641} INFO - Processing file /home/paula/Documentos/airflow/venv/lib/python3.10/site-packages/airflow/example_dags/example_bash_operator.py for tasks to queue
[2024-11-05 15:19:46,678] {logging_mixin.py:115} INFO - [2024-11-05 15:19:46,677] {dagbag.py:507} INFO - Filling up the DagBag from /home/paula/Documentos/airflow/venv/lib/python3.10/site-packages/airflow/example_dags/example_bash_operator.py
[2024-11-05 15:19:46,687] {processor.py:651} INFO - DAG(s) dict_keys(['example_bash_operator']) retrieved from /home/paula/Documentos/airflow/venv/lib/python3.10/site-packages/airflow/example_dags/example_bash_operator.py
[2024-11-05 15:19:46,701] {logging_mixin.py:115} INFO - [2024-11-05 15:19:46,701] {dag.py:2379} INFO - Sync 1 DAGs
[2024-11-05 15:19:46,719] {logging_mixin.py:115} INFO - [2024-11-05 15:19:46,719] {dag.py:2927} INFO - Setting next_dagrun for example_bash_operator to 2024-11-04T00:00:00+00:00, run_after=2024-11-05T00:00:00+00:00
[2024-11-05 15:19:46,916] {processor.py:161} INFO - Processing /home/paula/Documentos/airflow/venv/lib/python3.10/site-packages/airflow/example_dags/example_bash_operator.py took 0.270 seconds
[2024-11-05 15:20:32,198] {processor.py:153} INFO - Started process (PID=1058113) to work on /home/paula/Documentos/airflow/venv/lib/python3.10/site-packages/airflow/example_dags/example_bash_operator.py
[2024-11-05 15:20:32,217] {processor.py:641} INFO - Processing file /home/paula/Documentos/airflow/venv/lib/python3.10/site-packages/airflow/example_dags/example_bash_operator.py for tasks to queue
[2024-11-05 15:20:32,218] {logging_mixin.py:115} INFO - [2024-11-05 15:20:32,218] {dagbag.py:507} INFO - Filling up the DagBag from /home/paula/Documentos/airflow/venv/lib/python3.10/site-packages/airflow/example_dags/example_bash_operator.py
[2024-11-05 15:20:32,236] {processor.py:651} INFO - DAG(s) dict_keys(['example_bash_operator']) retrieved from /home/paula/Documentos/airflow/venv/lib/python3.10/site-packages/airflow/example_dags/example_bash_operator.py
[2024-11-05 15:20:32,257] {logging_mixin.py:115} INFO - [2024-11-05 15:20:32,256] {dag.py:2379} INFO - Sync 1 DAGs
[2024-11-05 15:20:32,278] {logging_mixin.py:115} INFO - [2024-11-05 15:20:32,278] {dag.py:2927} INFO - Setting next_dagrun for example_bash_operator to 2024-11-04T00:00:00+00:00, run_after=2024-11-05T00:00:00+00:00
[2024-11-05 15:20:32,396] {processor.py:161} INFO - Processing /home/paula/Documentos/airflow/venv/lib/python3.10/site-packages/airflow/example_dags/example_bash_operator.py took 0.201 seconds
[2024-11-05 15:21:46,793] {processor.py:153} INFO - Started process (PID=1058608) to work on /home/paula/Documentos/airflow/venv/lib/python3.10/site-packages/airflow/example_dags/example_bash_operator.py
[2024-11-05 15:21:46,794] {processor.py:641} INFO - Processing file /home/paula/Documentos/airflow/venv/lib/python3.10/site-packages/airflow/example_dags/example_bash_operator.py for tasks to queue
[2024-11-05 15:21:46,794] {logging_mixin.py:115} INFO - [2024-11-05 15:21:46,794] {dagbag.py:507} INFO - Filling up the DagBag from /home/paula/Documentos/airflow/venv/lib/python3.10/site-packages/airflow/example_dags/example_bash_operator.py
[2024-11-05 15:21:46,808] {processor.py:651} INFO - DAG(s) dict_keys(['example_bash_operator']) retrieved from /home/paula/Documentos/airflow/venv/lib/python3.10/site-packages/airflow/example_dags/example_bash_operator.py
[2024-11-05 15:21:46,823] {logging_mixin.py:115} INFO - [2024-11-05 15:21:46,823] {dag.py:2379} INFO - Sync 1 DAGs
[2024-11-05 15:21:46,846] {logging_mixin.py:115} INFO - [2024-11-05 15:21:46,846] {dag.py:2927} INFO - Setting next_dagrun for example_bash_operator to 2024-11-04T00:00:00+00:00, run_after=2024-11-05T00:00:00+00:00
[2024-11-05 15:21:46,930] {processor.py:161} INFO - Processing /home/paula/Documentos/airflow/venv/lib/python3.10/site-packages/airflow/example_dags/example_bash_operator.py took 0.141 seconds
[2024-11-05 15:22:36,405] {processor.py:153} INFO - Started process (PID=1058905) to work on /home/paula/Documentos/airflow/venv/lib/python3.10/site-packages/airflow/example_dags/example_bash_operator.py
[2024-11-05 15:22:36,406] {processor.py:641} INFO - Processing file /home/paula/Documentos/airflow/venv/lib/python3.10/site-packages/airflow/example_dags/example_bash_operator.py for tasks to queue
[2024-11-05 15:22:36,406] {logging_mixin.py:115} INFO - [2024-11-05 15:22:36,406] {dagbag.py:507} INFO - Filling up the DagBag from /home/paula/Documentos/airflow/venv/lib/python3.10/site-packages/airflow/example_dags/example_bash_operator.py
[2024-11-05 15:22:36,420] {processor.py:651} INFO - DAG(s) dict_keys(['example_bash_operator']) retrieved from /home/paula/Documentos/airflow/venv/lib/python3.10/site-packages/airflow/example_dags/example_bash_operator.py
[2024-11-05 15:22:36,437] {logging_mixin.py:115} INFO - [2024-11-05 15:22:36,437] {dag.py:2379} INFO - Sync 1 DAGs
[2024-11-05 15:22:36,458] {logging_mixin.py:115} INFO - [2024-11-05 15:22:36,458] {dag.py:2927} INFO - Setting next_dagrun for example_bash_operator to 2024-11-04T00:00:00+00:00, run_after=2024-11-05T00:00:00+00:00
[2024-11-05 15:22:36,554] {processor.py:161} INFO - Processing /home/paula/Documentos/airflow/venv/lib/python3.10/site-packages/airflow/example_dags/example_bash_operator.py took 0.152 seconds
[2024-11-05 15:23:19,374] {processor.py:153} INFO - Started process (PID=1059192) to work on /home/paula/Documentos/airflow/venv/lib/python3.10/site-packages/airflow/example_dags/example_bash_operator.py
[2024-11-05 15:23:19,379] {processor.py:641} INFO - Processing file /home/paula/Documentos/airflow/venv/lib/python3.10/site-packages/airflow/example_dags/example_bash_operator.py for tasks to queue
[2024-11-05 15:23:19,379] {logging_mixin.py:115} INFO - [2024-11-05 15:23:19,379] {dagbag.py:507} INFO - Filling up the DagBag from /home/paula/Documentos/airflow/venv/lib/python3.10/site-packages/airflow/example_dags/example_bash_operator.py
[2024-11-05 15:23:19,390] {processor.py:651} INFO - DAG(s) dict_keys(['example_bash_operator']) retrieved from /home/paula/Documentos/airflow/venv/lib/python3.10/site-packages/airflow/example_dags/example_bash_operator.py
[2024-11-05 15:23:19,409] {logging_mixin.py:115} INFO - [2024-11-05 15:23:19,409] {dag.py:2379} INFO - Sync 1 DAGs
[2024-11-05 15:23:19,447] {logging_mixin.py:115} INFO - [2024-11-05 15:23:19,447] {dag.py:2927} INFO - Setting next_dagrun for example_bash_operator to 2024-11-04T00:00:00+00:00, run_after=2024-11-05T00:00:00+00:00
[2024-11-05 15:23:19,572] {processor.py:161} INFO - Processing /home/paula/Documentos/airflow/venv/lib/python3.10/site-packages/airflow/example_dags/example_bash_operator.py took 0.201 seconds
[2024-11-05 15:24:08,757] {processor.py:153} INFO - Started process (PID=1059497) to work on /home/paula/Documentos/airflow/venv/lib/python3.10/site-packages/airflow/example_dags/example_bash_operator.py
[2024-11-05 15:24:08,758] {processor.py:641} INFO - Processing file /home/paula/Documentos/airflow/venv/lib/python3.10/site-packages/airflow/example_dags/example_bash_operator.py for tasks to queue
[2024-11-05 15:24:08,759] {logging_mixin.py:115} INFO - [2024-11-05 15:24:08,759] {dagbag.py:507} INFO - Filling up the DagBag from /home/paula/Documentos/airflow/venv/lib/python3.10/site-packages/airflow/example_dags/example_bash_operator.py
[2024-11-05 15:24:08,773] {processor.py:651} INFO - DAG(s) dict_keys(['example_bash_operator']) retrieved from /home/paula/Documentos/airflow/venv/lib/python3.10/site-packages/airflow/example_dags/example_bash_operator.py
[2024-11-05 15:24:08,789] {logging_mixin.py:115} INFO - [2024-11-05 15:24:08,789] {dag.py:2379} INFO - Sync 1 DAGs
[2024-11-05 15:24:08,811] {logging_mixin.py:115} INFO - [2024-11-05 15:24:08,811] {dag.py:2927} INFO - Setting next_dagrun for example_bash_operator to 2024-11-04T00:00:00+00:00, run_after=2024-11-05T00:00:00+00:00
[2024-11-05 15:24:09,249] {processor.py:161} INFO - Processing /home/paula/Documentos/airflow/venv/lib/python3.10/site-packages/airflow/example_dags/example_bash_operator.py took 0.496 seconds
[2024-11-05 15:24:58,352] {processor.py:153} INFO - Started process (PID=1059812) to work on /home/paula/Documentos/airflow/venv/lib/python3.10/site-packages/airflow/example_dags/example_bash_operator.py
[2024-11-05 15:24:58,378] {processor.py:641} INFO - Processing file /home/paula/Documentos/airflow/venv/lib/python3.10/site-packages/airflow/example_dags/example_bash_operator.py for tasks to queue
[2024-11-05 15:24:58,380] {logging_mixin.py:115} INFO - [2024-11-05 15:24:58,380] {dagbag.py:507} INFO - Filling up the DagBag from /home/paula/Documentos/airflow/venv/lib/python3.10/site-packages/airflow/example_dags/example_bash_operator.py
[2024-11-05 15:24:58,396] {processor.py:651} INFO - DAG(s) dict_keys(['example_bash_operator']) retrieved from /home/paula/Documentos/airflow/venv/lib/python3.10/site-packages/airflow/example_dags/example_bash_operator.py
[2024-11-05 15:24:58,418] {logging_mixin.py:115} INFO - [2024-11-05 15:24:58,418] {dag.py:2379} INFO - Sync 1 DAGs
[2024-11-05 15:24:58,443] {logging_mixin.py:115} INFO - [2024-11-05 15:24:58,443] {dag.py:2927} INFO - Setting next_dagrun for example_bash_operator to 2024-11-04T00:00:00+00:00, run_after=2024-11-05T00:00:00+00:00
[2024-11-05 15:24:58,526] {processor.py:161} INFO - Processing /home/paula/Documentos/airflow/venv/lib/python3.10/site-packages/airflow/example_dags/example_bash_operator.py took 0.177 seconds
[2024-11-05 15:25:46,840] {processor.py:153} INFO - Started process (PID=1060206) to work on /home/paula/Documentos/airflow/venv/lib/python3.10/site-packages/airflow/example_dags/example_bash_operator.py
[2024-11-05 15:25:46,854] {processor.py:641} INFO - Processing file /home/paula/Documentos/airflow/venv/lib/python3.10/site-packages/airflow/example_dags/example_bash_operator.py for tasks to queue
[2024-11-05 15:25:46,855] {logging_mixin.py:115} INFO - [2024-11-05 15:25:46,855] {dagbag.py:507} INFO - Filling up the DagBag from /home/paula/Documentos/airflow/venv/lib/python3.10/site-packages/airflow/example_dags/example_bash_operator.py
[2024-11-05 15:25:46,876] {processor.py:651} INFO - DAG(s) dict_keys(['example_bash_operator']) retrieved from /home/paula/Documentos/airflow/venv/lib/python3.10/site-packages/airflow/example_dags/example_bash_operator.py
[2024-11-05 15:25:46,897] {logging_mixin.py:115} INFO - [2024-11-05 15:25:46,897] {dag.py:2379} INFO - Sync 1 DAGs
[2024-11-05 15:25:46,919] {logging_mixin.py:115} INFO - [2024-11-05 15:25:46,919] {dag.py:2927} INFO - Setting next_dagrun for example_bash_operator to 2024-11-04T00:00:00+00:00, run_after=2024-11-05T00:00:00+00:00
[2024-11-05 15:25:47,016] {processor.py:161} INFO - Processing /home/paula/Documentos/airflow/venv/lib/python3.10/site-packages/airflow/example_dags/example_bash_operator.py took 0.181 seconds
[2024-11-05 15:29:15,536] {processor.py:153} INFO - Started process (PID=1061460) to work on /home/paula/Documentos/airflow/venv/lib/python3.10/site-packages/airflow/example_dags/example_bash_operator.py
[2024-11-05 15:29:15,558] {processor.py:641} INFO - Processing file /home/paula/Documentos/airflow/venv/lib/python3.10/site-packages/airflow/example_dags/example_bash_operator.py for tasks to queue
[2024-11-05 15:29:15,559] {logging_mixin.py:115} INFO - [2024-11-05 15:29:15,558] {dagbag.py:507} INFO - Filling up the DagBag from /home/paula/Documentos/airflow/venv/lib/python3.10/site-packages/airflow/example_dags/example_bash_operator.py
[2024-11-05 15:29:15,580] {processor.py:651} INFO - DAG(s) dict_keys(['example_bash_operator']) retrieved from /home/paula/Documentos/airflow/venv/lib/python3.10/site-packages/airflow/example_dags/example_bash_operator.py
[2024-11-05 15:29:15,597] {logging_mixin.py:115} INFO - [2024-11-05 15:29:15,597] {dag.py:2379} INFO - Sync 1 DAGs
[2024-11-05 15:29:15,617] {logging_mixin.py:115} INFO - [2024-11-05 15:29:15,617] {dag.py:2927} INFO - Setting next_dagrun for example_bash_operator to 2024-11-04T00:00:00+00:00, run_after=2024-11-05T00:00:00+00:00
[2024-11-05 15:29:15,711] {processor.py:161} INFO - Processing /home/paula/Documentos/airflow/venv/lib/python3.10/site-packages/airflow/example_dags/example_bash_operator.py took 0.179 seconds
[2024-11-05 15:30:00,875] {processor.py:153} INFO - Started process (PID=1061773) to work on /home/paula/Documentos/airflow/venv/lib/python3.10/site-packages/airflow/example_dags/example_bash_operator.py
[2024-11-05 15:30:00,889] {processor.py:641} INFO - Processing file /home/paula/Documentos/airflow/venv/lib/python3.10/site-packages/airflow/example_dags/example_bash_operator.py for tasks to queue
[2024-11-05 15:30:00,890] {logging_mixin.py:115} INFO - [2024-11-05 15:30:00,890] {dagbag.py:507} INFO - Filling up the DagBag from /home/paula/Documentos/airflow/venv/lib/python3.10/site-packages/airflow/example_dags/example_bash_operator.py
[2024-11-05 15:30:00,905] {processor.py:651} INFO - DAG(s) dict_keys(['example_bash_operator']) retrieved from /home/paula/Documentos/airflow/venv/lib/python3.10/site-packages/airflow/example_dags/example_bash_operator.py
[2024-11-05 15:30:00,923] {logging_mixin.py:115} INFO - [2024-11-05 15:30:00,923] {dag.py:2379} INFO - Sync 1 DAGs
[2024-11-05 15:30:00,942] {logging_mixin.py:115} INFO - [2024-11-05 15:30:00,942] {dag.py:2927} INFO - Setting next_dagrun for example_bash_operator to 2024-11-04T00:00:00+00:00, run_after=2024-11-05T00:00:00+00:00
[2024-11-05 15:30:01,018] {processor.py:161} INFO - Processing /home/paula/Documentos/airflow/venv/lib/python3.10/site-packages/airflow/example_dags/example_bash_operator.py took 0.147 seconds
[2024-11-05 15:30:52,303] {processor.py:153} INFO - Started process (PID=1062083) to work on /home/paula/Documentos/airflow/venv/lib/python3.10/site-packages/airflow/example_dags/example_bash_operator.py
[2024-11-05 15:30:52,321] {processor.py:641} INFO - Processing file /home/paula/Documentos/airflow/venv/lib/python3.10/site-packages/airflow/example_dags/example_bash_operator.py for tasks to queue
[2024-11-05 15:30:52,322] {logging_mixin.py:115} INFO - [2024-11-05 15:30:52,322] {dagbag.py:507} INFO - Filling up the DagBag from /home/paula/Documentos/airflow/venv/lib/python3.10/site-packages/airflow/example_dags/example_bash_operator.py
[2024-11-05 15:30:52,335] {processor.py:651} INFO - DAG(s) dict_keys(['example_bash_operator']) retrieved from /home/paula/Documentos/airflow/venv/lib/python3.10/site-packages/airflow/example_dags/example_bash_operator.py
[2024-11-05 15:30:52,353] {logging_mixin.py:115} INFO - [2024-11-05 15:30:52,353] {dag.py:2379} INFO - Sync 1 DAGs
[2024-11-05 15:30:52,371] {logging_mixin.py:115} INFO - [2024-11-05 15:30:52,371] {dag.py:2927} INFO - Setting next_dagrun for example_bash_operator to 2024-11-04T00:00:00+00:00, run_after=2024-11-05T00:00:00+00:00
[2024-11-05 15:30:52,463] {processor.py:161} INFO - Processing /home/paula/Documentos/airflow/venv/lib/python3.10/site-packages/airflow/example_dags/example_bash_operator.py took 0.163 seconds
[2024-11-05 15:31:36,619] {processor.py:153} INFO - Started process (PID=1062343) to work on /home/paula/Documentos/airflow/venv/lib/python3.10/site-packages/airflow/example_dags/example_bash_operator.py
[2024-11-05 15:31:36,712] {processor.py:641} INFO - Processing file /home/paula/Documentos/airflow/venv/lib/python3.10/site-packages/airflow/example_dags/example_bash_operator.py for tasks to queue
[2024-11-05 15:31:36,713] {logging_mixin.py:115} INFO - [2024-11-05 15:31:36,713] {dagbag.py:507} INFO - Filling up the DagBag from /home/paula/Documentos/airflow/venv/lib/python3.10/site-packages/airflow/example_dags/example_bash_operator.py
[2024-11-05 15:31:36,735] {processor.py:651} INFO - DAG(s) dict_keys(['example_bash_operator']) retrieved from /home/paula/Documentos/airflow/venv/lib/python3.10/site-packages/airflow/example_dags/example_bash_operator.py
[2024-11-05 15:31:36,761] {logging_mixin.py:115} INFO - [2024-11-05 15:31:36,761] {dag.py:2379} INFO - Sync 1 DAGs
[2024-11-05 15:31:36,781] {logging_mixin.py:115} INFO - [2024-11-05 15:31:36,781] {dag.py:2927} INFO - Setting next_dagrun for example_bash_operator to 2024-11-04T00:00:00+00:00, run_after=2024-11-05T00:00:00+00:00
[2024-11-05 15:31:36,876] {processor.py:161} INFO - Processing /home/paula/Documentos/airflow/venv/lib/python3.10/site-packages/airflow/example_dags/example_bash_operator.py took 0.261 seconds
[2024-11-05 15:33:01,840] {processor.py:153} INFO - Started process (PID=1062861) to work on /home/paula/Documentos/airflow/venv/lib/python3.10/site-packages/airflow/example_dags/example_bash_operator.py
[2024-11-05 15:33:01,841] {processor.py:641} INFO - Processing file /home/paula/Documentos/airflow/venv/lib/python3.10/site-packages/airflow/example_dags/example_bash_operator.py for tasks to queue
[2024-11-05 15:33:01,841] {logging_mixin.py:115} INFO - [2024-11-05 15:33:01,841] {dagbag.py:507} INFO - Filling up the DagBag from /home/paula/Documentos/airflow/venv/lib/python3.10/site-packages/airflow/example_dags/example_bash_operator.py
[2024-11-05 15:33:01,855] {processor.py:651} INFO - DAG(s) dict_keys(['example_bash_operator']) retrieved from /home/paula/Documentos/airflow/venv/lib/python3.10/site-packages/airflow/example_dags/example_bash_operator.py
[2024-11-05 15:33:01,871] {logging_mixin.py:115} INFO - [2024-11-05 15:33:01,871] {dag.py:2379} INFO - Sync 1 DAGs
[2024-11-05 15:33:01,895] {logging_mixin.py:115} INFO - [2024-11-05 15:33:01,895] {dag.py:2927} INFO - Setting next_dagrun for example_bash_operator to 2024-11-04T00:00:00+00:00, run_after=2024-11-05T00:00:00+00:00
[2024-11-05 15:33:01,989] {processor.py:161} INFO - Processing /home/paula/Documentos/airflow/venv/lib/python3.10/site-packages/airflow/example_dags/example_bash_operator.py took 0.153 seconds
[2024-11-05 15:34:00,018] {processor.py:153} INFO - Started process (PID=1063261) to work on /home/paula/Documentos/airflow/venv/lib/python3.10/site-packages/airflow/example_dags/example_bash_operator.py
[2024-11-05 15:34:00,020] {processor.py:641} INFO - Processing file /home/paula/Documentos/airflow/venv/lib/python3.10/site-packages/airflow/example_dags/example_bash_operator.py for tasks to queue
[2024-11-05 15:34:00,021] {logging_mixin.py:115} INFO - [2024-11-05 15:34:00,021] {dagbag.py:507} INFO - Filling up the DagBag from /home/paula/Documentos/airflow/venv/lib/python3.10/site-packages/airflow/example_dags/example_bash_operator.py
[2024-11-05 15:34:00,035] {processor.py:651} INFO - DAG(s) dict_keys(['example_bash_operator']) retrieved from /home/paula/Documentos/airflow/venv/lib/python3.10/site-packages/airflow/example_dags/example_bash_operator.py
[2024-11-05 15:34:00,052] {logging_mixin.py:115} INFO - [2024-11-05 15:34:00,052] {dag.py:2379} INFO - Sync 1 DAGs
[2024-11-05 15:34:00,073] {logging_mixin.py:115} INFO - [2024-11-05 15:34:00,073] {dag.py:2927} INFO - Setting next_dagrun for example_bash_operator to 2024-11-04T00:00:00+00:00, run_after=2024-11-05T00:00:00+00:00
[2024-11-05 15:34:00,196] {processor.py:161} INFO - Processing /home/paula/Documentos/airflow/venv/lib/python3.10/site-packages/airflow/example_dags/example_bash_operator.py took 0.182 seconds
[2024-11-05 15:34:41,085] {processor.py:153} INFO - Started process (PID=1063658) to work on /home/paula/Documentos/airflow/venv/lib/python3.10/site-packages/airflow/example_dags/example_bash_operator.py
[2024-11-05 15:34:41,105] {processor.py:641} INFO - Processing file /home/paula/Documentos/airflow/venv/lib/python3.10/site-packages/airflow/example_dags/example_bash_operator.py for tasks to queue
[2024-11-05 15:34:41,106] {logging_mixin.py:115} INFO - [2024-11-05 15:34:41,106] {dagbag.py:507} INFO - Filling up the DagBag from /home/paula/Documentos/airflow/venv/lib/python3.10/site-packages/airflow/example_dags/example_bash_operator.py
[2024-11-05 15:34:41,122] {processor.py:651} INFO - DAG(s) dict_keys(['example_bash_operator']) retrieved from /home/paula/Documentos/airflow/venv/lib/python3.10/site-packages/airflow/example_dags/example_bash_operator.py
[2024-11-05 15:34:41,142] {logging_mixin.py:115} INFO - [2024-11-05 15:34:41,141] {dag.py:2379} INFO - Sync 1 DAGs
[2024-11-05 15:34:41,166] {logging_mixin.py:115} INFO - [2024-11-05 15:34:41,166] {dag.py:2927} INFO - Setting next_dagrun for example_bash_operator to 2024-11-04T00:00:00+00:00, run_after=2024-11-05T00:00:00+00:00
[2024-11-05 15:34:41,255] {processor.py:161} INFO - Processing /home/paula/Documentos/airflow/venv/lib/python3.10/site-packages/airflow/example_dags/example_bash_operator.py took 0.173 seconds
[2024-11-05 15:35:26,695] {processor.py:153} INFO - Started process (PID=1063944) to work on /home/paula/Documentos/airflow/venv/lib/python3.10/site-packages/airflow/example_dags/example_bash_operator.py
[2024-11-05 15:35:26,719] {processor.py:641} INFO - Processing file /home/paula/Documentos/airflow/venv/lib/python3.10/site-packages/airflow/example_dags/example_bash_operator.py for tasks to queue
[2024-11-05 15:35:26,719] {logging_mixin.py:115} INFO - [2024-11-05 15:35:26,719] {dagbag.py:507} INFO - Filling up the DagBag from /home/paula/Documentos/airflow/venv/lib/python3.10/site-packages/airflow/example_dags/example_bash_operator.py
[2024-11-05 15:35:26,734] {processor.py:651} INFO - DAG(s) dict_keys(['example_bash_operator']) retrieved from /home/paula/Documentos/airflow/venv/lib/python3.10/site-packages/airflow/example_dags/example_bash_operator.py
[2024-11-05 15:35:26,757] {logging_mixin.py:115} INFO - [2024-11-05 15:35:26,757] {dag.py:2379} INFO - Sync 1 DAGs
[2024-11-05 15:35:26,782] {logging_mixin.py:115} INFO - [2024-11-05 15:35:26,782] {dag.py:2927} INFO - Setting next_dagrun for example_bash_operator to 2024-11-04T00:00:00+00:00, run_after=2024-11-05T00:00:00+00:00
[2024-11-05 15:35:26,883] {processor.py:161} INFO - Processing /home/paula/Documentos/airflow/venv/lib/python3.10/site-packages/airflow/example_dags/example_bash_operator.py took 0.192 seconds
[2024-11-05 15:40:07,589] {processor.py:153} INFO - Started process (PID=1066019) to work on /home/paula/Documentos/airflow/venv/lib/python3.10/site-packages/airflow/example_dags/example_bash_operator.py
[2024-11-05 15:40:07,610] {processor.py:641} INFO - Processing file /home/paula/Documentos/airflow/venv/lib/python3.10/site-packages/airflow/example_dags/example_bash_operator.py for tasks to queue
[2024-11-05 15:40:07,611] {logging_mixin.py:115} INFO - [2024-11-05 15:40:07,610] {dagbag.py:507} INFO - Filling up the DagBag from /home/paula/Documentos/airflow/venv/lib/python3.10/site-packages/airflow/example_dags/example_bash_operator.py
[2024-11-05 15:40:07,625] {processor.py:651} INFO - DAG(s) dict_keys(['example_bash_operator']) retrieved from /home/paula/Documentos/airflow/venv/lib/python3.10/site-packages/airflow/example_dags/example_bash_operator.py
[2024-11-05 15:40:07,644] {logging_mixin.py:115} INFO - [2024-11-05 15:40:07,644] {dag.py:2379} INFO - Sync 1 DAGs
[2024-11-05 15:40:07,665] {logging_mixin.py:115} INFO - [2024-11-05 15:40:07,665] {dag.py:2927} INFO - Setting next_dagrun for example_bash_operator to 2024-11-04T00:00:00+00:00, run_after=2024-11-05T00:00:00+00:00
[2024-11-05 15:40:07,790] {processor.py:161} INFO - Processing /home/paula/Documentos/airflow/venv/lib/python3.10/site-packages/airflow/example_dags/example_bash_operator.py took 0.205 seconds
[2024-11-05 15:40:58,295] {processor.py:153} INFO - Started process (PID=1066354) to work on /home/paula/Documentos/airflow/venv/lib/python3.10/site-packages/airflow/example_dags/example_bash_operator.py
[2024-11-05 15:40:58,311] {processor.py:641} INFO - Processing file /home/paula/Documentos/airflow/venv/lib/python3.10/site-packages/airflow/example_dags/example_bash_operator.py for tasks to queue
[2024-11-05 15:40:58,312] {logging_mixin.py:115} INFO - [2024-11-05 15:40:58,312] {dagbag.py:507} INFO - Filling up the DagBag from /home/paula/Documentos/airflow/venv/lib/python3.10/site-packages/airflow/example_dags/example_bash_operator.py
[2024-11-05 15:40:58,326] {processor.py:651} INFO - DAG(s) dict_keys(['example_bash_operator']) retrieved from /home/paula/Documentos/airflow/venv/lib/python3.10/site-packages/airflow/example_dags/example_bash_operator.py
[2024-11-05 15:40:58,344] {logging_mixin.py:115} INFO - [2024-11-05 15:40:58,344] {dag.py:2379} INFO - Sync 1 DAGs
[2024-11-05 15:40:58,363] {logging_mixin.py:115} INFO - [2024-11-05 15:40:58,363] {dag.py:2927} INFO - Setting next_dagrun for example_bash_operator to 2024-11-04T00:00:00+00:00, run_after=2024-11-05T00:00:00+00:00
[2024-11-05 15:40:58,467] {processor.py:161} INFO - Processing /home/paula/Documentos/airflow/venv/lib/python3.10/site-packages/airflow/example_dags/example_bash_operator.py took 0.175 seconds
