[2024-11-05 15:08:19,310] {processor.py:153} INFO - Started process (PID=1053526) to work on /home/paula/Documentos/airflow/venv/lib/python3.10/site-packages/airflow/example_dags/example_dag_decorator.py
[2024-11-05 15:08:19,314] {processor.py:641} INFO - Processing file /home/paula/Documentos/airflow/venv/lib/python3.10/site-packages/airflow/example_dags/example_dag_decorator.py for tasks to queue
[2024-11-05 15:08:19,315] {logging_mixin.py:115} INFO - [2024-11-05 15:08:19,315] {dagbag.py:507} INFO - Filling up the DagBag from /home/paula/Documentos/airflow/venv/lib/python3.10/site-packages/airflow/example_dags/example_dag_decorator.py
[2024-11-05 15:08:19,408] {processor.py:651} INFO - DAG(s) dict_keys(['example_dag_decorator']) retrieved from /home/paula/Documentos/airflow/venv/lib/python3.10/site-packages/airflow/example_dags/example_dag_decorator.py
[2024-11-05 15:08:20,025] {logging_mixin.py:115} INFO - [2024-11-05 15:08:20,024] {manager.py:508} INFO - Created Permission View: can edit on DAG:example_dag_decorator
[2024-11-05 15:08:20,719] {logging_mixin.py:115} INFO - [2024-11-05 15:08:20,719] {manager.py:508} INFO - Created Permission View: can read on DAG:example_dag_decorator
[2024-11-05 15:08:21,029] {logging_mixin.py:115} INFO - [2024-11-05 15:08:21,029] {manager.py:508} INFO - Created Permission View: can delete on DAG:example_dag_decorator
[2024-11-05 15:08:21,032] {logging_mixin.py:115} INFO - [2024-11-05 15:08:21,030] {dag.py:2379} INFO - Sync 1 DAGs
[2024-11-05 15:08:21,056] {logging_mixin.py:115} INFO - [2024-11-05 15:08:21,056] {dag.py:2398} INFO - Creating ORM DAG for example_dag_decorator
[2024-11-05 15:08:21,090] {logging_mixin.py:115} INFO - [2024-11-05 15:08:21,090] {dag.py:2927} INFO - Setting next_dagrun for example_dag_decorator to None, run_after=None
[2024-11-05 15:08:21,692] {processor.py:161} INFO - Processing /home/paula/Documentos/airflow/venv/lib/python3.10/site-packages/airflow/example_dags/example_dag_decorator.py took 2.389 seconds
[2024-11-05 15:09:09,099] {processor.py:153} INFO - Started process (PID=1053809) to work on /home/paula/Documentos/airflow/venv/lib/python3.10/site-packages/airflow/example_dags/example_dag_decorator.py
[2024-11-05 15:09:09,127] {processor.py:641} INFO - Processing file /home/paula/Documentos/airflow/venv/lib/python3.10/site-packages/airflow/example_dags/example_dag_decorator.py for tasks to queue
[2024-11-05 15:09:09,128] {logging_mixin.py:115} INFO - [2024-11-05 15:09:09,127] {dagbag.py:507} INFO - Filling up the DagBag from /home/paula/Documentos/airflow/venv/lib/python3.10/site-packages/airflow/example_dags/example_dag_decorator.py
[2024-11-05 15:09:09,152] {processor.py:651} INFO - DAG(s) dict_keys(['example_dag_decorator']) retrieved from /home/paula/Documentos/airflow/venv/lib/python3.10/site-packages/airflow/example_dags/example_dag_decorator.py
[2024-11-05 15:09:09,199] {logging_mixin.py:115} INFO - [2024-11-05 15:09:09,199] {dag.py:2379} INFO - Sync 1 DAGs
[2024-11-05 15:09:09,214] {logging_mixin.py:115} INFO - [2024-11-05 15:09:09,214] {dag.py:2927} INFO - Setting next_dagrun for example_dag_decorator to None, run_after=None
[2024-11-05 15:09:09,457] {processor.py:161} INFO - Processing /home/paula/Documentos/airflow/venv/lib/python3.10/site-packages/airflow/example_dags/example_dag_decorator.py took 0.361 seconds
[2024-11-05 15:09:52,404] {processor.py:153} INFO - Started process (PID=1054022) to work on /home/paula/Documentos/airflow/venv/lib/python3.10/site-packages/airflow/example_dags/example_dag_decorator.py
[2024-11-05 15:09:52,454] {processor.py:641} INFO - Processing file /home/paula/Documentos/airflow/venv/lib/python3.10/site-packages/airflow/example_dags/example_dag_decorator.py for tasks to queue
[2024-11-05 15:09:52,455] {logging_mixin.py:115} INFO - [2024-11-05 15:09:52,455] {dagbag.py:507} INFO - Filling up the DagBag from /home/paula/Documentos/airflow/venv/lib/python3.10/site-packages/airflow/example_dags/example_dag_decorator.py
[2024-11-05 15:09:52,482] {processor.py:651} INFO - DAG(s) dict_keys(['example_dag_decorator']) retrieved from /home/paula/Documentos/airflow/venv/lib/python3.10/site-packages/airflow/example_dags/example_dag_decorator.py
[2024-11-05 15:09:52,526] {logging_mixin.py:115} INFO - [2024-11-05 15:09:52,526] {dag.py:2379} INFO - Sync 1 DAGs
[2024-11-05 15:09:52,540] {logging_mixin.py:115} INFO - [2024-11-05 15:09:52,540] {dag.py:2927} INFO - Setting next_dagrun for example_dag_decorator to None, run_after=None
[2024-11-05 15:09:52,807] {processor.py:161} INFO - Processing /home/paula/Documentos/airflow/venv/lib/python3.10/site-packages/airflow/example_dags/example_dag_decorator.py took 0.407 seconds
[2024-11-05 15:10:43,059] {processor.py:153} INFO - Started process (PID=1054536) to work on /home/paula/Documentos/airflow/venv/lib/python3.10/site-packages/airflow/example_dags/example_dag_decorator.py
[2024-11-05 15:10:43,105] {processor.py:641} INFO - Processing file /home/paula/Documentos/airflow/venv/lib/python3.10/site-packages/airflow/example_dags/example_dag_decorator.py for tasks to queue
[2024-11-05 15:10:43,105] {logging_mixin.py:115} INFO - [2024-11-05 15:10:43,105] {dagbag.py:507} INFO - Filling up the DagBag from /home/paula/Documentos/airflow/venv/lib/python3.10/site-packages/airflow/example_dags/example_dag_decorator.py
[2024-11-05 15:10:43,132] {processor.py:651} INFO - DAG(s) dict_keys(['example_dag_decorator']) retrieved from /home/paula/Documentos/airflow/venv/lib/python3.10/site-packages/airflow/example_dags/example_dag_decorator.py
[2024-11-05 15:10:43,175] {logging_mixin.py:115} INFO - [2024-11-05 15:10:43,175] {dag.py:2379} INFO - Sync 1 DAGs
[2024-11-05 15:10:43,189] {logging_mixin.py:115} INFO - [2024-11-05 15:10:43,189] {dag.py:2927} INFO - Setting next_dagrun for example_dag_decorator to None, run_after=None
[2024-11-05 15:10:43,426] {processor.py:161} INFO - Processing /home/paula/Documentos/airflow/venv/lib/python3.10/site-packages/airflow/example_dags/example_dag_decorator.py took 0.370 seconds
[2024-11-05 15:11:34,671] {processor.py:153} INFO - Started process (PID=1054795) to work on /home/paula/Documentos/airflow/venv/lib/python3.10/site-packages/airflow/example_dags/example_dag_decorator.py
[2024-11-05 15:11:34,691] {processor.py:641} INFO - Processing file /home/paula/Documentos/airflow/venv/lib/python3.10/site-packages/airflow/example_dags/example_dag_decorator.py for tasks to queue
[2024-11-05 15:11:34,692] {logging_mixin.py:115} INFO - [2024-11-05 15:11:34,692] {dagbag.py:507} INFO - Filling up the DagBag from /home/paula/Documentos/airflow/venv/lib/python3.10/site-packages/airflow/example_dags/example_dag_decorator.py
[2024-11-05 15:11:34,717] {processor.py:651} INFO - DAG(s) dict_keys(['example_dag_decorator']) retrieved from /home/paula/Documentos/airflow/venv/lib/python3.10/site-packages/airflow/example_dags/example_dag_decorator.py
[2024-11-05 15:11:34,756] {logging_mixin.py:115} INFO - [2024-11-05 15:11:34,756] {dag.py:2379} INFO - Sync 1 DAGs
[2024-11-05 15:11:34,770] {logging_mixin.py:115} INFO - [2024-11-05 15:11:34,770] {dag.py:2927} INFO - Setting next_dagrun for example_dag_decorator to None, run_after=None
[2024-11-05 15:11:35,075] {processor.py:161} INFO - Processing /home/paula/Documentos/airflow/venv/lib/python3.10/site-packages/airflow/example_dags/example_dag_decorator.py took 0.406 seconds
[2024-11-05 15:12:24,620] {processor.py:153} INFO - Started process (PID=1055137) to work on /home/paula/Documentos/airflow/venv/lib/python3.10/site-packages/airflow/example_dags/example_dag_decorator.py
[2024-11-05 15:12:24,657] {processor.py:641} INFO - Processing file /home/paula/Documentos/airflow/venv/lib/python3.10/site-packages/airflow/example_dags/example_dag_decorator.py for tasks to queue
[2024-11-05 15:12:24,657] {logging_mixin.py:115} INFO - [2024-11-05 15:12:24,657] {dagbag.py:507} INFO - Filling up the DagBag from /home/paula/Documentos/airflow/venv/lib/python3.10/site-packages/airflow/example_dags/example_dag_decorator.py
[2024-11-05 15:12:24,681] {processor.py:651} INFO - DAG(s) dict_keys(['example_dag_decorator']) retrieved from /home/paula/Documentos/airflow/venv/lib/python3.10/site-packages/airflow/example_dags/example_dag_decorator.py
[2024-11-05 15:12:24,726] {logging_mixin.py:115} INFO - [2024-11-05 15:12:24,725] {dag.py:2379} INFO - Sync 1 DAGs
[2024-11-05 15:12:24,740] {logging_mixin.py:115} INFO - [2024-11-05 15:12:24,740] {dag.py:2927} INFO - Setting next_dagrun for example_dag_decorator to None, run_after=None
[2024-11-05 15:12:24,985] {processor.py:161} INFO - Processing /home/paula/Documentos/airflow/venv/lib/python3.10/site-packages/airflow/example_dags/example_dag_decorator.py took 0.370 seconds
[2024-11-05 15:13:14,809] {processor.py:153} INFO - Started process (PID=1055428) to work on /home/paula/Documentos/airflow/venv/lib/python3.10/site-packages/airflow/example_dags/example_dag_decorator.py
[2024-11-05 15:13:14,814] {processor.py:641} INFO - Processing file /home/paula/Documentos/airflow/venv/lib/python3.10/site-packages/airflow/example_dags/example_dag_decorator.py for tasks to queue
[2024-11-05 15:13:14,815] {logging_mixin.py:115} INFO - [2024-11-05 15:13:14,815] {dagbag.py:507} INFO - Filling up the DagBag from /home/paula/Documentos/airflow/venv/lib/python3.10/site-packages/airflow/example_dags/example_dag_decorator.py
[2024-11-05 15:13:14,838] {processor.py:651} INFO - DAG(s) dict_keys(['example_dag_decorator']) retrieved from /home/paula/Documentos/airflow/venv/lib/python3.10/site-packages/airflow/example_dags/example_dag_decorator.py
[2024-11-05 15:13:14,887] {logging_mixin.py:115} INFO - [2024-11-05 15:13:14,887] {dag.py:2379} INFO - Sync 1 DAGs
[2024-11-05 15:13:14,902] {logging_mixin.py:115} INFO - [2024-11-05 15:13:14,902] {dag.py:2927} INFO - Setting next_dagrun for example_dag_decorator to None, run_after=None
[2024-11-05 15:13:15,155] {processor.py:161} INFO - Processing /home/paula/Documentos/airflow/venv/lib/python3.10/site-packages/airflow/example_dags/example_dag_decorator.py took 0.348 seconds
[2024-11-05 15:14:08,424] {processor.py:153} INFO - Started process (PID=1055727) to work on /home/paula/Documentos/airflow/venv/lib/python3.10/site-packages/airflow/example_dags/example_dag_decorator.py
[2024-11-05 15:14:08,444] {processor.py:641} INFO - Processing file /home/paula/Documentos/airflow/venv/lib/python3.10/site-packages/airflow/example_dags/example_dag_decorator.py for tasks to queue
[2024-11-05 15:14:08,445] {logging_mixin.py:115} INFO - [2024-11-05 15:14:08,445] {dagbag.py:507} INFO - Filling up the DagBag from /home/paula/Documentos/airflow/venv/lib/python3.10/site-packages/airflow/example_dags/example_dag_decorator.py
[2024-11-05 15:14:08,477] {processor.py:651} INFO - DAG(s) dict_keys(['example_dag_decorator']) retrieved from /home/paula/Documentos/airflow/venv/lib/python3.10/site-packages/airflow/example_dags/example_dag_decorator.py
[2024-11-05 15:14:08,524] {logging_mixin.py:115} INFO - [2024-11-05 15:14:08,524] {dag.py:2379} INFO - Sync 1 DAGs
[2024-11-05 15:14:08,539] {logging_mixin.py:115} INFO - [2024-11-05 15:14:08,539] {dag.py:2927} INFO - Setting next_dagrun for example_dag_decorator to None, run_after=None
[2024-11-05 15:14:08,738] {processor.py:161} INFO - Processing /home/paula/Documentos/airflow/venv/lib/python3.10/site-packages/airflow/example_dags/example_dag_decorator.py took 0.317 seconds
[2024-11-05 15:15:02,099] {processor.py:153} INFO - Started process (PID=1056052) to work on /home/paula/Documentos/airflow/venv/lib/python3.10/site-packages/airflow/example_dags/example_dag_decorator.py
[2024-11-05 15:15:02,112] {processor.py:641} INFO - Processing file /home/paula/Documentos/airflow/venv/lib/python3.10/site-packages/airflow/example_dags/example_dag_decorator.py for tasks to queue
[2024-11-05 15:15:02,112] {logging_mixin.py:115} INFO - [2024-11-05 15:15:02,112] {dagbag.py:507} INFO - Filling up the DagBag from /home/paula/Documentos/airflow/venv/lib/python3.10/site-packages/airflow/example_dags/example_dag_decorator.py
[2024-11-05 15:15:02,153] {processor.py:651} INFO - DAG(s) dict_keys(['example_dag_decorator']) retrieved from /home/paula/Documentos/airflow/venv/lib/python3.10/site-packages/airflow/example_dags/example_dag_decorator.py
[2024-11-05 15:15:02,169] {logging_mixin.py:115} INFO - [2024-11-05 15:15:02,169] {dag.py:2379} INFO - Sync 1 DAGs
[2024-11-05 15:15:02,190] {logging_mixin.py:115} INFO - [2024-11-05 15:15:02,190] {dag.py:2927} INFO - Setting next_dagrun for example_dag_decorator to None, run_after=None
[2024-11-05 15:15:02,320] {processor.py:161} INFO - Processing /home/paula/Documentos/airflow/venv/lib/python3.10/site-packages/airflow/example_dags/example_dag_decorator.py took 0.224 seconds
[2024-11-05 15:15:45,471] {processor.py:153} INFO - Started process (PID=1056336) to work on /home/paula/Documentos/airflow/venv/lib/python3.10/site-packages/airflow/example_dags/example_dag_decorator.py
[2024-11-05 15:15:45,472] {processor.py:641} INFO - Processing file /home/paula/Documentos/airflow/venv/lib/python3.10/site-packages/airflow/example_dags/example_dag_decorator.py for tasks to queue
[2024-11-05 15:15:45,472] {logging_mixin.py:115} INFO - [2024-11-05 15:15:45,472] {dagbag.py:507} INFO - Filling up the DagBag from /home/paula/Documentos/airflow/venv/lib/python3.10/site-packages/airflow/example_dags/example_dag_decorator.py
[2024-11-05 15:15:45,502] {processor.py:651} INFO - DAG(s) dict_keys(['example_dag_decorator']) retrieved from /home/paula/Documentos/airflow/venv/lib/python3.10/site-packages/airflow/example_dags/example_dag_decorator.py
[2024-11-05 15:15:45,553] {logging_mixin.py:115} INFO - [2024-11-05 15:15:45,553] {dag.py:2379} INFO - Sync 1 DAGs
[2024-11-05 15:15:45,569] {logging_mixin.py:115} INFO - [2024-11-05 15:15:45,569] {dag.py:2927} INFO - Setting next_dagrun for example_dag_decorator to None, run_after=None
[2024-11-05 15:15:45,683] {processor.py:161} INFO - Processing /home/paula/Documentos/airflow/venv/lib/python3.10/site-packages/airflow/example_dags/example_dag_decorator.py took 0.215 seconds
[2024-11-05 15:16:28,515] {processor.py:153} INFO - Started process (PID=1056598) to work on /home/paula/Documentos/airflow/venv/lib/python3.10/site-packages/airflow/example_dags/example_dag_decorator.py
[2024-11-05 15:16:28,516] {processor.py:641} INFO - Processing file /home/paula/Documentos/airflow/venv/lib/python3.10/site-packages/airflow/example_dags/example_dag_decorator.py for tasks to queue
[2024-11-05 15:16:28,517] {logging_mixin.py:115} INFO - [2024-11-05 15:16:28,517] {dagbag.py:507} INFO - Filling up the DagBag from /home/paula/Documentos/airflow/venv/lib/python3.10/site-packages/airflow/example_dags/example_dag_decorator.py
[2024-11-05 15:16:28,548] {processor.py:651} INFO - DAG(s) dict_keys(['example_dag_decorator']) retrieved from /home/paula/Documentos/airflow/venv/lib/python3.10/site-packages/airflow/example_dags/example_dag_decorator.py
[2024-11-05 15:16:28,615] {logging_mixin.py:115} INFO - [2024-11-05 15:16:28,615] {dag.py:2379} INFO - Sync 1 DAGs
[2024-11-05 15:16:28,632] {logging_mixin.py:115} INFO - [2024-11-05 15:16:28,632] {dag.py:2927} INFO - Setting next_dagrun for example_dag_decorator to None, run_after=None
[2024-11-05 15:16:28,744] {processor.py:161} INFO - Processing /home/paula/Documentos/airflow/venv/lib/python3.10/site-packages/airflow/example_dags/example_dag_decorator.py took 0.232 seconds
[2024-11-05 15:17:16,701] {processor.py:153} INFO - Started process (PID=1056901) to work on /home/paula/Documentos/airflow/venv/lib/python3.10/site-packages/airflow/example_dags/example_dag_decorator.py
[2024-11-05 15:17:16,702] {processor.py:641} INFO - Processing file /home/paula/Documentos/airflow/venv/lib/python3.10/site-packages/airflow/example_dags/example_dag_decorator.py for tasks to queue
[2024-11-05 15:17:16,702] {logging_mixin.py:115} INFO - [2024-11-05 15:17:16,702] {dagbag.py:507} INFO - Filling up the DagBag from /home/paula/Documentos/airflow/venv/lib/python3.10/site-packages/airflow/example_dags/example_dag_decorator.py
[2024-11-05 15:17:16,727] {processor.py:651} INFO - DAG(s) dict_keys(['example_dag_decorator']) retrieved from /home/paula/Documentos/airflow/venv/lib/python3.10/site-packages/airflow/example_dags/example_dag_decorator.py
[2024-11-05 15:17:16,743] {logging_mixin.py:115} INFO - [2024-11-05 15:17:16,742] {dag.py:2379} INFO - Sync 1 DAGs
[2024-11-05 15:17:16,762] {logging_mixin.py:115} INFO - [2024-11-05 15:17:16,762] {dag.py:2927} INFO - Setting next_dagrun for example_dag_decorator to None, run_after=None
[2024-11-05 15:17:16,885] {processor.py:161} INFO - Processing /home/paula/Documentos/airflow/venv/lib/python3.10/site-packages/airflow/example_dags/example_dag_decorator.py took 0.186 seconds
[2024-11-05 15:18:05,457] {processor.py:153} INFO - Started process (PID=1057201) to work on /home/paula/Documentos/airflow/venv/lib/python3.10/site-packages/airflow/example_dags/example_dag_decorator.py
[2024-11-05 15:18:05,458] {processor.py:641} INFO - Processing file /home/paula/Documentos/airflow/venv/lib/python3.10/site-packages/airflow/example_dags/example_dag_decorator.py for tasks to queue
[2024-11-05 15:18:05,458] {logging_mixin.py:115} INFO - [2024-11-05 15:18:05,458] {dagbag.py:507} INFO - Filling up the DagBag from /home/paula/Documentos/airflow/venv/lib/python3.10/site-packages/airflow/example_dags/example_dag_decorator.py
[2024-11-05 15:18:05,482] {processor.py:651} INFO - DAG(s) dict_keys(['example_dag_decorator']) retrieved from /home/paula/Documentos/airflow/venv/lib/python3.10/site-packages/airflow/example_dags/example_dag_decorator.py
[2024-11-05 15:18:05,559] {logging_mixin.py:115} INFO - [2024-11-05 15:18:05,559] {dag.py:2379} INFO - Sync 1 DAGs
[2024-11-05 15:18:05,573] {logging_mixin.py:115} INFO - [2024-11-05 15:18:05,573] {dag.py:2927} INFO - Setting next_dagrun for example_dag_decorator to None, run_after=None
[2024-11-05 15:18:05,694] {processor.py:161} INFO - Processing /home/paula/Documentos/airflow/venv/lib/python3.10/site-packages/airflow/example_dags/example_dag_decorator.py took 0.240 seconds
[2024-11-05 15:18:50,527] {processor.py:153} INFO - Started process (PID=1057477) to work on /home/paula/Documentos/airflow/venv/lib/python3.10/site-packages/airflow/example_dags/example_dag_decorator.py
[2024-11-05 15:18:50,528] {processor.py:641} INFO - Processing file /home/paula/Documentos/airflow/venv/lib/python3.10/site-packages/airflow/example_dags/example_dag_decorator.py for tasks to queue
[2024-11-05 15:18:50,529] {logging_mixin.py:115} INFO - [2024-11-05 15:18:50,529] {dagbag.py:507} INFO - Filling up the DagBag from /home/paula/Documentos/airflow/venv/lib/python3.10/site-packages/airflow/example_dags/example_dag_decorator.py
[2024-11-05 15:18:50,552] {processor.py:651} INFO - DAG(s) dict_keys(['example_dag_decorator']) retrieved from /home/paula/Documentos/airflow/venv/lib/python3.10/site-packages/airflow/example_dags/example_dag_decorator.py
[2024-11-05 15:18:50,593] {logging_mixin.py:115} INFO - [2024-11-05 15:18:50,593] {dag.py:2379} INFO - Sync 1 DAGs
[2024-11-05 15:18:50,607] {logging_mixin.py:115} INFO - [2024-11-05 15:18:50,607] {dag.py:2927} INFO - Setting next_dagrun for example_dag_decorator to None, run_after=None
[2024-11-05 15:18:50,726] {processor.py:161} INFO - Processing /home/paula/Documentos/airflow/venv/lib/python3.10/site-packages/airflow/example_dags/example_dag_decorator.py took 0.202 seconds
[2024-11-05 15:19:34,448] {processor.py:153} INFO - Started process (PID=1057741) to work on /home/paula/Documentos/airflow/venv/lib/python3.10/site-packages/airflow/example_dags/example_dag_decorator.py
[2024-11-05 15:19:34,448] {processor.py:641} INFO - Processing file /home/paula/Documentos/airflow/venv/lib/python3.10/site-packages/airflow/example_dags/example_dag_decorator.py for tasks to queue
[2024-11-05 15:19:34,449] {logging_mixin.py:115} INFO - [2024-11-05 15:19:34,449] {dagbag.py:507} INFO - Filling up the DagBag from /home/paula/Documentos/airflow/venv/lib/python3.10/site-packages/airflow/example_dags/example_dag_decorator.py
[2024-11-05 15:19:34,477] {processor.py:651} INFO - DAG(s) dict_keys(['example_dag_decorator']) retrieved from /home/paula/Documentos/airflow/venv/lib/python3.10/site-packages/airflow/example_dags/example_dag_decorator.py
[2024-11-05 15:19:34,503] {logging_mixin.py:115} INFO - [2024-11-05 15:19:34,502] {dag.py:2379} INFO - Sync 1 DAGs
[2024-11-05 15:19:34,527] {logging_mixin.py:115} INFO - [2024-11-05 15:19:34,526] {dag.py:2927} INFO - Setting next_dagrun for example_dag_decorator to None, run_after=None
[2024-11-05 15:19:34,702] {processor.py:161} INFO - Processing /home/paula/Documentos/airflow/venv/lib/python3.10/site-packages/airflow/example_dags/example_dag_decorator.py took 0.257 seconds
[2024-11-05 15:20:20,096] {processor.py:153} INFO - Started process (PID=1058044) to work on /home/paula/Documentos/airflow/venv/lib/python3.10/site-packages/airflow/example_dags/example_dag_decorator.py
[2024-11-05 15:20:20,106] {processor.py:641} INFO - Processing file /home/paula/Documentos/airflow/venv/lib/python3.10/site-packages/airflow/example_dags/example_dag_decorator.py for tasks to queue
[2024-11-05 15:20:20,107] {logging_mixin.py:115} INFO - [2024-11-05 15:20:20,107] {dagbag.py:507} INFO - Filling up the DagBag from /home/paula/Documentos/airflow/venv/lib/python3.10/site-packages/airflow/example_dags/example_dag_decorator.py
[2024-11-05 15:20:20,134] {processor.py:651} INFO - DAG(s) dict_keys(['example_dag_decorator']) retrieved from /home/paula/Documentos/airflow/venv/lib/python3.10/site-packages/airflow/example_dags/example_dag_decorator.py
[2024-11-05 15:20:20,146] {logging_mixin.py:115} INFO - [2024-11-05 15:20:20,146] {dag.py:2379} INFO - Sync 1 DAGs
[2024-11-05 15:20:20,163] {logging_mixin.py:115} INFO - [2024-11-05 15:20:20,163] {dag.py:2927} INFO - Setting next_dagrun for example_dag_decorator to None, run_after=None
[2024-11-05 15:20:20,239] {processor.py:161} INFO - Processing /home/paula/Documentos/airflow/venv/lib/python3.10/site-packages/airflow/example_dags/example_dag_decorator.py took 0.146 seconds
[2024-11-05 15:21:42,218] {processor.py:153} INFO - Started process (PID=1058571) to work on /home/paula/Documentos/airflow/venv/lib/python3.10/site-packages/airflow/example_dags/example_dag_decorator.py
[2024-11-05 15:21:42,219] {processor.py:641} INFO - Processing file /home/paula/Documentos/airflow/venv/lib/python3.10/site-packages/airflow/example_dags/example_dag_decorator.py for tasks to queue
[2024-11-05 15:21:42,219] {logging_mixin.py:115} INFO - [2024-11-05 15:21:42,219] {dagbag.py:507} INFO - Filling up the DagBag from /home/paula/Documentos/airflow/venv/lib/python3.10/site-packages/airflow/example_dags/example_dag_decorator.py
[2024-11-05 15:21:42,244] {processor.py:651} INFO - DAG(s) dict_keys(['example_dag_decorator']) retrieved from /home/paula/Documentos/airflow/venv/lib/python3.10/site-packages/airflow/example_dags/example_dag_decorator.py
[2024-11-05 15:21:42,291] {logging_mixin.py:115} INFO - [2024-11-05 15:21:42,291] {dag.py:2379} INFO - Sync 1 DAGs
[2024-11-05 15:21:42,305] {logging_mixin.py:115} INFO - [2024-11-05 15:21:42,305] {dag.py:2927} INFO - Setting next_dagrun for example_dag_decorator to None, run_after=None
[2024-11-05 15:21:42,427] {processor.py:161} INFO - Processing /home/paula/Documentos/airflow/venv/lib/python3.10/site-packages/airflow/example_dags/example_dag_decorator.py took 0.213 seconds
[2024-11-05 15:22:24,441] {processor.py:153} INFO - Started process (PID=1058833) to work on /home/paula/Documentos/airflow/venv/lib/python3.10/site-packages/airflow/example_dags/example_dag_decorator.py
[2024-11-05 15:22:24,442] {processor.py:641} INFO - Processing file /home/paula/Documentos/airflow/venv/lib/python3.10/site-packages/airflow/example_dags/example_dag_decorator.py for tasks to queue
[2024-11-05 15:22:24,443] {logging_mixin.py:115} INFO - [2024-11-05 15:22:24,443] {dagbag.py:507} INFO - Filling up the DagBag from /home/paula/Documentos/airflow/venv/lib/python3.10/site-packages/airflow/example_dags/example_dag_decorator.py
[2024-11-05 15:22:24,469] {processor.py:651} INFO - DAG(s) dict_keys(['example_dag_decorator']) retrieved from /home/paula/Documentos/airflow/venv/lib/python3.10/site-packages/airflow/example_dags/example_dag_decorator.py
[2024-11-05 15:22:24,517] {logging_mixin.py:115} INFO - [2024-11-05 15:22:24,517] {dag.py:2379} INFO - Sync 1 DAGs
[2024-11-05 15:22:24,532] {logging_mixin.py:115} INFO - [2024-11-05 15:22:24,531] {dag.py:2927} INFO - Setting next_dagrun for example_dag_decorator to None, run_after=None
[2024-11-05 15:22:24,633] {processor.py:161} INFO - Processing /home/paula/Documentos/airflow/venv/lib/python3.10/site-packages/airflow/example_dags/example_dag_decorator.py took 0.194 seconds
[2024-11-05 15:23:09,690] {processor.py:153} INFO - Started process (PID=1059129) to work on /home/paula/Documentos/airflow/venv/lib/python3.10/site-packages/airflow/example_dags/example_dag_decorator.py
[2024-11-05 15:23:09,691] {processor.py:641} INFO - Processing file /home/paula/Documentos/airflow/venv/lib/python3.10/site-packages/airflow/example_dags/example_dag_decorator.py for tasks to queue
[2024-11-05 15:23:09,691] {logging_mixin.py:115} INFO - [2024-11-05 15:23:09,691] {dagbag.py:507} INFO - Filling up the DagBag from /home/paula/Documentos/airflow/venv/lib/python3.10/site-packages/airflow/example_dags/example_dag_decorator.py
[2024-11-05 15:23:09,717] {processor.py:651} INFO - DAG(s) dict_keys(['example_dag_decorator']) retrieved from /home/paula/Documentos/airflow/venv/lib/python3.10/site-packages/airflow/example_dags/example_dag_decorator.py
[2024-11-05 15:23:09,768] {logging_mixin.py:115} INFO - [2024-11-05 15:23:09,768] {dag.py:2379} INFO - Sync 1 DAGs
[2024-11-05 15:23:09,784] {logging_mixin.py:115} INFO - [2024-11-05 15:23:09,784] {dag.py:2927} INFO - Setting next_dagrun for example_dag_decorator to None, run_after=None
[2024-11-05 15:23:09,912] {processor.py:161} INFO - Processing /home/paula/Documentos/airflow/venv/lib/python3.10/site-packages/airflow/example_dags/example_dag_decorator.py took 0.225 seconds
[2024-11-05 15:23:56,558] {processor.py:153} INFO - Started process (PID=1059417) to work on /home/paula/Documentos/airflow/venv/lib/python3.10/site-packages/airflow/example_dags/example_dag_decorator.py
[2024-11-05 15:23:56,560] {processor.py:641} INFO - Processing file /home/paula/Documentos/airflow/venv/lib/python3.10/site-packages/airflow/example_dags/example_dag_decorator.py for tasks to queue
[2024-11-05 15:23:56,561] {logging_mixin.py:115} INFO - [2024-11-05 15:23:56,561] {dagbag.py:507} INFO - Filling up the DagBag from /home/paula/Documentos/airflow/venv/lib/python3.10/site-packages/airflow/example_dags/example_dag_decorator.py
[2024-11-05 15:23:56,591] {processor.py:651} INFO - DAG(s) dict_keys(['example_dag_decorator']) retrieved from /home/paula/Documentos/airflow/venv/lib/python3.10/site-packages/airflow/example_dags/example_dag_decorator.py
[2024-11-05 15:23:56,605] {logging_mixin.py:115} INFO - [2024-11-05 15:23:56,605] {dag.py:2379} INFO - Sync 1 DAGs
[2024-11-05 15:23:56,625] {logging_mixin.py:115} INFO - [2024-11-05 15:23:56,624] {dag.py:2927} INFO - Setting next_dagrun for example_dag_decorator to None, run_after=None
[2024-11-05 15:23:56,714] {processor.py:161} INFO - Processing /home/paula/Documentos/airflow/venv/lib/python3.10/site-packages/airflow/example_dags/example_dag_decorator.py took 0.159 seconds
[2024-11-05 15:24:43,723] {processor.py:153} INFO - Started process (PID=1059714) to work on /home/paula/Documentos/airflow/venv/lib/python3.10/site-packages/airflow/example_dags/example_dag_decorator.py
[2024-11-05 15:24:43,736] {processor.py:641} INFO - Processing file /home/paula/Documentos/airflow/venv/lib/python3.10/site-packages/airflow/example_dags/example_dag_decorator.py for tasks to queue
[2024-11-05 15:24:43,737] {logging_mixin.py:115} INFO - [2024-11-05 15:24:43,737] {dagbag.py:507} INFO - Filling up the DagBag from /home/paula/Documentos/airflow/venv/lib/python3.10/site-packages/airflow/example_dags/example_dag_decorator.py
[2024-11-05 15:24:43,760] {processor.py:651} INFO - DAG(s) dict_keys(['example_dag_decorator']) retrieved from /home/paula/Documentos/airflow/venv/lib/python3.10/site-packages/airflow/example_dags/example_dag_decorator.py
[2024-11-05 15:24:43,805] {logging_mixin.py:115} INFO - [2024-11-05 15:24:43,805] {dag.py:2379} INFO - Sync 1 DAGs
[2024-11-05 15:24:43,820] {logging_mixin.py:115} INFO - [2024-11-05 15:24:43,820] {dag.py:2927} INFO - Setting next_dagrun for example_dag_decorator to None, run_after=None
[2024-11-05 15:24:43,915] {processor.py:161} INFO - Processing /home/paula/Documentos/airflow/venv/lib/python3.10/site-packages/airflow/example_dags/example_dag_decorator.py took 0.194 seconds
[2024-11-05 15:25:30,460] {processor.py:153} INFO - Started process (PID=1060104) to work on /home/paula/Documentos/airflow/venv/lib/python3.10/site-packages/airflow/example_dags/example_dag_decorator.py
[2024-11-05 15:25:30,473] {processor.py:641} INFO - Processing file /home/paula/Documentos/airflow/venv/lib/python3.10/site-packages/airflow/example_dags/example_dag_decorator.py for tasks to queue
[2024-11-05 15:25:30,474] {logging_mixin.py:115} INFO - [2024-11-05 15:25:30,474] {dagbag.py:507} INFO - Filling up the DagBag from /home/paula/Documentos/airflow/venv/lib/python3.10/site-packages/airflow/example_dags/example_dag_decorator.py
[2024-11-05 15:25:30,497] {processor.py:651} INFO - DAG(s) dict_keys(['example_dag_decorator']) retrieved from /home/paula/Documentos/airflow/venv/lib/python3.10/site-packages/airflow/example_dags/example_dag_decorator.py
[2024-11-05 15:25:30,536] {logging_mixin.py:115} INFO - [2024-11-05 15:25:30,536] {dag.py:2379} INFO - Sync 1 DAGs
[2024-11-05 15:25:30,549] {logging_mixin.py:115} INFO - [2024-11-05 15:25:30,548] {dag.py:2927} INFO - Setting next_dagrun for example_dag_decorator to None, run_after=None
[2024-11-05 15:25:30,641] {processor.py:161} INFO - Processing /home/paula/Documentos/airflow/venv/lib/python3.10/site-packages/airflow/example_dags/example_dag_decorator.py took 0.184 seconds
[2024-11-05 15:29:10,315] {processor.py:153} INFO - Started process (PID=1061435) to work on /home/paula/Documentos/airflow/venv/lib/python3.10/site-packages/airflow/example_dags/example_dag_decorator.py
[2024-11-05 15:29:10,324] {processor.py:641} INFO - Processing file /home/paula/Documentos/airflow/venv/lib/python3.10/site-packages/airflow/example_dags/example_dag_decorator.py for tasks to queue
[2024-11-05 15:29:10,325] {logging_mixin.py:115} INFO - [2024-11-05 15:29:10,325] {dagbag.py:507} INFO - Filling up the DagBag from /home/paula/Documentos/airflow/venv/lib/python3.10/site-packages/airflow/example_dags/example_dag_decorator.py
[2024-11-05 15:29:10,353] {processor.py:651} INFO - DAG(s) dict_keys(['example_dag_decorator']) retrieved from /home/paula/Documentos/airflow/venv/lib/python3.10/site-packages/airflow/example_dags/example_dag_decorator.py
[2024-11-05 15:29:10,392] {logging_mixin.py:115} INFO - [2024-11-05 15:29:10,392] {dag.py:2379} INFO - Sync 1 DAGs
[2024-11-05 15:29:10,405] {logging_mixin.py:115} INFO - [2024-11-05 15:29:10,405] {dag.py:2927} INFO - Setting next_dagrun for example_dag_decorator to None, run_after=None
[2024-11-05 15:29:10,492] {processor.py:161} INFO - Processing /home/paula/Documentos/airflow/venv/lib/python3.10/site-packages/airflow/example_dags/example_dag_decorator.py took 0.180 seconds
[2024-11-05 15:29:55,524] {processor.py:153} INFO - Started process (PID=1061740) to work on /home/paula/Documentos/airflow/venv/lib/python3.10/site-packages/airflow/example_dags/example_dag_decorator.py
[2024-11-05 15:29:55,545] {processor.py:641} INFO - Processing file /home/paula/Documentos/airflow/venv/lib/python3.10/site-packages/airflow/example_dags/example_dag_decorator.py for tasks to queue
[2024-11-05 15:29:55,546] {logging_mixin.py:115} INFO - [2024-11-05 15:29:55,546] {dagbag.py:507} INFO - Filling up the DagBag from /home/paula/Documentos/airflow/venv/lib/python3.10/site-packages/airflow/example_dags/example_dag_decorator.py
[2024-11-05 15:29:55,583] {processor.py:651} INFO - DAG(s) dict_keys(['example_dag_decorator']) retrieved from /home/paula/Documentos/airflow/venv/lib/python3.10/site-packages/airflow/example_dags/example_dag_decorator.py
[2024-11-05 15:29:55,632] {logging_mixin.py:115} INFO - [2024-11-05 15:29:55,632] {dag.py:2379} INFO - Sync 1 DAGs
[2024-11-05 15:29:55,648] {logging_mixin.py:115} INFO - [2024-11-05 15:29:55,648] {dag.py:2927} INFO - Setting next_dagrun for example_dag_decorator to None, run_after=None
[2024-11-05 15:29:55,817] {processor.py:161} INFO - Processing /home/paula/Documentos/airflow/venv/lib/python3.10/site-packages/airflow/example_dags/example_dag_decorator.py took 0.296 seconds
[2024-11-05 15:30:38,201] {processor.py:153} INFO - Started process (PID=1061997) to work on /home/paula/Documentos/airflow/venv/lib/python3.10/site-packages/airflow/example_dags/example_dag_decorator.py
[2024-11-05 15:30:38,219] {processor.py:641} INFO - Processing file /home/paula/Documentos/airflow/venv/lib/python3.10/site-packages/airflow/example_dags/example_dag_decorator.py for tasks to queue
[2024-11-05 15:30:38,220] {logging_mixin.py:115} INFO - [2024-11-05 15:30:38,220] {dagbag.py:507} INFO - Filling up the DagBag from /home/paula/Documentos/airflow/venv/lib/python3.10/site-packages/airflow/example_dags/example_dag_decorator.py
[2024-11-05 15:30:38,247] {processor.py:651} INFO - DAG(s) dict_keys(['example_dag_decorator']) retrieved from /home/paula/Documentos/airflow/venv/lib/python3.10/site-packages/airflow/example_dags/example_dag_decorator.py
[2024-11-05 15:30:38,261] {logging_mixin.py:115} INFO - [2024-11-05 15:30:38,261] {dag.py:2379} INFO - Sync 1 DAGs
[2024-11-05 15:30:38,278] {logging_mixin.py:115} INFO - [2024-11-05 15:30:38,278] {dag.py:2927} INFO - Setting next_dagrun for example_dag_decorator to None, run_after=None
[2024-11-05 15:30:38,379] {processor.py:161} INFO - Processing /home/paula/Documentos/airflow/venv/lib/python3.10/site-packages/airflow/example_dags/example_dag_decorator.py took 0.181 seconds
[2024-11-05 15:31:23,135] {processor.py:153} INFO - Started process (PID=1062257) to work on /home/paula/Documentos/airflow/venv/lib/python3.10/site-packages/airflow/example_dags/example_dag_decorator.py
[2024-11-05 15:31:23,153] {processor.py:641} INFO - Processing file /home/paula/Documentos/airflow/venv/lib/python3.10/site-packages/airflow/example_dags/example_dag_decorator.py for tasks to queue
[2024-11-05 15:31:23,153] {logging_mixin.py:115} INFO - [2024-11-05 15:31:23,153] {dagbag.py:507} INFO - Filling up the DagBag from /home/paula/Documentos/airflow/venv/lib/python3.10/site-packages/airflow/example_dags/example_dag_decorator.py
[2024-11-05 15:31:23,180] {processor.py:651} INFO - DAG(s) dict_keys(['example_dag_decorator']) retrieved from /home/paula/Documentos/airflow/venv/lib/python3.10/site-packages/airflow/example_dags/example_dag_decorator.py
[2024-11-05 15:31:23,221] {logging_mixin.py:115} INFO - [2024-11-05 15:31:23,221] {dag.py:2379} INFO - Sync 1 DAGs
[2024-11-05 15:31:23,234] {logging_mixin.py:115} INFO - [2024-11-05 15:31:23,234] {dag.py:2927} INFO - Setting next_dagrun for example_dag_decorator to None, run_after=None
[2024-11-05 15:31:23,346] {processor.py:161} INFO - Processing /home/paula/Documentos/airflow/venv/lib/python3.10/site-packages/airflow/example_dags/example_dag_decorator.py took 0.214 seconds
[2024-11-05 15:32:56,555] {processor.py:153} INFO - Started process (PID=1062830) to work on /home/paula/Documentos/airflow/venv/lib/python3.10/site-packages/airflow/example_dags/example_dag_decorator.py
[2024-11-05 15:32:56,573] {processor.py:641} INFO - Processing file /home/paula/Documentos/airflow/venv/lib/python3.10/site-packages/airflow/example_dags/example_dag_decorator.py for tasks to queue
[2024-11-05 15:32:56,574] {logging_mixin.py:115} INFO - [2024-11-05 15:32:56,574] {dagbag.py:507} INFO - Filling up the DagBag from /home/paula/Documentos/airflow/venv/lib/python3.10/site-packages/airflow/example_dags/example_dag_decorator.py
[2024-11-05 15:32:56,608] {processor.py:651} INFO - DAG(s) dict_keys(['example_dag_decorator']) retrieved from /home/paula/Documentos/airflow/venv/lib/python3.10/site-packages/airflow/example_dags/example_dag_decorator.py
[2024-11-05 15:32:56,657] {logging_mixin.py:115} INFO - [2024-11-05 15:32:56,656] {dag.py:2379} INFO - Sync 1 DAGs
[2024-11-05 15:32:56,672] {logging_mixin.py:115} INFO - [2024-11-05 15:32:56,672] {dag.py:2927} INFO - Setting next_dagrun for example_dag_decorator to None, run_after=None
[2024-11-05 15:32:56,756] {processor.py:161} INFO - Processing /home/paula/Documentos/airflow/venv/lib/python3.10/site-packages/airflow/example_dags/example_dag_decorator.py took 0.205 seconds
[2024-11-05 15:33:42,019] {processor.py:153} INFO - Started process (PID=1063159) to work on /home/paula/Documentos/airflow/venv/lib/python3.10/site-packages/airflow/example_dags/example_dag_decorator.py
[2024-11-05 15:33:42,036] {processor.py:641} INFO - Processing file /home/paula/Documentos/airflow/venv/lib/python3.10/site-packages/airflow/example_dags/example_dag_decorator.py for tasks to queue
[2024-11-05 15:33:42,036] {logging_mixin.py:115} INFO - [2024-11-05 15:33:42,036] {dagbag.py:507} INFO - Filling up the DagBag from /home/paula/Documentos/airflow/venv/lib/python3.10/site-packages/airflow/example_dags/example_dag_decorator.py
[2024-11-05 15:33:42,058] {processor.py:651} INFO - DAG(s) dict_keys(['example_dag_decorator']) retrieved from /home/paula/Documentos/airflow/venv/lib/python3.10/site-packages/airflow/example_dags/example_dag_decorator.py
[2024-11-05 15:33:42,099] {logging_mixin.py:115} INFO - [2024-11-05 15:33:42,099] {dag.py:2379} INFO - Sync 1 DAGs
[2024-11-05 15:33:42,113] {logging_mixin.py:115} INFO - [2024-11-05 15:33:42,113] {dag.py:2927} INFO - Setting next_dagrun for example_dag_decorator to None, run_after=None
[2024-11-05 15:33:42,232] {processor.py:161} INFO - Processing /home/paula/Documentos/airflow/venv/lib/python3.10/site-packages/airflow/example_dags/example_dag_decorator.py took 0.217 seconds
[2024-11-05 15:34:26,447] {processor.py:153} INFO - Started process (PID=1063504) to work on /home/paula/Documentos/airflow/venv/lib/python3.10/site-packages/airflow/example_dags/example_dag_decorator.py
[2024-11-05 15:34:26,447] {processor.py:641} INFO - Processing file /home/paula/Documentos/airflow/venv/lib/python3.10/site-packages/airflow/example_dags/example_dag_decorator.py for tasks to queue
[2024-11-05 15:34:26,448] {logging_mixin.py:115} INFO - [2024-11-05 15:34:26,448] {dagbag.py:507} INFO - Filling up the DagBag from /home/paula/Documentos/airflow/venv/lib/python3.10/site-packages/airflow/example_dags/example_dag_decorator.py
[2024-11-05 15:34:26,471] {processor.py:651} INFO - DAG(s) dict_keys(['example_dag_decorator']) retrieved from /home/paula/Documentos/airflow/venv/lib/python3.10/site-packages/airflow/example_dags/example_dag_decorator.py
[2024-11-05 15:34:26,515] {logging_mixin.py:115} INFO - [2024-11-05 15:34:26,515] {dag.py:2379} INFO - Sync 1 DAGs
[2024-11-05 15:34:26,527] {logging_mixin.py:115} INFO - [2024-11-05 15:34:26,527] {dag.py:2927} INFO - Setting next_dagrun for example_dag_decorator to None, run_after=None
[2024-11-05 15:34:26,632] {processor.py:161} INFO - Processing /home/paula/Documentos/airflow/venv/lib/python3.10/site-packages/airflow/example_dags/example_dag_decorator.py took 0.188 seconds
[2024-11-05 15:35:11,446] {processor.py:153} INFO - Started process (PID=1063860) to work on /home/paula/Documentos/airflow/venv/lib/python3.10/site-packages/airflow/example_dags/example_dag_decorator.py
[2024-11-05 15:35:11,459] {processor.py:641} INFO - Processing file /home/paula/Documentos/airflow/venv/lib/python3.10/site-packages/airflow/example_dags/example_dag_decorator.py for tasks to queue
[2024-11-05 15:35:11,460] {logging_mixin.py:115} INFO - [2024-11-05 15:35:11,460] {dagbag.py:507} INFO - Filling up the DagBag from /home/paula/Documentos/airflow/venv/lib/python3.10/site-packages/airflow/example_dags/example_dag_decorator.py
[2024-11-05 15:35:11,490] {processor.py:651} INFO - DAG(s) dict_keys(['example_dag_decorator']) retrieved from /home/paula/Documentos/airflow/venv/lib/python3.10/site-packages/airflow/example_dags/example_dag_decorator.py
[2024-11-05 15:35:11,504] {logging_mixin.py:115} INFO - [2024-11-05 15:35:11,504] {dag.py:2379} INFO - Sync 1 DAGs
[2024-11-05 15:35:11,523] {logging_mixin.py:115} INFO - [2024-11-05 15:35:11,523] {dag.py:2927} INFO - Setting next_dagrun for example_dag_decorator to None, run_after=None
[2024-11-05 15:35:11,619] {processor.py:161} INFO - Processing /home/paula/Documentos/airflow/venv/lib/python3.10/site-packages/airflow/example_dags/example_dag_decorator.py took 0.176 seconds
[2024-11-05 15:36:00,076] {processor.py:153} INFO - Started process (PID=1064140) to work on /home/paula/Documentos/airflow/venv/lib/python3.10/site-packages/airflow/example_dags/example_dag_decorator.py
[2024-11-05 15:36:00,091] {processor.py:641} INFO - Processing file /home/paula/Documentos/airflow/venv/lib/python3.10/site-packages/airflow/example_dags/example_dag_decorator.py for tasks to queue
[2024-11-05 15:36:00,092] {logging_mixin.py:115} INFO - [2024-11-05 15:36:00,092] {dagbag.py:507} INFO - Filling up the DagBag from /home/paula/Documentos/airflow/venv/lib/python3.10/site-packages/airflow/example_dags/example_dag_decorator.py
[2024-11-05 15:36:00,118] {processor.py:651} INFO - DAG(s) dict_keys(['example_dag_decorator']) retrieved from /home/paula/Documentos/airflow/venv/lib/python3.10/site-packages/airflow/example_dags/example_dag_decorator.py
[2024-11-05 15:36:00,164] {logging_mixin.py:115} INFO - [2024-11-05 15:36:00,164] {dag.py:2379} INFO - Sync 1 DAGs
[2024-11-05 15:36:00,180] {logging_mixin.py:115} INFO - [2024-11-05 15:36:00,180] {dag.py:2927} INFO - Setting next_dagrun for example_dag_decorator to None, run_after=None
[2024-11-05 15:36:00,293] {processor.py:161} INFO - Processing /home/paula/Documentos/airflow/venv/lib/python3.10/site-packages/airflow/example_dags/example_dag_decorator.py took 0.221 seconds
[2024-11-05 15:40:02,260] {processor.py:153} INFO - Started process (PID=1065997) to work on /home/paula/Documentos/airflow/venv/lib/python3.10/site-packages/airflow/example_dags/example_dag_decorator.py
[2024-11-05 15:40:02,283] {processor.py:641} INFO - Processing file /home/paula/Documentos/airflow/venv/lib/python3.10/site-packages/airflow/example_dags/example_dag_decorator.py for tasks to queue
[2024-11-05 15:40:02,284] {logging_mixin.py:115} INFO - [2024-11-05 15:40:02,283] {dagbag.py:507} INFO - Filling up the DagBag from /home/paula/Documentos/airflow/venv/lib/python3.10/site-packages/airflow/example_dags/example_dag_decorator.py
[2024-11-05 15:40:02,317] {processor.py:651} INFO - DAG(s) dict_keys(['example_dag_decorator']) retrieved from /home/paula/Documentos/airflow/venv/lib/python3.10/site-packages/airflow/example_dags/example_dag_decorator.py
[2024-11-05 15:40:02,360] {logging_mixin.py:115} INFO - [2024-11-05 15:40:02,360] {dag.py:2379} INFO - Sync 1 DAGs
[2024-11-05 15:40:02,377] {logging_mixin.py:115} INFO - [2024-11-05 15:40:02,377] {dag.py:2927} INFO - Setting next_dagrun for example_dag_decorator to None, run_after=None
[2024-11-05 15:40:02,485] {processor.py:161} INFO - Processing /home/paula/Documentos/airflow/venv/lib/python3.10/site-packages/airflow/example_dags/example_dag_decorator.py took 0.228 seconds
[2024-11-05 15:40:52,846] {processor.py:153} INFO - Started process (PID=1066327) to work on /home/paula/Documentos/airflow/venv/lib/python3.10/site-packages/airflow/example_dags/example_dag_decorator.py
[2024-11-05 15:40:52,846] {processor.py:641} INFO - Processing file /home/paula/Documentos/airflow/venv/lib/python3.10/site-packages/airflow/example_dags/example_dag_decorator.py for tasks to queue
[2024-11-05 15:40:52,847] {logging_mixin.py:115} INFO - [2024-11-05 15:40:52,847] {dagbag.py:507} INFO - Filling up the DagBag from /home/paula/Documentos/airflow/venv/lib/python3.10/site-packages/airflow/example_dags/example_dag_decorator.py
[2024-11-05 15:40:52,870] {processor.py:651} INFO - DAG(s) dict_keys(['example_dag_decorator']) retrieved from /home/paula/Documentos/airflow/venv/lib/python3.10/site-packages/airflow/example_dags/example_dag_decorator.py
[2024-11-05 15:40:52,915] {logging_mixin.py:115} INFO - [2024-11-05 15:40:52,915] {dag.py:2379} INFO - Sync 1 DAGs
[2024-11-05 15:40:52,932] {logging_mixin.py:115} INFO - [2024-11-05 15:40:52,932] {dag.py:2927} INFO - Setting next_dagrun for example_dag_decorator to None, run_after=None
[2024-11-05 15:40:53,041] {processor.py:161} INFO - Processing /home/paula/Documentos/airflow/venv/lib/python3.10/site-packages/airflow/example_dags/example_dag_decorator.py took 0.199 seconds
