[2024-11-05 15:07:57,602] {processor.py:153} INFO - Started process (PID=1053368) to work on /home/paula/Documentos/airflow/venv/lib/python3.10/site-packages/airflow/example_dags/example_nested_branch_dag.py
[2024-11-05 15:07:57,603] {processor.py:641} INFO - Processing file /home/paula/Documentos/airflow/venv/lib/python3.10/site-packages/airflow/example_dags/example_nested_branch_dag.py for tasks to queue
[2024-11-05 15:07:57,603] {logging_mixin.py:115} INFO - [2024-11-05 15:07:57,603] {dagbag.py:507} INFO - Filling up the DagBag from /home/paula/Documentos/airflow/venv/lib/python3.10/site-packages/airflow/example_dags/example_nested_branch_dag.py
[2024-11-05 15:07:57,613] {processor.py:651} INFO - DAG(s) dict_keys(['example_nested_branch_dag']) retrieved from /home/paula/Documentos/airflow/venv/lib/python3.10/site-packages/airflow/example_dags/example_nested_branch_dag.py
[2024-11-05 15:07:58,232] {logging_mixin.py:115} INFO - [2024-11-05 15:07:58,232] {manager.py:508} INFO - Created Permission View: can edit on DAG:example_nested_branch_dag
[2024-11-05 15:07:58,398] {logging_mixin.py:115} INFO - [2024-11-05 15:07:58,397] {manager.py:508} INFO - Created Permission View: can read on DAG:example_nested_branch_dag
[2024-11-05 15:07:58,555] {logging_mixin.py:115} INFO - [2024-11-05 15:07:58,555] {manager.py:508} INFO - Created Permission View: can delete on DAG:example_nested_branch_dag
[2024-11-05 15:07:58,556] {logging_mixin.py:115} INFO - [2024-11-05 15:07:58,556] {dag.py:2379} INFO - Sync 1 DAGs
[2024-11-05 15:07:58,579] {logging_mixin.py:115} INFO - [2024-11-05 15:07:58,579] {dag.py:2398} INFO - Creating ORM DAG for example_nested_branch_dag
[2024-11-05 15:07:58,615] {logging_mixin.py:115} INFO - [2024-11-05 15:07:58,614] {dag.py:2927} INFO - Setting next_dagrun for example_nested_branch_dag to 2024-11-04T00:00:00+00:00, run_after=2024-11-05T00:00:00+00:00
[2024-11-05 15:07:58,913] {processor.py:161} INFO - Processing /home/paula/Documentos/airflow/venv/lib/python3.10/site-packages/airflow/example_dags/example_nested_branch_dag.py took 1.314 seconds
[2024-11-05 15:08:56,440] {processor.py:153} INFO - Started process (PID=1053737) to work on /home/paula/Documentos/airflow/venv/lib/python3.10/site-packages/airflow/example_dags/example_nested_branch_dag.py
[2024-11-05 15:08:56,465] {processor.py:641} INFO - Processing file /home/paula/Documentos/airflow/venv/lib/python3.10/site-packages/airflow/example_dags/example_nested_branch_dag.py for tasks to queue
[2024-11-05 15:08:56,466] {logging_mixin.py:115} INFO - [2024-11-05 15:08:56,466] {dagbag.py:507} INFO - Filling up the DagBag from /home/paula/Documentos/airflow/venv/lib/python3.10/site-packages/airflow/example_dags/example_nested_branch_dag.py
[2024-11-05 15:08:56,480] {processor.py:651} INFO - DAG(s) dict_keys(['example_nested_branch_dag']) retrieved from /home/paula/Documentos/airflow/venv/lib/python3.10/site-packages/airflow/example_dags/example_nested_branch_dag.py
[2024-11-05 15:08:56,501] {logging_mixin.py:115} INFO - [2024-11-05 15:08:56,501] {dag.py:2379} INFO - Sync 1 DAGs
[2024-11-05 15:08:56,528] {logging_mixin.py:115} INFO - [2024-11-05 15:08:56,528] {dag.py:2927} INFO - Setting next_dagrun for example_nested_branch_dag to 2024-11-04T00:00:00+00:00, run_after=2024-11-05T00:00:00+00:00
[2024-11-05 15:08:56,637] {processor.py:161} INFO - Processing /home/paula/Documentos/airflow/venv/lib/python3.10/site-packages/airflow/example_dags/example_nested_branch_dag.py took 0.199 seconds
[2024-11-05 15:09:39,606] {processor.py:153} INFO - Started process (PID=1053958) to work on /home/paula/Documentos/airflow/venv/lib/python3.10/site-packages/airflow/example_dags/example_nested_branch_dag.py
[2024-11-05 15:09:39,778] {processor.py:641} INFO - Processing file /home/paula/Documentos/airflow/venv/lib/python3.10/site-packages/airflow/example_dags/example_nested_branch_dag.py for tasks to queue
[2024-11-05 15:09:39,780] {logging_mixin.py:115} INFO - [2024-11-05 15:09:39,780] {dagbag.py:507} INFO - Filling up the DagBag from /home/paula/Documentos/airflow/venv/lib/python3.10/site-packages/airflow/example_dags/example_nested_branch_dag.py
[2024-11-05 15:09:39,795] {processor.py:651} INFO - DAG(s) dict_keys(['example_nested_branch_dag']) retrieved from /home/paula/Documentos/airflow/venv/lib/python3.10/site-packages/airflow/example_dags/example_nested_branch_dag.py
[2024-11-05 15:09:39,817] {logging_mixin.py:115} INFO - [2024-11-05 15:09:39,817] {dag.py:2379} INFO - Sync 1 DAGs
[2024-11-05 15:09:39,842] {logging_mixin.py:115} INFO - [2024-11-05 15:09:39,842] {dag.py:2927} INFO - Setting next_dagrun for example_nested_branch_dag to 2024-11-04T00:00:00+00:00, run_after=2024-11-05T00:00:00+00:00
[2024-11-05 15:09:40,085] {processor.py:161} INFO - Processing /home/paula/Documentos/airflow/venv/lib/python3.10/site-packages/airflow/example_dags/example_nested_branch_dag.py took 0.484 seconds
[2024-11-05 15:10:24,805] {processor.py:153} INFO - Started process (PID=1054445) to work on /home/paula/Documentos/airflow/venv/lib/python3.10/site-packages/airflow/example_dags/example_nested_branch_dag.py
[2024-11-05 15:10:24,857] {processor.py:641} INFO - Processing file /home/paula/Documentos/airflow/venv/lib/python3.10/site-packages/airflow/example_dags/example_nested_branch_dag.py for tasks to queue
[2024-11-05 15:10:24,858] {logging_mixin.py:115} INFO - [2024-11-05 15:10:24,858] {dagbag.py:507} INFO - Filling up the DagBag from /home/paula/Documentos/airflow/venv/lib/python3.10/site-packages/airflow/example_dags/example_nested_branch_dag.py
[2024-11-05 15:10:24,871] {processor.py:651} INFO - DAG(s) dict_keys(['example_nested_branch_dag']) retrieved from /home/paula/Documentos/airflow/venv/lib/python3.10/site-packages/airflow/example_dags/example_nested_branch_dag.py
[2024-11-05 15:10:24,889] {logging_mixin.py:115} INFO - [2024-11-05 15:10:24,889] {dag.py:2379} INFO - Sync 1 DAGs
[2024-11-05 15:10:24,915] {logging_mixin.py:115} INFO - [2024-11-05 15:10:24,915] {dag.py:2927} INFO - Setting next_dagrun for example_nested_branch_dag to 2024-11-04T00:00:00+00:00, run_after=2024-11-05T00:00:00+00:00
[2024-11-05 15:10:25,129] {processor.py:161} INFO - Processing /home/paula/Documentos/airflow/venv/lib/python3.10/site-packages/airflow/example_dags/example_nested_branch_dag.py took 0.329 seconds
[2024-11-05 15:11:14,638] {processor.py:153} INFO - Started process (PID=1054700) to work on /home/paula/Documentos/airflow/venv/lib/python3.10/site-packages/airflow/example_dags/example_nested_branch_dag.py
[2024-11-05 15:11:14,661] {processor.py:641} INFO - Processing file /home/paula/Documentos/airflow/venv/lib/python3.10/site-packages/airflow/example_dags/example_nested_branch_dag.py for tasks to queue
[2024-11-05 15:11:14,662] {logging_mixin.py:115} INFO - [2024-11-05 15:11:14,662] {dagbag.py:507} INFO - Filling up the DagBag from /home/paula/Documentos/airflow/venv/lib/python3.10/site-packages/airflow/example_dags/example_nested_branch_dag.py
[2024-11-05 15:11:14,674] {processor.py:651} INFO - DAG(s) dict_keys(['example_nested_branch_dag']) retrieved from /home/paula/Documentos/airflow/venv/lib/python3.10/site-packages/airflow/example_dags/example_nested_branch_dag.py
[2024-11-05 15:11:15,040] {logging_mixin.py:115} INFO - [2024-11-05 15:11:15,040] {dag.py:2379} INFO - Sync 1 DAGs
[2024-11-05 15:11:15,094] {logging_mixin.py:115} INFO - [2024-11-05 15:11:15,093] {dag.py:2927} INFO - Setting next_dagrun for example_nested_branch_dag to 2024-11-04T00:00:00+00:00, run_after=2024-11-05T00:00:00+00:00
[2024-11-05 15:11:15,336] {processor.py:161} INFO - Processing /home/paula/Documentos/airflow/venv/lib/python3.10/site-packages/airflow/example_dags/example_nested_branch_dag.py took 0.701 seconds
[2024-11-05 15:12:06,473] {processor.py:153} INFO - Started process (PID=1054992) to work on /home/paula/Documentos/airflow/venv/lib/python3.10/site-packages/airflow/example_dags/example_nested_branch_dag.py
[2024-11-05 15:12:06,525] {processor.py:641} INFO - Processing file /home/paula/Documentos/airflow/venv/lib/python3.10/site-packages/airflow/example_dags/example_nested_branch_dag.py for tasks to queue
[2024-11-05 15:12:06,526] {logging_mixin.py:115} INFO - [2024-11-05 15:12:06,526] {dagbag.py:507} INFO - Filling up the DagBag from /home/paula/Documentos/airflow/venv/lib/python3.10/site-packages/airflow/example_dags/example_nested_branch_dag.py
[2024-11-05 15:12:06,539] {processor.py:651} INFO - DAG(s) dict_keys(['example_nested_branch_dag']) retrieved from /home/paula/Documentos/airflow/venv/lib/python3.10/site-packages/airflow/example_dags/example_nested_branch_dag.py
[2024-11-05 15:12:06,560] {logging_mixin.py:115} INFO - [2024-11-05 15:12:06,559] {dag.py:2379} INFO - Sync 1 DAGs
[2024-11-05 15:12:06,600] {logging_mixin.py:115} INFO - [2024-11-05 15:12:06,600] {dag.py:2927} INFO - Setting next_dagrun for example_nested_branch_dag to 2024-11-04T00:00:00+00:00, run_after=2024-11-05T00:00:00+00:00
[2024-11-05 15:12:06,930] {processor.py:161} INFO - Processing /home/paula/Documentos/airflow/venv/lib/python3.10/site-packages/airflow/example_dags/example_nested_branch_dag.py took 0.460 seconds
[2024-11-05 15:12:55,334] {processor.py:153} INFO - Started process (PID=1055303) to work on /home/paula/Documentos/airflow/venv/lib/python3.10/site-packages/airflow/example_dags/example_nested_branch_dag.py
[2024-11-05 15:12:55,343] {processor.py:641} INFO - Processing file /home/paula/Documentos/airflow/venv/lib/python3.10/site-packages/airflow/example_dags/example_nested_branch_dag.py for tasks to queue
[2024-11-05 15:12:55,343] {logging_mixin.py:115} INFO - [2024-11-05 15:12:55,343] {dagbag.py:507} INFO - Filling up the DagBag from /home/paula/Documentos/airflow/venv/lib/python3.10/site-packages/airflow/example_dags/example_nested_branch_dag.py
[2024-11-05 15:12:55,355] {processor.py:651} INFO - DAG(s) dict_keys(['example_nested_branch_dag']) retrieved from /home/paula/Documentos/airflow/venv/lib/python3.10/site-packages/airflow/example_dags/example_nested_branch_dag.py
[2024-11-05 15:12:55,373] {logging_mixin.py:115} INFO - [2024-11-05 15:12:55,372] {dag.py:2379} INFO - Sync 1 DAGs
[2024-11-05 15:12:55,392] {logging_mixin.py:115} INFO - [2024-11-05 15:12:55,392] {dag.py:2927} INFO - Setting next_dagrun for example_nested_branch_dag to 2024-11-04T00:00:00+00:00, run_after=2024-11-05T00:00:00+00:00
[2024-11-05 15:12:55,664] {processor.py:161} INFO - Processing /home/paula/Documentos/airflow/venv/lib/python3.10/site-packages/airflow/example_dags/example_nested_branch_dag.py took 0.333 seconds
[2024-11-05 15:13:47,357] {processor.py:153} INFO - Started process (PID=1055622) to work on /home/paula/Documentos/airflow/venv/lib/python3.10/site-packages/airflow/example_dags/example_nested_branch_dag.py
[2024-11-05 15:13:47,360] {processor.py:641} INFO - Processing file /home/paula/Documentos/airflow/venv/lib/python3.10/site-packages/airflow/example_dags/example_nested_branch_dag.py for tasks to queue
[2024-11-05 15:13:47,361] {logging_mixin.py:115} INFO - [2024-11-05 15:13:47,361] {dagbag.py:507} INFO - Filling up the DagBag from /home/paula/Documentos/airflow/venv/lib/python3.10/site-packages/airflow/example_dags/example_nested_branch_dag.py
[2024-11-05 15:13:47,375] {processor.py:651} INFO - DAG(s) dict_keys(['example_nested_branch_dag']) retrieved from /home/paula/Documentos/airflow/venv/lib/python3.10/site-packages/airflow/example_dags/example_nested_branch_dag.py
[2024-11-05 15:13:47,398] {logging_mixin.py:115} INFO - [2024-11-05 15:13:47,398] {dag.py:2379} INFO - Sync 1 DAGs
[2024-11-05 15:13:47,425] {logging_mixin.py:115} INFO - [2024-11-05 15:13:47,425] {dag.py:2927} INFO - Setting next_dagrun for example_nested_branch_dag to 2024-11-04T00:00:00+00:00, run_after=2024-11-05T00:00:00+00:00
[2024-11-05 15:13:47,678] {processor.py:161} INFO - Processing /home/paula/Documentos/airflow/venv/lib/python3.10/site-packages/airflow/example_dags/example_nested_branch_dag.py took 0.324 seconds
[2024-11-05 15:14:40,577] {processor.py:153} INFO - Started process (PID=1055922) to work on /home/paula/Documentos/airflow/venv/lib/python3.10/site-packages/airflow/example_dags/example_nested_branch_dag.py
[2024-11-05 15:14:40,578] {processor.py:641} INFO - Processing file /home/paula/Documentos/airflow/venv/lib/python3.10/site-packages/airflow/example_dags/example_nested_branch_dag.py for tasks to queue
[2024-11-05 15:14:40,578] {logging_mixin.py:115} INFO - [2024-11-05 15:14:40,578] {dagbag.py:507} INFO - Filling up the DagBag from /home/paula/Documentos/airflow/venv/lib/python3.10/site-packages/airflow/example_dags/example_nested_branch_dag.py
[2024-11-05 15:14:40,590] {processor.py:651} INFO - DAG(s) dict_keys(['example_nested_branch_dag']) retrieved from /home/paula/Documentos/airflow/venv/lib/python3.10/site-packages/airflow/example_dags/example_nested_branch_dag.py
[2024-11-05 15:14:40,605] {logging_mixin.py:115} INFO - [2024-11-05 15:14:40,605] {dag.py:2379} INFO - Sync 1 DAGs
[2024-11-05 15:14:40,625] {logging_mixin.py:115} INFO - [2024-11-05 15:14:40,625] {dag.py:2927} INFO - Setting next_dagrun for example_nested_branch_dag to 2024-11-04T00:00:00+00:00, run_after=2024-11-05T00:00:00+00:00
[2024-11-05 15:14:40,737] {processor.py:161} INFO - Processing /home/paula/Documentos/airflow/venv/lib/python3.10/site-packages/airflow/example_dags/example_nested_branch_dag.py took 0.162 seconds
[2024-11-05 15:15:23,964] {processor.py:153} INFO - Started process (PID=1056192) to work on /home/paula/Documentos/airflow/venv/lib/python3.10/site-packages/airflow/example_dags/example_nested_branch_dag.py
[2024-11-05 15:15:23,971] {processor.py:641} INFO - Processing file /home/paula/Documentos/airflow/venv/lib/python3.10/site-packages/airflow/example_dags/example_nested_branch_dag.py for tasks to queue
[2024-11-05 15:15:23,972] {logging_mixin.py:115} INFO - [2024-11-05 15:15:23,972] {dagbag.py:507} INFO - Filling up the DagBag from /home/paula/Documentos/airflow/venv/lib/python3.10/site-packages/airflow/example_dags/example_nested_branch_dag.py
[2024-11-05 15:15:23,985] {processor.py:651} INFO - DAG(s) dict_keys(['example_nested_branch_dag']) retrieved from /home/paula/Documentos/airflow/venv/lib/python3.10/site-packages/airflow/example_dags/example_nested_branch_dag.py
[2024-11-05 15:15:24,004] {logging_mixin.py:115} INFO - [2024-11-05 15:15:24,003] {dag.py:2379} INFO - Sync 1 DAGs
[2024-11-05 15:15:24,025] {logging_mixin.py:115} INFO - [2024-11-05 15:15:24,024] {dag.py:2927} INFO - Setting next_dagrun for example_nested_branch_dag to 2024-11-04T00:00:00+00:00, run_after=2024-11-05T00:00:00+00:00
[2024-11-05 15:15:24,116] {processor.py:161} INFO - Processing /home/paula/Documentos/airflow/venv/lib/python3.10/site-packages/airflow/example_dags/example_nested_branch_dag.py took 0.156 seconds
[2024-11-05 15:16:04,540] {processor.py:153} INFO - Started process (PID=1056442) to work on /home/paula/Documentos/airflow/venv/lib/python3.10/site-packages/airflow/example_dags/example_nested_branch_dag.py
[2024-11-05 15:16:04,541] {processor.py:641} INFO - Processing file /home/paula/Documentos/airflow/venv/lib/python3.10/site-packages/airflow/example_dags/example_nested_branch_dag.py for tasks to queue
[2024-11-05 15:16:04,542] {logging_mixin.py:115} INFO - [2024-11-05 15:16:04,542] {dagbag.py:507} INFO - Filling up the DagBag from /home/paula/Documentos/airflow/venv/lib/python3.10/site-packages/airflow/example_dags/example_nested_branch_dag.py
[2024-11-05 15:16:04,554] {processor.py:651} INFO - DAG(s) dict_keys(['example_nested_branch_dag']) retrieved from /home/paula/Documentos/airflow/venv/lib/python3.10/site-packages/airflow/example_dags/example_nested_branch_dag.py
[2024-11-05 15:16:04,570] {logging_mixin.py:115} INFO - [2024-11-05 15:16:04,570] {dag.py:2379} INFO - Sync 1 DAGs
[2024-11-05 15:16:04,592] {logging_mixin.py:115} INFO - [2024-11-05 15:16:04,592] {dag.py:2927} INFO - Setting next_dagrun for example_nested_branch_dag to 2024-11-04T00:00:00+00:00, run_after=2024-11-05T00:00:00+00:00
[2024-11-05 15:16:04,709] {processor.py:161} INFO - Processing /home/paula/Documentos/airflow/venv/lib/python3.10/site-packages/airflow/example_dags/example_nested_branch_dag.py took 0.172 seconds
[2024-11-05 15:16:50,803] {processor.py:153} INFO - Started process (PID=1056740) to work on /home/paula/Documentos/airflow/venv/lib/python3.10/site-packages/airflow/example_dags/example_nested_branch_dag.py
[2024-11-05 15:16:50,827] {processor.py:641} INFO - Processing file /home/paula/Documentos/airflow/venv/lib/python3.10/site-packages/airflow/example_dags/example_nested_branch_dag.py for tasks to queue
[2024-11-05 15:16:50,827] {logging_mixin.py:115} INFO - [2024-11-05 15:16:50,827] {dagbag.py:507} INFO - Filling up the DagBag from /home/paula/Documentos/airflow/venv/lib/python3.10/site-packages/airflow/example_dags/example_nested_branch_dag.py
[2024-11-05 15:16:50,840] {processor.py:651} INFO - DAG(s) dict_keys(['example_nested_branch_dag']) retrieved from /home/paula/Documentos/airflow/venv/lib/python3.10/site-packages/airflow/example_dags/example_nested_branch_dag.py
[2024-11-05 15:16:50,860] {logging_mixin.py:115} INFO - [2024-11-05 15:16:50,860] {dag.py:2379} INFO - Sync 1 DAGs
[2024-11-05 15:16:50,881] {logging_mixin.py:115} INFO - [2024-11-05 15:16:50,881] {dag.py:2927} INFO - Setting next_dagrun for example_nested_branch_dag to 2024-11-04T00:00:00+00:00, run_after=2024-11-05T00:00:00+00:00
[2024-11-05 15:16:50,965] {processor.py:161} INFO - Processing /home/paula/Documentos/airflow/venv/lib/python3.10/site-packages/airflow/example_dags/example_nested_branch_dag.py took 0.166 seconds
[2024-11-05 15:17:37,381] {processor.py:153} INFO - Started process (PID=1057029) to work on /home/paula/Documentos/airflow/venv/lib/python3.10/site-packages/airflow/example_dags/example_nested_branch_dag.py
[2024-11-05 15:17:37,382] {processor.py:641} INFO - Processing file /home/paula/Documentos/airflow/venv/lib/python3.10/site-packages/airflow/example_dags/example_nested_branch_dag.py for tasks to queue
[2024-11-05 15:17:37,383] {logging_mixin.py:115} INFO - [2024-11-05 15:17:37,382] {dagbag.py:507} INFO - Filling up the DagBag from /home/paula/Documentos/airflow/venv/lib/python3.10/site-packages/airflow/example_dags/example_nested_branch_dag.py
[2024-11-05 15:17:37,396] {processor.py:651} INFO - DAG(s) dict_keys(['example_nested_branch_dag']) retrieved from /home/paula/Documentos/airflow/venv/lib/python3.10/site-packages/airflow/example_dags/example_nested_branch_dag.py
[2024-11-05 15:17:37,412] {logging_mixin.py:115} INFO - [2024-11-05 15:17:37,412] {dag.py:2379} INFO - Sync 1 DAGs
[2024-11-05 15:17:37,431] {logging_mixin.py:115} INFO - [2024-11-05 15:17:37,430] {dag.py:2927} INFO - Setting next_dagrun for example_nested_branch_dag to 2024-11-04T00:00:00+00:00, run_after=2024-11-05T00:00:00+00:00
[2024-11-05 15:17:37,515] {processor.py:161} INFO - Processing /home/paula/Documentos/airflow/venv/lib/python3.10/site-packages/airflow/example_dags/example_nested_branch_dag.py took 0.137 seconds
[2024-11-05 15:18:15,790] {processor.py:153} INFO - Started process (PID=1057273) to work on /home/paula/Documentos/airflow/venv/lib/python3.10/site-packages/airflow/example_dags/example_nested_branch_dag.py
[2024-11-05 15:18:15,803] {processor.py:641} INFO - Processing file /home/paula/Documentos/airflow/venv/lib/python3.10/site-packages/airflow/example_dags/example_nested_branch_dag.py for tasks to queue
[2024-11-05 15:18:15,804] {logging_mixin.py:115} INFO - [2024-11-05 15:18:15,804] {dagbag.py:507} INFO - Filling up the DagBag from /home/paula/Documentos/airflow/venv/lib/python3.10/site-packages/airflow/example_dags/example_nested_branch_dag.py
[2024-11-05 15:18:15,815] {processor.py:651} INFO - DAG(s) dict_keys(['example_nested_branch_dag']) retrieved from /home/paula/Documentos/airflow/venv/lib/python3.10/site-packages/airflow/example_dags/example_nested_branch_dag.py
[2024-11-05 15:18:15,835] {logging_mixin.py:115} INFO - [2024-11-05 15:18:15,835] {dag.py:2379} INFO - Sync 1 DAGs
[2024-11-05 15:18:15,858] {logging_mixin.py:115} INFO - [2024-11-05 15:18:15,858] {dag.py:2927} INFO - Setting next_dagrun for example_nested_branch_dag to 2024-11-04T00:00:00+00:00, run_after=2024-11-05T00:00:00+00:00
[2024-11-05 15:18:16,028] {processor.py:161} INFO - Processing /home/paula/Documentos/airflow/venv/lib/python3.10/site-packages/airflow/example_dags/example_nested_branch_dag.py took 0.242 seconds
[2024-11-05 15:18:58,058] {processor.py:153} INFO - Started process (PID=1057525) to work on /home/paula/Documentos/airflow/venv/lib/python3.10/site-packages/airflow/example_dags/example_nested_branch_dag.py
[2024-11-05 15:18:58,058] {processor.py:641} INFO - Processing file /home/paula/Documentos/airflow/venv/lib/python3.10/site-packages/airflow/example_dags/example_nested_branch_dag.py for tasks to queue
[2024-11-05 15:18:58,059] {logging_mixin.py:115} INFO - [2024-11-05 15:18:58,059] {dagbag.py:507} INFO - Filling up the DagBag from /home/paula/Documentos/airflow/venv/lib/python3.10/site-packages/airflow/example_dags/example_nested_branch_dag.py
[2024-11-05 15:18:58,070] {processor.py:651} INFO - DAG(s) dict_keys(['example_nested_branch_dag']) retrieved from /home/paula/Documentos/airflow/venv/lib/python3.10/site-packages/airflow/example_dags/example_nested_branch_dag.py
[2024-11-05 15:18:58,085] {logging_mixin.py:115} INFO - [2024-11-05 15:18:58,085] {dag.py:2379} INFO - Sync 1 DAGs
[2024-11-05 15:18:58,104] {logging_mixin.py:115} INFO - [2024-11-05 15:18:58,104] {dag.py:2927} INFO - Setting next_dagrun for example_nested_branch_dag to 2024-11-04T00:00:00+00:00, run_after=2024-11-05T00:00:00+00:00
[2024-11-05 15:18:58,314] {processor.py:161} INFO - Processing /home/paula/Documentos/airflow/venv/lib/python3.10/site-packages/airflow/example_dags/example_nested_branch_dag.py took 0.259 seconds
[2024-11-05 15:19:42,488] {processor.py:153} INFO - Started process (PID=1057814) to work on /home/paula/Documentos/airflow/venv/lib/python3.10/site-packages/airflow/example_dags/example_nested_branch_dag.py
[2024-11-05 15:19:42,509] {processor.py:641} INFO - Processing file /home/paula/Documentos/airflow/venv/lib/python3.10/site-packages/airflow/example_dags/example_nested_branch_dag.py for tasks to queue
[2024-11-05 15:19:42,510] {logging_mixin.py:115} INFO - [2024-11-05 15:19:42,510] {dagbag.py:507} INFO - Filling up the DagBag from /home/paula/Documentos/airflow/venv/lib/python3.10/site-packages/airflow/example_dags/example_nested_branch_dag.py
[2024-11-05 15:19:42,525] {processor.py:651} INFO - DAG(s) dict_keys(['example_nested_branch_dag']) retrieved from /home/paula/Documentos/airflow/venv/lib/python3.10/site-packages/airflow/example_dags/example_nested_branch_dag.py
[2024-11-05 15:19:42,542] {logging_mixin.py:115} INFO - [2024-11-05 15:19:42,542] {dag.py:2379} INFO - Sync 1 DAGs
[2024-11-05 15:19:42,563] {logging_mixin.py:115} INFO - [2024-11-05 15:19:42,563] {dag.py:2927} INFO - Setting next_dagrun for example_nested_branch_dag to 2024-11-04T00:00:00+00:00, run_after=2024-11-05T00:00:00+00:00
[2024-11-05 15:19:42,735] {processor.py:161} INFO - Processing /home/paula/Documentos/airflow/venv/lib/python3.10/site-packages/airflow/example_dags/example_nested_branch_dag.py took 0.251 seconds
[2024-11-05 15:20:27,642] {processor.py:153} INFO - Started process (PID=1058093) to work on /home/paula/Documentos/airflow/venv/lib/python3.10/site-packages/airflow/example_dags/example_nested_branch_dag.py
[2024-11-05 15:20:27,642] {processor.py:641} INFO - Processing file /home/paula/Documentos/airflow/venv/lib/python3.10/site-packages/airflow/example_dags/example_nested_branch_dag.py for tasks to queue
[2024-11-05 15:20:27,643] {logging_mixin.py:115} INFO - [2024-11-05 15:20:27,643] {dagbag.py:507} INFO - Filling up the DagBag from /home/paula/Documentos/airflow/venv/lib/python3.10/site-packages/airflow/example_dags/example_nested_branch_dag.py
[2024-11-05 15:20:27,652] {processor.py:651} INFO - DAG(s) dict_keys(['example_nested_branch_dag']) retrieved from /home/paula/Documentos/airflow/venv/lib/python3.10/site-packages/airflow/example_dags/example_nested_branch_dag.py
[2024-11-05 15:20:27,666] {logging_mixin.py:115} INFO - [2024-11-05 15:20:27,666] {dag.py:2379} INFO - Sync 1 DAGs
[2024-11-05 15:20:27,687] {logging_mixin.py:115} INFO - [2024-11-05 15:20:27,687] {dag.py:2927} INFO - Setting next_dagrun for example_nested_branch_dag to 2024-11-04T00:00:00+00:00, run_after=2024-11-05T00:00:00+00:00
[2024-11-05 15:20:27,767] {processor.py:161} INFO - Processing /home/paula/Documentos/airflow/venv/lib/python3.10/site-packages/airflow/example_dags/example_nested_branch_dag.py took 0.128 seconds
[2024-11-05 15:21:30,736] {processor.py:153} INFO - Started process (PID=1058503) to work on /home/paula/Documentos/airflow/venv/lib/python3.10/site-packages/airflow/example_dags/example_nested_branch_dag.py
[2024-11-05 15:21:30,749] {processor.py:641} INFO - Processing file /home/paula/Documentos/airflow/venv/lib/python3.10/site-packages/airflow/example_dags/example_nested_branch_dag.py for tasks to queue
[2024-11-05 15:21:30,749] {logging_mixin.py:115} INFO - [2024-11-05 15:21:30,749] {dagbag.py:507} INFO - Filling up the DagBag from /home/paula/Documentos/airflow/venv/lib/python3.10/site-packages/airflow/example_dags/example_nested_branch_dag.py
[2024-11-05 15:21:30,766] {processor.py:651} INFO - DAG(s) dict_keys(['example_nested_branch_dag']) retrieved from /home/paula/Documentos/airflow/venv/lib/python3.10/site-packages/airflow/example_dags/example_nested_branch_dag.py
[2024-11-05 15:21:30,784] {logging_mixin.py:115} INFO - [2024-11-05 15:21:30,784] {dag.py:2379} INFO - Sync 1 DAGs
[2024-11-05 15:21:30,807] {logging_mixin.py:115} INFO - [2024-11-05 15:21:30,807] {dag.py:2927} INFO - Setting next_dagrun for example_nested_branch_dag to 2024-11-04T00:00:00+00:00, run_after=2024-11-05T00:00:00+00:00
[2024-11-05 15:21:30,894] {processor.py:161} INFO - Processing /home/paula/Documentos/airflow/venv/lib/python3.10/site-packages/airflow/example_dags/example_nested_branch_dag.py took 0.161 seconds
[2024-11-05 15:22:12,187] {processor.py:153} INFO - Started process (PID=1058761) to work on /home/paula/Documentos/airflow/venv/lib/python3.10/site-packages/airflow/example_dags/example_nested_branch_dag.py
[2024-11-05 15:22:12,206] {processor.py:641} INFO - Processing file /home/paula/Documentos/airflow/venv/lib/python3.10/site-packages/airflow/example_dags/example_nested_branch_dag.py for tasks to queue
[2024-11-05 15:22:12,207] {logging_mixin.py:115} INFO - [2024-11-05 15:22:12,207] {dagbag.py:507} INFO - Filling up the DagBag from /home/paula/Documentos/airflow/venv/lib/python3.10/site-packages/airflow/example_dags/example_nested_branch_dag.py
[2024-11-05 15:22:12,222] {processor.py:651} INFO - DAG(s) dict_keys(['example_nested_branch_dag']) retrieved from /home/paula/Documentos/airflow/venv/lib/python3.10/site-packages/airflow/example_dags/example_nested_branch_dag.py
[2024-11-05 15:22:12,247] {logging_mixin.py:115} INFO - [2024-11-05 15:22:12,247] {dag.py:2379} INFO - Sync 1 DAGs
[2024-11-05 15:22:12,280] {logging_mixin.py:115} INFO - [2024-11-05 15:22:12,280] {dag.py:2927} INFO - Setting next_dagrun for example_nested_branch_dag to 2024-11-04T00:00:00+00:00, run_after=2024-11-05T00:00:00+00:00
[2024-11-05 15:22:12,372] {processor.py:161} INFO - Processing /home/paula/Documentos/airflow/venv/lib/python3.10/site-packages/airflow/example_dags/example_nested_branch_dag.py took 0.188 seconds
[2024-11-05 15:22:54,306] {processor.py:153} INFO - Started process (PID=1059017) to work on /home/paula/Documentos/airflow/venv/lib/python3.10/site-packages/airflow/example_dags/example_nested_branch_dag.py
[2024-11-05 15:22:54,327] {processor.py:641} INFO - Processing file /home/paula/Documentos/airflow/venv/lib/python3.10/site-packages/airflow/example_dags/example_nested_branch_dag.py for tasks to queue
[2024-11-05 15:22:54,328] {logging_mixin.py:115} INFO - [2024-11-05 15:22:54,328] {dagbag.py:507} INFO - Filling up the DagBag from /home/paula/Documentos/airflow/venv/lib/python3.10/site-packages/airflow/example_dags/example_nested_branch_dag.py
[2024-11-05 15:22:54,343] {processor.py:651} INFO - DAG(s) dict_keys(['example_nested_branch_dag']) retrieved from /home/paula/Documentos/airflow/venv/lib/python3.10/site-packages/airflow/example_dags/example_nested_branch_dag.py
[2024-11-05 15:22:54,373] {logging_mixin.py:115} INFO - [2024-11-05 15:22:54,373] {dag.py:2379} INFO - Sync 1 DAGs
[2024-11-05 15:22:54,395] {logging_mixin.py:115} INFO - [2024-11-05 15:22:54,395] {dag.py:2927} INFO - Setting next_dagrun for example_nested_branch_dag to 2024-11-04T00:00:00+00:00, run_after=2024-11-05T00:00:00+00:00
[2024-11-05 15:22:54,481] {processor.py:161} INFO - Processing /home/paula/Documentos/airflow/venv/lib/python3.10/site-packages/airflow/example_dags/example_nested_branch_dag.py took 0.179 seconds
[2024-11-05 15:23:40,266] {processor.py:153} INFO - Started process (PID=1059317) to work on /home/paula/Documentos/airflow/venv/lib/python3.10/site-packages/airflow/example_dags/example_nested_branch_dag.py
[2024-11-05 15:23:40,283] {processor.py:641} INFO - Processing file /home/paula/Documentos/airflow/venv/lib/python3.10/site-packages/airflow/example_dags/example_nested_branch_dag.py for tasks to queue
[2024-11-05 15:23:40,284] {logging_mixin.py:115} INFO - [2024-11-05 15:23:40,284] {dagbag.py:507} INFO - Filling up the DagBag from /home/paula/Documentos/airflow/venv/lib/python3.10/site-packages/airflow/example_dags/example_nested_branch_dag.py
[2024-11-05 15:23:40,298] {processor.py:651} INFO - DAG(s) dict_keys(['example_nested_branch_dag']) retrieved from /home/paula/Documentos/airflow/venv/lib/python3.10/site-packages/airflow/example_dags/example_nested_branch_dag.py
[2024-11-05 15:23:40,316] {logging_mixin.py:115} INFO - [2024-11-05 15:23:40,315] {dag.py:2379} INFO - Sync 1 DAGs
[2024-11-05 15:23:40,336] {logging_mixin.py:115} INFO - [2024-11-05 15:23:40,336] {dag.py:2927} INFO - Setting next_dagrun for example_nested_branch_dag to 2024-11-04T00:00:00+00:00, run_after=2024-11-05T00:00:00+00:00
[2024-11-05 15:23:40,535] {processor.py:161} INFO - Processing /home/paula/Documentos/airflow/venv/lib/python3.10/site-packages/airflow/example_dags/example_nested_branch_dag.py took 0.271 seconds
[2024-11-05 15:24:22,663] {processor.py:153} INFO - Started process (PID=1059580) to work on /home/paula/Documentos/airflow/venv/lib/python3.10/site-packages/airflow/example_dags/example_nested_branch_dag.py
[2024-11-05 15:24:22,686] {processor.py:641} INFO - Processing file /home/paula/Documentos/airflow/venv/lib/python3.10/site-packages/airflow/example_dags/example_nested_branch_dag.py for tasks to queue
[2024-11-05 15:24:22,687] {logging_mixin.py:115} INFO - [2024-11-05 15:24:22,687] {dagbag.py:507} INFO - Filling up the DagBag from /home/paula/Documentos/airflow/venv/lib/python3.10/site-packages/airflow/example_dags/example_nested_branch_dag.py
[2024-11-05 15:24:22,703] {processor.py:651} INFO - DAG(s) dict_keys(['example_nested_branch_dag']) retrieved from /home/paula/Documentos/airflow/venv/lib/python3.10/site-packages/airflow/example_dags/example_nested_branch_dag.py
[2024-11-05 15:24:22,723] {logging_mixin.py:115} INFO - [2024-11-05 15:24:22,723] {dag.py:2379} INFO - Sync 1 DAGs
[2024-11-05 15:24:22,746] {logging_mixin.py:115} INFO - [2024-11-05 15:24:22,746] {dag.py:2927} INFO - Setting next_dagrun for example_nested_branch_dag to 2024-11-04T00:00:00+00:00, run_after=2024-11-05T00:00:00+00:00
[2024-11-05 15:24:22,836] {processor.py:161} INFO - Processing /home/paula/Documentos/airflow/venv/lib/python3.10/site-packages/airflow/example_dags/example_nested_branch_dag.py took 0.177 seconds
[2024-11-05 15:25:11,901] {processor.py:153} INFO - Started process (PID=1059988) to work on /home/paula/Documentos/airflow/venv/lib/python3.10/site-packages/airflow/example_dags/example_nested_branch_dag.py
[2024-11-05 15:25:11,915] {processor.py:641} INFO - Processing file /home/paula/Documentos/airflow/venv/lib/python3.10/site-packages/airflow/example_dags/example_nested_branch_dag.py for tasks to queue
[2024-11-05 15:25:11,915] {logging_mixin.py:115} INFO - [2024-11-05 15:25:11,915] {dagbag.py:507} INFO - Filling up the DagBag from /home/paula/Documentos/airflow/venv/lib/python3.10/site-packages/airflow/example_dags/example_nested_branch_dag.py
[2024-11-05 15:25:11,926] {processor.py:651} INFO - DAG(s) dict_keys(['example_nested_branch_dag']) retrieved from /home/paula/Documentos/airflow/venv/lib/python3.10/site-packages/airflow/example_dags/example_nested_branch_dag.py
[2024-11-05 15:25:11,941] {logging_mixin.py:115} INFO - [2024-11-05 15:25:11,941] {dag.py:2379} INFO - Sync 1 DAGs
[2024-11-05 15:25:11,961] {logging_mixin.py:115} INFO - [2024-11-05 15:25:11,960] {dag.py:2927} INFO - Setting next_dagrun for example_nested_branch_dag to 2024-11-04T00:00:00+00:00, run_after=2024-11-05T00:00:00+00:00
[2024-11-05 15:25:12,155] {processor.py:161} INFO - Processing /home/paula/Documentos/airflow/venv/lib/python3.10/site-packages/airflow/example_dags/example_nested_branch_dag.py took 0.257 seconds
[2024-11-05 15:25:59,800] {processor.py:153} INFO - Started process (PID=1060278) to work on /home/paula/Documentos/airflow/venv/lib/python3.10/site-packages/airflow/example_dags/example_nested_branch_dag.py
[2024-11-05 15:25:59,827] {processor.py:641} INFO - Processing file /home/paula/Documentos/airflow/venv/lib/python3.10/site-packages/airflow/example_dags/example_nested_branch_dag.py for tasks to queue
[2024-11-05 15:25:59,828] {logging_mixin.py:115} INFO - [2024-11-05 15:25:59,828] {dagbag.py:507} INFO - Filling up the DagBag from /home/paula/Documentos/airflow/venv/lib/python3.10/site-packages/airflow/example_dags/example_nested_branch_dag.py
[2024-11-05 15:25:59,847] {processor.py:651} INFO - DAG(s) dict_keys(['example_nested_branch_dag']) retrieved from /home/paula/Documentos/airflow/venv/lib/python3.10/site-packages/airflow/example_dags/example_nested_branch_dag.py
[2024-11-05 15:25:59,872] {logging_mixin.py:115} INFO - [2024-11-05 15:25:59,872] {dag.py:2379} INFO - Sync 1 DAGs
[2024-11-05 15:26:00,082] {logging_mixin.py:115} INFO - [2024-11-05 15:26:00,081] {dag.py:2927} INFO - Setting next_dagrun for example_nested_branch_dag to 2024-11-04T00:00:00+00:00, run_after=2024-11-05T00:00:00+00:00
[2024-11-05 15:26:00,692] {processor.py:161} INFO - Processing /home/paula/Documentos/airflow/venv/lib/python3.10/site-packages/airflow/example_dags/example_nested_branch_dag.py took 0.896 seconds
[2024-11-05 15:28:59,371] {processor.py:153} INFO - Started process (PID=1061365) to work on /home/paula/Documentos/airflow/venv/lib/python3.10/site-packages/airflow/example_dags/example_nested_branch_dag.py
[2024-11-05 15:28:59,371] {processor.py:641} INFO - Processing file /home/paula/Documentos/airflow/venv/lib/python3.10/site-packages/airflow/example_dags/example_nested_branch_dag.py for tasks to queue
[2024-11-05 15:28:59,372] {logging_mixin.py:115} INFO - [2024-11-05 15:28:59,372] {dagbag.py:507} INFO - Filling up the DagBag from /home/paula/Documentos/airflow/venv/lib/python3.10/site-packages/airflow/example_dags/example_nested_branch_dag.py
[2024-11-05 15:28:59,386] {processor.py:651} INFO - DAG(s) dict_keys(['example_nested_branch_dag']) retrieved from /home/paula/Documentos/airflow/venv/lib/python3.10/site-packages/airflow/example_dags/example_nested_branch_dag.py
[2024-11-05 15:28:59,407] {logging_mixin.py:115} INFO - [2024-11-05 15:28:59,407] {dag.py:2379} INFO - Sync 1 DAGs
[2024-11-05 15:28:59,431] {logging_mixin.py:115} INFO - [2024-11-05 15:28:59,431] {dag.py:2927} INFO - Setting next_dagrun for example_nested_branch_dag to 2024-11-04T00:00:00+00:00, run_after=2024-11-05T00:00:00+00:00
[2024-11-05 15:28:59,538] {processor.py:161} INFO - Processing /home/paula/Documentos/airflow/venv/lib/python3.10/site-packages/airflow/example_dags/example_nested_branch_dag.py took 0.171 seconds
[2024-11-05 15:29:44,512] {processor.py:153} INFO - Started process (PID=1061680) to work on /home/paula/Documentos/airflow/venv/lib/python3.10/site-packages/airflow/example_dags/example_nested_branch_dag.py
[2024-11-05 15:29:44,526] {processor.py:641} INFO - Processing file /home/paula/Documentos/airflow/venv/lib/python3.10/site-packages/airflow/example_dags/example_nested_branch_dag.py for tasks to queue
[2024-11-05 15:29:44,528] {logging_mixin.py:115} INFO - [2024-11-05 15:29:44,528] {dagbag.py:507} INFO - Filling up the DagBag from /home/paula/Documentos/airflow/venv/lib/python3.10/site-packages/airflow/example_dags/example_nested_branch_dag.py
[2024-11-05 15:29:44,547] {processor.py:651} INFO - DAG(s) dict_keys(['example_nested_branch_dag']) retrieved from /home/paula/Documentos/airflow/venv/lib/python3.10/site-packages/airflow/example_dags/example_nested_branch_dag.py
[2024-11-05 15:29:44,563] {logging_mixin.py:115} INFO - [2024-11-05 15:29:44,563] {dag.py:2379} INFO - Sync 1 DAGs
[2024-11-05 15:29:44,582] {logging_mixin.py:115} INFO - [2024-11-05 15:29:44,582] {dag.py:2927} INFO - Setting next_dagrun for example_nested_branch_dag to 2024-11-04T00:00:00+00:00, run_after=2024-11-05T00:00:00+00:00
[2024-11-05 15:29:44,683] {processor.py:161} INFO - Processing /home/paula/Documentos/airflow/venv/lib/python3.10/site-packages/airflow/example_dags/example_nested_branch_dag.py took 0.175 seconds
[2024-11-05 15:30:26,350] {processor.py:153} INFO - Started process (PID=1061922) to work on /home/paula/Documentos/airflow/venv/lib/python3.10/site-packages/airflow/example_dags/example_nested_branch_dag.py
[2024-11-05 15:30:26,362] {processor.py:641} INFO - Processing file /home/paula/Documentos/airflow/venv/lib/python3.10/site-packages/airflow/example_dags/example_nested_branch_dag.py for tasks to queue
[2024-11-05 15:30:26,363] {logging_mixin.py:115} INFO - [2024-11-05 15:30:26,362] {dagbag.py:507} INFO - Filling up the DagBag from /home/paula/Documentos/airflow/venv/lib/python3.10/site-packages/airflow/example_dags/example_nested_branch_dag.py
[2024-11-05 15:30:26,378] {processor.py:651} INFO - DAG(s) dict_keys(['example_nested_branch_dag']) retrieved from /home/paula/Documentos/airflow/venv/lib/python3.10/site-packages/airflow/example_dags/example_nested_branch_dag.py
[2024-11-05 15:30:26,393] {logging_mixin.py:115} INFO - [2024-11-05 15:30:26,393] {dag.py:2379} INFO - Sync 1 DAGs
[2024-11-05 15:30:26,412] {logging_mixin.py:115} INFO - [2024-11-05 15:30:26,412] {dag.py:2927} INFO - Setting next_dagrun for example_nested_branch_dag to 2024-11-04T00:00:00+00:00, run_after=2024-11-05T00:00:00+00:00
[2024-11-05 15:30:26,496] {processor.py:161} INFO - Processing /home/paula/Documentos/airflow/venv/lib/python3.10/site-packages/airflow/example_dags/example_nested_branch_dag.py took 0.150 seconds
[2024-11-05 15:31:09,730] {processor.py:153} INFO - Started process (PID=1062183) to work on /home/paula/Documentos/airflow/venv/lib/python3.10/site-packages/airflow/example_dags/example_nested_branch_dag.py
[2024-11-05 15:31:09,745] {processor.py:641} INFO - Processing file /home/paula/Documentos/airflow/venv/lib/python3.10/site-packages/airflow/example_dags/example_nested_branch_dag.py for tasks to queue
[2024-11-05 15:31:09,746] {logging_mixin.py:115} INFO - [2024-11-05 15:31:09,746] {dagbag.py:507} INFO - Filling up the DagBag from /home/paula/Documentos/airflow/venv/lib/python3.10/site-packages/airflow/example_dags/example_nested_branch_dag.py
[2024-11-05 15:31:09,763] {processor.py:651} INFO - DAG(s) dict_keys(['example_nested_branch_dag']) retrieved from /home/paula/Documentos/airflow/venv/lib/python3.10/site-packages/airflow/example_dags/example_nested_branch_dag.py
[2024-11-05 15:31:09,780] {logging_mixin.py:115} INFO - [2024-11-05 15:31:09,780] {dag.py:2379} INFO - Sync 1 DAGs
[2024-11-05 15:31:09,798] {logging_mixin.py:115} INFO - [2024-11-05 15:31:09,798] {dag.py:2927} INFO - Setting next_dagrun for example_nested_branch_dag to 2024-11-04T00:00:00+00:00, run_after=2024-11-05T00:00:00+00:00
[2024-11-05 15:31:09,886] {processor.py:161} INFO - Processing /home/paula/Documentos/airflow/venv/lib/python3.10/site-packages/airflow/example_dags/example_nested_branch_dag.py took 0.161 seconds
[2024-11-05 15:31:54,578] {processor.py:153} INFO - Started process (PID=1062450) to work on /home/paula/Documentos/airflow/venv/lib/python3.10/site-packages/airflow/example_dags/example_nested_branch_dag.py
[2024-11-05 15:31:54,601] {processor.py:641} INFO - Processing file /home/paula/Documentos/airflow/venv/lib/python3.10/site-packages/airflow/example_dags/example_nested_branch_dag.py for tasks to queue
[2024-11-05 15:31:54,602] {logging_mixin.py:115} INFO - [2024-11-05 15:31:54,602] {dagbag.py:507} INFO - Filling up the DagBag from /home/paula/Documentos/airflow/venv/lib/python3.10/site-packages/airflow/example_dags/example_nested_branch_dag.py
[2024-11-05 15:31:54,614] {processor.py:651} INFO - DAG(s) dict_keys(['example_nested_branch_dag']) retrieved from /home/paula/Documentos/airflow/venv/lib/python3.10/site-packages/airflow/example_dags/example_nested_branch_dag.py
[2024-11-05 15:31:54,632] {logging_mixin.py:115} INFO - [2024-11-05 15:31:54,632] {dag.py:2379} INFO - Sync 1 DAGs
[2024-11-05 15:31:54,652] {logging_mixin.py:115} INFO - [2024-11-05 15:31:54,652] {dag.py:2927} INFO - Setting next_dagrun for example_nested_branch_dag to 2024-11-04T00:00:00+00:00, run_after=2024-11-05T00:00:00+00:00
[2024-11-05 15:31:54,756] {processor.py:161} INFO - Processing /home/paula/Documentos/airflow/venv/lib/python3.10/site-packages/airflow/example_dags/example_nested_branch_dag.py took 0.182 seconds
[2024-11-05 15:32:44,536] {processor.py:153} INFO - Started process (PID=1062764) to work on /home/paula/Documentos/airflow/venv/lib/python3.10/site-packages/airflow/example_dags/example_nested_branch_dag.py
[2024-11-05 15:32:44,537] {processor.py:641} INFO - Processing file /home/paula/Documentos/airflow/venv/lib/python3.10/site-packages/airflow/example_dags/example_nested_branch_dag.py for tasks to queue
[2024-11-05 15:32:44,538] {logging_mixin.py:115} INFO - [2024-11-05 15:32:44,537] {dagbag.py:507} INFO - Filling up the DagBag from /home/paula/Documentos/airflow/venv/lib/python3.10/site-packages/airflow/example_dags/example_nested_branch_dag.py
[2024-11-05 15:32:44,549] {processor.py:651} INFO - DAG(s) dict_keys(['example_nested_branch_dag']) retrieved from /home/paula/Documentos/airflow/venv/lib/python3.10/site-packages/airflow/example_dags/example_nested_branch_dag.py
[2024-11-05 15:32:44,566] {logging_mixin.py:115} INFO - [2024-11-05 15:32:44,566] {dag.py:2379} INFO - Sync 1 DAGs
[2024-11-05 15:32:44,590] {logging_mixin.py:115} INFO - [2024-11-05 15:32:44,590] {dag.py:2927} INFO - Setting next_dagrun for example_nested_branch_dag to 2024-11-04T00:00:00+00:00, run_after=2024-11-05T00:00:00+00:00
[2024-11-05 15:32:44,693] {processor.py:161} INFO - Processing /home/paula/Documentos/airflow/venv/lib/python3.10/site-packages/airflow/example_dags/example_nested_branch_dag.py took 0.161 seconds
[2024-11-05 15:33:28,925] {processor.py:153} INFO - Started process (PID=1063079) to work on /home/paula/Documentos/airflow/venv/lib/python3.10/site-packages/airflow/example_dags/example_nested_branch_dag.py
[2024-11-05 15:33:28,946] {processor.py:641} INFO - Processing file /home/paula/Documentos/airflow/venv/lib/python3.10/site-packages/airflow/example_dags/example_nested_branch_dag.py for tasks to queue
[2024-11-05 15:33:28,947] {logging_mixin.py:115} INFO - [2024-11-05 15:33:28,947] {dagbag.py:507} INFO - Filling up the DagBag from /home/paula/Documentos/airflow/venv/lib/python3.10/site-packages/airflow/example_dags/example_nested_branch_dag.py
[2024-11-05 15:33:28,962] {processor.py:651} INFO - DAG(s) dict_keys(['example_nested_branch_dag']) retrieved from /home/paula/Documentos/airflow/venv/lib/python3.10/site-packages/airflow/example_dags/example_nested_branch_dag.py
[2024-11-05 15:33:28,979] {logging_mixin.py:115} INFO - [2024-11-05 15:33:28,979] {dag.py:2379} INFO - Sync 1 DAGs
[2024-11-05 15:33:29,001] {logging_mixin.py:115} INFO - [2024-11-05 15:33:29,001] {dag.py:2927} INFO - Setting next_dagrun for example_nested_branch_dag to 2024-11-04T00:00:00+00:00, run_after=2024-11-05T00:00:00+00:00
[2024-11-05 15:33:29,096] {processor.py:161} INFO - Processing /home/paula/Documentos/airflow/venv/lib/python3.10/site-packages/airflow/example_dags/example_nested_branch_dag.py took 0.174 seconds
[2024-11-05 15:34:13,993] {processor.py:153} INFO - Started process (PID=1063428) to work on /home/paula/Documentos/airflow/venv/lib/python3.10/site-packages/airflow/example_dags/example_nested_branch_dag.py
[2024-11-05 15:34:14,001] {processor.py:641} INFO - Processing file /home/paula/Documentos/airflow/venv/lib/python3.10/site-packages/airflow/example_dags/example_nested_branch_dag.py for tasks to queue
[2024-11-05 15:34:14,002] {logging_mixin.py:115} INFO - [2024-11-05 15:34:14,002] {dagbag.py:507} INFO - Filling up the DagBag from /home/paula/Documentos/airflow/venv/lib/python3.10/site-packages/airflow/example_dags/example_nested_branch_dag.py
[2024-11-05 15:34:14,015] {processor.py:651} INFO - DAG(s) dict_keys(['example_nested_branch_dag']) retrieved from /home/paula/Documentos/airflow/venv/lib/python3.10/site-packages/airflow/example_dags/example_nested_branch_dag.py
[2024-11-05 15:34:14,032] {logging_mixin.py:115} INFO - [2024-11-05 15:34:14,032] {dag.py:2379} INFO - Sync 1 DAGs
[2024-11-05 15:34:14,051] {logging_mixin.py:115} INFO - [2024-11-05 15:34:14,051] {dag.py:2927} INFO - Setting next_dagrun for example_nested_branch_dag to 2024-11-04T00:00:00+00:00, run_after=2024-11-05T00:00:00+00:00
[2024-11-05 15:34:14,281] {processor.py:161} INFO - Processing /home/paula/Documentos/airflow/venv/lib/python3.10/site-packages/airflow/example_dags/example_nested_branch_dag.py took 0.291 seconds
[2024-11-05 15:34:55,412] {processor.py:153} INFO - Started process (PID=1063752) to work on /home/paula/Documentos/airflow/venv/lib/python3.10/site-packages/airflow/example_dags/example_nested_branch_dag.py
[2024-11-05 15:34:55,466] {processor.py:641} INFO - Processing file /home/paula/Documentos/airflow/venv/lib/python3.10/site-packages/airflow/example_dags/example_nested_branch_dag.py for tasks to queue
[2024-11-05 15:34:55,467] {logging_mixin.py:115} INFO - [2024-11-05 15:34:55,467] {dagbag.py:507} INFO - Filling up the DagBag from /home/paula/Documentos/airflow/venv/lib/python3.10/site-packages/airflow/example_dags/example_nested_branch_dag.py
[2024-11-05 15:34:55,482] {processor.py:651} INFO - DAG(s) dict_keys(['example_nested_branch_dag']) retrieved from /home/paula/Documentos/airflow/venv/lib/python3.10/site-packages/airflow/example_dags/example_nested_branch_dag.py
[2024-11-05 15:34:55,500] {logging_mixin.py:115} INFO - [2024-11-05 15:34:55,500] {dag.py:2379} INFO - Sync 1 DAGs
[2024-11-05 15:34:55,521] {logging_mixin.py:115} INFO - [2024-11-05 15:34:55,521] {dag.py:2927} INFO - Setting next_dagrun for example_nested_branch_dag to 2024-11-04T00:00:00+00:00, run_after=2024-11-05T00:00:00+00:00
[2024-11-05 15:34:55,670] {processor.py:161} INFO - Processing /home/paula/Documentos/airflow/venv/lib/python3.10/site-packages/airflow/example_dags/example_nested_branch_dag.py took 0.262 seconds
[2024-11-05 15:35:36,386] {processor.py:153} INFO - Started process (PID=1064006) to work on /home/paula/Documentos/airflow/venv/lib/python3.10/site-packages/airflow/example_dags/example_nested_branch_dag.py
[2024-11-05 15:35:36,407] {processor.py:641} INFO - Processing file /home/paula/Documentos/airflow/venv/lib/python3.10/site-packages/airflow/example_dags/example_nested_branch_dag.py for tasks to queue
[2024-11-05 15:35:36,408] {logging_mixin.py:115} INFO - [2024-11-05 15:35:36,408] {dagbag.py:507} INFO - Filling up the DagBag from /home/paula/Documentos/airflow/venv/lib/python3.10/site-packages/airflow/example_dags/example_nested_branch_dag.py
[2024-11-05 15:35:36,422] {processor.py:651} INFO - DAG(s) dict_keys(['example_nested_branch_dag']) retrieved from /home/paula/Documentos/airflow/venv/lib/python3.10/site-packages/airflow/example_dags/example_nested_branch_dag.py
[2024-11-05 15:35:36,444] {logging_mixin.py:115} INFO - [2024-11-05 15:35:36,444] {dag.py:2379} INFO - Sync 1 DAGs
[2024-11-05 15:35:36,464] {logging_mixin.py:115} INFO - [2024-11-05 15:35:36,464] {dag.py:2927} INFO - Setting next_dagrun for example_nested_branch_dag to 2024-11-04T00:00:00+00:00, run_after=2024-11-05T00:00:00+00:00
[2024-11-05 15:35:36,545] {processor.py:161} INFO - Processing /home/paula/Documentos/airflow/venv/lib/python3.10/site-packages/airflow/example_dags/example_nested_branch_dag.py took 0.163 seconds
[2024-11-05 15:39:50,299] {processor.py:153} INFO - Started process (PID=1065878) to work on /home/paula/Documentos/airflow/venv/lib/python3.10/site-packages/airflow/example_dags/example_nested_branch_dag.py
[2024-11-05 15:39:50,321] {processor.py:641} INFO - Processing file /home/paula/Documentos/airflow/venv/lib/python3.10/site-packages/airflow/example_dags/example_nested_branch_dag.py for tasks to queue
[2024-11-05 15:39:50,322] {logging_mixin.py:115} INFO - [2024-11-05 15:39:50,322] {dagbag.py:507} INFO - Filling up the DagBag from /home/paula/Documentos/airflow/venv/lib/python3.10/site-packages/airflow/example_dags/example_nested_branch_dag.py
[2024-11-05 15:39:50,340] {processor.py:651} INFO - DAG(s) dict_keys(['example_nested_branch_dag']) retrieved from /home/paula/Documentos/airflow/venv/lib/python3.10/site-packages/airflow/example_dags/example_nested_branch_dag.py
[2024-11-05 15:39:50,363] {logging_mixin.py:115} INFO - [2024-11-05 15:39:50,363] {dag.py:2379} INFO - Sync 1 DAGs
[2024-11-05 15:39:50,394] {logging_mixin.py:115} INFO - [2024-11-05 15:39:50,393] {dag.py:2927} INFO - Setting next_dagrun for example_nested_branch_dag to 2024-11-04T00:00:00+00:00, run_after=2024-11-05T00:00:00+00:00
[2024-11-05 15:39:50,510] {processor.py:161} INFO - Processing /home/paula/Documentos/airflow/venv/lib/python3.10/site-packages/airflow/example_dags/example_nested_branch_dag.py took 0.215 seconds
[2024-11-05 15:40:35,915] {processor.py:153} INFO - Started process (PID=1066228) to work on /home/paula/Documentos/airflow/venv/lib/python3.10/site-packages/airflow/example_dags/example_nested_branch_dag.py
[2024-11-05 15:40:35,927] {processor.py:641} INFO - Processing file /home/paula/Documentos/airflow/venv/lib/python3.10/site-packages/airflow/example_dags/example_nested_branch_dag.py for tasks to queue
[2024-11-05 15:40:35,927] {logging_mixin.py:115} INFO - [2024-11-05 15:40:35,927] {dagbag.py:507} INFO - Filling up the DagBag from /home/paula/Documentos/airflow/venv/lib/python3.10/site-packages/airflow/example_dags/example_nested_branch_dag.py
[2024-11-05 15:40:35,941] {processor.py:651} INFO - DAG(s) dict_keys(['example_nested_branch_dag']) retrieved from /home/paula/Documentos/airflow/venv/lib/python3.10/site-packages/airflow/example_dags/example_nested_branch_dag.py
[2024-11-05 15:40:35,968] {logging_mixin.py:115} INFO - [2024-11-05 15:40:35,967] {dag.py:2379} INFO - Sync 1 DAGs
[2024-11-05 15:40:35,993] {logging_mixin.py:115} INFO - [2024-11-05 15:40:35,993] {dag.py:2927} INFO - Setting next_dagrun for example_nested_branch_dag to 2024-11-04T00:00:00+00:00, run_after=2024-11-05T00:00:00+00:00
[2024-11-05 15:40:36,092] {processor.py:161} INFO - Processing /home/paula/Documentos/airflow/venv/lib/python3.10/site-packages/airflow/example_dags/example_nested_branch_dag.py took 0.179 seconds
