[2024-11-05 15:08:11,561] {processor.py:153} INFO - Started process (PID=1053457) to work on /home/paula/Documentos/airflow/venv/lib/python3.10/site-packages/airflow/example_dags/example_branch_python_dop_operator_3.py
[2024-11-05 15:08:11,561] {processor.py:641} INFO - Processing file /home/paula/Documentos/airflow/venv/lib/python3.10/site-packages/airflow/example_dags/example_branch_python_dop_operator_3.py for tasks to queue
[2024-11-05 15:08:11,562] {logging_mixin.py:115} INFO - [2024-11-05 15:08:11,561] {dagbag.py:507} INFO - Filling up the DagBag from /home/paula/Documentos/airflow/venv/lib/python3.10/site-packages/airflow/example_dags/example_branch_python_dop_operator_3.py
[2024-11-05 15:08:11,571] {processor.py:651} INFO - DAG(s) dict_keys(['example_branch_dop_operator_v3']) retrieved from /home/paula/Documentos/airflow/venv/lib/python3.10/site-packages/airflow/example_dags/example_branch_python_dop_operator_3.py
[2024-11-05 15:08:12,023] {logging_mixin.py:115} INFO - [2024-11-05 15:08:12,023] {manager.py:508} INFO - Created Permission View: can edit on DAG:example_branch_dop_operator_v3
[2024-11-05 15:08:12,180] {logging_mixin.py:115} INFO - [2024-11-05 15:08:12,180] {manager.py:508} INFO - Created Permission View: can read on DAG:example_branch_dop_operator_v3
[2024-11-05 15:08:12,393] {logging_mixin.py:115} INFO - [2024-11-05 15:08:12,393] {manager.py:508} INFO - Created Permission View: can delete on DAG:example_branch_dop_operator_v3
[2024-11-05 15:08:12,393] {logging_mixin.py:115} INFO - [2024-11-05 15:08:12,393] {dag.py:2379} INFO - Sync 1 DAGs
[2024-11-05 15:08:12,417] {logging_mixin.py:115} INFO - [2024-11-05 15:08:12,417] {dag.py:2398} INFO - Creating ORM DAG for example_branch_dop_operator_v3
[2024-11-05 15:08:12,460] {logging_mixin.py:115} INFO - [2024-11-05 15:08:12,460] {dag.py:2927} INFO - Setting next_dagrun for example_branch_dop_operator_v3 to 2024-11-05T18:07:00+00:00, run_after=2024-11-05T18:08:00+00:00
[2024-11-05 15:08:12,670] {processor.py:161} INFO - Processing /home/paula/Documentos/airflow/venv/lib/python3.10/site-packages/airflow/example_dags/example_branch_python_dop_operator_3.py took 1.114 seconds
[2024-11-05 15:09:05,901] {processor.py:153} INFO - Started process (PID=1053790) to work on /home/paula/Documentos/airflow/venv/lib/python3.10/site-packages/airflow/example_dags/example_branch_python_dop_operator_3.py
[2024-11-05 15:09:05,906] {processor.py:641} INFO - Processing file /home/paula/Documentos/airflow/venv/lib/python3.10/site-packages/airflow/example_dags/example_branch_python_dop_operator_3.py for tasks to queue
[2024-11-05 15:09:05,907] {logging_mixin.py:115} INFO - [2024-11-05 15:09:05,907] {dagbag.py:507} INFO - Filling up the DagBag from /home/paula/Documentos/airflow/venv/lib/python3.10/site-packages/airflow/example_dags/example_branch_python_dop_operator_3.py
[2024-11-05 15:09:05,920] {processor.py:651} INFO - DAG(s) dict_keys(['example_branch_dop_operator_v3']) retrieved from /home/paula/Documentos/airflow/venv/lib/python3.10/site-packages/airflow/example_dags/example_branch_python_dop_operator_3.py
[2024-11-05 15:09:05,935] {logging_mixin.py:115} INFO - [2024-11-05 15:09:05,935] {dag.py:2379} INFO - Sync 1 DAGs
[2024-11-05 15:09:05,957] {logging_mixin.py:115} INFO - [2024-11-05 15:09:05,957] {dag.py:2927} INFO - Setting next_dagrun for example_branch_dop_operator_v3 to 2024-11-05T18:08:00+00:00, run_after=2024-11-05T18:09:00+00:00
[2024-11-05 15:09:06,119] {processor.py:161} INFO - Processing /home/paula/Documentos/airflow/venv/lib/python3.10/site-packages/airflow/example_dags/example_branch_python_dop_operator_3.py took 0.220 seconds
[2024-11-05 15:09:47,564] {processor.py:153} INFO - Started process (PID=1054002) to work on /home/paula/Documentos/airflow/venv/lib/python3.10/site-packages/airflow/example_dags/example_branch_python_dop_operator_3.py
[2024-11-05 15:09:47,589] {processor.py:641} INFO - Processing file /home/paula/Documentos/airflow/venv/lib/python3.10/site-packages/airflow/example_dags/example_branch_python_dop_operator_3.py for tasks to queue
[2024-11-05 15:09:47,590] {logging_mixin.py:115} INFO - [2024-11-05 15:09:47,590] {dagbag.py:507} INFO - Filling up the DagBag from /home/paula/Documentos/airflow/venv/lib/python3.10/site-packages/airflow/example_dags/example_branch_python_dop_operator_3.py
[2024-11-05 15:09:47,602] {processor.py:651} INFO - DAG(s) dict_keys(['example_branch_dop_operator_v3']) retrieved from /home/paula/Documentos/airflow/venv/lib/python3.10/site-packages/airflow/example_dags/example_branch_python_dop_operator_3.py
[2024-11-05 15:09:47,620] {logging_mixin.py:115} INFO - [2024-11-05 15:09:47,620] {dag.py:2379} INFO - Sync 1 DAGs
[2024-11-05 15:09:47,643] {logging_mixin.py:115} INFO - [2024-11-05 15:09:47,642] {dag.py:2927} INFO - Setting next_dagrun for example_branch_dop_operator_v3 to 2024-11-05T18:08:00+00:00, run_after=2024-11-05T18:09:00+00:00
[2024-11-05 15:09:47,921] {processor.py:161} INFO - Processing /home/paula/Documentos/airflow/venv/lib/python3.10/site-packages/airflow/example_dags/example_branch_python_dop_operator_3.py took 0.361 seconds
[2024-11-05 15:10:38,457] {processor.py:153} INFO - Started process (PID=1054517) to work on /home/paula/Documentos/airflow/venv/lib/python3.10/site-packages/airflow/example_dags/example_branch_python_dop_operator_3.py
[2024-11-05 15:10:38,468] {processor.py:641} INFO - Processing file /home/paula/Documentos/airflow/venv/lib/python3.10/site-packages/airflow/example_dags/example_branch_python_dop_operator_3.py for tasks to queue
[2024-11-05 15:10:38,468] {logging_mixin.py:115} INFO - [2024-11-05 15:10:38,468] {dagbag.py:507} INFO - Filling up the DagBag from /home/paula/Documentos/airflow/venv/lib/python3.10/site-packages/airflow/example_dags/example_branch_python_dop_operator_3.py
[2024-11-05 15:10:38,479] {processor.py:651} INFO - DAG(s) dict_keys(['example_branch_dop_operator_v3']) retrieved from /home/paula/Documentos/airflow/venv/lib/python3.10/site-packages/airflow/example_dags/example_branch_python_dop_operator_3.py
[2024-11-05 15:10:38,496] {logging_mixin.py:115} INFO - [2024-11-05 15:10:38,496] {dag.py:2379} INFO - Sync 1 DAGs
[2024-11-05 15:10:38,517] {logging_mixin.py:115} INFO - [2024-11-05 15:10:38,516] {dag.py:2927} INFO - Setting next_dagrun for example_branch_dop_operator_v3 to 2024-11-05T18:09:00+00:00, run_after=2024-11-05T18:10:00+00:00
[2024-11-05 15:10:38,752] {processor.py:161} INFO - Processing /home/paula/Documentos/airflow/venv/lib/python3.10/site-packages/airflow/example_dags/example_branch_python_dop_operator_3.py took 0.299 seconds
[2024-11-05 15:11:30,116] {processor.py:153} INFO - Started process (PID=1054772) to work on /home/paula/Documentos/airflow/venv/lib/python3.10/site-packages/airflow/example_dags/example_branch_python_dop_operator_3.py
[2024-11-05 15:11:30,176] {processor.py:641} INFO - Processing file /home/paula/Documentos/airflow/venv/lib/python3.10/site-packages/airflow/example_dags/example_branch_python_dop_operator_3.py for tasks to queue
[2024-11-05 15:11:30,177] {logging_mixin.py:115} INFO - [2024-11-05 15:11:30,177] {dagbag.py:507} INFO - Filling up the DagBag from /home/paula/Documentos/airflow/venv/lib/python3.10/site-packages/airflow/example_dags/example_branch_python_dop_operator_3.py
[2024-11-05 15:11:30,190] {processor.py:651} INFO - DAG(s) dict_keys(['example_branch_dop_operator_v3']) retrieved from /home/paula/Documentos/airflow/venv/lib/python3.10/site-packages/airflow/example_dags/example_branch_python_dop_operator_3.py
[2024-11-05 15:11:30,211] {logging_mixin.py:115} INFO - [2024-11-05 15:11:30,211] {dag.py:2379} INFO - Sync 1 DAGs
[2024-11-05 15:11:30,238] {logging_mixin.py:115} INFO - [2024-11-05 15:11:30,238] {dag.py:2927} INFO - Setting next_dagrun for example_branch_dop_operator_v3 to 2024-11-05T18:10:00+00:00, run_after=2024-11-05T18:11:00+00:00
[2024-11-05 15:11:30,485] {processor.py:161} INFO - Processing /home/paula/Documentos/airflow/venv/lib/python3.10/site-packages/airflow/example_dags/example_branch_python_dop_operator_3.py took 0.373 seconds
[2024-11-05 15:12:20,182] {processor.py:153} INFO - Started process (PID=1055100) to work on /home/paula/Documentos/airflow/venv/lib/python3.10/site-packages/airflow/example_dags/example_branch_python_dop_operator_3.py
[2024-11-05 15:12:20,202] {processor.py:641} INFO - Processing file /home/paula/Documentos/airflow/venv/lib/python3.10/site-packages/airflow/example_dags/example_branch_python_dop_operator_3.py for tasks to queue
[2024-11-05 15:12:20,203] {logging_mixin.py:115} INFO - [2024-11-05 15:12:20,203] {dagbag.py:507} INFO - Filling up the DagBag from /home/paula/Documentos/airflow/venv/lib/python3.10/site-packages/airflow/example_dags/example_branch_python_dop_operator_3.py
[2024-11-05 15:12:20,214] {processor.py:651} INFO - DAG(s) dict_keys(['example_branch_dop_operator_v3']) retrieved from /home/paula/Documentos/airflow/venv/lib/python3.10/site-packages/airflow/example_dags/example_branch_python_dop_operator_3.py
[2024-11-05 15:12:20,229] {logging_mixin.py:115} INFO - [2024-11-05 15:12:20,229] {dag.py:2379} INFO - Sync 1 DAGs
[2024-11-05 15:12:20,254] {logging_mixin.py:115} INFO - [2024-11-05 15:12:20,254] {dag.py:2927} INFO - Setting next_dagrun for example_branch_dop_operator_v3 to 2024-11-05T18:11:00+00:00, run_after=2024-11-05T18:12:00+00:00
[2024-11-05 15:12:20,510] {processor.py:161} INFO - Processing /home/paula/Documentos/airflow/venv/lib/python3.10/site-packages/airflow/example_dags/example_branch_python_dop_operator_3.py took 0.332 seconds
[2024-11-05 15:13:10,942] {processor.py:153} INFO - Started process (PID=1055407) to work on /home/paula/Documentos/airflow/venv/lib/python3.10/site-packages/airflow/example_dags/example_branch_python_dop_operator_3.py
[2024-11-05 15:13:11,002] {processor.py:641} INFO - Processing file /home/paula/Documentos/airflow/venv/lib/python3.10/site-packages/airflow/example_dags/example_branch_python_dop_operator_3.py for tasks to queue
[2024-11-05 15:13:11,002] {logging_mixin.py:115} INFO - [2024-11-05 15:13:11,002] {dagbag.py:507} INFO - Filling up the DagBag from /home/paula/Documentos/airflow/venv/lib/python3.10/site-packages/airflow/example_dags/example_branch_python_dop_operator_3.py
[2024-11-05 15:13:11,013] {processor.py:651} INFO - DAG(s) dict_keys(['example_branch_dop_operator_v3']) retrieved from /home/paula/Documentos/airflow/venv/lib/python3.10/site-packages/airflow/example_dags/example_branch_python_dop_operator_3.py
[2024-11-05 15:13:11,035] {logging_mixin.py:115} INFO - [2024-11-05 15:13:11,035] {dag.py:2379} INFO - Sync 1 DAGs
[2024-11-05 15:13:11,063] {logging_mixin.py:115} INFO - [2024-11-05 15:13:11,063] {dag.py:2927} INFO - Setting next_dagrun for example_branch_dop_operator_v3 to 2024-11-05T18:12:00+00:00, run_after=2024-11-05T18:13:00+00:00
[2024-11-05 15:13:11,206] {processor.py:161} INFO - Processing /home/paula/Documentos/airflow/venv/lib/python3.10/site-packages/airflow/example_dags/example_branch_python_dop_operator_3.py took 0.267 seconds
[2024-11-05 15:14:04,430] {processor.py:153} INFO - Started process (PID=1055707) to work on /home/paula/Documentos/airflow/venv/lib/python3.10/site-packages/airflow/example_dags/example_branch_python_dop_operator_3.py
[2024-11-05 15:14:04,431] {processor.py:641} INFO - Processing file /home/paula/Documentos/airflow/venv/lib/python3.10/site-packages/airflow/example_dags/example_branch_python_dop_operator_3.py for tasks to queue
[2024-11-05 15:14:04,432] {logging_mixin.py:115} INFO - [2024-11-05 15:14:04,432] {dagbag.py:507} INFO - Filling up the DagBag from /home/paula/Documentos/airflow/venv/lib/python3.10/site-packages/airflow/example_dags/example_branch_python_dop_operator_3.py
[2024-11-05 15:14:04,443] {processor.py:651} INFO - DAG(s) dict_keys(['example_branch_dop_operator_v3']) retrieved from /home/paula/Documentos/airflow/venv/lib/python3.10/site-packages/airflow/example_dags/example_branch_python_dop_operator_3.py
[2024-11-05 15:14:04,466] {logging_mixin.py:115} INFO - [2024-11-05 15:14:04,466] {dag.py:2379} INFO - Sync 1 DAGs
[2024-11-05 15:14:04,492] {logging_mixin.py:115} INFO - [2024-11-05 15:14:04,492] {dag.py:2927} INFO - Setting next_dagrun for example_branch_dop_operator_v3 to 2024-11-05T18:13:00+00:00, run_after=2024-11-05T18:14:00+00:00
[2024-11-05 15:14:04,662] {processor.py:161} INFO - Processing /home/paula/Documentos/airflow/venv/lib/python3.10/site-packages/airflow/example_dags/example_branch_python_dop_operator_3.py took 0.235 seconds
[2024-11-05 15:14:58,597] {processor.py:153} INFO - Started process (PID=1056033) to work on /home/paula/Documentos/airflow/venv/lib/python3.10/site-packages/airflow/example_dags/example_branch_python_dop_operator_3.py
[2024-11-05 15:14:58,599] {processor.py:641} INFO - Processing file /home/paula/Documentos/airflow/venv/lib/python3.10/site-packages/airflow/example_dags/example_branch_python_dop_operator_3.py for tasks to queue
[2024-11-05 15:14:58,600] {logging_mixin.py:115} INFO - [2024-11-05 15:14:58,600] {dagbag.py:507} INFO - Filling up the DagBag from /home/paula/Documentos/airflow/venv/lib/python3.10/site-packages/airflow/example_dags/example_branch_python_dop_operator_3.py
[2024-11-05 15:14:58,621] {processor.py:651} INFO - DAG(s) dict_keys(['example_branch_dop_operator_v3']) retrieved from /home/paula/Documentos/airflow/venv/lib/python3.10/site-packages/airflow/example_dags/example_branch_python_dop_operator_3.py
[2024-11-05 15:14:58,639] {logging_mixin.py:115} INFO - [2024-11-05 15:14:58,639] {dag.py:2379} INFO - Sync 1 DAGs
[2024-11-05 15:14:58,667] {logging_mixin.py:115} INFO - [2024-11-05 15:14:58,667] {dag.py:2927} INFO - Setting next_dagrun for example_branch_dop_operator_v3 to 2024-11-05T18:13:00+00:00, run_after=2024-11-05T18:14:00+00:00
[2024-11-05 15:14:58,775] {processor.py:161} INFO - Processing /home/paula/Documentos/airflow/venv/lib/python3.10/site-packages/airflow/example_dags/example_branch_python_dop_operator_3.py took 0.185 seconds
[2024-11-05 15:15:37,350] {processor.py:153} INFO - Started process (PID=1056281) to work on /home/paula/Documentos/airflow/venv/lib/python3.10/site-packages/airflow/example_dags/example_branch_python_dop_operator_3.py
[2024-11-05 15:15:37,367] {processor.py:641} INFO - Processing file /home/paula/Documentos/airflow/venv/lib/python3.10/site-packages/airflow/example_dags/example_branch_python_dop_operator_3.py for tasks to queue
[2024-11-05 15:15:37,368] {logging_mixin.py:115} INFO - [2024-11-05 15:15:37,368] {dagbag.py:507} INFO - Filling up the DagBag from /home/paula/Documentos/airflow/venv/lib/python3.10/site-packages/airflow/example_dags/example_branch_python_dop_operator_3.py
[2024-11-05 15:15:37,383] {processor.py:651} INFO - DAG(s) dict_keys(['example_branch_dop_operator_v3']) retrieved from /home/paula/Documentos/airflow/venv/lib/python3.10/site-packages/airflow/example_dags/example_branch_python_dop_operator_3.py
[2024-11-05 15:15:37,402] {logging_mixin.py:115} INFO - [2024-11-05 15:15:37,402] {dag.py:2379} INFO - Sync 1 DAGs
[2024-11-05 15:15:37,432] {logging_mixin.py:115} INFO - [2024-11-05 15:15:37,431] {dag.py:2927} INFO - Setting next_dagrun for example_branch_dop_operator_v3 to 2024-11-05T18:14:00+00:00, run_after=2024-11-05T18:15:00+00:00
[2024-11-05 15:15:37,532] {processor.py:161} INFO - Processing /home/paula/Documentos/airflow/venv/lib/python3.10/site-packages/airflow/example_dags/example_branch_python_dop_operator_3.py took 0.186 seconds
[2024-11-05 15:16:17,205] {processor.py:153} INFO - Started process (PID=1056525) to work on /home/paula/Documentos/airflow/venv/lib/python3.10/site-packages/airflow/example_dags/example_branch_python_dop_operator_3.py
[2024-11-05 15:16:17,219] {processor.py:641} INFO - Processing file /home/paula/Documentos/airflow/venv/lib/python3.10/site-packages/airflow/example_dags/example_branch_python_dop_operator_3.py for tasks to queue
[2024-11-05 15:16:17,220] {logging_mixin.py:115} INFO - [2024-11-05 15:16:17,220] {dagbag.py:507} INFO - Filling up the DagBag from /home/paula/Documentos/airflow/venv/lib/python3.10/site-packages/airflow/example_dags/example_branch_python_dop_operator_3.py
[2024-11-05 15:16:17,240] {processor.py:651} INFO - DAG(s) dict_keys(['example_branch_dop_operator_v3']) retrieved from /home/paula/Documentos/airflow/venv/lib/python3.10/site-packages/airflow/example_dags/example_branch_python_dop_operator_3.py
[2024-11-05 15:16:17,269] {logging_mixin.py:115} INFO - [2024-11-05 15:16:17,269] {dag.py:2379} INFO - Sync 1 DAGs
[2024-11-05 15:16:17,313] {logging_mixin.py:115} INFO - [2024-11-05 15:16:17,312] {dag.py:2927} INFO - Setting next_dagrun for example_branch_dop_operator_v3 to 2024-11-05T18:15:00+00:00, run_after=2024-11-05T18:16:00+00:00
[2024-11-05 15:16:17,407] {processor.py:161} INFO - Processing /home/paula/Documentos/airflow/venv/lib/python3.10/site-packages/airflow/example_dags/example_branch_python_dop_operator_3.py took 0.205 seconds
[2024-11-05 15:17:05,117] {processor.py:153} INFO - Started process (PID=1056831) to work on /home/paula/Documentos/airflow/venv/lib/python3.10/site-packages/airflow/example_dags/example_branch_python_dop_operator_3.py
[2024-11-05 15:17:05,137] {processor.py:641} INFO - Processing file /home/paula/Documentos/airflow/venv/lib/python3.10/site-packages/airflow/example_dags/example_branch_python_dop_operator_3.py for tasks to queue
[2024-11-05 15:17:05,138] {logging_mixin.py:115} INFO - [2024-11-05 15:17:05,138] {dagbag.py:507} INFO - Filling up the DagBag from /home/paula/Documentos/airflow/venv/lib/python3.10/site-packages/airflow/example_dags/example_branch_python_dop_operator_3.py
[2024-11-05 15:17:05,154] {processor.py:651} INFO - DAG(s) dict_keys(['example_branch_dop_operator_v3']) retrieved from /home/paula/Documentos/airflow/venv/lib/python3.10/site-packages/airflow/example_dags/example_branch_python_dop_operator_3.py
[2024-11-05 15:17:05,172] {logging_mixin.py:115} INFO - [2024-11-05 15:17:05,172] {dag.py:2379} INFO - Sync 1 DAGs
[2024-11-05 15:17:05,198] {logging_mixin.py:115} INFO - [2024-11-05 15:17:05,198] {dag.py:2927} INFO - Setting next_dagrun for example_branch_dop_operator_v3 to 2024-11-05T18:16:00+00:00, run_after=2024-11-05T18:17:00+00:00
[2024-11-05 15:17:05,350] {processor.py:161} INFO - Processing /home/paula/Documentos/airflow/venv/lib/python3.10/site-packages/airflow/example_dags/example_branch_python_dop_operator_3.py took 0.237 seconds
[2024-11-05 15:17:52,628] {processor.py:153} INFO - Started process (PID=1057110) to work on /home/paula/Documentos/airflow/venv/lib/python3.10/site-packages/airflow/example_dags/example_branch_python_dop_operator_3.py
[2024-11-05 15:17:52,650] {processor.py:641} INFO - Processing file /home/paula/Documentos/airflow/venv/lib/python3.10/site-packages/airflow/example_dags/example_branch_python_dop_operator_3.py for tasks to queue
[2024-11-05 15:17:52,651] {logging_mixin.py:115} INFO - [2024-11-05 15:17:52,651] {dagbag.py:507} INFO - Filling up the DagBag from /home/paula/Documentos/airflow/venv/lib/python3.10/site-packages/airflow/example_dags/example_branch_python_dop_operator_3.py
[2024-11-05 15:17:52,663] {processor.py:651} INFO - DAG(s) dict_keys(['example_branch_dop_operator_v3']) retrieved from /home/paula/Documentos/airflow/venv/lib/python3.10/site-packages/airflow/example_dags/example_branch_python_dop_operator_3.py
[2024-11-05 15:17:52,682] {logging_mixin.py:115} INFO - [2024-11-05 15:17:52,682] {dag.py:2379} INFO - Sync 1 DAGs
[2024-11-05 15:17:52,705] {logging_mixin.py:115} INFO - [2024-11-05 15:17:52,705] {dag.py:2927} INFO - Setting next_dagrun for example_branch_dop_operator_v3 to 2024-11-05T18:16:00+00:00, run_after=2024-11-05T18:17:00+00:00
[2024-11-05 15:17:52,833] {processor.py:161} INFO - Processing /home/paula/Documentos/airflow/venv/lib/python3.10/site-packages/airflow/example_dags/example_branch_python_dop_operator_3.py took 0.208 seconds
[2024-11-05 15:18:39,629] {processor.py:153} INFO - Started process (PID=1057407) to work on /home/paula/Documentos/airflow/venv/lib/python3.10/site-packages/airflow/example_dags/example_branch_python_dop_operator_3.py
[2024-11-05 15:18:39,638] {processor.py:641} INFO - Processing file /home/paula/Documentos/airflow/venv/lib/python3.10/site-packages/airflow/example_dags/example_branch_python_dop_operator_3.py for tasks to queue
[2024-11-05 15:18:39,639] {logging_mixin.py:115} INFO - [2024-11-05 15:18:39,639] {dagbag.py:507} INFO - Filling up the DagBag from /home/paula/Documentos/airflow/venv/lib/python3.10/site-packages/airflow/example_dags/example_branch_python_dop_operator_3.py
[2024-11-05 15:18:39,655] {processor.py:651} INFO - DAG(s) dict_keys(['example_branch_dop_operator_v3']) retrieved from /home/paula/Documentos/airflow/venv/lib/python3.10/site-packages/airflow/example_dags/example_branch_python_dop_operator_3.py
[2024-11-05 15:18:39,670] {logging_mixin.py:115} INFO - [2024-11-05 15:18:39,670] {dag.py:2379} INFO - Sync 1 DAGs
[2024-11-05 15:18:39,693] {logging_mixin.py:115} INFO - [2024-11-05 15:18:39,693] {dag.py:2927} INFO - Setting next_dagrun for example_branch_dop_operator_v3 to 2024-11-05T18:17:00+00:00, run_after=2024-11-05T18:18:00+00:00
[2024-11-05 15:18:39,812] {processor.py:161} INFO - Processing /home/paula/Documentos/airflow/venv/lib/python3.10/site-packages/airflow/example_dags/example_branch_python_dop_operator_3.py took 0.185 seconds
[2024-11-05 15:19:23,456] {processor.py:153} INFO - Started process (PID=1057665) to work on /home/paula/Documentos/airflow/venv/lib/python3.10/site-packages/airflow/example_dags/example_branch_python_dop_operator_3.py
[2024-11-05 15:19:23,474] {processor.py:641} INFO - Processing file /home/paula/Documentos/airflow/venv/lib/python3.10/site-packages/airflow/example_dags/example_branch_python_dop_operator_3.py for tasks to queue
[2024-11-05 15:19:23,475] {logging_mixin.py:115} INFO - [2024-11-05 15:19:23,475] {dagbag.py:507} INFO - Filling up the DagBag from /home/paula/Documentos/airflow/venv/lib/python3.10/site-packages/airflow/example_dags/example_branch_python_dop_operator_3.py
[2024-11-05 15:19:23,488] {processor.py:651} INFO - DAG(s) dict_keys(['example_branch_dop_operator_v3']) retrieved from /home/paula/Documentos/airflow/venv/lib/python3.10/site-packages/airflow/example_dags/example_branch_python_dop_operator_3.py
[2024-11-05 15:19:23,502] {logging_mixin.py:115} INFO - [2024-11-05 15:19:23,502] {dag.py:2379} INFO - Sync 1 DAGs
[2024-11-05 15:19:23,525] {logging_mixin.py:115} INFO - [2024-11-05 15:19:23,525] {dag.py:2927} INFO - Setting next_dagrun for example_branch_dop_operator_v3 to 2024-11-05T18:18:00+00:00, run_after=2024-11-05T18:19:00+00:00
[2024-11-05 15:19:23,626] {processor.py:161} INFO - Processing /home/paula/Documentos/airflow/venv/lib/python3.10/site-packages/airflow/example_dags/example_branch_python_dop_operator_3.py took 0.174 seconds
[2024-11-05 15:20:09,841] {processor.py:153} INFO - Started process (PID=1057982) to work on /home/paula/Documentos/airflow/venv/lib/python3.10/site-packages/airflow/example_dags/example_branch_python_dop_operator_3.py
[2024-11-05 15:20:09,842] {processor.py:641} INFO - Processing file /home/paula/Documentos/airflow/venv/lib/python3.10/site-packages/airflow/example_dags/example_branch_python_dop_operator_3.py for tasks to queue
[2024-11-05 15:20:09,842] {logging_mixin.py:115} INFO - [2024-11-05 15:20:09,842] {dagbag.py:507} INFO - Filling up the DagBag from /home/paula/Documentos/airflow/venv/lib/python3.10/site-packages/airflow/example_dags/example_branch_python_dop_operator_3.py
[2024-11-05 15:20:09,854] {processor.py:651} INFO - DAG(s) dict_keys(['example_branch_dop_operator_v3']) retrieved from /home/paula/Documentos/airflow/venv/lib/python3.10/site-packages/airflow/example_dags/example_branch_python_dop_operator_3.py
[2024-11-05 15:20:09,871] {logging_mixin.py:115} INFO - [2024-11-05 15:20:09,871] {dag.py:2379} INFO - Sync 1 DAGs
[2024-11-05 15:20:09,897] {logging_mixin.py:115} INFO - [2024-11-05 15:20:09,896] {dag.py:2927} INFO - Setting next_dagrun for example_branch_dop_operator_v3 to 2024-11-05T18:19:00+00:00, run_after=2024-11-05T18:20:00+00:00
[2024-11-05 15:20:09,978] {processor.py:161} INFO - Processing /home/paula/Documentos/airflow/venv/lib/python3.10/site-packages/airflow/example_dags/example_branch_python_dop_operator_3.py took 0.140 seconds
[2024-11-05 15:21:39,300] {processor.py:153} INFO - Started process (PID=1058555) to work on /home/paula/Documentos/airflow/venv/lib/python3.10/site-packages/airflow/example_dags/example_branch_python_dop_operator_3.py
[2024-11-05 15:21:39,301] {processor.py:641} INFO - Processing file /home/paula/Documentos/airflow/venv/lib/python3.10/site-packages/airflow/example_dags/example_branch_python_dop_operator_3.py for tasks to queue
[2024-11-05 15:21:39,302] {logging_mixin.py:115} INFO - [2024-11-05 15:21:39,302] {dagbag.py:507} INFO - Filling up the DagBag from /home/paula/Documentos/airflow/venv/lib/python3.10/site-packages/airflow/example_dags/example_branch_python_dop_operator_3.py
[2024-11-05 15:21:39,314] {processor.py:651} INFO - DAG(s) dict_keys(['example_branch_dop_operator_v3']) retrieved from /home/paula/Documentos/airflow/venv/lib/python3.10/site-packages/airflow/example_dags/example_branch_python_dop_operator_3.py
[2024-11-05 15:21:39,330] {logging_mixin.py:115} INFO - [2024-11-05 15:21:39,329] {dag.py:2379} INFO - Sync 1 DAGs
[2024-11-05 15:21:39,358] {logging_mixin.py:115} INFO - [2024-11-05 15:21:39,358] {dag.py:2927} INFO - Setting next_dagrun for example_branch_dop_operator_v3 to 2024-11-05T18:20:00+00:00, run_after=2024-11-05T18:21:00+00:00
[2024-11-05 15:21:39,469] {processor.py:161} INFO - Processing /home/paula/Documentos/airflow/venv/lib/python3.10/site-packages/airflow/example_dags/example_branch_python_dop_operator_3.py took 0.173 seconds
[2024-11-05 15:22:21,377] {processor.py:153} INFO - Started process (PID=1058820) to work on /home/paula/Documentos/airflow/venv/lib/python3.10/site-packages/airflow/example_dags/example_branch_python_dop_operator_3.py
[2024-11-05 15:22:21,402] {processor.py:641} INFO - Processing file /home/paula/Documentos/airflow/venv/lib/python3.10/site-packages/airflow/example_dags/example_branch_python_dop_operator_3.py for tasks to queue
[2024-11-05 15:22:21,402] {logging_mixin.py:115} INFO - [2024-11-05 15:22:21,402] {dagbag.py:507} INFO - Filling up the DagBag from /home/paula/Documentos/airflow/venv/lib/python3.10/site-packages/airflow/example_dags/example_branch_python_dop_operator_3.py
[2024-11-05 15:22:21,416] {processor.py:651} INFO - DAG(s) dict_keys(['example_branch_dop_operator_v3']) retrieved from /home/paula/Documentos/airflow/venv/lib/python3.10/site-packages/airflow/example_dags/example_branch_python_dop_operator_3.py
[2024-11-05 15:22:21,435] {logging_mixin.py:115} INFO - [2024-11-05 15:22:21,435] {dag.py:2379} INFO - Sync 1 DAGs
[2024-11-05 15:22:21,459] {logging_mixin.py:115} INFO - [2024-11-05 15:22:21,459] {dag.py:2927} INFO - Setting next_dagrun for example_branch_dop_operator_v3 to 2024-11-05T18:21:00+00:00, run_after=2024-11-05T18:22:00+00:00
[2024-11-05 15:22:21,570] {processor.py:161} INFO - Processing /home/paula/Documentos/airflow/venv/lib/python3.10/site-packages/airflow/example_dags/example_branch_python_dop_operator_3.py took 0.197 seconds
[2024-11-05 15:23:05,924] {processor.py:153} INFO - Started process (PID=1059100) to work on /home/paula/Documentos/airflow/venv/lib/python3.10/site-packages/airflow/example_dags/example_branch_python_dop_operator_3.py
[2024-11-05 15:23:05,926] {processor.py:641} INFO - Processing file /home/paula/Documentos/airflow/venv/lib/python3.10/site-packages/airflow/example_dags/example_branch_python_dop_operator_3.py for tasks to queue
[2024-11-05 15:23:05,927] {logging_mixin.py:115} INFO - [2024-11-05 15:23:05,927] {dagbag.py:507} INFO - Filling up the DagBag from /home/paula/Documentos/airflow/venv/lib/python3.10/site-packages/airflow/example_dags/example_branch_python_dop_operator_3.py
[2024-11-05 15:23:05,939] {processor.py:651} INFO - DAG(s) dict_keys(['example_branch_dop_operator_v3']) retrieved from /home/paula/Documentos/airflow/venv/lib/python3.10/site-packages/airflow/example_dags/example_branch_python_dop_operator_3.py
[2024-11-05 15:23:05,954] {logging_mixin.py:115} INFO - [2024-11-05 15:23:05,954] {dag.py:2379} INFO - Sync 1 DAGs
[2024-11-05 15:23:05,979] {logging_mixin.py:115} INFO - [2024-11-05 15:23:05,979] {dag.py:2927} INFO - Setting next_dagrun for example_branch_dop_operator_v3 to 2024-11-05T18:22:00+00:00, run_after=2024-11-05T18:23:00+00:00
[2024-11-05 15:23:06,093] {processor.py:161} INFO - Processing /home/paula/Documentos/airflow/venv/lib/python3.10/site-packages/airflow/example_dags/example_branch_python_dop_operator_3.py took 0.174 seconds
[2024-11-05 15:23:53,798] {processor.py:153} INFO - Started process (PID=1059404) to work on /home/paula/Documentos/airflow/venv/lib/python3.10/site-packages/airflow/example_dags/example_branch_python_dop_operator_3.py
[2024-11-05 15:23:53,798] {processor.py:641} INFO - Processing file /home/paula/Documentos/airflow/venv/lib/python3.10/site-packages/airflow/example_dags/example_branch_python_dop_operator_3.py for tasks to queue
[2024-11-05 15:23:53,799] {logging_mixin.py:115} INFO - [2024-11-05 15:23:53,799] {dagbag.py:507} INFO - Filling up the DagBag from /home/paula/Documentos/airflow/venv/lib/python3.10/site-packages/airflow/example_dags/example_branch_python_dop_operator_3.py
[2024-11-05 15:23:53,814] {processor.py:651} INFO - DAG(s) dict_keys(['example_branch_dop_operator_v3']) retrieved from /home/paula/Documentos/airflow/venv/lib/python3.10/site-packages/airflow/example_dags/example_branch_python_dop_operator_3.py
[2024-11-05 15:23:53,834] {logging_mixin.py:115} INFO - [2024-11-05 15:23:53,834] {dag.py:2379} INFO - Sync 1 DAGs
[2024-11-05 15:23:53,860] {logging_mixin.py:115} INFO - [2024-11-05 15:23:53,860] {dag.py:2927} INFO - Setting next_dagrun for example_branch_dop_operator_v3 to 2024-11-05T18:22:00+00:00, run_after=2024-11-05T18:23:00+00:00
[2024-11-05 15:23:53,947] {processor.py:161} INFO - Processing /home/paula/Documentos/airflow/venv/lib/python3.10/site-packages/airflow/example_dags/example_branch_python_dop_operator_3.py took 0.154 seconds
[2024-11-05 15:24:39,769] {processor.py:153} INFO - Started process (PID=1059692) to work on /home/paula/Documentos/airflow/venv/lib/python3.10/site-packages/airflow/example_dags/example_branch_python_dop_operator_3.py
[2024-11-05 15:24:39,778] {processor.py:641} INFO - Processing file /home/paula/Documentos/airflow/venv/lib/python3.10/site-packages/airflow/example_dags/example_branch_python_dop_operator_3.py for tasks to queue
[2024-11-05 15:24:39,779] {logging_mixin.py:115} INFO - [2024-11-05 15:24:39,779] {dagbag.py:507} INFO - Filling up the DagBag from /home/paula/Documentos/airflow/venv/lib/python3.10/site-packages/airflow/example_dags/example_branch_python_dop_operator_3.py
[2024-11-05 15:24:39,791] {processor.py:651} INFO - DAG(s) dict_keys(['example_branch_dop_operator_v3']) retrieved from /home/paula/Documentos/airflow/venv/lib/python3.10/site-packages/airflow/example_dags/example_branch_python_dop_operator_3.py
[2024-11-05 15:24:39,806] {logging_mixin.py:115} INFO - [2024-11-05 15:24:39,806] {dag.py:2379} INFO - Sync 1 DAGs
[2024-11-05 15:24:39,831] {logging_mixin.py:115} INFO - [2024-11-05 15:24:39,831] {dag.py:2927} INFO - Setting next_dagrun for example_branch_dop_operator_v3 to 2024-11-05T18:23:00+00:00, run_after=2024-11-05T18:24:00+00:00
[2024-11-05 15:24:39,964] {processor.py:161} INFO - Processing /home/paula/Documentos/airflow/venv/lib/python3.10/site-packages/airflow/example_dags/example_branch_python_dop_operator_3.py took 0.198 seconds
[2024-11-05 15:25:26,793] {processor.py:153} INFO - Started process (PID=1060077) to work on /home/paula/Documentos/airflow/venv/lib/python3.10/site-packages/airflow/example_dags/example_branch_python_dop_operator_3.py
[2024-11-05 15:25:26,794] {processor.py:641} INFO - Processing file /home/paula/Documentos/airflow/venv/lib/python3.10/site-packages/airflow/example_dags/example_branch_python_dop_operator_3.py for tasks to queue
[2024-11-05 15:25:26,795] {logging_mixin.py:115} INFO - [2024-11-05 15:25:26,795] {dagbag.py:507} INFO - Filling up the DagBag from /home/paula/Documentos/airflow/venv/lib/python3.10/site-packages/airflow/example_dags/example_branch_python_dop_operator_3.py
[2024-11-05 15:25:26,812] {processor.py:651} INFO - DAG(s) dict_keys(['example_branch_dop_operator_v3']) retrieved from /home/paula/Documentos/airflow/venv/lib/python3.10/site-packages/airflow/example_dags/example_branch_python_dop_operator_3.py
[2024-11-05 15:25:26,827] {logging_mixin.py:115} INFO - [2024-11-05 15:25:26,827] {dag.py:2379} INFO - Sync 1 DAGs
[2024-11-05 15:25:26,850] {logging_mixin.py:115} INFO - [2024-11-05 15:25:26,850] {dag.py:2927} INFO - Setting next_dagrun for example_branch_dop_operator_v3 to 2024-11-05T18:24:00+00:00, run_after=2024-11-05T18:25:00+00:00
[2024-11-05 15:25:26,948] {processor.py:161} INFO - Processing /home/paula/Documentos/airflow/venv/lib/python3.10/site-packages/airflow/example_dags/example_branch_python_dop_operator_3.py took 0.158 seconds
[2024-11-05 15:26:14,712] {processor.py:153} INFO - Started process (PID=1060358) to work on /home/paula/Documentos/airflow/venv/lib/python3.10/site-packages/airflow/example_dags/example_branch_python_dop_operator_3.py
[2024-11-05 15:26:14,727] {processor.py:641} INFO - Processing file /home/paula/Documentos/airflow/venv/lib/python3.10/site-packages/airflow/example_dags/example_branch_python_dop_operator_3.py for tasks to queue
[2024-11-05 15:26:14,728] {logging_mixin.py:115} INFO - [2024-11-05 15:26:14,728] {dagbag.py:507} INFO - Filling up the DagBag from /home/paula/Documentos/airflow/venv/lib/python3.10/site-packages/airflow/example_dags/example_branch_python_dop_operator_3.py
[2024-11-05 15:26:14,743] {processor.py:651} INFO - DAG(s) dict_keys(['example_branch_dop_operator_v3']) retrieved from /home/paula/Documentos/airflow/venv/lib/python3.10/site-packages/airflow/example_dags/example_branch_python_dop_operator_3.py
[2024-11-05 15:26:14,761] {logging_mixin.py:115} INFO - [2024-11-05 15:26:14,761] {dag.py:2379} INFO - Sync 1 DAGs
[2024-11-05 15:26:14,793] {logging_mixin.py:115} INFO - [2024-11-05 15:26:14,793] {dag.py:2927} INFO - Setting next_dagrun for example_branch_dop_operator_v3 to 2024-11-05T18:25:00+00:00, run_after=2024-11-05T18:26:00+00:00
[2024-11-05 15:26:14,877] {processor.py:161} INFO - Processing /home/paula/Documentos/airflow/venv/lib/python3.10/site-packages/airflow/example_dags/example_branch_python_dop_operator_3.py took 0.168 seconds
[2024-11-05 15:29:06,534] {processor.py:153} INFO - Started process (PID=1061408) to work on /home/paula/Documentos/airflow/venv/lib/python3.10/site-packages/airflow/example_dags/example_branch_python_dop_operator_3.py
[2024-11-05 15:29:06,539] {processor.py:641} INFO - Processing file /home/paula/Documentos/airflow/venv/lib/python3.10/site-packages/airflow/example_dags/example_branch_python_dop_operator_3.py for tasks to queue
[2024-11-05 15:29:06,540] {logging_mixin.py:115} INFO - [2024-11-05 15:29:06,540] {dagbag.py:507} INFO - Filling up the DagBag from /home/paula/Documentos/airflow/venv/lib/python3.10/site-packages/airflow/example_dags/example_branch_python_dop_operator_3.py
[2024-11-05 15:29:06,548] {processor.py:651} INFO - DAG(s) dict_keys(['example_branch_dop_operator_v3']) retrieved from /home/paula/Documentos/airflow/venv/lib/python3.10/site-packages/airflow/example_dags/example_branch_python_dop_operator_3.py
[2024-11-05 15:29:06,565] {logging_mixin.py:115} INFO - [2024-11-05 15:29:06,565] {dag.py:2379} INFO - Sync 1 DAGs
[2024-11-05 15:29:06,591] {logging_mixin.py:115} INFO - [2024-11-05 15:29:06,591] {dag.py:2927} INFO - Setting next_dagrun for example_branch_dop_operator_v3 to 2024-11-05T18:28:00+00:00, run_after=2024-11-05T18:29:00+00:00
[2024-11-05 15:29:06,770] {processor.py:161} INFO - Processing /home/paula/Documentos/airflow/venv/lib/python3.10/site-packages/airflow/example_dags/example_branch_python_dop_operator_3.py took 0.240 seconds
[2024-11-05 15:29:52,234] {processor.py:153} INFO - Started process (PID=1061714) to work on /home/paula/Documentos/airflow/venv/lib/python3.10/site-packages/airflow/example_dags/example_branch_python_dop_operator_3.py
[2024-11-05 15:29:52,235] {processor.py:641} INFO - Processing file /home/paula/Documentos/airflow/venv/lib/python3.10/site-packages/airflow/example_dags/example_branch_python_dop_operator_3.py for tasks to queue
[2024-11-05 15:29:52,236] {logging_mixin.py:115} INFO - [2024-11-05 15:29:52,235] {dagbag.py:507} INFO - Filling up the DagBag from /home/paula/Documentos/airflow/venv/lib/python3.10/site-packages/airflow/example_dags/example_branch_python_dop_operator_3.py
[2024-11-05 15:29:52,248] {processor.py:651} INFO - DAG(s) dict_keys(['example_branch_dop_operator_v3']) retrieved from /home/paula/Documentos/airflow/venv/lib/python3.10/site-packages/airflow/example_dags/example_branch_python_dop_operator_3.py
[2024-11-05 15:29:52,264] {logging_mixin.py:115} INFO - [2024-11-05 15:29:52,264] {dag.py:2379} INFO - Sync 1 DAGs
[2024-11-05 15:29:52,297] {logging_mixin.py:115} INFO - [2024-11-05 15:29:52,297] {dag.py:2927} INFO - Setting next_dagrun for example_branch_dop_operator_v3 to 2024-11-05T18:28:00+00:00, run_after=2024-11-05T18:29:00+00:00
[2024-11-05 15:29:52,382] {processor.py:161} INFO - Processing /home/paula/Documentos/airflow/venv/lib/python3.10/site-packages/airflow/example_dags/example_branch_python_dop_operator_3.py took 0.151 seconds
[2024-11-05 15:30:34,302] {processor.py:153} INFO - Started process (PID=1061973) to work on /home/paula/Documentos/airflow/venv/lib/python3.10/site-packages/airflow/example_dags/example_branch_python_dop_operator_3.py
[2024-11-05 15:30:34,310] {processor.py:641} INFO - Processing file /home/paula/Documentos/airflow/venv/lib/python3.10/site-packages/airflow/example_dags/example_branch_python_dop_operator_3.py for tasks to queue
[2024-11-05 15:30:34,311] {logging_mixin.py:115} INFO - [2024-11-05 15:30:34,311] {dagbag.py:507} INFO - Filling up the DagBag from /home/paula/Documentos/airflow/venv/lib/python3.10/site-packages/airflow/example_dags/example_branch_python_dop_operator_3.py
[2024-11-05 15:30:34,327] {processor.py:651} INFO - DAG(s) dict_keys(['example_branch_dop_operator_v3']) retrieved from /home/paula/Documentos/airflow/venv/lib/python3.10/site-packages/airflow/example_dags/example_branch_python_dop_operator_3.py
[2024-11-05 15:30:34,346] {logging_mixin.py:115} INFO - [2024-11-05 15:30:34,346] {dag.py:2379} INFO - Sync 1 DAGs
[2024-11-05 15:30:34,371] {logging_mixin.py:115} INFO - [2024-11-05 15:30:34,371] {dag.py:2927} INFO - Setting next_dagrun for example_branch_dop_operator_v3 to 2024-11-05T18:29:00+00:00, run_after=2024-11-05T18:30:00+00:00
[2024-11-05 15:30:34,557] {processor.py:161} INFO - Processing /home/paula/Documentos/airflow/venv/lib/python3.10/site-packages/airflow/example_dags/example_branch_python_dop_operator_3.py took 0.260 seconds
[2024-11-05 15:31:19,147] {processor.py:153} INFO - Started process (PID=1062233) to work on /home/paula/Documentos/airflow/venv/lib/python3.10/site-packages/airflow/example_dags/example_branch_python_dop_operator_3.py
[2024-11-05 15:31:19,147] {processor.py:641} INFO - Processing file /home/paula/Documentos/airflow/venv/lib/python3.10/site-packages/airflow/example_dags/example_branch_python_dop_operator_3.py for tasks to queue
[2024-11-05 15:31:19,148] {logging_mixin.py:115} INFO - [2024-11-05 15:31:19,148] {dagbag.py:507} INFO - Filling up the DagBag from /home/paula/Documentos/airflow/venv/lib/python3.10/site-packages/airflow/example_dags/example_branch_python_dop_operator_3.py
[2024-11-05 15:31:19,159] {processor.py:651} INFO - DAG(s) dict_keys(['example_branch_dop_operator_v3']) retrieved from /home/paula/Documentos/airflow/venv/lib/python3.10/site-packages/airflow/example_dags/example_branch_python_dop_operator_3.py
[2024-11-05 15:31:19,173] {logging_mixin.py:115} INFO - [2024-11-05 15:31:19,173] {dag.py:2379} INFO - Sync 1 DAGs
[2024-11-05 15:31:19,195] {logging_mixin.py:115} INFO - [2024-11-05 15:31:19,195] {dag.py:2927} INFO - Setting next_dagrun for example_branch_dop_operator_v3 to 2024-11-05T18:30:00+00:00, run_after=2024-11-05T18:31:00+00:00
[2024-11-05 15:31:19,305] {processor.py:161} INFO - Processing /home/paula/Documentos/airflow/venv/lib/python3.10/site-packages/airflow/example_dags/example_branch_python_dop_operator_3.py took 0.162 seconds
[2024-11-05 15:32:53,333] {processor.py:153} INFO - Started process (PID=1062812) to work on /home/paula/Documentos/airflow/venv/lib/python3.10/site-packages/airflow/example_dags/example_branch_python_dop_operator_3.py
[2024-11-05 15:32:53,405] {processor.py:641} INFO - Processing file /home/paula/Documentos/airflow/venv/lib/python3.10/site-packages/airflow/example_dags/example_branch_python_dop_operator_3.py for tasks to queue
[2024-11-05 15:32:53,406] {logging_mixin.py:115} INFO - [2024-11-05 15:32:53,406] {dagbag.py:507} INFO - Filling up the DagBag from /home/paula/Documentos/airflow/venv/lib/python3.10/site-packages/airflow/example_dags/example_branch_python_dop_operator_3.py
[2024-11-05 15:32:53,418] {processor.py:651} INFO - DAG(s) dict_keys(['example_branch_dop_operator_v3']) retrieved from /home/paula/Documentos/airflow/venv/lib/python3.10/site-packages/airflow/example_dags/example_branch_python_dop_operator_3.py
[2024-11-05 15:32:53,433] {logging_mixin.py:115} INFO - [2024-11-05 15:32:53,433] {dag.py:2379} INFO - Sync 1 DAGs
[2024-11-05 15:32:53,457] {logging_mixin.py:115} INFO - [2024-11-05 15:32:53,457] {dag.py:2927} INFO - Setting next_dagrun for example_branch_dop_operator_v3 to 2024-11-05T18:31:00+00:00, run_after=2024-11-05T18:32:00+00:00
[2024-11-05 15:32:53,614] {processor.py:161} INFO - Processing /home/paula/Documentos/airflow/venv/lib/python3.10/site-packages/airflow/example_dags/example_branch_python_dop_operator_3.py took 0.284 seconds
[2024-11-05 15:33:38,078] {processor.py:153} INFO - Started process (PID=1063138) to work on /home/paula/Documentos/airflow/venv/lib/python3.10/site-packages/airflow/example_dags/example_branch_python_dop_operator_3.py
[2024-11-05 15:33:38,095] {processor.py:641} INFO - Processing file /home/paula/Documentos/airflow/venv/lib/python3.10/site-packages/airflow/example_dags/example_branch_python_dop_operator_3.py for tasks to queue
[2024-11-05 15:33:38,096] {logging_mixin.py:115} INFO - [2024-11-05 15:33:38,095] {dagbag.py:507} INFO - Filling up the DagBag from /home/paula/Documentos/airflow/venv/lib/python3.10/site-packages/airflow/example_dags/example_branch_python_dop_operator_3.py
[2024-11-05 15:33:38,110] {processor.py:651} INFO - DAG(s) dict_keys(['example_branch_dop_operator_v3']) retrieved from /home/paula/Documentos/airflow/venv/lib/python3.10/site-packages/airflow/example_dags/example_branch_python_dop_operator_3.py
[2024-11-05 15:33:38,129] {logging_mixin.py:115} INFO - [2024-11-05 15:33:38,129] {dag.py:2379} INFO - Sync 1 DAGs
[2024-11-05 15:33:38,177] {logging_mixin.py:115} INFO - [2024-11-05 15:33:38,177] {dag.py:2927} INFO - Setting next_dagrun for example_branch_dop_operator_v3 to 2024-11-05T18:32:00+00:00, run_after=2024-11-05T18:33:00+00:00
[2024-11-05 15:33:38,468] {processor.py:161} INFO - Processing /home/paula/Documentos/airflow/venv/lib/python3.10/site-packages/airflow/example_dags/example_branch_python_dop_operator_3.py took 0.393 seconds
[2024-11-05 15:34:23,708] {processor.py:153} INFO - Started process (PID=1063486) to work on /home/paula/Documentos/airflow/venv/lib/python3.10/site-packages/airflow/example_dags/example_branch_python_dop_operator_3.py
[2024-11-05 15:34:23,714] {processor.py:641} INFO - Processing file /home/paula/Documentos/airflow/venv/lib/python3.10/site-packages/airflow/example_dags/example_branch_python_dop_operator_3.py for tasks to queue
[2024-11-05 15:34:23,715] {logging_mixin.py:115} INFO - [2024-11-05 15:34:23,715] {dagbag.py:507} INFO - Filling up the DagBag from /home/paula/Documentos/airflow/venv/lib/python3.10/site-packages/airflow/example_dags/example_branch_python_dop_operator_3.py
[2024-11-05 15:34:23,728] {processor.py:651} INFO - DAG(s) dict_keys(['example_branch_dop_operator_v3']) retrieved from /home/paula/Documentos/airflow/venv/lib/python3.10/site-packages/airflow/example_dags/example_branch_python_dop_operator_3.py
[2024-11-05 15:34:23,745] {logging_mixin.py:115} INFO - [2024-11-05 15:34:23,745] {dag.py:2379} INFO - Sync 1 DAGs
[2024-11-05 15:34:23,770] {logging_mixin.py:115} INFO - [2024-11-05 15:34:23,770] {dag.py:2927} INFO - Setting next_dagrun for example_branch_dop_operator_v3 to 2024-11-05T18:33:00+00:00, run_after=2024-11-05T18:34:00+00:00
[2024-11-05 15:34:24,277] {processor.py:161} INFO - Processing /home/paula/Documentos/airflow/venv/lib/python3.10/site-packages/airflow/example_dags/example_branch_python_dop_operator_3.py took 0.572 seconds
[2024-11-05 15:35:08,699] {processor.py:153} INFO - Started process (PID=1063833) to work on /home/paula/Documentos/airflow/venv/lib/python3.10/site-packages/airflow/example_dags/example_branch_python_dop_operator_3.py
[2024-11-05 15:35:08,728] {processor.py:641} INFO - Processing file /home/paula/Documentos/airflow/venv/lib/python3.10/site-packages/airflow/example_dags/example_branch_python_dop_operator_3.py for tasks to queue
[2024-11-05 15:35:08,728] {logging_mixin.py:115} INFO - [2024-11-05 15:35:08,728] {dagbag.py:507} INFO - Filling up the DagBag from /home/paula/Documentos/airflow/venv/lib/python3.10/site-packages/airflow/example_dags/example_branch_python_dop_operator_3.py
[2024-11-05 15:35:08,740] {processor.py:651} INFO - DAG(s) dict_keys(['example_branch_dop_operator_v3']) retrieved from /home/paula/Documentos/airflow/venv/lib/python3.10/site-packages/airflow/example_dags/example_branch_python_dop_operator_3.py
[2024-11-05 15:35:08,758] {logging_mixin.py:115} INFO - [2024-11-05 15:35:08,758] {dag.py:2379} INFO - Sync 1 DAGs
[2024-11-05 15:35:08,783] {logging_mixin.py:115} INFO - [2024-11-05 15:35:08,783] {dag.py:2927} INFO - Setting next_dagrun for example_branch_dop_operator_v3 to 2024-11-05T18:34:00+00:00, run_after=2024-11-05T18:35:00+00:00
[2024-11-05 15:35:08,981] {processor.py:161} INFO - Processing /home/paula/Documentos/airflow/venv/lib/python3.10/site-packages/airflow/example_dags/example_branch_python_dop_operator_3.py took 0.285 seconds
[2024-11-05 15:35:49,829] {processor.py:153} INFO - Started process (PID=1064079) to work on /home/paula/Documentos/airflow/venv/lib/python3.10/site-packages/airflow/example_dags/example_branch_python_dop_operator_3.py
[2024-11-05 15:35:49,853] {processor.py:641} INFO - Processing file /home/paula/Documentos/airflow/venv/lib/python3.10/site-packages/airflow/example_dags/example_branch_python_dop_operator_3.py for tasks to queue
[2024-11-05 15:35:49,854] {logging_mixin.py:115} INFO - [2024-11-05 15:35:49,853] {dagbag.py:507} INFO - Filling up the DagBag from /home/paula/Documentos/airflow/venv/lib/python3.10/site-packages/airflow/example_dags/example_branch_python_dop_operator_3.py
[2024-11-05 15:35:49,867] {processor.py:651} INFO - DAG(s) dict_keys(['example_branch_dop_operator_v3']) retrieved from /home/paula/Documentos/airflow/venv/lib/python3.10/site-packages/airflow/example_dags/example_branch_python_dop_operator_3.py
[2024-11-05 15:35:49,886] {logging_mixin.py:115} INFO - [2024-11-05 15:35:49,886] {dag.py:2379} INFO - Sync 1 DAGs
[2024-11-05 15:35:49,911] {logging_mixin.py:115} INFO - [2024-11-05 15:35:49,911] {dag.py:2927} INFO - Setting next_dagrun for example_branch_dop_operator_v3 to 2024-11-05T18:34:00+00:00, run_after=2024-11-05T18:35:00+00:00
[2024-11-05 15:35:49,988] {processor.py:161} INFO - Processing /home/paula/Documentos/airflow/venv/lib/python3.10/site-packages/airflow/example_dags/example_branch_python_dop_operator_3.py took 0.163 seconds
[2024-11-05 15:39:58,989] {processor.py:153} INFO - Started process (PID=1065971) to work on /home/paula/Documentos/airflow/venv/lib/python3.10/site-packages/airflow/example_dags/example_branch_python_dop_operator_3.py
[2024-11-05 15:39:59,017] {processor.py:641} INFO - Processing file /home/paula/Documentos/airflow/venv/lib/python3.10/site-packages/airflow/example_dags/example_branch_python_dop_operator_3.py for tasks to queue
[2024-11-05 15:39:59,018] {logging_mixin.py:115} INFO - [2024-11-05 15:39:59,018] {dagbag.py:507} INFO - Filling up the DagBag from /home/paula/Documentos/airflow/venv/lib/python3.10/site-packages/airflow/example_dags/example_branch_python_dop_operator_3.py
[2024-11-05 15:39:59,033] {processor.py:651} INFO - DAG(s) dict_keys(['example_branch_dop_operator_v3']) retrieved from /home/paula/Documentos/airflow/venv/lib/python3.10/site-packages/airflow/example_dags/example_branch_python_dop_operator_3.py
[2024-11-05 15:39:59,051] {logging_mixin.py:115} INFO - [2024-11-05 15:39:59,051] {dag.py:2379} INFO - Sync 1 DAGs
[2024-11-05 15:39:59,077] {logging_mixin.py:115} INFO - [2024-11-05 15:39:59,077] {dag.py:2927} INFO - Setting next_dagrun for example_branch_dop_operator_v3 to 2024-11-05T18:38:00+00:00, run_after=2024-11-05T18:39:00+00:00
[2024-11-05 15:39:59,223] {processor.py:161} INFO - Processing /home/paula/Documentos/airflow/venv/lib/python3.10/site-packages/airflow/example_dags/example_branch_python_dop_operator_3.py took 0.239 seconds
[2024-11-05 15:40:47,759] {processor.py:153} INFO - Started process (PID=1066298) to work on /home/paula/Documentos/airflow/venv/lib/python3.10/site-packages/airflow/example_dags/example_branch_python_dop_operator_3.py
[2024-11-05 15:40:47,773] {processor.py:641} INFO - Processing file /home/paula/Documentos/airflow/venv/lib/python3.10/site-packages/airflow/example_dags/example_branch_python_dop_operator_3.py for tasks to queue
[2024-11-05 15:40:47,773] {logging_mixin.py:115} INFO - [2024-11-05 15:40:47,773] {dagbag.py:507} INFO - Filling up the DagBag from /home/paula/Documentos/airflow/venv/lib/python3.10/site-packages/airflow/example_dags/example_branch_python_dop_operator_3.py
[2024-11-05 15:40:47,786] {processor.py:651} INFO - DAG(s) dict_keys(['example_branch_dop_operator_v3']) retrieved from /home/paula/Documentos/airflow/venv/lib/python3.10/site-packages/airflow/example_dags/example_branch_python_dop_operator_3.py
[2024-11-05 15:40:47,804] {logging_mixin.py:115} INFO - [2024-11-05 15:40:47,804] {dag.py:2379} INFO - Sync 1 DAGs
[2024-11-05 15:40:47,831] {logging_mixin.py:115} INFO - [2024-11-05 15:40:47,831] {dag.py:2927} INFO - Setting next_dagrun for example_branch_dop_operator_v3 to 2024-11-05T18:39:00+00:00, run_after=2024-11-05T18:40:00+00:00
[2024-11-05 15:40:47,918] {processor.py:161} INFO - Processing /home/paula/Documentos/airflow/venv/lib/python3.10/site-packages/airflow/example_dags/example_branch_python_dop_operator_3.py took 0.162 seconds
