[2024-11-05 15:07:19,986] {processor.py:153} INFO - Started process (PID=1053013) to work on /home/paula/Documentos/airflow/venv/lib/python3.10/site-packages/airflow/example_dags/tutorial_taskflow_api_etl_virtualenv.py
[2024-11-05 15:07:19,987] {processor.py:641} INFO - Processing file /home/paula/Documentos/airflow/venv/lib/python3.10/site-packages/airflow/example_dags/tutorial_taskflow_api_etl_virtualenv.py for tasks to queue
[2024-11-05 15:07:19,988] {logging_mixin.py:115} INFO - [2024-11-05 15:07:19,987] {dagbag.py:507} INFO - Filling up the DagBag from /home/paula/Documentos/airflow/venv/lib/python3.10/site-packages/airflow/example_dags/tutorial_taskflow_api_etl_virtualenv.py
[2024-11-05 15:07:20,008] {processor.py:651} INFO - DAG(s) dict_keys(['tutorial_taskflow_api_etl_virtualenv']) retrieved from /home/paula/Documentos/airflow/venv/lib/python3.10/site-packages/airflow/example_dags/tutorial_taskflow_api_etl_virtualenv.py
[2024-11-05 15:07:20,763] {logging_mixin.py:115} INFO - [2024-11-05 15:07:20,763] {manager.py:508} INFO - Created Permission View: can edit on DAG:tutorial_taskflow_api_etl_virtualenv
[2024-11-05 15:07:20,973] {logging_mixin.py:115} INFO - [2024-11-05 15:07:20,973] {manager.py:508} INFO - Created Permission View: can read on DAG:tutorial_taskflow_api_etl_virtualenv
[2024-11-05 15:07:21,140] {logging_mixin.py:115} INFO - [2024-11-05 15:07:21,139] {manager.py:508} INFO - Created Permission View: can delete on DAG:tutorial_taskflow_api_etl_virtualenv
[2024-11-05 15:07:21,140] {logging_mixin.py:115} INFO - [2024-11-05 15:07:21,140] {dag.py:2379} INFO - Sync 1 DAGs
[2024-11-05 15:07:21,164] {logging_mixin.py:115} INFO - [2024-11-05 15:07:21,163] {dag.py:2398} INFO - Creating ORM DAG for tutorial_taskflow_api_etl_virtualenv
[2024-11-05 15:07:21,182] {logging_mixin.py:115} INFO - [2024-11-05 15:07:21,182] {dag.py:2927} INFO - Setting next_dagrun for tutorial_taskflow_api_etl_virtualenv to None, run_after=None
[2024-11-05 15:07:21,372] {processor.py:161} INFO - Processing /home/paula/Documentos/airflow/venv/lib/python3.10/site-packages/airflow/example_dags/tutorial_taskflow_api_etl_virtualenv.py took 1.392 seconds
[2024-11-05 15:08:35,103] {processor.py:153} INFO - Started process (PID=1053635) to work on /home/paula/Documentos/airflow/venv/lib/python3.10/site-packages/airflow/example_dags/tutorial_taskflow_api_etl_virtualenv.py
[2024-11-05 15:08:35,109] {processor.py:641} INFO - Processing file /home/paula/Documentos/airflow/venv/lib/python3.10/site-packages/airflow/example_dags/tutorial_taskflow_api_etl_virtualenv.py for tasks to queue
[2024-11-05 15:08:35,110] {logging_mixin.py:115} INFO - [2024-11-05 15:08:35,110] {dagbag.py:507} INFO - Filling up the DagBag from /home/paula/Documentos/airflow/venv/lib/python3.10/site-packages/airflow/example_dags/tutorial_taskflow_api_etl_virtualenv.py
[2024-11-05 15:08:35,130] {processor.py:651} INFO - DAG(s) dict_keys(['tutorial_taskflow_api_etl_virtualenv']) retrieved from /home/paula/Documentos/airflow/venv/lib/python3.10/site-packages/airflow/example_dags/tutorial_taskflow_api_etl_virtualenv.py
[2024-11-05 15:08:35,170] {logging_mixin.py:115} INFO - [2024-11-05 15:08:35,170] {dag.py:2379} INFO - Sync 1 DAGs
[2024-11-05 15:08:35,185] {logging_mixin.py:115} INFO - [2024-11-05 15:08:35,185] {dag.py:2927} INFO - Setting next_dagrun for tutorial_taskflow_api_etl_virtualenv to None, run_after=None
[2024-11-05 15:08:35,340] {processor.py:161} INFO - Processing /home/paula/Documentos/airflow/venv/lib/python3.10/site-packages/airflow/example_dags/tutorial_taskflow_api_etl_virtualenv.py took 0.239 seconds
[2024-11-05 15:09:17,260] {processor.py:153} INFO - Started process (PID=1053849) to work on /home/paula/Documentos/airflow/venv/lib/python3.10/site-packages/airflow/example_dags/tutorial_taskflow_api_etl_virtualenv.py
[2024-11-05 15:09:17,271] {processor.py:641} INFO - Processing file /home/paula/Documentos/airflow/venv/lib/python3.10/site-packages/airflow/example_dags/tutorial_taskflow_api_etl_virtualenv.py for tasks to queue
[2024-11-05 15:09:17,271] {logging_mixin.py:115} INFO - [2024-11-05 15:09:17,271] {dagbag.py:507} INFO - Filling up the DagBag from /home/paula/Documentos/airflow/venv/lib/python3.10/site-packages/airflow/example_dags/tutorial_taskflow_api_etl_virtualenv.py
[2024-11-05 15:09:17,295] {processor.py:651} INFO - DAG(s) dict_keys(['tutorial_taskflow_api_etl_virtualenv']) retrieved from /home/paula/Documentos/airflow/venv/lib/python3.10/site-packages/airflow/example_dags/tutorial_taskflow_api_etl_virtualenv.py
[2024-11-05 15:09:17,311] {logging_mixin.py:115} INFO - [2024-11-05 15:09:17,311] {dag.py:2379} INFO - Sync 1 DAGs
[2024-11-05 15:09:17,332] {logging_mixin.py:115} INFO - [2024-11-05 15:09:17,331] {dag.py:2927} INFO - Setting next_dagrun for tutorial_taskflow_api_etl_virtualenv to None, run_after=None
[2024-11-05 15:09:17,481] {processor.py:161} INFO - Processing /home/paula/Documentos/airflow/venv/lib/python3.10/site-packages/airflow/example_dags/tutorial_taskflow_api_etl_virtualenv.py took 0.226 seconds
[2024-11-05 15:09:55,942] {processor.py:153} INFO - Started process (PID=1054047) to work on /home/paula/Documentos/airflow/venv/lib/python3.10/site-packages/airflow/example_dags/tutorial_taskflow_api_etl_virtualenv.py
[2024-11-05 15:09:55,988] {processor.py:641} INFO - Processing file /home/paula/Documentos/airflow/venv/lib/python3.10/site-packages/airflow/example_dags/tutorial_taskflow_api_etl_virtualenv.py for tasks to queue
[2024-11-05 15:09:55,989] {logging_mixin.py:115} INFO - [2024-11-05 15:09:55,989] {dagbag.py:507} INFO - Filling up the DagBag from /home/paula/Documentos/airflow/venv/lib/python3.10/site-packages/airflow/example_dags/tutorial_taskflow_api_etl_virtualenv.py
[2024-11-05 15:09:56,014] {processor.py:651} INFO - DAG(s) dict_keys(['tutorial_taskflow_api_etl_virtualenv']) retrieved from /home/paula/Documentos/airflow/venv/lib/python3.10/site-packages/airflow/example_dags/tutorial_taskflow_api_etl_virtualenv.py
[2024-11-05 15:09:56,061] {logging_mixin.py:115} INFO - [2024-11-05 15:09:56,061] {dag.py:2379} INFO - Sync 1 DAGs
[2024-11-05 15:09:56,078] {logging_mixin.py:115} INFO - [2024-11-05 15:09:56,078] {dag.py:2927} INFO - Setting next_dagrun for tutorial_taskflow_api_etl_virtualenv to None, run_after=None
[2024-11-05 15:09:56,296] {processor.py:161} INFO - Processing /home/paula/Documentos/airflow/venv/lib/python3.10/site-packages/airflow/example_dags/tutorial_taskflow_api_etl_virtualenv.py took 0.356 seconds
[2024-11-05 15:10:28,799] {processor.py:153} INFO - Started process (PID=1054466) to work on /home/paula/Documentos/airflow/venv/lib/python3.10/site-packages/airflow/example_dags/tutorial_taskflow_api_etl_virtualenv.py
[2024-11-05 15:10:28,855] {processor.py:641} INFO - Processing file /home/paula/Documentos/airflow/venv/lib/python3.10/site-packages/airflow/example_dags/tutorial_taskflow_api_etl_virtualenv.py for tasks to queue
[2024-11-05 15:10:28,856] {logging_mixin.py:115} INFO - [2024-11-05 15:10:28,855] {dagbag.py:507} INFO - Filling up the DagBag from /home/paula/Documentos/airflow/venv/lib/python3.10/site-packages/airflow/example_dags/tutorial_taskflow_api_etl_virtualenv.py
[2024-11-05 15:10:28,879] {processor.py:651} INFO - DAG(s) dict_keys(['tutorial_taskflow_api_etl_virtualenv']) retrieved from /home/paula/Documentos/airflow/venv/lib/python3.10/site-packages/airflow/example_dags/tutorial_taskflow_api_etl_virtualenv.py
[2024-11-05 15:10:29,255] {logging_mixin.py:115} INFO - [2024-11-05 15:10:29,255] {dag.py:2379} INFO - Sync 1 DAGs
[2024-11-05 15:10:29,269] {logging_mixin.py:115} INFO - [2024-11-05 15:10:29,269] {dag.py:2927} INFO - Setting next_dagrun for tutorial_taskflow_api_etl_virtualenv to None, run_after=None
[2024-11-05 15:10:29,630] {processor.py:161} INFO - Processing /home/paula/Documentos/airflow/venv/lib/python3.10/site-packages/airflow/example_dags/tutorial_taskflow_api_etl_virtualenv.py took 0.835 seconds
[2024-11-05 15:11:05,741] {processor.py:153} INFO - Started process (PID=1054650) to work on /home/paula/Documentos/airflow/venv/lib/python3.10/site-packages/airflow/example_dags/tutorial_taskflow_api_etl_virtualenv.py
[2024-11-05 15:11:05,785] {processor.py:641} INFO - Processing file /home/paula/Documentos/airflow/venv/lib/python3.10/site-packages/airflow/example_dags/tutorial_taskflow_api_etl_virtualenv.py for tasks to queue
[2024-11-05 15:11:05,785] {logging_mixin.py:115} INFO - [2024-11-05 15:11:05,785] {dagbag.py:507} INFO - Filling up the DagBag from /home/paula/Documentos/airflow/venv/lib/python3.10/site-packages/airflow/example_dags/tutorial_taskflow_api_etl_virtualenv.py
[2024-11-05 15:11:05,806] {processor.py:651} INFO - DAG(s) dict_keys(['tutorial_taskflow_api_etl_virtualenv']) retrieved from /home/paula/Documentos/airflow/venv/lib/python3.10/site-packages/airflow/example_dags/tutorial_taskflow_api_etl_virtualenv.py
[2024-11-05 15:11:05,823] {logging_mixin.py:115} INFO - [2024-11-05 15:11:05,823] {dag.py:2379} INFO - Sync 1 DAGs
[2024-11-05 15:11:05,843] {logging_mixin.py:115} INFO - [2024-11-05 15:11:05,843] {dag.py:2927} INFO - Setting next_dagrun for tutorial_taskflow_api_etl_virtualenv to None, run_after=None
[2024-11-05 15:11:06,135] {processor.py:161} INFO - Processing /home/paula/Documentos/airflow/venv/lib/python3.10/site-packages/airflow/example_dags/tutorial_taskflow_api_etl_virtualenv.py took 0.397 seconds
[2024-11-05 15:11:39,804] {processor.py:153} INFO - Started process (PID=1054833) to work on /home/paula/Documentos/airflow/venv/lib/python3.10/site-packages/airflow/example_dags/tutorial_taskflow_api_etl_virtualenv.py
[2024-11-05 15:11:39,816] {processor.py:641} INFO - Processing file /home/paula/Documentos/airflow/venv/lib/python3.10/site-packages/airflow/example_dags/tutorial_taskflow_api_etl_virtualenv.py for tasks to queue
[2024-11-05 15:11:39,817] {logging_mixin.py:115} INFO - [2024-11-05 15:11:39,817] {dagbag.py:507} INFO - Filling up the DagBag from /home/paula/Documentos/airflow/venv/lib/python3.10/site-packages/airflow/example_dags/tutorial_taskflow_api_etl_virtualenv.py
[2024-11-05 15:11:39,840] {processor.py:651} INFO - DAG(s) dict_keys(['tutorial_taskflow_api_etl_virtualenv']) retrieved from /home/paula/Documentos/airflow/venv/lib/python3.10/site-packages/airflow/example_dags/tutorial_taskflow_api_etl_virtualenv.py
[2024-11-05 15:11:39,886] {logging_mixin.py:115} INFO - [2024-11-05 15:11:39,886] {dag.py:2379} INFO - Sync 1 DAGs
[2024-11-05 15:11:39,900] {logging_mixin.py:115} INFO - [2024-11-05 15:11:39,900] {dag.py:2927} INFO - Setting next_dagrun for tutorial_taskflow_api_etl_virtualenv to None, run_after=None
[2024-11-05 15:11:40,221] {processor.py:161} INFO - Processing /home/paula/Documentos/airflow/venv/lib/python3.10/site-packages/airflow/example_dags/tutorial_taskflow_api_etl_virtualenv.py took 0.420 seconds
[2024-11-05 15:12:13,466] {processor.py:153} INFO - Started process (PID=1055060) to work on /home/paula/Documentos/airflow/venv/lib/python3.10/site-packages/airflow/example_dags/tutorial_taskflow_api_etl_virtualenv.py
[2024-11-05 15:12:13,495] {processor.py:641} INFO - Processing file /home/paula/Documentos/airflow/venv/lib/python3.10/site-packages/airflow/example_dags/tutorial_taskflow_api_etl_virtualenv.py for tasks to queue
[2024-11-05 15:12:13,495] {logging_mixin.py:115} INFO - [2024-11-05 15:12:13,495] {dagbag.py:507} INFO - Filling up the DagBag from /home/paula/Documentos/airflow/venv/lib/python3.10/site-packages/airflow/example_dags/tutorial_taskflow_api_etl_virtualenv.py
[2024-11-05 15:12:13,512] {processor.py:651} INFO - DAG(s) dict_keys(['tutorial_taskflow_api_etl_virtualenv']) retrieved from /home/paula/Documentos/airflow/venv/lib/python3.10/site-packages/airflow/example_dags/tutorial_taskflow_api_etl_virtualenv.py
[2024-11-05 15:12:13,552] {logging_mixin.py:115} INFO - [2024-11-05 15:12:13,552] {dag.py:2379} INFO - Sync 1 DAGs
[2024-11-05 15:12:13,566] {logging_mixin.py:115} INFO - [2024-11-05 15:12:13,565] {dag.py:2927} INFO - Setting next_dagrun for tutorial_taskflow_api_etl_virtualenv to None, run_after=None
[2024-11-05 15:12:13,770] {processor.py:161} INFO - Processing /home/paula/Documentos/airflow/venv/lib/python3.10/site-packages/airflow/example_dags/tutorial_taskflow_api_etl_virtualenv.py took 0.307 seconds
[2024-11-05 15:12:45,563] {processor.py:153} INFO - Started process (PID=1055251) to work on /home/paula/Documentos/airflow/venv/lib/python3.10/site-packages/airflow/example_dags/tutorial_taskflow_api_etl_virtualenv.py
[2024-11-05 15:12:45,629] {processor.py:641} INFO - Processing file /home/paula/Documentos/airflow/venv/lib/python3.10/site-packages/airflow/example_dags/tutorial_taskflow_api_etl_virtualenv.py for tasks to queue
[2024-11-05 15:12:45,630] {logging_mixin.py:115} INFO - [2024-11-05 15:12:45,630] {dagbag.py:507} INFO - Filling up the DagBag from /home/paula/Documentos/airflow/venv/lib/python3.10/site-packages/airflow/example_dags/tutorial_taskflow_api_etl_virtualenv.py
[2024-11-05 15:12:45,658] {processor.py:651} INFO - DAG(s) dict_keys(['tutorial_taskflow_api_etl_virtualenv']) retrieved from /home/paula/Documentos/airflow/venv/lib/python3.10/site-packages/airflow/example_dags/tutorial_taskflow_api_etl_virtualenv.py
[2024-11-05 15:12:45,735] {logging_mixin.py:115} INFO - [2024-11-05 15:12:45,735] {dag.py:2379} INFO - Sync 1 DAGs
[2024-11-05 15:12:45,752] {logging_mixin.py:115} INFO - [2024-11-05 15:12:45,752] {dag.py:2927} INFO - Setting next_dagrun for tutorial_taskflow_api_etl_virtualenv to None, run_after=None
[2024-11-05 15:12:46,114] {processor.py:161} INFO - Processing /home/paula/Documentos/airflow/venv/lib/python3.10/site-packages/airflow/example_dags/tutorial_taskflow_api_etl_virtualenv.py took 0.555 seconds
[2024-11-05 15:13:20,525] {processor.py:153} INFO - Started process (PID=1055460) to work on /home/paula/Documentos/airflow/venv/lib/python3.10/site-packages/airflow/example_dags/tutorial_taskflow_api_etl_virtualenv.py
[2024-11-05 15:13:20,535] {processor.py:641} INFO - Processing file /home/paula/Documentos/airflow/venv/lib/python3.10/site-packages/airflow/example_dags/tutorial_taskflow_api_etl_virtualenv.py for tasks to queue
[2024-11-05 15:13:20,536] {logging_mixin.py:115} INFO - [2024-11-05 15:13:20,536] {dagbag.py:507} INFO - Filling up the DagBag from /home/paula/Documentos/airflow/venv/lib/python3.10/site-packages/airflow/example_dags/tutorial_taskflow_api_etl_virtualenv.py
[2024-11-05 15:13:20,555] {processor.py:651} INFO - DAG(s) dict_keys(['tutorial_taskflow_api_etl_virtualenv']) retrieved from /home/paula/Documentos/airflow/venv/lib/python3.10/site-packages/airflow/example_dags/tutorial_taskflow_api_etl_virtualenv.py
[2024-11-05 15:13:20,575] {logging_mixin.py:115} INFO - [2024-11-05 15:13:20,575] {dag.py:2379} INFO - Sync 1 DAGs
[2024-11-05 15:13:20,595] {logging_mixin.py:115} INFO - [2024-11-05 15:13:20,595] {dag.py:2927} INFO - Setting next_dagrun for tutorial_taskflow_api_etl_virtualenv to None, run_after=None
[2024-11-05 15:13:20,891] {processor.py:161} INFO - Processing /home/paula/Documentos/airflow/venv/lib/python3.10/site-packages/airflow/example_dags/tutorial_taskflow_api_etl_virtualenv.py took 0.368 seconds
[2024-11-05 15:13:56,731] {processor.py:153} INFO - Started process (PID=1055665) to work on /home/paula/Documentos/airflow/venv/lib/python3.10/site-packages/airflow/example_dags/tutorial_taskflow_api_etl_virtualenv.py
[2024-11-05 15:13:56,766] {processor.py:641} INFO - Processing file /home/paula/Documentos/airflow/venv/lib/python3.10/site-packages/airflow/example_dags/tutorial_taskflow_api_etl_virtualenv.py for tasks to queue
[2024-11-05 15:13:56,767] {logging_mixin.py:115} INFO - [2024-11-05 15:13:56,766] {dagbag.py:507} INFO - Filling up the DagBag from /home/paula/Documentos/airflow/venv/lib/python3.10/site-packages/airflow/example_dags/tutorial_taskflow_api_etl_virtualenv.py
[2024-11-05 15:13:56,788] {processor.py:651} INFO - DAG(s) dict_keys(['tutorial_taskflow_api_etl_virtualenv']) retrieved from /home/paula/Documentos/airflow/venv/lib/python3.10/site-packages/airflow/example_dags/tutorial_taskflow_api_etl_virtualenv.py
[2024-11-05 15:13:56,840] {logging_mixin.py:115} INFO - [2024-11-05 15:13:56,840] {dag.py:2379} INFO - Sync 1 DAGs
[2024-11-05 15:13:56,857] {logging_mixin.py:115} INFO - [2024-11-05 15:13:56,857] {dag.py:2927} INFO - Setting next_dagrun for tutorial_taskflow_api_etl_virtualenv to None, run_after=None
[2024-11-05 15:13:57,084] {processor.py:161} INFO - Processing /home/paula/Documentos/airflow/venv/lib/python3.10/site-packages/airflow/example_dags/tutorial_taskflow_api_etl_virtualenv.py took 0.357 seconds
[2024-11-05 15:14:31,008] {processor.py:153} INFO - Started process (PID=1055864) to work on /home/paula/Documentos/airflow/venv/lib/python3.10/site-packages/airflow/example_dags/tutorial_taskflow_api_etl_virtualenv.py
[2024-11-05 15:14:31,015] {processor.py:641} INFO - Processing file /home/paula/Documentos/airflow/venv/lib/python3.10/site-packages/airflow/example_dags/tutorial_taskflow_api_etl_virtualenv.py for tasks to queue
[2024-11-05 15:14:31,016] {logging_mixin.py:115} INFO - [2024-11-05 15:14:31,016] {dagbag.py:507} INFO - Filling up the DagBag from /home/paula/Documentos/airflow/venv/lib/python3.10/site-packages/airflow/example_dags/tutorial_taskflow_api_etl_virtualenv.py
[2024-11-05 15:14:31,042] {processor.py:651} INFO - DAG(s) dict_keys(['tutorial_taskflow_api_etl_virtualenv']) retrieved from /home/paula/Documentos/airflow/venv/lib/python3.10/site-packages/airflow/example_dags/tutorial_taskflow_api_etl_virtualenv.py
[2024-11-05 15:14:31,062] {logging_mixin.py:115} INFO - [2024-11-05 15:14:31,062] {dag.py:2379} INFO - Sync 1 DAGs
[2024-11-05 15:14:31,091] {logging_mixin.py:115} INFO - [2024-11-05 15:14:31,091] {dag.py:2927} INFO - Setting next_dagrun for tutorial_taskflow_api_etl_virtualenv to None, run_after=None
[2024-11-05 15:14:31,357] {processor.py:161} INFO - Processing /home/paula/Documentos/airflow/venv/lib/python3.10/site-packages/airflow/example_dags/tutorial_taskflow_api_etl_virtualenv.py took 0.353 seconds
[2024-11-05 15:15:07,215] {processor.py:153} INFO - Started process (PID=1056086) to work on /home/paula/Documentos/airflow/venv/lib/python3.10/site-packages/airflow/example_dags/tutorial_taskflow_api_etl_virtualenv.py
[2024-11-05 15:15:07,225] {processor.py:641} INFO - Processing file /home/paula/Documentos/airflow/venv/lib/python3.10/site-packages/airflow/example_dags/tutorial_taskflow_api_etl_virtualenv.py for tasks to queue
[2024-11-05 15:15:07,226] {logging_mixin.py:115} INFO - [2024-11-05 15:15:07,226] {dagbag.py:507} INFO - Filling up the DagBag from /home/paula/Documentos/airflow/venv/lib/python3.10/site-packages/airflow/example_dags/tutorial_taskflow_api_etl_virtualenv.py
[2024-11-05 15:15:07,253] {processor.py:651} INFO - DAG(s) dict_keys(['tutorial_taskflow_api_etl_virtualenv']) retrieved from /home/paula/Documentos/airflow/venv/lib/python3.10/site-packages/airflow/example_dags/tutorial_taskflow_api_etl_virtualenv.py
[2024-11-05 15:15:07,329] {logging_mixin.py:115} INFO - [2024-11-05 15:15:07,329] {dag.py:2379} INFO - Sync 1 DAGs
[2024-11-05 15:15:07,354] {logging_mixin.py:115} INFO - [2024-11-05 15:15:07,354] {dag.py:2927} INFO - Setting next_dagrun for tutorial_taskflow_api_etl_virtualenv to None, run_after=None
[2024-11-05 15:15:07,486] {processor.py:161} INFO - Processing /home/paula/Documentos/airflow/venv/lib/python3.10/site-packages/airflow/example_dags/tutorial_taskflow_api_etl_virtualenv.py took 0.275 seconds
[2024-11-05 15:15:41,050] {processor.py:153} INFO - Started process (PID=1056302) to work on /home/paula/Documentos/airflow/venv/lib/python3.10/site-packages/airflow/example_dags/tutorial_taskflow_api_etl_virtualenv.py
[2024-11-05 15:15:41,051] {processor.py:641} INFO - Processing file /home/paula/Documentos/airflow/venv/lib/python3.10/site-packages/airflow/example_dags/tutorial_taskflow_api_etl_virtualenv.py for tasks to queue
[2024-11-05 15:15:41,052] {logging_mixin.py:115} INFO - [2024-11-05 15:15:41,051] {dagbag.py:507} INFO - Filling up the DagBag from /home/paula/Documentos/airflow/venv/lib/python3.10/site-packages/airflow/example_dags/tutorial_taskflow_api_etl_virtualenv.py
[2024-11-05 15:15:41,072] {processor.py:651} INFO - DAG(s) dict_keys(['tutorial_taskflow_api_etl_virtualenv']) retrieved from /home/paula/Documentos/airflow/venv/lib/python3.10/site-packages/airflow/example_dags/tutorial_taskflow_api_etl_virtualenv.py
[2024-11-05 15:15:41,088] {logging_mixin.py:115} INFO - [2024-11-05 15:15:41,088] {dag.py:2379} INFO - Sync 1 DAGs
[2024-11-05 15:15:41,107] {logging_mixin.py:115} INFO - [2024-11-05 15:15:41,107] {dag.py:2927} INFO - Setting next_dagrun for tutorial_taskflow_api_etl_virtualenv to None, run_after=None
[2024-11-05 15:15:41,204] {processor.py:161} INFO - Processing /home/paula/Documentos/airflow/venv/lib/python3.10/site-packages/airflow/example_dags/tutorial_taskflow_api_etl_virtualenv.py took 0.159 seconds
[2024-11-05 15:16:21,192] {processor.py:153} INFO - Started process (PID=1056547) to work on /home/paula/Documentos/airflow/venv/lib/python3.10/site-packages/airflow/example_dags/tutorial_taskflow_api_etl_virtualenv.py
[2024-11-05 15:16:21,299] {processor.py:641} INFO - Processing file /home/paula/Documentos/airflow/venv/lib/python3.10/site-packages/airflow/example_dags/tutorial_taskflow_api_etl_virtualenv.py for tasks to queue
[2024-11-05 15:16:21,300] {logging_mixin.py:115} INFO - [2024-11-05 15:16:21,300] {dagbag.py:507} INFO - Filling up the DagBag from /home/paula/Documentos/airflow/venv/lib/python3.10/site-packages/airflow/example_dags/tutorial_taskflow_api_etl_virtualenv.py
[2024-11-05 15:16:21,319] {processor.py:651} INFO - DAG(s) dict_keys(['tutorial_taskflow_api_etl_virtualenv']) retrieved from /home/paula/Documentos/airflow/venv/lib/python3.10/site-packages/airflow/example_dags/tutorial_taskflow_api_etl_virtualenv.py
[2024-11-05 15:16:21,613] {logging_mixin.py:115} INFO - [2024-11-05 15:16:21,613] {dag.py:2379} INFO - Sync 1 DAGs
[2024-11-05 15:16:21,633] {logging_mixin.py:115} INFO - [2024-11-05 15:16:21,633] {dag.py:2927} INFO - Setting next_dagrun for tutorial_taskflow_api_etl_virtualenv to None, run_after=None
[2024-11-05 15:16:21,840] {processor.py:161} INFO - Processing /home/paula/Documentos/airflow/venv/lib/python3.10/site-packages/airflow/example_dags/tutorial_taskflow_api_etl_virtualenv.py took 0.651 seconds
[2024-11-05 15:16:57,309] {processor.py:153} INFO - Started process (PID=1056777) to work on /home/paula/Documentos/airflow/venv/lib/python3.10/site-packages/airflow/example_dags/tutorial_taskflow_api_etl_virtualenv.py
[2024-11-05 15:16:57,332] {processor.py:641} INFO - Processing file /home/paula/Documentos/airflow/venv/lib/python3.10/site-packages/airflow/example_dags/tutorial_taskflow_api_etl_virtualenv.py for tasks to queue
[2024-11-05 15:16:57,333] {logging_mixin.py:115} INFO - [2024-11-05 15:16:57,333] {dagbag.py:507} INFO - Filling up the DagBag from /home/paula/Documentos/airflow/venv/lib/python3.10/site-packages/airflow/example_dags/tutorial_taskflow_api_etl_virtualenv.py
[2024-11-05 15:16:57,360] {processor.py:651} INFO - DAG(s) dict_keys(['tutorial_taskflow_api_etl_virtualenv']) retrieved from /home/paula/Documentos/airflow/venv/lib/python3.10/site-packages/airflow/example_dags/tutorial_taskflow_api_etl_virtualenv.py
[2024-11-05 15:16:57,379] {logging_mixin.py:115} INFO - [2024-11-05 15:16:57,379] {dag.py:2379} INFO - Sync 1 DAGs
[2024-11-05 15:16:57,399] {logging_mixin.py:115} INFO - [2024-11-05 15:16:57,399] {dag.py:2927} INFO - Setting next_dagrun for tutorial_taskflow_api_etl_virtualenv to None, run_after=None
[2024-11-05 15:16:57,551] {processor.py:161} INFO - Processing /home/paula/Documentos/airflow/venv/lib/python3.10/site-packages/airflow/example_dags/tutorial_taskflow_api_etl_virtualenv.py took 0.246 seconds
[2024-11-05 15:17:32,676] {processor.py:153} INFO - Started process (PID=1056992) to work on /home/paula/Documentos/airflow/venv/lib/python3.10/site-packages/airflow/example_dags/tutorial_taskflow_api_etl_virtualenv.py
[2024-11-05 15:17:32,729] {processor.py:641} INFO - Processing file /home/paula/Documentos/airflow/venv/lib/python3.10/site-packages/airflow/example_dags/tutorial_taskflow_api_etl_virtualenv.py for tasks to queue
[2024-11-05 15:17:32,730] {logging_mixin.py:115} INFO - [2024-11-05 15:17:32,730] {dagbag.py:507} INFO - Filling up the DagBag from /home/paula/Documentos/airflow/venv/lib/python3.10/site-packages/airflow/example_dags/tutorial_taskflow_api_etl_virtualenv.py
[2024-11-05 15:17:32,751] {processor.py:651} INFO - DAG(s) dict_keys(['tutorial_taskflow_api_etl_virtualenv']) retrieved from /home/paula/Documentos/airflow/venv/lib/python3.10/site-packages/airflow/example_dags/tutorial_taskflow_api_etl_virtualenv.py
[2024-11-05 15:17:32,808] {logging_mixin.py:115} INFO - [2024-11-05 15:17:32,808] {dag.py:2379} INFO - Sync 1 DAGs
[2024-11-05 15:17:32,825] {logging_mixin.py:115} INFO - [2024-11-05 15:17:32,825] {dag.py:2927} INFO - Setting next_dagrun for tutorial_taskflow_api_etl_virtualenv to None, run_after=None
[2024-11-05 15:17:33,009] {processor.py:161} INFO - Processing /home/paula/Documentos/airflow/venv/lib/python3.10/site-packages/airflow/example_dags/tutorial_taskflow_api_etl_virtualenv.py took 0.337 seconds
[2024-11-05 15:18:10,384] {processor.py:153} INFO - Started process (PID=1057238) to work on /home/paula/Documentos/airflow/venv/lib/python3.10/site-packages/airflow/example_dags/tutorial_taskflow_api_etl_virtualenv.py
[2024-11-05 15:18:10,384] {processor.py:641} INFO - Processing file /home/paula/Documentos/airflow/venv/lib/python3.10/site-packages/airflow/example_dags/tutorial_taskflow_api_etl_virtualenv.py for tasks to queue
[2024-11-05 15:18:10,385] {logging_mixin.py:115} INFO - [2024-11-05 15:18:10,385] {dagbag.py:507} INFO - Filling up the DagBag from /home/paula/Documentos/airflow/venv/lib/python3.10/site-packages/airflow/example_dags/tutorial_taskflow_api_etl_virtualenv.py
[2024-11-05 15:18:10,404] {processor.py:651} INFO - DAG(s) dict_keys(['tutorial_taskflow_api_etl_virtualenv']) retrieved from /home/paula/Documentos/airflow/venv/lib/python3.10/site-packages/airflow/example_dags/tutorial_taskflow_api_etl_virtualenv.py
[2024-11-05 15:18:10,417] {logging_mixin.py:115} INFO - [2024-11-05 15:18:10,417] {dag.py:2379} INFO - Sync 1 DAGs
[2024-11-05 15:18:10,434] {logging_mixin.py:115} INFO - [2024-11-05 15:18:10,434] {dag.py:2927} INFO - Setting next_dagrun for tutorial_taskflow_api_etl_virtualenv to None, run_after=None
[2024-11-05 15:18:10,548] {processor.py:161} INFO - Processing /home/paula/Documentos/airflow/venv/lib/python3.10/site-packages/airflow/example_dags/tutorial_taskflow_api_etl_virtualenv.py took 0.168 seconds
[2024-11-05 15:18:43,623] {processor.py:153} INFO - Started process (PID=1057435) to work on /home/paula/Documentos/airflow/venv/lib/python3.10/site-packages/airflow/example_dags/tutorial_taskflow_api_etl_virtualenv.py
[2024-11-05 15:18:43,624] {processor.py:641} INFO - Processing file /home/paula/Documentos/airflow/venv/lib/python3.10/site-packages/airflow/example_dags/tutorial_taskflow_api_etl_virtualenv.py for tasks to queue
[2024-11-05 15:18:43,624] {logging_mixin.py:115} INFO - [2024-11-05 15:18:43,624] {dagbag.py:507} INFO - Filling up the DagBag from /home/paula/Documentos/airflow/venv/lib/python3.10/site-packages/airflow/example_dags/tutorial_taskflow_api_etl_virtualenv.py
[2024-11-05 15:18:43,642] {processor.py:651} INFO - DAG(s) dict_keys(['tutorial_taskflow_api_etl_virtualenv']) retrieved from /home/paula/Documentos/airflow/venv/lib/python3.10/site-packages/airflow/example_dags/tutorial_taskflow_api_etl_virtualenv.py
[2024-11-05 15:18:43,658] {logging_mixin.py:115} INFO - [2024-11-05 15:18:43,658] {dag.py:2379} INFO - Sync 1 DAGs
[2024-11-05 15:18:43,677] {logging_mixin.py:115} INFO - [2024-11-05 15:18:43,677] {dag.py:2927} INFO - Setting next_dagrun for tutorial_taskflow_api_etl_virtualenv to None, run_after=None
[2024-11-05 15:18:43,769] {processor.py:161} INFO - Processing /home/paula/Documentos/airflow/venv/lib/python3.10/site-packages/airflow/example_dags/tutorial_taskflow_api_etl_virtualenv.py took 0.150 seconds
[2024-11-05 15:19:16,515] {processor.py:153} INFO - Started process (PID=1057634) to work on /home/paula/Documentos/airflow/venv/lib/python3.10/site-packages/airflow/example_dags/tutorial_taskflow_api_etl_virtualenv.py
[2024-11-05 15:19:16,516] {processor.py:641} INFO - Processing file /home/paula/Documentos/airflow/venv/lib/python3.10/site-packages/airflow/example_dags/tutorial_taskflow_api_etl_virtualenv.py for tasks to queue
[2024-11-05 15:19:16,517] {logging_mixin.py:115} INFO - [2024-11-05 15:19:16,516] {dagbag.py:507} INFO - Filling up the DagBag from /home/paula/Documentos/airflow/venv/lib/python3.10/site-packages/airflow/example_dags/tutorial_taskflow_api_etl_virtualenv.py
[2024-11-05 15:19:16,535] {processor.py:651} INFO - DAG(s) dict_keys(['tutorial_taskflow_api_etl_virtualenv']) retrieved from /home/paula/Documentos/airflow/venv/lib/python3.10/site-packages/airflow/example_dags/tutorial_taskflow_api_etl_virtualenv.py
[2024-11-05 15:19:16,548] {logging_mixin.py:115} INFO - [2024-11-05 15:19:16,547] {dag.py:2379} INFO - Sync 1 DAGs
[2024-11-05 15:19:16,565] {logging_mixin.py:115} INFO - [2024-11-05 15:19:16,565] {dag.py:2927} INFO - Setting next_dagrun for tutorial_taskflow_api_etl_virtualenv to None, run_after=None
[2024-11-05 15:19:16,657] {processor.py:161} INFO - Processing /home/paula/Documentos/airflow/venv/lib/python3.10/site-packages/airflow/example_dags/tutorial_taskflow_api_etl_virtualenv.py took 0.145 seconds
[2024-11-05 15:19:49,413] {processor.py:153} INFO - Started process (PID=1057860) to work on /home/paula/Documentos/airflow/venv/lib/python3.10/site-packages/airflow/example_dags/tutorial_taskflow_api_etl_virtualenv.py
[2024-11-05 15:19:49,414] {processor.py:641} INFO - Processing file /home/paula/Documentos/airflow/venv/lib/python3.10/site-packages/airflow/example_dags/tutorial_taskflow_api_etl_virtualenv.py for tasks to queue
[2024-11-05 15:19:49,414] {logging_mixin.py:115} INFO - [2024-11-05 15:19:49,414] {dagbag.py:507} INFO - Filling up the DagBag from /home/paula/Documentos/airflow/venv/lib/python3.10/site-packages/airflow/example_dags/tutorial_taskflow_api_etl_virtualenv.py
[2024-11-05 15:19:49,437] {processor.py:651} INFO - DAG(s) dict_keys(['tutorial_taskflow_api_etl_virtualenv']) retrieved from /home/paula/Documentos/airflow/venv/lib/python3.10/site-packages/airflow/example_dags/tutorial_taskflow_api_etl_virtualenv.py
[2024-11-05 15:19:49,450] {logging_mixin.py:115} INFO - [2024-11-05 15:19:49,450] {dag.py:2379} INFO - Sync 1 DAGs
[2024-11-05 15:19:49,468] {logging_mixin.py:115} INFO - [2024-11-05 15:19:49,468] {dag.py:2927} INFO - Setting next_dagrun for tutorial_taskflow_api_etl_virtualenv to None, run_after=None
[2024-11-05 15:19:49,570] {processor.py:161} INFO - Processing /home/paula/Documentos/airflow/venv/lib/python3.10/site-packages/airflow/example_dags/tutorial_taskflow_api_etl_virtualenv.py took 0.161 seconds
[2024-11-05 15:20:24,810] {processor.py:153} INFO - Started process (PID=1058070) to work on /home/paula/Documentos/airflow/venv/lib/python3.10/site-packages/airflow/example_dags/tutorial_taskflow_api_etl_virtualenv.py
[2024-11-05 15:20:24,819] {processor.py:641} INFO - Processing file /home/paula/Documentos/airflow/venv/lib/python3.10/site-packages/airflow/example_dags/tutorial_taskflow_api_etl_virtualenv.py for tasks to queue
[2024-11-05 15:20:24,820] {logging_mixin.py:115} INFO - [2024-11-05 15:20:24,820] {dagbag.py:507} INFO - Filling up the DagBag from /home/paula/Documentos/airflow/venv/lib/python3.10/site-packages/airflow/example_dags/tutorial_taskflow_api_etl_virtualenv.py
[2024-11-05 15:20:24,842] {processor.py:651} INFO - DAG(s) dict_keys(['tutorial_taskflow_api_etl_virtualenv']) retrieved from /home/paula/Documentos/airflow/venv/lib/python3.10/site-packages/airflow/example_dags/tutorial_taskflow_api_etl_virtualenv.py
[2024-11-05 15:20:24,855] {logging_mixin.py:115} INFO - [2024-11-05 15:20:24,855] {dag.py:2379} INFO - Sync 1 DAGs
[2024-11-05 15:20:24,872] {logging_mixin.py:115} INFO - [2024-11-05 15:20:24,872] {dag.py:2927} INFO - Setting next_dagrun for tutorial_taskflow_api_etl_virtualenv to None, run_after=None
[2024-11-05 15:20:25,068] {processor.py:161} INFO - Processing /home/paula/Documentos/airflow/venv/lib/python3.10/site-packages/airflow/example_dags/tutorial_taskflow_api_etl_virtualenv.py took 0.261 seconds
[2024-11-05 15:21:10,065] {processor.py:153} INFO - Started process (PID=1058360) to work on /home/paula/Documentos/airflow/venv/lib/python3.10/site-packages/airflow/example_dags/tutorial_taskflow_api_etl_virtualenv.py
[2024-11-05 15:21:10,084] {processor.py:641} INFO - Processing file /home/paula/Documentos/airflow/venv/lib/python3.10/site-packages/airflow/example_dags/tutorial_taskflow_api_etl_virtualenv.py for tasks to queue
[2024-11-05 15:21:10,087] {logging_mixin.py:115} INFO - [2024-11-05 15:21:10,087] {dagbag.py:507} INFO - Filling up the DagBag from /home/paula/Documentos/airflow/venv/lib/python3.10/site-packages/airflow/example_dags/tutorial_taskflow_api_etl_virtualenv.py
[2024-11-05 15:21:10,128] {processor.py:651} INFO - DAG(s) dict_keys(['tutorial_taskflow_api_etl_virtualenv']) retrieved from /home/paula/Documentos/airflow/venv/lib/python3.10/site-packages/airflow/example_dags/tutorial_taskflow_api_etl_virtualenv.py
[2024-11-05 15:21:10,221] {logging_mixin.py:115} INFO - [2024-11-05 15:21:10,221] {dag.py:2379} INFO - Sync 1 DAGs
[2024-11-05 15:21:10,256] {logging_mixin.py:115} INFO - [2024-11-05 15:21:10,256] {dag.py:2927} INFO - Setting next_dagrun for tutorial_taskflow_api_etl_virtualenv to None, run_after=None
[2024-11-05 15:21:10,414] {processor.py:161} INFO - Processing /home/paula/Documentos/airflow/venv/lib/python3.10/site-packages/airflow/example_dags/tutorial_taskflow_api_etl_virtualenv.py took 0.354 seconds
[2024-11-05 15:21:52,381] {processor.py:153} INFO - Started process (PID=1058636) to work on /home/paula/Documentos/airflow/venv/lib/python3.10/site-packages/airflow/example_dags/tutorial_taskflow_api_etl_virtualenv.py
[2024-11-05 15:21:52,402] {processor.py:641} INFO - Processing file /home/paula/Documentos/airflow/venv/lib/python3.10/site-packages/airflow/example_dags/tutorial_taskflow_api_etl_virtualenv.py for tasks to queue
[2024-11-05 15:21:52,403] {logging_mixin.py:115} INFO - [2024-11-05 15:21:52,403] {dagbag.py:507} INFO - Filling up the DagBag from /home/paula/Documentos/airflow/venv/lib/python3.10/site-packages/airflow/example_dags/tutorial_taskflow_api_etl_virtualenv.py
[2024-11-05 15:21:52,426] {processor.py:651} INFO - DAG(s) dict_keys(['tutorial_taskflow_api_etl_virtualenv']) retrieved from /home/paula/Documentos/airflow/venv/lib/python3.10/site-packages/airflow/example_dags/tutorial_taskflow_api_etl_virtualenv.py
[2024-11-05 15:21:52,479] {logging_mixin.py:115} INFO - [2024-11-05 15:21:52,479] {dag.py:2379} INFO - Sync 1 DAGs
[2024-11-05 15:21:52,498] {logging_mixin.py:115} INFO - [2024-11-05 15:21:52,498] {dag.py:2927} INFO - Setting next_dagrun for tutorial_taskflow_api_etl_virtualenv to None, run_after=None
[2024-11-05 15:21:52,589] {processor.py:161} INFO - Processing /home/paula/Documentos/airflow/venv/lib/python3.10/site-packages/airflow/example_dags/tutorial_taskflow_api_etl_virtualenv.py took 0.213 seconds
[2024-11-05 15:22:29,768] {processor.py:153} INFO - Started process (PID=1058864) to work on /home/paula/Documentos/airflow/venv/lib/python3.10/site-packages/airflow/example_dags/tutorial_taskflow_api_etl_virtualenv.py
[2024-11-05 15:22:29,775] {processor.py:641} INFO - Processing file /home/paula/Documentos/airflow/venv/lib/python3.10/site-packages/airflow/example_dags/tutorial_taskflow_api_etl_virtualenv.py for tasks to queue
[2024-11-05 15:22:29,775] {logging_mixin.py:115} INFO - [2024-11-05 15:22:29,775] {dagbag.py:507} INFO - Filling up the DagBag from /home/paula/Documentos/airflow/venv/lib/python3.10/site-packages/airflow/example_dags/tutorial_taskflow_api_etl_virtualenv.py
[2024-11-05 15:22:29,794] {processor.py:651} INFO - DAG(s) dict_keys(['tutorial_taskflow_api_etl_virtualenv']) retrieved from /home/paula/Documentos/airflow/venv/lib/python3.10/site-packages/airflow/example_dags/tutorial_taskflow_api_etl_virtualenv.py
[2024-11-05 15:22:29,810] {logging_mixin.py:115} INFO - [2024-11-05 15:22:29,810] {dag.py:2379} INFO - Sync 1 DAGs
[2024-11-05 15:22:29,839] {logging_mixin.py:115} INFO - [2024-11-05 15:22:29,839] {dag.py:2927} INFO - Setting next_dagrun for tutorial_taskflow_api_etl_virtualenv to None, run_after=None
[2024-11-05 15:22:29,929] {processor.py:161} INFO - Processing /home/paula/Documentos/airflow/venv/lib/python3.10/site-packages/airflow/example_dags/tutorial_taskflow_api_etl_virtualenv.py took 0.165 seconds
[2024-11-05 15:23:03,302] {processor.py:153} INFO - Started process (PID=1059069) to work on /home/paula/Documentos/airflow/venv/lib/python3.10/site-packages/airflow/example_dags/tutorial_taskflow_api_etl_virtualenv.py
[2024-11-05 15:23:03,322] {processor.py:641} INFO - Processing file /home/paula/Documentos/airflow/venv/lib/python3.10/site-packages/airflow/example_dags/tutorial_taskflow_api_etl_virtualenv.py for tasks to queue
[2024-11-05 15:23:03,323] {logging_mixin.py:115} INFO - [2024-11-05 15:23:03,322] {dagbag.py:507} INFO - Filling up the DagBag from /home/paula/Documentos/airflow/venv/lib/python3.10/site-packages/airflow/example_dags/tutorial_taskflow_api_etl_virtualenv.py
[2024-11-05 15:23:03,349] {processor.py:651} INFO - DAG(s) dict_keys(['tutorial_taskflow_api_etl_virtualenv']) retrieved from /home/paula/Documentos/airflow/venv/lib/python3.10/site-packages/airflow/example_dags/tutorial_taskflow_api_etl_virtualenv.py
[2024-11-05 15:23:03,365] {logging_mixin.py:115} INFO - [2024-11-05 15:23:03,364] {dag.py:2379} INFO - Sync 1 DAGs
[2024-11-05 15:23:03,395] {logging_mixin.py:115} INFO - [2024-11-05 15:23:03,395] {dag.py:2927} INFO - Setting next_dagrun for tutorial_taskflow_api_etl_virtualenv to None, run_after=None
[2024-11-05 15:23:03,563] {processor.py:161} INFO - Processing /home/paula/Documentos/airflow/venv/lib/python3.10/site-packages/airflow/example_dags/tutorial_taskflow_api_etl_virtualenv.py took 0.263 seconds
[2024-11-05 15:23:38,566] {processor.py:153} INFO - Started process (PID=1059310) to work on /home/paula/Documentos/airflow/venv/lib/python3.10/site-packages/airflow/example_dags/tutorial_taskflow_api_etl_virtualenv.py
[2024-11-05 15:23:38,566] {processor.py:641} INFO - Processing file /home/paula/Documentos/airflow/venv/lib/python3.10/site-packages/airflow/example_dags/tutorial_taskflow_api_etl_virtualenv.py for tasks to queue
[2024-11-05 15:23:38,567] {logging_mixin.py:115} INFO - [2024-11-05 15:23:38,567] {dagbag.py:507} INFO - Filling up the DagBag from /home/paula/Documentos/airflow/venv/lib/python3.10/site-packages/airflow/example_dags/tutorial_taskflow_api_etl_virtualenv.py
[2024-11-05 15:23:38,586] {processor.py:651} INFO - DAG(s) dict_keys(['tutorial_taskflow_api_etl_virtualenv']) retrieved from /home/paula/Documentos/airflow/venv/lib/python3.10/site-packages/airflow/example_dags/tutorial_taskflow_api_etl_virtualenv.py
[2024-11-05 15:23:38,630] {logging_mixin.py:115} INFO - [2024-11-05 15:23:38,630] {dag.py:2379} INFO - Sync 1 DAGs
[2024-11-05 15:23:38,646] {logging_mixin.py:115} INFO - [2024-11-05 15:23:38,646] {dag.py:2927} INFO - Setting next_dagrun for tutorial_taskflow_api_etl_virtualenv to None, run_after=None
[2024-11-05 15:23:38,771] {processor.py:161} INFO - Processing /home/paula/Documentos/airflow/venv/lib/python3.10/site-packages/airflow/example_dags/tutorial_taskflow_api_etl_virtualenv.py took 0.208 seconds
[2024-11-05 15:24:15,214] {processor.py:153} INFO - Started process (PID=1059544) to work on /home/paula/Documentos/airflow/venv/lib/python3.10/site-packages/airflow/example_dags/tutorial_taskflow_api_etl_virtualenv.py
[2024-11-05 15:24:15,215] {processor.py:641} INFO - Processing file /home/paula/Documentos/airflow/venv/lib/python3.10/site-packages/airflow/example_dags/tutorial_taskflow_api_etl_virtualenv.py for tasks to queue
[2024-11-05 15:24:15,216] {logging_mixin.py:115} INFO - [2024-11-05 15:24:15,215] {dagbag.py:507} INFO - Filling up the DagBag from /home/paula/Documentos/airflow/venv/lib/python3.10/site-packages/airflow/example_dags/tutorial_taskflow_api_etl_virtualenv.py
[2024-11-05 15:24:15,233] {processor.py:651} INFO - DAG(s) dict_keys(['tutorial_taskflow_api_etl_virtualenv']) retrieved from /home/paula/Documentos/airflow/venv/lib/python3.10/site-packages/airflow/example_dags/tutorial_taskflow_api_etl_virtualenv.py
[2024-11-05 15:24:15,280] {logging_mixin.py:115} INFO - [2024-11-05 15:24:15,279] {dag.py:2379} INFO - Sync 1 DAGs
[2024-11-05 15:24:15,296] {logging_mixin.py:115} INFO - [2024-11-05 15:24:15,296] {dag.py:2927} INFO - Setting next_dagrun for tutorial_taskflow_api_etl_virtualenv to None, run_after=None
[2024-11-05 15:24:15,411] {processor.py:161} INFO - Processing /home/paula/Documentos/airflow/venv/lib/python3.10/site-packages/airflow/example_dags/tutorial_taskflow_api_etl_virtualenv.py took 0.200 seconds
[2024-11-05 15:24:51,540] {processor.py:153} INFO - Started process (PID=1059758) to work on /home/paula/Documentos/airflow/venv/lib/python3.10/site-packages/airflow/example_dags/tutorial_taskflow_api_etl_virtualenv.py
[2024-11-05 15:24:51,541] {processor.py:641} INFO - Processing file /home/paula/Documentos/airflow/venv/lib/python3.10/site-packages/airflow/example_dags/tutorial_taskflow_api_etl_virtualenv.py for tasks to queue
[2024-11-05 15:24:51,542] {logging_mixin.py:115} INFO - [2024-11-05 15:24:51,542] {dagbag.py:507} INFO - Filling up the DagBag from /home/paula/Documentos/airflow/venv/lib/python3.10/site-packages/airflow/example_dags/tutorial_taskflow_api_etl_virtualenv.py
[2024-11-05 15:24:51,569] {processor.py:651} INFO - DAG(s) dict_keys(['tutorial_taskflow_api_etl_virtualenv']) retrieved from /home/paula/Documentos/airflow/venv/lib/python3.10/site-packages/airflow/example_dags/tutorial_taskflow_api_etl_virtualenv.py
[2024-11-05 15:24:51,621] {logging_mixin.py:115} INFO - [2024-11-05 15:24:51,620] {dag.py:2379} INFO - Sync 1 DAGs
[2024-11-05 15:24:51,636] {logging_mixin.py:115} INFO - [2024-11-05 15:24:51,636] {dag.py:2927} INFO - Setting next_dagrun for tutorial_taskflow_api_etl_virtualenv to None, run_after=None
[2024-11-05 15:24:51,764] {processor.py:161} INFO - Processing /home/paula/Documentos/airflow/venv/lib/python3.10/site-packages/airflow/example_dags/tutorial_taskflow_api_etl_virtualenv.py took 0.228 seconds
[2024-11-05 15:25:36,985] {processor.py:153} INFO - Started process (PID=1060144) to work on /home/paula/Documentos/airflow/venv/lib/python3.10/site-packages/airflow/example_dags/tutorial_taskflow_api_etl_virtualenv.py
[2024-11-05 15:25:37,019] {processor.py:641} INFO - Processing file /home/paula/Documentos/airflow/venv/lib/python3.10/site-packages/airflow/example_dags/tutorial_taskflow_api_etl_virtualenv.py for tasks to queue
[2024-11-05 15:25:37,021] {logging_mixin.py:115} INFO - [2024-11-05 15:25:37,020] {dagbag.py:507} INFO - Filling up the DagBag from /home/paula/Documentos/airflow/venv/lib/python3.10/site-packages/airflow/example_dags/tutorial_taskflow_api_etl_virtualenv.py
[2024-11-05 15:25:37,047] {processor.py:651} INFO - DAG(s) dict_keys(['tutorial_taskflow_api_etl_virtualenv']) retrieved from /home/paula/Documentos/airflow/venv/lib/python3.10/site-packages/airflow/example_dags/tutorial_taskflow_api_etl_virtualenv.py
[2024-11-05 15:25:37,198] {logging_mixin.py:115} INFO - [2024-11-05 15:25:37,198] {dag.py:2379} INFO - Sync 1 DAGs
[2024-11-05 15:25:37,217] {logging_mixin.py:115} INFO - [2024-11-05 15:25:37,217] {dag.py:2927} INFO - Setting next_dagrun for tutorial_taskflow_api_etl_virtualenv to None, run_after=None
[2024-11-05 15:25:37,379] {processor.py:161} INFO - Processing /home/paula/Documentos/airflow/venv/lib/python3.10/site-packages/airflow/example_dags/tutorial_taskflow_api_etl_virtualenv.py took 0.398 seconds
[2024-11-05 15:27:39,541] {processor.py:153} INFO - Started process (PID=1060788) to work on /home/paula/Documentos/airflow/venv/lib/python3.10/site-packages/airflow/example_dags/tutorial_taskflow_api_etl_virtualenv.py
[2024-11-05 15:27:39,553] {processor.py:641} INFO - Processing file /home/paula/Documentos/airflow/venv/lib/python3.10/site-packages/airflow/example_dags/tutorial_taskflow_api_etl_virtualenv.py for tasks to queue
[2024-11-05 15:27:39,554] {logging_mixin.py:115} INFO - [2024-11-05 15:27:39,554] {dagbag.py:507} INFO - Filling up the DagBag from /home/paula/Documentos/airflow/venv/lib/python3.10/site-packages/airflow/example_dags/tutorial_taskflow_api_etl_virtualenv.py
[2024-11-05 15:27:39,603] {processor.py:651} INFO - DAG(s) dict_keys(['tutorial_taskflow_api_etl_virtualenv']) retrieved from /home/paula/Documentos/airflow/venv/lib/python3.10/site-packages/airflow/example_dags/tutorial_taskflow_api_etl_virtualenv.py
[2024-11-05 15:27:39,677] {logging_mixin.py:115} INFO - [2024-11-05 15:27:39,677] {dag.py:2379} INFO - Sync 1 DAGs
[2024-11-05 15:27:39,702] {logging_mixin.py:115} INFO - [2024-11-05 15:27:39,702] {dag.py:2927} INFO - Setting next_dagrun for tutorial_taskflow_api_etl_virtualenv to None, run_after=None
[2024-11-05 15:27:39,841] {processor.py:161} INFO - Processing /home/paula/Documentos/airflow/venv/lib/python3.10/site-packages/airflow/example_dags/tutorial_taskflow_api_etl_virtualenv.py took 0.310 seconds
[2024-11-05 15:28:39,941] {processor.py:153} INFO - Started process (PID=1061253) to work on /home/paula/Documentos/airflow/venv/lib/python3.10/site-packages/airflow/example_dags/tutorial_taskflow_api_etl_virtualenv.py
[2024-11-05 15:28:39,986] {processor.py:641} INFO - Processing file /home/paula/Documentos/airflow/venv/lib/python3.10/site-packages/airflow/example_dags/tutorial_taskflow_api_etl_virtualenv.py for tasks to queue
[2024-11-05 15:28:39,987] {logging_mixin.py:115} INFO - [2024-11-05 15:28:39,986] {dagbag.py:507} INFO - Filling up the DagBag from /home/paula/Documentos/airflow/venv/lib/python3.10/site-packages/airflow/example_dags/tutorial_taskflow_api_etl_virtualenv.py
[2024-11-05 15:28:40,057] {processor.py:651} INFO - DAG(s) dict_keys(['tutorial_taskflow_api_etl_virtualenv']) retrieved from /home/paula/Documentos/airflow/venv/lib/python3.10/site-packages/airflow/example_dags/tutorial_taskflow_api_etl_virtualenv.py
[2024-11-05 15:28:40,224] {logging_mixin.py:115} INFO - [2024-11-05 15:28:40,224] {dag.py:2379} INFO - Sync 1 DAGs
[2024-11-05 15:28:40,251] {logging_mixin.py:115} INFO - [2024-11-05 15:28:40,251] {dag.py:2927} INFO - Setting next_dagrun for tutorial_taskflow_api_etl_virtualenv to None, run_after=None
[2024-11-05 15:28:40,410] {processor.py:161} INFO - Processing /home/paula/Documentos/airflow/venv/lib/python3.10/site-packages/airflow/example_dags/tutorial_taskflow_api_etl_virtualenv.py took 0.472 seconds
[2024-11-05 15:29:21,686] {processor.py:153} INFO - Started process (PID=1061499) to work on /home/paula/Documentos/airflow/venv/lib/python3.10/site-packages/airflow/example_dags/tutorial_taskflow_api_etl_virtualenv.py
[2024-11-05 15:29:21,688] {processor.py:641} INFO - Processing file /home/paula/Documentos/airflow/venv/lib/python3.10/site-packages/airflow/example_dags/tutorial_taskflow_api_etl_virtualenv.py for tasks to queue
[2024-11-05 15:29:21,689] {logging_mixin.py:115} INFO - [2024-11-05 15:29:21,689] {dagbag.py:507} INFO - Filling up the DagBag from /home/paula/Documentos/airflow/venv/lib/python3.10/site-packages/airflow/example_dags/tutorial_taskflow_api_etl_virtualenv.py
[2024-11-05 15:29:21,712] {processor.py:651} INFO - DAG(s) dict_keys(['tutorial_taskflow_api_etl_virtualenv']) retrieved from /home/paula/Documentos/airflow/venv/lib/python3.10/site-packages/airflow/example_dags/tutorial_taskflow_api_etl_virtualenv.py
[2024-11-05 15:29:21,757] {logging_mixin.py:115} INFO - [2024-11-05 15:29:21,757] {dag.py:2379} INFO - Sync 1 DAGs
[2024-11-05 15:29:21,773] {logging_mixin.py:115} INFO - [2024-11-05 15:29:21,773] {dag.py:2927} INFO - Setting next_dagrun for tutorial_taskflow_api_etl_virtualenv to None, run_after=None
[2024-11-05 15:29:21,881] {processor.py:161} INFO - Processing /home/paula/Documentos/airflow/venv/lib/python3.10/site-packages/airflow/example_dags/tutorial_taskflow_api_etl_virtualenv.py took 0.199 seconds
[2024-11-05 15:30:07,205] {processor.py:153} INFO - Started process (PID=1061815) to work on /home/paula/Documentos/airflow/venv/lib/python3.10/site-packages/airflow/example_dags/tutorial_taskflow_api_etl_virtualenv.py
[2024-11-05 15:30:07,206] {processor.py:641} INFO - Processing file /home/paula/Documentos/airflow/venv/lib/python3.10/site-packages/airflow/example_dags/tutorial_taskflow_api_etl_virtualenv.py for tasks to queue
[2024-11-05 15:30:07,206] {logging_mixin.py:115} INFO - [2024-11-05 15:30:07,206] {dagbag.py:507} INFO - Filling up the DagBag from /home/paula/Documentos/airflow/venv/lib/python3.10/site-packages/airflow/example_dags/tutorial_taskflow_api_etl_virtualenv.py
[2024-11-05 15:30:07,226] {processor.py:651} INFO - DAG(s) dict_keys(['tutorial_taskflow_api_etl_virtualenv']) retrieved from /home/paula/Documentos/airflow/venv/lib/python3.10/site-packages/airflow/example_dags/tutorial_taskflow_api_etl_virtualenv.py
[2024-11-05 15:30:07,240] {logging_mixin.py:115} INFO - [2024-11-05 15:30:07,240] {dag.py:2379} INFO - Sync 1 DAGs
[2024-11-05 15:30:07,257] {logging_mixin.py:115} INFO - [2024-11-05 15:30:07,257] {dag.py:2927} INFO - Setting next_dagrun for tutorial_taskflow_api_etl_virtualenv to None, run_after=None
[2024-11-05 15:30:07,344] {processor.py:161} INFO - Processing /home/paula/Documentos/airflow/venv/lib/python3.10/site-packages/airflow/example_dags/tutorial_taskflow_api_etl_virtualenv.py took 0.142 seconds
[2024-11-05 15:30:46,895] {processor.py:153} INFO - Started process (PID=1062044) to work on /home/paula/Documentos/airflow/venv/lib/python3.10/site-packages/airflow/example_dags/tutorial_taskflow_api_etl_virtualenv.py
[2024-11-05 15:30:46,919] {processor.py:641} INFO - Processing file /home/paula/Documentos/airflow/venv/lib/python3.10/site-packages/airflow/example_dags/tutorial_taskflow_api_etl_virtualenv.py for tasks to queue
[2024-11-05 15:30:46,920] {logging_mixin.py:115} INFO - [2024-11-05 15:30:46,920] {dagbag.py:507} INFO - Filling up the DagBag from /home/paula/Documentos/airflow/venv/lib/python3.10/site-packages/airflow/example_dags/tutorial_taskflow_api_etl_virtualenv.py
[2024-11-05 15:30:46,943] {processor.py:651} INFO - DAG(s) dict_keys(['tutorial_taskflow_api_etl_virtualenv']) retrieved from /home/paula/Documentos/airflow/venv/lib/python3.10/site-packages/airflow/example_dags/tutorial_taskflow_api_etl_virtualenv.py
[2024-11-05 15:30:46,984] {logging_mixin.py:115} INFO - [2024-11-05 15:30:46,984] {dag.py:2379} INFO - Sync 1 DAGs
[2024-11-05 15:30:46,998] {logging_mixin.py:115} INFO - [2024-11-05 15:30:46,998] {dag.py:2927} INFO - Setting next_dagrun for tutorial_taskflow_api_etl_virtualenv to None, run_after=None
[2024-11-05 15:30:47,096] {processor.py:161} INFO - Processing /home/paula/Documentos/airflow/venv/lib/python3.10/site-packages/airflow/example_dags/tutorial_taskflow_api_etl_virtualenv.py took 0.205 seconds
[2024-11-05 15:31:28,487] {processor.py:153} INFO - Started process (PID=1062292) to work on /home/paula/Documentos/airflow/venv/lib/python3.10/site-packages/airflow/example_dags/tutorial_taskflow_api_etl_virtualenv.py
[2024-11-05 15:31:28,509] {processor.py:641} INFO - Processing file /home/paula/Documentos/airflow/venv/lib/python3.10/site-packages/airflow/example_dags/tutorial_taskflow_api_etl_virtualenv.py for tasks to queue
[2024-11-05 15:31:28,510] {logging_mixin.py:115} INFO - [2024-11-05 15:31:28,510] {dagbag.py:507} INFO - Filling up the DagBag from /home/paula/Documentos/airflow/venv/lib/python3.10/site-packages/airflow/example_dags/tutorial_taskflow_api_etl_virtualenv.py
[2024-11-05 15:31:28,533] {processor.py:651} INFO - DAG(s) dict_keys(['tutorial_taskflow_api_etl_virtualenv']) retrieved from /home/paula/Documentos/airflow/venv/lib/python3.10/site-packages/airflow/example_dags/tutorial_taskflow_api_etl_virtualenv.py
[2024-11-05 15:31:28,550] {logging_mixin.py:115} INFO - [2024-11-05 15:31:28,550] {dag.py:2379} INFO - Sync 1 DAGs
[2024-11-05 15:31:28,567] {logging_mixin.py:115} INFO - [2024-11-05 15:31:28,567] {dag.py:2927} INFO - Setting next_dagrun for tutorial_taskflow_api_etl_virtualenv to None, run_after=None
[2024-11-05 15:31:28,648] {processor.py:161} INFO - Processing /home/paula/Documentos/airflow/venv/lib/python3.10/site-packages/airflow/example_dags/tutorial_taskflow_api_etl_virtualenv.py took 0.164 seconds
[2024-11-05 15:32:26,434] {processor.py:153} INFO - Started process (PID=1062652) to work on /home/paula/Documentos/airflow/venv/lib/python3.10/site-packages/airflow/example_dags/tutorial_taskflow_api_etl_virtualenv.py
[2024-11-05 15:32:26,450] {processor.py:641} INFO - Processing file /home/paula/Documentos/airflow/venv/lib/python3.10/site-packages/airflow/example_dags/tutorial_taskflow_api_etl_virtualenv.py for tasks to queue
[2024-11-05 15:32:26,451] {logging_mixin.py:115} INFO - [2024-11-05 15:32:26,451] {dagbag.py:507} INFO - Filling up the DagBag from /home/paula/Documentos/airflow/venv/lib/python3.10/site-packages/airflow/example_dags/tutorial_taskflow_api_etl_virtualenv.py
[2024-11-05 15:32:26,504] {processor.py:651} INFO - DAG(s) dict_keys(['tutorial_taskflow_api_etl_virtualenv']) retrieved from /home/paula/Documentos/airflow/venv/lib/python3.10/site-packages/airflow/example_dags/tutorial_taskflow_api_etl_virtualenv.py
[2024-11-05 15:32:26,660] {logging_mixin.py:115} INFO - [2024-11-05 15:32:26,660] {dag.py:2379} INFO - Sync 1 DAGs
[2024-11-05 15:32:26,687] {logging_mixin.py:115} INFO - [2024-11-05 15:32:26,687] {dag.py:2927} INFO - Setting next_dagrun for tutorial_taskflow_api_etl_virtualenv to None, run_after=None
[2024-11-05 15:32:26,907] {processor.py:161} INFO - Processing /home/paula/Documentos/airflow/venv/lib/python3.10/site-packages/airflow/example_dags/tutorial_taskflow_api_etl_virtualenv.py took 0.482 seconds
[2024-11-05 15:33:07,116] {processor.py:153} INFO - Started process (PID=1062946) to work on /home/paula/Documentos/airflow/venv/lib/python3.10/site-packages/airflow/example_dags/tutorial_taskflow_api_etl_virtualenv.py
[2024-11-05 15:33:07,117] {processor.py:641} INFO - Processing file /home/paula/Documentos/airflow/venv/lib/python3.10/site-packages/airflow/example_dags/tutorial_taskflow_api_etl_virtualenv.py for tasks to queue
[2024-11-05 15:33:07,118] {logging_mixin.py:115} INFO - [2024-11-05 15:33:07,118] {dagbag.py:507} INFO - Filling up the DagBag from /home/paula/Documentos/airflow/venv/lib/python3.10/site-packages/airflow/example_dags/tutorial_taskflow_api_etl_virtualenv.py
[2024-11-05 15:33:07,138] {processor.py:651} INFO - DAG(s) dict_keys(['tutorial_taskflow_api_etl_virtualenv']) retrieved from /home/paula/Documentos/airflow/venv/lib/python3.10/site-packages/airflow/example_dags/tutorial_taskflow_api_etl_virtualenv.py
[2024-11-05 15:33:07,296] {logging_mixin.py:115} INFO - [2024-11-05 15:33:07,296] {dag.py:2379} INFO - Sync 1 DAGs
[2024-11-05 15:33:07,332] {logging_mixin.py:115} INFO - [2024-11-05 15:33:07,332] {dag.py:2927} INFO - Setting next_dagrun for tutorial_taskflow_api_etl_virtualenv to None, run_after=None
[2024-11-05 15:33:07,599] {processor.py:161} INFO - Processing /home/paula/Documentos/airflow/venv/lib/python3.10/site-packages/airflow/example_dags/tutorial_taskflow_api_etl_virtualenv.py took 0.486 seconds
[2024-11-05 15:33:48,958] {processor.py:153} INFO - Started process (PID=1063203) to work on /home/paula/Documentos/airflow/venv/lib/python3.10/site-packages/airflow/example_dags/tutorial_taskflow_api_etl_virtualenv.py
[2024-11-05 15:33:48,959] {processor.py:641} INFO - Processing file /home/paula/Documentos/airflow/venv/lib/python3.10/site-packages/airflow/example_dags/tutorial_taskflow_api_etl_virtualenv.py for tasks to queue
[2024-11-05 15:33:48,960] {logging_mixin.py:115} INFO - [2024-11-05 15:33:48,959] {dagbag.py:507} INFO - Filling up the DagBag from /home/paula/Documentos/airflow/venv/lib/python3.10/site-packages/airflow/example_dags/tutorial_taskflow_api_etl_virtualenv.py
[2024-11-05 15:33:48,980] {processor.py:651} INFO - DAG(s) dict_keys(['tutorial_taskflow_api_etl_virtualenv']) retrieved from /home/paula/Documentos/airflow/venv/lib/python3.10/site-packages/airflow/example_dags/tutorial_taskflow_api_etl_virtualenv.py
[2024-11-05 15:33:48,993] {logging_mixin.py:115} INFO - [2024-11-05 15:33:48,993] {dag.py:2379} INFO - Sync 1 DAGs
[2024-11-05 15:33:49,010] {logging_mixin.py:115} INFO - [2024-11-05 15:33:49,010] {dag.py:2927} INFO - Setting next_dagrun for tutorial_taskflow_api_etl_virtualenv to None, run_after=None
[2024-11-05 15:33:49,122] {processor.py:161} INFO - Processing /home/paula/Documentos/airflow/venv/lib/python3.10/site-packages/airflow/example_dags/tutorial_taskflow_api_etl_virtualenv.py took 0.167 seconds
[2024-11-05 15:34:31,942] {processor.py:153} INFO - Started process (PID=1063565) to work on /home/paula/Documentos/airflow/venv/lib/python3.10/site-packages/airflow/example_dags/tutorial_taskflow_api_etl_virtualenv.py
[2024-11-05 15:34:32,048] {processor.py:641} INFO - Processing file /home/paula/Documentos/airflow/venv/lib/python3.10/site-packages/airflow/example_dags/tutorial_taskflow_api_etl_virtualenv.py for tasks to queue
[2024-11-05 15:34:32,049] {logging_mixin.py:115} INFO - [2024-11-05 15:34:32,049] {dagbag.py:507} INFO - Filling up the DagBag from /home/paula/Documentos/airflow/venv/lib/python3.10/site-packages/airflow/example_dags/tutorial_taskflow_api_etl_virtualenv.py
[2024-11-05 15:34:32,076] {processor.py:651} INFO - DAG(s) dict_keys(['tutorial_taskflow_api_etl_virtualenv']) retrieved from /home/paula/Documentos/airflow/venv/lib/python3.10/site-packages/airflow/example_dags/tutorial_taskflow_api_etl_virtualenv.py
[2024-11-05 15:34:32,131] {logging_mixin.py:115} INFO - [2024-11-05 15:34:32,131] {dag.py:2379} INFO - Sync 1 DAGs
[2024-11-05 15:34:32,147] {logging_mixin.py:115} INFO - [2024-11-05 15:34:32,147] {dag.py:2927} INFO - Setting next_dagrun for tutorial_taskflow_api_etl_virtualenv to None, run_after=None
[2024-11-05 15:34:32,296] {processor.py:161} INFO - Processing /home/paula/Documentos/airflow/venv/lib/python3.10/site-packages/airflow/example_dags/tutorial_taskflow_api_etl_virtualenv.py took 0.357 seconds
[2024-11-05 15:35:05,783] {processor.py:153} INFO - Started process (PID=1063817) to work on /home/paula/Documentos/airflow/venv/lib/python3.10/site-packages/airflow/example_dags/tutorial_taskflow_api_etl_virtualenv.py
[2024-11-05 15:35:05,791] {processor.py:641} INFO - Processing file /home/paula/Documentos/airflow/venv/lib/python3.10/site-packages/airflow/example_dags/tutorial_taskflow_api_etl_virtualenv.py for tasks to queue
[2024-11-05 15:35:05,792] {logging_mixin.py:115} INFO - [2024-11-05 15:35:05,792] {dagbag.py:507} INFO - Filling up the DagBag from /home/paula/Documentos/airflow/venv/lib/python3.10/site-packages/airflow/example_dags/tutorial_taskflow_api_etl_virtualenv.py
[2024-11-05 15:35:05,825] {processor.py:651} INFO - DAG(s) dict_keys(['tutorial_taskflow_api_etl_virtualenv']) retrieved from /home/paula/Documentos/airflow/venv/lib/python3.10/site-packages/airflow/example_dags/tutorial_taskflow_api_etl_virtualenv.py
[2024-11-05 15:35:05,856] {logging_mixin.py:115} INFO - [2024-11-05 15:35:05,856] {dag.py:2379} INFO - Sync 1 DAGs
[2024-11-05 15:35:05,882] {logging_mixin.py:115} INFO - [2024-11-05 15:35:05,882] {dag.py:2927} INFO - Setting next_dagrun for tutorial_taskflow_api_etl_virtualenv to None, run_after=None
[2024-11-05 15:35:05,979] {processor.py:161} INFO - Processing /home/paula/Documentos/airflow/venv/lib/python3.10/site-packages/airflow/example_dags/tutorial_taskflow_api_etl_virtualenv.py took 0.199 seconds
[2024-11-05 15:35:41,161] {processor.py:153} INFO - Started process (PID=1064031) to work on /home/paula/Documentos/airflow/venv/lib/python3.10/site-packages/airflow/example_dags/tutorial_taskflow_api_etl_virtualenv.py
[2024-11-05 15:35:41,176] {processor.py:641} INFO - Processing file /home/paula/Documentos/airflow/venv/lib/python3.10/site-packages/airflow/example_dags/tutorial_taskflow_api_etl_virtualenv.py for tasks to queue
[2024-11-05 15:35:41,176] {logging_mixin.py:115} INFO - [2024-11-05 15:35:41,176] {dagbag.py:507} INFO - Filling up the DagBag from /home/paula/Documentos/airflow/venv/lib/python3.10/site-packages/airflow/example_dags/tutorial_taskflow_api_etl_virtualenv.py
[2024-11-05 15:35:41,200] {processor.py:651} INFO - DAG(s) dict_keys(['tutorial_taskflow_api_etl_virtualenv']) retrieved from /home/paula/Documentos/airflow/venv/lib/python3.10/site-packages/airflow/example_dags/tutorial_taskflow_api_etl_virtualenv.py
[2024-11-05 15:35:41,242] {logging_mixin.py:115} INFO - [2024-11-05 15:35:41,242] {dag.py:2379} INFO - Sync 1 DAGs
[2024-11-05 15:35:41,256] {logging_mixin.py:115} INFO - [2024-11-05 15:35:41,256] {dag.py:2927} INFO - Setting next_dagrun for tutorial_taskflow_api_etl_virtualenv to None, run_after=None
[2024-11-05 15:35:41,382] {processor.py:161} INFO - Processing /home/paula/Documentos/airflow/venv/lib/python3.10/site-packages/airflow/example_dags/tutorial_taskflow_api_etl_virtualenv.py took 0.225 seconds
[2024-11-05 15:39:29,922] {processor.py:153} INFO - Started process (PID=1065124) to work on /home/paula/Documentos/airflow/venv/lib/python3.10/site-packages/airflow/example_dags/tutorial_taskflow_api_etl_virtualenv.py
[2024-11-05 15:39:29,923] {processor.py:641} INFO - Processing file /home/paula/Documentos/airflow/venv/lib/python3.10/site-packages/airflow/example_dags/tutorial_taskflow_api_etl_virtualenv.py for tasks to queue
[2024-11-05 15:39:29,924] {logging_mixin.py:115} INFO - [2024-11-05 15:39:29,923] {dagbag.py:507} INFO - Filling up the DagBag from /home/paula/Documentos/airflow/venv/lib/python3.10/site-packages/airflow/example_dags/tutorial_taskflow_api_etl_virtualenv.py
[2024-11-05 15:39:29,940] {processor.py:651} INFO - DAG(s) dict_keys(['tutorial_taskflow_api_etl_virtualenv']) retrieved from /home/paula/Documentos/airflow/venv/lib/python3.10/site-packages/airflow/example_dags/tutorial_taskflow_api_etl_virtualenv.py
[2024-11-05 15:39:29,981] {logging_mixin.py:115} INFO - [2024-11-05 15:39:29,981] {dag.py:2379} INFO - Sync 1 DAGs
[2024-11-05 15:39:29,994] {logging_mixin.py:115} INFO - [2024-11-05 15:39:29,994] {dag.py:2927} INFO - Setting next_dagrun for tutorial_taskflow_api_etl_virtualenv to None, run_after=None
[2024-11-05 15:39:30,094] {processor.py:161} INFO - Processing /home/paula/Documentos/airflow/venv/lib/python3.10/site-packages/airflow/example_dags/tutorial_taskflow_api_etl_virtualenv.py took 0.174 seconds
[2024-11-05 15:40:14,339] {processor.py:153} INFO - Started process (PID=1066066) to work on /home/paula/Documentos/airflow/venv/lib/python3.10/site-packages/airflow/example_dags/tutorial_taskflow_api_etl_virtualenv.py
[2024-11-05 15:40:14,339] {processor.py:641} INFO - Processing file /home/paula/Documentos/airflow/venv/lib/python3.10/site-packages/airflow/example_dags/tutorial_taskflow_api_etl_virtualenv.py for tasks to queue
[2024-11-05 15:40:14,340] {logging_mixin.py:115} INFO - [2024-11-05 15:40:14,340] {dagbag.py:507} INFO - Filling up the DagBag from /home/paula/Documentos/airflow/venv/lib/python3.10/site-packages/airflow/example_dags/tutorial_taskflow_api_etl_virtualenv.py
[2024-11-05 15:40:14,360] {processor.py:651} INFO - DAG(s) dict_keys(['tutorial_taskflow_api_etl_virtualenv']) retrieved from /home/paula/Documentos/airflow/venv/lib/python3.10/site-packages/airflow/example_dags/tutorial_taskflow_api_etl_virtualenv.py
[2024-11-05 15:40:14,401] {logging_mixin.py:115} INFO - [2024-11-05 15:40:14,401] {dag.py:2379} INFO - Sync 1 DAGs
[2024-11-05 15:40:14,419] {logging_mixin.py:115} INFO - [2024-11-05 15:40:14,419] {dag.py:2927} INFO - Setting next_dagrun for tutorial_taskflow_api_etl_virtualenv to None, run_after=None
[2024-11-05 15:40:14,546] {processor.py:161} INFO - Processing /home/paula/Documentos/airflow/venv/lib/python3.10/site-packages/airflow/example_dags/tutorial_taskflow_api_etl_virtualenv.py took 0.211 seconds
[2024-11-05 15:41:01,655] {processor.py:153} INFO - Started process (PID=1066375) to work on /home/paula/Documentos/airflow/venv/lib/python3.10/site-packages/airflow/example_dags/tutorial_taskflow_api_etl_virtualenv.py
[2024-11-05 15:41:01,656] {processor.py:641} INFO - Processing file /home/paula/Documentos/airflow/venv/lib/python3.10/site-packages/airflow/example_dags/tutorial_taskflow_api_etl_virtualenv.py for tasks to queue
[2024-11-05 15:41:01,656] {logging_mixin.py:115} INFO - [2024-11-05 15:41:01,656] {dagbag.py:507} INFO - Filling up the DagBag from /home/paula/Documentos/airflow/venv/lib/python3.10/site-packages/airflow/example_dags/tutorial_taskflow_api_etl_virtualenv.py
[2024-11-05 15:41:01,684] {processor.py:651} INFO - DAG(s) dict_keys(['tutorial_taskflow_api_etl_virtualenv']) retrieved from /home/paula/Documentos/airflow/venv/lib/python3.10/site-packages/airflow/example_dags/tutorial_taskflow_api_etl_virtualenv.py
[2024-11-05 15:41:01,697] {logging_mixin.py:115} INFO - [2024-11-05 15:41:01,697] {dag.py:2379} INFO - Sync 1 DAGs
[2024-11-05 15:41:01,715] {logging_mixin.py:115} INFO - [2024-11-05 15:41:01,715] {dag.py:2927} INFO - Setting next_dagrun for tutorial_taskflow_api_etl_virtualenv to None, run_after=None
[2024-11-05 15:41:01,805] {processor.py:161} INFO - Processing /home/paula/Documentos/airflow/venv/lib/python3.10/site-packages/airflow/example_dags/tutorial_taskflow_api_etl_virtualenv.py took 0.153 seconds
