[2024-11-05 15:07:24,762] {processor.py:153} INFO - Started process (PID=1053015) to work on /home/paula/Documentos/airflow/venv/lib/python3.10/site-packages/airflow/example_dags/tutorial_taskflow_api_etl.py
[2024-11-05 15:07:24,764] {processor.py:641} INFO - Processing file /home/paula/Documentos/airflow/venv/lib/python3.10/site-packages/airflow/example_dags/tutorial_taskflow_api_etl.py for tasks to queue
[2024-11-05 15:07:24,767] {logging_mixin.py:115} INFO - [2024-11-05 15:07:24,767] {dagbag.py:507} INFO - Filling up the DagBag from /home/paula/Documentos/airflow/venv/lib/python3.10/site-packages/airflow/example_dags/tutorial_taskflow_api_etl.py
[2024-11-05 15:07:24,800] {processor.py:651} INFO - DAG(s) dict_keys(['tutorial_taskflow_api_etl']) retrieved from /home/paula/Documentos/airflow/venv/lib/python3.10/site-packages/airflow/example_dags/tutorial_taskflow_api_etl.py
[2024-11-05 15:07:25,267] {logging_mixin.py:115} INFO - [2024-11-05 15:07:25,267] {manager.py:508} INFO - Created Permission View: can edit on DAG:tutorial_taskflow_api_etl
[2024-11-05 15:07:25,480] {logging_mixin.py:115} INFO - [2024-11-05 15:07:25,480] {manager.py:508} INFO - Created Permission View: can read on DAG:tutorial_taskflow_api_etl
[2024-11-05 15:07:25,658] {logging_mixin.py:115} INFO - [2024-11-05 15:07:25,658] {manager.py:508} INFO - Created Permission View: can delete on DAG:tutorial_taskflow_api_etl
[2024-11-05 15:07:25,659] {logging_mixin.py:115} INFO - [2024-11-05 15:07:25,659] {dag.py:2379} INFO - Sync 1 DAGs
[2024-11-05 15:07:25,688] {logging_mixin.py:115} INFO - [2024-11-05 15:07:25,688] {dag.py:2398} INFO - Creating ORM DAG for tutorial_taskflow_api_etl
[2024-11-05 15:07:25,715] {logging_mixin.py:115} INFO - [2024-11-05 15:07:25,715] {dag.py:2927} INFO - Setting next_dagrun for tutorial_taskflow_api_etl to None, run_after=None
[2024-11-05 15:07:26,012] {processor.py:161} INFO - Processing /home/paula/Documentos/airflow/venv/lib/python3.10/site-packages/airflow/example_dags/tutorial_taskflow_api_etl.py took 1.253 seconds
[2024-11-05 15:08:38,119] {processor.py:153} INFO - Started process (PID=1053645) to work on /home/paula/Documentos/airflow/venv/lib/python3.10/site-packages/airflow/example_dags/tutorial_taskflow_api_etl.py
[2024-11-05 15:08:38,134] {processor.py:641} INFO - Processing file /home/paula/Documentos/airflow/venv/lib/python3.10/site-packages/airflow/example_dags/tutorial_taskflow_api_etl.py for tasks to queue
[2024-11-05 15:08:38,135] {logging_mixin.py:115} INFO - [2024-11-05 15:08:38,135] {dagbag.py:507} INFO - Filling up the DagBag from /home/paula/Documentos/airflow/venv/lib/python3.10/site-packages/airflow/example_dags/tutorial_taskflow_api_etl.py
[2024-11-05 15:08:38,155] {processor.py:651} INFO - DAG(s) dict_keys(['tutorial_taskflow_api_etl']) retrieved from /home/paula/Documentos/airflow/venv/lib/python3.10/site-packages/airflow/example_dags/tutorial_taskflow_api_etl.py
[2024-11-05 15:08:38,215] {logging_mixin.py:115} INFO - [2024-11-05 15:08:38,215] {dag.py:2379} INFO - Sync 1 DAGs
[2024-11-05 15:08:38,238] {logging_mixin.py:115} INFO - [2024-11-05 15:08:38,237] {dag.py:2927} INFO - Setting next_dagrun for tutorial_taskflow_api_etl to None, run_after=None
[2024-11-05 15:08:38,399] {processor.py:161} INFO - Processing /home/paula/Documentos/airflow/venv/lib/python3.10/site-packages/airflow/example_dags/tutorial_taskflow_api_etl.py took 0.283 seconds
[2024-11-05 15:09:19,474] {processor.py:153} INFO - Started process (PID=1053859) to work on /home/paula/Documentos/airflow/venv/lib/python3.10/site-packages/airflow/example_dags/tutorial_taskflow_api_etl.py
[2024-11-05 15:09:19,488] {processor.py:641} INFO - Processing file /home/paula/Documentos/airflow/venv/lib/python3.10/site-packages/airflow/example_dags/tutorial_taskflow_api_etl.py for tasks to queue
[2024-11-05 15:09:19,489] {logging_mixin.py:115} INFO - [2024-11-05 15:09:19,489] {dagbag.py:507} INFO - Filling up the DagBag from /home/paula/Documentos/airflow/venv/lib/python3.10/site-packages/airflow/example_dags/tutorial_taskflow_api_etl.py
[2024-11-05 15:09:19,505] {processor.py:651} INFO - DAG(s) dict_keys(['tutorial_taskflow_api_etl']) retrieved from /home/paula/Documentos/airflow/venv/lib/python3.10/site-packages/airflow/example_dags/tutorial_taskflow_api_etl.py
[2024-11-05 15:09:19,520] {logging_mixin.py:115} INFO - [2024-11-05 15:09:19,520] {dag.py:2379} INFO - Sync 1 DAGs
[2024-11-05 15:09:19,541] {logging_mixin.py:115} INFO - [2024-11-05 15:09:19,541] {dag.py:2927} INFO - Setting next_dagrun for tutorial_taskflow_api_etl to None, run_after=None
[2024-11-05 15:09:19,737] {processor.py:161} INFO - Processing /home/paula/Documentos/airflow/venv/lib/python3.10/site-packages/airflow/example_dags/tutorial_taskflow_api_etl.py took 0.266 seconds
[2024-11-05 15:09:58,873] {processor.py:153} INFO - Started process (PID=1054057) to work on /home/paula/Documentos/airflow/venv/lib/python3.10/site-packages/airflow/example_dags/tutorial_taskflow_api_etl.py
[2024-11-05 15:09:58,886] {processor.py:641} INFO - Processing file /home/paula/Documentos/airflow/venv/lib/python3.10/site-packages/airflow/example_dags/tutorial_taskflow_api_etl.py for tasks to queue
[2024-11-05 15:09:58,887] {logging_mixin.py:115} INFO - [2024-11-05 15:09:58,887] {dagbag.py:507} INFO - Filling up the DagBag from /home/paula/Documentos/airflow/venv/lib/python3.10/site-packages/airflow/example_dags/tutorial_taskflow_api_etl.py
[2024-11-05 15:09:58,906] {processor.py:651} INFO - DAG(s) dict_keys(['tutorial_taskflow_api_etl']) retrieved from /home/paula/Documentos/airflow/venv/lib/python3.10/site-packages/airflow/example_dags/tutorial_taskflow_api_etl.py
[2024-11-05 15:09:58,947] {logging_mixin.py:115} INFO - [2024-11-05 15:09:58,947] {dag.py:2379} INFO - Sync 1 DAGs
[2024-11-05 15:09:58,960] {logging_mixin.py:115} INFO - [2024-11-05 15:09:58,960] {dag.py:2927} INFO - Setting next_dagrun for tutorial_taskflow_api_etl to None, run_after=None
[2024-11-05 15:09:59,210] {processor.py:161} INFO - Processing /home/paula/Documentos/airflow/venv/lib/python3.10/site-packages/airflow/example_dags/tutorial_taskflow_api_etl.py took 0.340 seconds
[2024-11-05 15:10:47,419] {processor.py:153} INFO - Started process (PID=1054556) to work on /home/paula/Documentos/airflow/venv/lib/python3.10/site-packages/airflow/example_dags/tutorial_taskflow_api_etl.py
[2024-11-05 15:10:47,447] {processor.py:641} INFO - Processing file /home/paula/Documentos/airflow/venv/lib/python3.10/site-packages/airflow/example_dags/tutorial_taskflow_api_etl.py for tasks to queue
[2024-11-05 15:10:47,447] {logging_mixin.py:115} INFO - [2024-11-05 15:10:47,447] {dagbag.py:507} INFO - Filling up the DagBag from /home/paula/Documentos/airflow/venv/lib/python3.10/site-packages/airflow/example_dags/tutorial_taskflow_api_etl.py
[2024-11-05 15:10:47,469] {processor.py:651} INFO - DAG(s) dict_keys(['tutorial_taskflow_api_etl']) retrieved from /home/paula/Documentos/airflow/venv/lib/python3.10/site-packages/airflow/example_dags/tutorial_taskflow_api_etl.py
[2024-11-05 15:10:47,514] {logging_mixin.py:115} INFO - [2024-11-05 15:10:47,514] {dag.py:2379} INFO - Sync 1 DAGs
[2024-11-05 15:10:47,529] {logging_mixin.py:115} INFO - [2024-11-05 15:10:47,529] {dag.py:2927} INFO - Setting next_dagrun for tutorial_taskflow_api_etl to None, run_after=None
[2024-11-05 15:10:47,791] {processor.py:161} INFO - Processing /home/paula/Documentos/airflow/venv/lib/python3.10/site-packages/airflow/example_dags/tutorial_taskflow_api_etl.py took 0.378 seconds
[2024-11-05 15:11:21,699] {processor.py:153} INFO - Started process (PID=1054731) to work on /home/paula/Documentos/airflow/venv/lib/python3.10/site-packages/airflow/example_dags/tutorial_taskflow_api_etl.py
[2024-11-05 15:11:21,715] {processor.py:641} INFO - Processing file /home/paula/Documentos/airflow/venv/lib/python3.10/site-packages/airflow/example_dags/tutorial_taskflow_api_etl.py for tasks to queue
[2024-11-05 15:11:21,715] {logging_mixin.py:115} INFO - [2024-11-05 15:11:21,715] {dagbag.py:507} INFO - Filling up the DagBag from /home/paula/Documentos/airflow/venv/lib/python3.10/site-packages/airflow/example_dags/tutorial_taskflow_api_etl.py
[2024-11-05 15:11:21,736] {processor.py:651} INFO - DAG(s) dict_keys(['tutorial_taskflow_api_etl']) retrieved from /home/paula/Documentos/airflow/venv/lib/python3.10/site-packages/airflow/example_dags/tutorial_taskflow_api_etl.py
[2024-11-05 15:11:21,779] {logging_mixin.py:115} INFO - [2024-11-05 15:11:21,779] {dag.py:2379} INFO - Sync 1 DAGs
[2024-11-05 15:11:21,793] {logging_mixin.py:115} INFO - [2024-11-05 15:11:21,792] {dag.py:2927} INFO - Setting next_dagrun for tutorial_taskflow_api_etl to None, run_after=None
[2024-11-05 15:11:22,084] {processor.py:161} INFO - Processing /home/paula/Documentos/airflow/venv/lib/python3.10/site-packages/airflow/example_dags/tutorial_taskflow_api_etl.py took 0.388 seconds
[2024-11-05 15:11:56,508] {processor.py:153} INFO - Started process (PID=1054913) to work on /home/paula/Documentos/airflow/venv/lib/python3.10/site-packages/airflow/example_dags/tutorial_taskflow_api_etl.py
[2024-11-05 15:11:56,549] {processor.py:641} INFO - Processing file /home/paula/Documentos/airflow/venv/lib/python3.10/site-packages/airflow/example_dags/tutorial_taskflow_api_etl.py for tasks to queue
[2024-11-05 15:11:56,549] {logging_mixin.py:115} INFO - [2024-11-05 15:11:56,549] {dagbag.py:507} INFO - Filling up the DagBag from /home/paula/Documentos/airflow/venv/lib/python3.10/site-packages/airflow/example_dags/tutorial_taskflow_api_etl.py
[2024-11-05 15:11:56,564] {processor.py:651} INFO - DAG(s) dict_keys(['tutorial_taskflow_api_etl']) retrieved from /home/paula/Documentos/airflow/venv/lib/python3.10/site-packages/airflow/example_dags/tutorial_taskflow_api_etl.py
[2024-11-05 15:11:56,577] {logging_mixin.py:115} INFO - [2024-11-05 15:11:56,577] {dag.py:2379} INFO - Sync 1 DAGs
[2024-11-05 15:11:56,594] {logging_mixin.py:115} INFO - [2024-11-05 15:11:56,594] {dag.py:2927} INFO - Setting next_dagrun for tutorial_taskflow_api_etl to None, run_after=None
[2024-11-05 15:11:56,800] {processor.py:161} INFO - Processing /home/paula/Documentos/airflow/venv/lib/python3.10/site-packages/airflow/example_dags/tutorial_taskflow_api_etl.py took 0.294 seconds
[2024-11-05 15:12:28,884] {processor.py:153} INFO - Started process (PID=1055158) to work on /home/paula/Documentos/airflow/venv/lib/python3.10/site-packages/airflow/example_dags/tutorial_taskflow_api_etl.py
[2024-11-05 15:12:28,889] {processor.py:641} INFO - Processing file /home/paula/Documentos/airflow/venv/lib/python3.10/site-packages/airflow/example_dags/tutorial_taskflow_api_etl.py for tasks to queue
[2024-11-05 15:12:28,889] {logging_mixin.py:115} INFO - [2024-11-05 15:12:28,889] {dagbag.py:507} INFO - Filling up the DagBag from /home/paula/Documentos/airflow/venv/lib/python3.10/site-packages/airflow/example_dags/tutorial_taskflow_api_etl.py
[2024-11-05 15:12:28,914] {processor.py:651} INFO - DAG(s) dict_keys(['tutorial_taskflow_api_etl']) retrieved from /home/paula/Documentos/airflow/venv/lib/python3.10/site-packages/airflow/example_dags/tutorial_taskflow_api_etl.py
[2024-11-05 15:12:28,971] {logging_mixin.py:115} INFO - [2024-11-05 15:12:28,971] {dag.py:2379} INFO - Sync 1 DAGs
[2024-11-05 15:12:28,987] {logging_mixin.py:115} INFO - [2024-11-05 15:12:28,987] {dag.py:2927} INFO - Setting next_dagrun for tutorial_taskflow_api_etl to None, run_after=None
[2024-11-05 15:12:29,254] {processor.py:161} INFO - Processing /home/paula/Documentos/airflow/venv/lib/python3.10/site-packages/airflow/example_dags/tutorial_taskflow_api_etl.py took 0.374 seconds
[2024-11-05 15:13:02,595] {processor.py:153} INFO - Started process (PID=1055344) to work on /home/paula/Documentos/airflow/venv/lib/python3.10/site-packages/airflow/example_dags/tutorial_taskflow_api_etl.py
[2024-11-05 15:13:02,640] {processor.py:641} INFO - Processing file /home/paula/Documentos/airflow/venv/lib/python3.10/site-packages/airflow/example_dags/tutorial_taskflow_api_etl.py for tasks to queue
[2024-11-05 15:13:02,640] {logging_mixin.py:115} INFO - [2024-11-05 15:13:02,640] {dagbag.py:507} INFO - Filling up the DagBag from /home/paula/Documentos/airflow/venv/lib/python3.10/site-packages/airflow/example_dags/tutorial_taskflow_api_etl.py
[2024-11-05 15:13:02,655] {processor.py:651} INFO - DAG(s) dict_keys(['tutorial_taskflow_api_etl']) retrieved from /home/paula/Documentos/airflow/venv/lib/python3.10/site-packages/airflow/example_dags/tutorial_taskflow_api_etl.py
[2024-11-05 15:13:02,694] {logging_mixin.py:115} INFO - [2024-11-05 15:13:02,694] {dag.py:2379} INFO - Sync 1 DAGs
[2024-11-05 15:13:02,707] {logging_mixin.py:115} INFO - [2024-11-05 15:13:02,707] {dag.py:2927} INFO - Setting next_dagrun for tutorial_taskflow_api_etl to None, run_after=None
[2024-11-05 15:13:03,194] {processor.py:161} INFO - Processing /home/paula/Documentos/airflow/venv/lib/python3.10/site-packages/airflow/example_dags/tutorial_taskflow_api_etl.py took 0.602 seconds
[2024-11-05 15:13:37,930] {processor.py:153} INFO - Started process (PID=1055568) to work on /home/paula/Documentos/airflow/venv/lib/python3.10/site-packages/airflow/example_dags/tutorial_taskflow_api_etl.py
[2024-11-05 15:13:37,952] {processor.py:641} INFO - Processing file /home/paula/Documentos/airflow/venv/lib/python3.10/site-packages/airflow/example_dags/tutorial_taskflow_api_etl.py for tasks to queue
[2024-11-05 15:13:37,954] {logging_mixin.py:115} INFO - [2024-11-05 15:13:37,954] {dagbag.py:507} INFO - Filling up the DagBag from /home/paula/Documentos/airflow/venv/lib/python3.10/site-packages/airflow/example_dags/tutorial_taskflow_api_etl.py
[2024-11-05 15:13:37,983] {processor.py:651} INFO - DAG(s) dict_keys(['tutorial_taskflow_api_etl']) retrieved from /home/paula/Documentos/airflow/venv/lib/python3.10/site-packages/airflow/example_dags/tutorial_taskflow_api_etl.py
[2024-11-05 15:13:38,006] {logging_mixin.py:115} INFO - [2024-11-05 15:13:38,006] {dag.py:2379} INFO - Sync 1 DAGs
[2024-11-05 15:13:38,050] {logging_mixin.py:115} INFO - [2024-11-05 15:13:38,050] {dag.py:2927} INFO - Setting next_dagrun for tutorial_taskflow_api_etl to None, run_after=None
[2024-11-05 15:13:38,513] {processor.py:161} INFO - Processing /home/paula/Documentos/airflow/venv/lib/python3.10/site-packages/airflow/example_dags/tutorial_taskflow_api_etl.py took 0.596 seconds
[2024-11-05 15:14:12,838] {processor.py:153} INFO - Started process (PID=1055748) to work on /home/paula/Documentos/airflow/venv/lib/python3.10/site-packages/airflow/example_dags/tutorial_taskflow_api_etl.py
[2024-11-05 15:14:12,848] {processor.py:641} INFO - Processing file /home/paula/Documentos/airflow/venv/lib/python3.10/site-packages/airflow/example_dags/tutorial_taskflow_api_etl.py for tasks to queue
[2024-11-05 15:14:12,849] {logging_mixin.py:115} INFO - [2024-11-05 15:14:12,849] {dagbag.py:507} INFO - Filling up the DagBag from /home/paula/Documentos/airflow/venv/lib/python3.10/site-packages/airflow/example_dags/tutorial_taskflow_api_etl.py
[2024-11-05 15:14:12,871] {processor.py:651} INFO - DAG(s) dict_keys(['tutorial_taskflow_api_etl']) retrieved from /home/paula/Documentos/airflow/venv/lib/python3.10/site-packages/airflow/example_dags/tutorial_taskflow_api_etl.py
[2024-11-05 15:14:12,920] {logging_mixin.py:115} INFO - [2024-11-05 15:14:12,920] {dag.py:2379} INFO - Sync 1 DAGs
[2024-11-05 15:14:12,949] {logging_mixin.py:115} INFO - [2024-11-05 15:14:12,949] {dag.py:2927} INFO - Setting next_dagrun for tutorial_taskflow_api_etl to None, run_after=None
[2024-11-05 15:14:13,224] {processor.py:161} INFO - Processing /home/paula/Documentos/airflow/venv/lib/python3.10/site-packages/airflow/example_dags/tutorial_taskflow_api_etl.py took 0.389 seconds
[2024-11-05 15:14:48,009] {processor.py:153} INFO - Started process (PID=1055967) to work on /home/paula/Documentos/airflow/venv/lib/python3.10/site-packages/airflow/example_dags/tutorial_taskflow_api_etl.py
[2024-11-05 15:14:48,037] {processor.py:641} INFO - Processing file /home/paula/Documentos/airflow/venv/lib/python3.10/site-packages/airflow/example_dags/tutorial_taskflow_api_etl.py for tasks to queue
[2024-11-05 15:14:48,038] {logging_mixin.py:115} INFO - [2024-11-05 15:14:48,038] {dagbag.py:507} INFO - Filling up the DagBag from /home/paula/Documentos/airflow/venv/lib/python3.10/site-packages/airflow/example_dags/tutorial_taskflow_api_etl.py
[2024-11-05 15:14:48,059] {processor.py:651} INFO - DAG(s) dict_keys(['tutorial_taskflow_api_etl']) retrieved from /home/paula/Documentos/airflow/venv/lib/python3.10/site-packages/airflow/example_dags/tutorial_taskflow_api_etl.py
[2024-11-05 15:14:48,077] {logging_mixin.py:115} INFO - [2024-11-05 15:14:48,077] {dag.py:2379} INFO - Sync 1 DAGs
[2024-11-05 15:14:48,103] {logging_mixin.py:115} INFO - [2024-11-05 15:14:48,103] {dag.py:2927} INFO - Setting next_dagrun for tutorial_taskflow_api_etl to None, run_after=None
[2024-11-05 15:14:48,229] {processor.py:161} INFO - Processing /home/paula/Documentos/airflow/venv/lib/python3.10/site-packages/airflow/example_dags/tutorial_taskflow_api_etl.py took 0.222 seconds
[2024-11-05 15:15:19,174] {processor.py:153} INFO - Started process (PID=1056163) to work on /home/paula/Documentos/airflow/venv/lib/python3.10/site-packages/airflow/example_dags/tutorial_taskflow_api_etl.py
[2024-11-05 15:15:19,209] {processor.py:641} INFO - Processing file /home/paula/Documentos/airflow/venv/lib/python3.10/site-packages/airflow/example_dags/tutorial_taskflow_api_etl.py for tasks to queue
[2024-11-05 15:15:19,210] {logging_mixin.py:115} INFO - [2024-11-05 15:15:19,210] {dagbag.py:507} INFO - Filling up the DagBag from /home/paula/Documentos/airflow/venv/lib/python3.10/site-packages/airflow/example_dags/tutorial_taskflow_api_etl.py
[2024-11-05 15:15:19,227] {processor.py:651} INFO - DAG(s) dict_keys(['tutorial_taskflow_api_etl']) retrieved from /home/paula/Documentos/airflow/venv/lib/python3.10/site-packages/airflow/example_dags/tutorial_taskflow_api_etl.py
[2024-11-05 15:15:19,273] {logging_mixin.py:115} INFO - [2024-11-05 15:15:19,273] {dag.py:2379} INFO - Sync 1 DAGs
[2024-11-05 15:15:19,289] {logging_mixin.py:115} INFO - [2024-11-05 15:15:19,288] {dag.py:2927} INFO - Setting next_dagrun for tutorial_taskflow_api_etl to None, run_after=None
[2024-11-05 15:15:19,384] {processor.py:161} INFO - Processing /home/paula/Documentos/airflow/venv/lib/python3.10/site-packages/airflow/example_dags/tutorial_taskflow_api_etl.py took 0.214 seconds
[2024-11-05 15:15:59,168] {processor.py:153} INFO - Started process (PID=1056410) to work on /home/paula/Documentos/airflow/venv/lib/python3.10/site-packages/airflow/example_dags/tutorial_taskflow_api_etl.py
[2024-11-05 15:15:59,169] {processor.py:641} INFO - Processing file /home/paula/Documentos/airflow/venv/lib/python3.10/site-packages/airflow/example_dags/tutorial_taskflow_api_etl.py for tasks to queue
[2024-11-05 15:15:59,169] {logging_mixin.py:115} INFO - [2024-11-05 15:15:59,169] {dagbag.py:507} INFO - Filling up the DagBag from /home/paula/Documentos/airflow/venv/lib/python3.10/site-packages/airflow/example_dags/tutorial_taskflow_api_etl.py
[2024-11-05 15:15:59,189] {processor.py:651} INFO - DAG(s) dict_keys(['tutorial_taskflow_api_etl']) retrieved from /home/paula/Documentos/airflow/venv/lib/python3.10/site-packages/airflow/example_dags/tutorial_taskflow_api_etl.py
[2024-11-05 15:15:59,253] {logging_mixin.py:115} INFO - [2024-11-05 15:15:59,253] {dag.py:2379} INFO - Sync 1 DAGs
[2024-11-05 15:15:59,269] {logging_mixin.py:115} INFO - [2024-11-05 15:15:59,269] {dag.py:2927} INFO - Setting next_dagrun for tutorial_taskflow_api_etl to None, run_after=None
[2024-11-05 15:15:59,405] {processor.py:161} INFO - Processing /home/paula/Documentos/airflow/venv/lib/python3.10/site-packages/airflow/example_dags/tutorial_taskflow_api_etl.py took 0.240 seconds
[2024-11-05 15:16:32,118] {processor.py:153} INFO - Started process (PID=1056622) to work on /home/paula/Documentos/airflow/venv/lib/python3.10/site-packages/airflow/example_dags/tutorial_taskflow_api_etl.py
[2024-11-05 15:16:32,119] {processor.py:641} INFO - Processing file /home/paula/Documentos/airflow/venv/lib/python3.10/site-packages/airflow/example_dags/tutorial_taskflow_api_etl.py for tasks to queue
[2024-11-05 15:16:32,120] {logging_mixin.py:115} INFO - [2024-11-05 15:16:32,120] {dagbag.py:507} INFO - Filling up the DagBag from /home/paula/Documentos/airflow/venv/lib/python3.10/site-packages/airflow/example_dags/tutorial_taskflow_api_etl.py
[2024-11-05 15:16:32,143] {processor.py:651} INFO - DAG(s) dict_keys(['tutorial_taskflow_api_etl']) retrieved from /home/paula/Documentos/airflow/venv/lib/python3.10/site-packages/airflow/example_dags/tutorial_taskflow_api_etl.py
[2024-11-05 15:16:32,189] {logging_mixin.py:115} INFO - [2024-11-05 15:16:32,189] {dag.py:2379} INFO - Sync 1 DAGs
[2024-11-05 15:16:32,207] {logging_mixin.py:115} INFO - [2024-11-05 15:16:32,207] {dag.py:2927} INFO - Setting next_dagrun for tutorial_taskflow_api_etl to None, run_after=None
[2024-11-05 15:16:32,335] {processor.py:161} INFO - Processing /home/paula/Documentos/airflow/venv/lib/python3.10/site-packages/airflow/example_dags/tutorial_taskflow_api_etl.py took 0.224 seconds
[2024-11-05 15:17:07,914] {processor.py:153} INFO - Started process (PID=1056844) to work on /home/paula/Documentos/airflow/venv/lib/python3.10/site-packages/airflow/example_dags/tutorial_taskflow_api_etl.py
[2024-11-05 15:17:07,931] {processor.py:641} INFO - Processing file /home/paula/Documentos/airflow/venv/lib/python3.10/site-packages/airflow/example_dags/tutorial_taskflow_api_etl.py for tasks to queue
[2024-11-05 15:17:07,932] {logging_mixin.py:115} INFO - [2024-11-05 15:17:07,932] {dagbag.py:507} INFO - Filling up the DagBag from /home/paula/Documentos/airflow/venv/lib/python3.10/site-packages/airflow/example_dags/tutorial_taskflow_api_etl.py
[2024-11-05 15:17:07,957] {processor.py:651} INFO - DAG(s) dict_keys(['tutorial_taskflow_api_etl']) retrieved from /home/paula/Documentos/airflow/venv/lib/python3.10/site-packages/airflow/example_dags/tutorial_taskflow_api_etl.py
[2024-11-05 15:17:07,970] {logging_mixin.py:115} INFO - [2024-11-05 15:17:07,970] {dag.py:2379} INFO - Sync 1 DAGs
[2024-11-05 15:17:07,992] {logging_mixin.py:115} INFO - [2024-11-05 15:17:07,992] {dag.py:2927} INFO - Setting next_dagrun for tutorial_taskflow_api_etl to None, run_after=None
[2024-11-05 15:17:08,188] {processor.py:161} INFO - Processing /home/paula/Documentos/airflow/venv/lib/python3.10/site-packages/airflow/example_dags/tutorial_taskflow_api_etl.py took 0.277 seconds
[2024-11-05 15:17:43,505] {processor.py:153} INFO - Started process (PID=1057060) to work on /home/paula/Documentos/airflow/venv/lib/python3.10/site-packages/airflow/example_dags/tutorial_taskflow_api_etl.py
[2024-11-05 15:17:43,532] {processor.py:641} INFO - Processing file /home/paula/Documentos/airflow/venv/lib/python3.10/site-packages/airflow/example_dags/tutorial_taskflow_api_etl.py for tasks to queue
[2024-11-05 15:17:43,533] {logging_mixin.py:115} INFO - [2024-11-05 15:17:43,533] {dagbag.py:507} INFO - Filling up the DagBag from /home/paula/Documentos/airflow/venv/lib/python3.10/site-packages/airflow/example_dags/tutorial_taskflow_api_etl.py
[2024-11-05 15:17:43,554] {processor.py:651} INFO - DAG(s) dict_keys(['tutorial_taskflow_api_etl']) retrieved from /home/paula/Documentos/airflow/venv/lib/python3.10/site-packages/airflow/example_dags/tutorial_taskflow_api_etl.py
[2024-11-05 15:17:43,596] {logging_mixin.py:115} INFO - [2024-11-05 15:17:43,596] {dag.py:2379} INFO - Sync 1 DAGs
[2024-11-05 15:17:43,610] {logging_mixin.py:115} INFO - [2024-11-05 15:17:43,610] {dag.py:2927} INFO - Setting next_dagrun for tutorial_taskflow_api_etl to None, run_after=None
[2024-11-05 15:17:43,713] {processor.py:161} INFO - Processing /home/paula/Documentos/airflow/venv/lib/python3.10/site-packages/airflow/example_dags/tutorial_taskflow_api_etl.py took 0.211 seconds
[2024-11-05 15:18:21,951] {processor.py:153} INFO - Started process (PID=1057309) to work on /home/paula/Documentos/airflow/venv/lib/python3.10/site-packages/airflow/example_dags/tutorial_taskflow_api_etl.py
[2024-11-05 15:18:21,979] {processor.py:641} INFO - Processing file /home/paula/Documentos/airflow/venv/lib/python3.10/site-packages/airflow/example_dags/tutorial_taskflow_api_etl.py for tasks to queue
[2024-11-05 15:18:21,980] {logging_mixin.py:115} INFO - [2024-11-05 15:18:21,980] {dagbag.py:507} INFO - Filling up the DagBag from /home/paula/Documentos/airflow/venv/lib/python3.10/site-packages/airflow/example_dags/tutorial_taskflow_api_etl.py
[2024-11-05 15:18:22,008] {processor.py:651} INFO - DAG(s) dict_keys(['tutorial_taskflow_api_etl']) retrieved from /home/paula/Documentos/airflow/venv/lib/python3.10/site-packages/airflow/example_dags/tutorial_taskflow_api_etl.py
[2024-11-05 15:18:22,027] {logging_mixin.py:115} INFO - [2024-11-05 15:18:22,027] {dag.py:2379} INFO - Sync 1 DAGs
[2024-11-05 15:18:22,055] {logging_mixin.py:115} INFO - [2024-11-05 15:18:22,055] {dag.py:2927} INFO - Setting next_dagrun for tutorial_taskflow_api_etl to None, run_after=None
[2024-11-05 15:18:22,158] {processor.py:161} INFO - Processing /home/paula/Documentos/airflow/venv/lib/python3.10/site-packages/airflow/example_dags/tutorial_taskflow_api_etl.py took 0.210 seconds
[2024-11-05 15:18:53,630] {processor.py:153} INFO - Started process (PID=1057494) to work on /home/paula/Documentos/airflow/venv/lib/python3.10/site-packages/airflow/example_dags/tutorial_taskflow_api_etl.py
[2024-11-05 15:18:53,668] {processor.py:641} INFO - Processing file /home/paula/Documentos/airflow/venv/lib/python3.10/site-packages/airflow/example_dags/tutorial_taskflow_api_etl.py for tasks to queue
[2024-11-05 15:18:53,669] {logging_mixin.py:115} INFO - [2024-11-05 15:18:53,669] {dagbag.py:507} INFO - Filling up the DagBag from /home/paula/Documentos/airflow/venv/lib/python3.10/site-packages/airflow/example_dags/tutorial_taskflow_api_etl.py
[2024-11-05 15:18:53,698] {processor.py:651} INFO - DAG(s) dict_keys(['tutorial_taskflow_api_etl']) retrieved from /home/paula/Documentos/airflow/venv/lib/python3.10/site-packages/airflow/example_dags/tutorial_taskflow_api_etl.py
[2024-11-05 15:18:53,714] {logging_mixin.py:115} INFO - [2024-11-05 15:18:53,714] {dag.py:2379} INFO - Sync 1 DAGs
[2024-11-05 15:18:53,731] {logging_mixin.py:115} INFO - [2024-11-05 15:18:53,731] {dag.py:2927} INFO - Setting next_dagrun for tutorial_taskflow_api_etl to None, run_after=None
[2024-11-05 15:18:53,971] {processor.py:161} INFO - Processing /home/paula/Documentos/airflow/venv/lib/python3.10/site-packages/airflow/example_dags/tutorial_taskflow_api_etl.py took 0.345 seconds
[2024-11-05 15:19:26,956] {processor.py:153} INFO - Started process (PID=1057688) to work on /home/paula/Documentos/airflow/venv/lib/python3.10/site-packages/airflow/example_dags/tutorial_taskflow_api_etl.py
[2024-11-05 15:19:26,978] {processor.py:641} INFO - Processing file /home/paula/Documentos/airflow/venv/lib/python3.10/site-packages/airflow/example_dags/tutorial_taskflow_api_etl.py for tasks to queue
[2024-11-05 15:19:26,979] {logging_mixin.py:115} INFO - [2024-11-05 15:19:26,978] {dagbag.py:507} INFO - Filling up the DagBag from /home/paula/Documentos/airflow/venv/lib/python3.10/site-packages/airflow/example_dags/tutorial_taskflow_api_etl.py
[2024-11-05 15:19:27,002] {processor.py:651} INFO - DAG(s) dict_keys(['tutorial_taskflow_api_etl']) retrieved from /home/paula/Documentos/airflow/venv/lib/python3.10/site-packages/airflow/example_dags/tutorial_taskflow_api_etl.py
[2024-11-05 15:19:27,020] {logging_mixin.py:115} INFO - [2024-11-05 15:19:27,020] {dag.py:2379} INFO - Sync 1 DAGs
[2024-11-05 15:19:27,041] {logging_mixin.py:115} INFO - [2024-11-05 15:19:27,041] {dag.py:2927} INFO - Setting next_dagrun for tutorial_taskflow_api_etl to None, run_after=None
[2024-11-05 15:19:27,141] {processor.py:161} INFO - Processing /home/paula/Documentos/airflow/venv/lib/python3.10/site-packages/airflow/example_dags/tutorial_taskflow_api_etl.py took 0.188 seconds
[2024-11-05 15:20:00,337] {processor.py:153} INFO - Started process (PID=1057923) to work on /home/paula/Documentos/airflow/venv/lib/python3.10/site-packages/airflow/example_dags/tutorial_taskflow_api_etl.py
[2024-11-05 15:20:00,354] {processor.py:641} INFO - Processing file /home/paula/Documentos/airflow/venv/lib/python3.10/site-packages/airflow/example_dags/tutorial_taskflow_api_etl.py for tasks to queue
[2024-11-05 15:20:00,355] {logging_mixin.py:115} INFO - [2024-11-05 15:20:00,355] {dagbag.py:507} INFO - Filling up the DagBag from /home/paula/Documentos/airflow/venv/lib/python3.10/site-packages/airflow/example_dags/tutorial_taskflow_api_etl.py
[2024-11-05 15:20:00,376] {processor.py:651} INFO - DAG(s) dict_keys(['tutorial_taskflow_api_etl']) retrieved from /home/paula/Documentos/airflow/venv/lib/python3.10/site-packages/airflow/example_dags/tutorial_taskflow_api_etl.py
[2024-11-05 15:20:00,391] {logging_mixin.py:115} INFO - [2024-11-05 15:20:00,391] {dag.py:2379} INFO - Sync 1 DAGs
[2024-11-05 15:20:00,408] {logging_mixin.py:115} INFO - [2024-11-05 15:20:00,408] {dag.py:2927} INFO - Setting next_dagrun for tutorial_taskflow_api_etl to None, run_after=None
[2024-11-05 15:20:00,528] {processor.py:161} INFO - Processing /home/paula/Documentos/airflow/venv/lib/python3.10/site-packages/airflow/example_dags/tutorial_taskflow_api_etl.py took 0.194 seconds
[2024-11-05 15:20:34,577] {processor.py:153} INFO - Started process (PID=1058131) to work on /home/paula/Documentos/airflow/venv/lib/python3.10/site-packages/airflow/example_dags/tutorial_taskflow_api_etl.py
[2024-11-05 15:20:34,583] {processor.py:641} INFO - Processing file /home/paula/Documentos/airflow/venv/lib/python3.10/site-packages/airflow/example_dags/tutorial_taskflow_api_etl.py for tasks to queue
[2024-11-05 15:20:34,584] {logging_mixin.py:115} INFO - [2024-11-05 15:20:34,584] {dagbag.py:507} INFO - Filling up the DagBag from /home/paula/Documentos/airflow/venv/lib/python3.10/site-packages/airflow/example_dags/tutorial_taskflow_api_etl.py
[2024-11-05 15:20:34,606] {processor.py:651} INFO - DAG(s) dict_keys(['tutorial_taskflow_api_etl']) retrieved from /home/paula/Documentos/airflow/venv/lib/python3.10/site-packages/airflow/example_dags/tutorial_taskflow_api_etl.py
[2024-11-05 15:20:34,618] {logging_mixin.py:115} INFO - [2024-11-05 15:20:34,618] {dag.py:2379} INFO - Sync 1 DAGs
[2024-11-05 15:20:34,635] {logging_mixin.py:115} INFO - [2024-11-05 15:20:34,635] {dag.py:2927} INFO - Setting next_dagrun for tutorial_taskflow_api_etl to None, run_after=None
[2024-11-05 15:20:34,724] {processor.py:161} INFO - Processing /home/paula/Documentos/airflow/venv/lib/python3.10/site-packages/airflow/example_dags/tutorial_taskflow_api_etl.py took 0.150 seconds
[2024-11-05 15:21:12,080] {processor.py:153} INFO - Started process (PID=1058378) to work on /home/paula/Documentos/airflow/venv/lib/python3.10/site-packages/airflow/example_dags/tutorial_taskflow_api_etl.py
[2024-11-05 15:21:12,099] {processor.py:641} INFO - Processing file /home/paula/Documentos/airflow/venv/lib/python3.10/site-packages/airflow/example_dags/tutorial_taskflow_api_etl.py for tasks to queue
[2024-11-05 15:21:12,100] {logging_mixin.py:115} INFO - [2024-11-05 15:21:12,100] {dagbag.py:507} INFO - Filling up the DagBag from /home/paula/Documentos/airflow/venv/lib/python3.10/site-packages/airflow/example_dags/tutorial_taskflow_api_etl.py
[2024-11-05 15:21:12,120] {processor.py:651} INFO - DAG(s) dict_keys(['tutorial_taskflow_api_etl']) retrieved from /home/paula/Documentos/airflow/venv/lib/python3.10/site-packages/airflow/example_dags/tutorial_taskflow_api_etl.py
[2024-11-05 15:21:12,167] {logging_mixin.py:115} INFO - [2024-11-05 15:21:12,167] {dag.py:2379} INFO - Sync 1 DAGs
[2024-11-05 15:21:12,182] {logging_mixin.py:115} INFO - [2024-11-05 15:21:12,182] {dag.py:2927} INFO - Setting next_dagrun for tutorial_taskflow_api_etl to None, run_after=None
[2024-11-05 15:21:12,690] {processor.py:161} INFO - Processing /home/paula/Documentos/airflow/venv/lib/python3.10/site-packages/airflow/example_dags/tutorial_taskflow_api_etl.py took 0.614 seconds
[2024-11-05 15:21:55,198] {processor.py:153} INFO - Started process (PID=1058656) to work on /home/paula/Documentos/airflow/venv/lib/python3.10/site-packages/airflow/example_dags/tutorial_taskflow_api_etl.py
[2024-11-05 15:21:55,207] {processor.py:641} INFO - Processing file /home/paula/Documentos/airflow/venv/lib/python3.10/site-packages/airflow/example_dags/tutorial_taskflow_api_etl.py for tasks to queue
[2024-11-05 15:21:55,207] {logging_mixin.py:115} INFO - [2024-11-05 15:21:55,207] {dagbag.py:507} INFO - Filling up the DagBag from /home/paula/Documentos/airflow/venv/lib/python3.10/site-packages/airflow/example_dags/tutorial_taskflow_api_etl.py
[2024-11-05 15:21:55,237] {processor.py:651} INFO - DAG(s) dict_keys(['tutorial_taskflow_api_etl']) retrieved from /home/paula/Documentos/airflow/venv/lib/python3.10/site-packages/airflow/example_dags/tutorial_taskflow_api_etl.py
[2024-11-05 15:21:55,285] {logging_mixin.py:115} INFO - [2024-11-05 15:21:55,285] {dag.py:2379} INFO - Sync 1 DAGs
[2024-11-05 15:21:55,303] {logging_mixin.py:115} INFO - [2024-11-05 15:21:55,303] {dag.py:2927} INFO - Setting next_dagrun for tutorial_taskflow_api_etl to None, run_after=None
[2024-11-05 15:21:55,448] {processor.py:161} INFO - Processing /home/paula/Documentos/airflow/venv/lib/python3.10/site-packages/airflow/example_dags/tutorial_taskflow_api_etl.py took 0.255 seconds
[2024-11-05 15:22:31,390] {processor.py:153} INFO - Started process (PID=1058874) to work on /home/paula/Documentos/airflow/venv/lib/python3.10/site-packages/airflow/example_dags/tutorial_taskflow_api_etl.py
[2024-11-05 15:22:31,422] {processor.py:641} INFO - Processing file /home/paula/Documentos/airflow/venv/lib/python3.10/site-packages/airflow/example_dags/tutorial_taskflow_api_etl.py for tasks to queue
[2024-11-05 15:22:31,423] {logging_mixin.py:115} INFO - [2024-11-05 15:22:31,423] {dagbag.py:507} INFO - Filling up the DagBag from /home/paula/Documentos/airflow/venv/lib/python3.10/site-packages/airflow/example_dags/tutorial_taskflow_api_etl.py
[2024-11-05 15:22:31,446] {processor.py:651} INFO - DAG(s) dict_keys(['tutorial_taskflow_api_etl']) retrieved from /home/paula/Documentos/airflow/venv/lib/python3.10/site-packages/airflow/example_dags/tutorial_taskflow_api_etl.py
[2024-11-05 15:22:31,460] {logging_mixin.py:115} INFO - [2024-11-05 15:22:31,460] {dag.py:2379} INFO - Sync 1 DAGs
[2024-11-05 15:22:31,480] {logging_mixin.py:115} INFO - [2024-11-05 15:22:31,480] {dag.py:2927} INFO - Setting next_dagrun for tutorial_taskflow_api_etl to None, run_after=None
[2024-11-05 15:22:31,652] {processor.py:161} INFO - Processing /home/paula/Documentos/airflow/venv/lib/python3.10/site-packages/airflow/example_dags/tutorial_taskflow_api_etl.py took 0.265 seconds
[2024-11-05 15:23:12,274] {processor.py:153} INFO - Started process (PID=1059149) to work on /home/paula/Documentos/airflow/venv/lib/python3.10/site-packages/airflow/example_dags/tutorial_taskflow_api_etl.py
[2024-11-05 15:23:12,277] {processor.py:641} INFO - Processing file /home/paula/Documentos/airflow/venv/lib/python3.10/site-packages/airflow/example_dags/tutorial_taskflow_api_etl.py for tasks to queue
[2024-11-05 15:23:12,278] {logging_mixin.py:115} INFO - [2024-11-05 15:23:12,277] {dagbag.py:507} INFO - Filling up the DagBag from /home/paula/Documentos/airflow/venv/lib/python3.10/site-packages/airflow/example_dags/tutorial_taskflow_api_etl.py
[2024-11-05 15:23:12,295] {processor.py:651} INFO - DAG(s) dict_keys(['tutorial_taskflow_api_etl']) retrieved from /home/paula/Documentos/airflow/venv/lib/python3.10/site-packages/airflow/example_dags/tutorial_taskflow_api_etl.py
[2024-11-05 15:23:12,340] {logging_mixin.py:115} INFO - [2024-11-05 15:23:12,340] {dag.py:2379} INFO - Sync 1 DAGs
[2024-11-05 15:23:12,358] {logging_mixin.py:115} INFO - [2024-11-05 15:23:12,358] {dag.py:2927} INFO - Setting next_dagrun for tutorial_taskflow_api_etl to None, run_after=None
[2024-11-05 15:23:12,498] {processor.py:161} INFO - Processing /home/paula/Documentos/airflow/venv/lib/python3.10/site-packages/airflow/example_dags/tutorial_taskflow_api_etl.py took 0.227 seconds
[2024-11-05 15:23:49,292] {processor.py:153} INFO - Started process (PID=1059375) to work on /home/paula/Documentos/airflow/venv/lib/python3.10/site-packages/airflow/example_dags/tutorial_taskflow_api_etl.py
[2024-11-05 15:23:49,293] {processor.py:641} INFO - Processing file /home/paula/Documentos/airflow/venv/lib/python3.10/site-packages/airflow/example_dags/tutorial_taskflow_api_etl.py for tasks to queue
[2024-11-05 15:23:49,294] {logging_mixin.py:115} INFO - [2024-11-05 15:23:49,294] {dagbag.py:507} INFO - Filling up the DagBag from /home/paula/Documentos/airflow/venv/lib/python3.10/site-packages/airflow/example_dags/tutorial_taskflow_api_etl.py
[2024-11-05 15:23:49,320] {processor.py:651} INFO - DAG(s) dict_keys(['tutorial_taskflow_api_etl']) retrieved from /home/paula/Documentos/airflow/venv/lib/python3.10/site-packages/airflow/example_dags/tutorial_taskflow_api_etl.py
[2024-11-05 15:23:49,335] {logging_mixin.py:115} INFO - [2024-11-05 15:23:49,335] {dag.py:2379} INFO - Sync 1 DAGs
[2024-11-05 15:23:49,356] {logging_mixin.py:115} INFO - [2024-11-05 15:23:49,356] {dag.py:2927} INFO - Setting next_dagrun for tutorial_taskflow_api_etl to None, run_after=None
[2024-11-05 15:23:49,467] {processor.py:161} INFO - Processing /home/paula/Documentos/airflow/venv/lib/python3.10/site-packages/airflow/example_dags/tutorial_taskflow_api_etl.py took 0.178 seconds
[2024-11-05 15:24:25,580] {processor.py:153} INFO - Started process (PID=1059605) to work on /home/paula/Documentos/airflow/venv/lib/python3.10/site-packages/airflow/example_dags/tutorial_taskflow_api_etl.py
[2024-11-05 15:24:25,581] {processor.py:641} INFO - Processing file /home/paula/Documentos/airflow/venv/lib/python3.10/site-packages/airflow/example_dags/tutorial_taskflow_api_etl.py for tasks to queue
[2024-11-05 15:24:25,582] {logging_mixin.py:115} INFO - [2024-11-05 15:24:25,582] {dagbag.py:507} INFO - Filling up the DagBag from /home/paula/Documentos/airflow/venv/lib/python3.10/site-packages/airflow/example_dags/tutorial_taskflow_api_etl.py
[2024-11-05 15:24:25,601] {processor.py:651} INFO - DAG(s) dict_keys(['tutorial_taskflow_api_etl']) retrieved from /home/paula/Documentos/airflow/venv/lib/python3.10/site-packages/airflow/example_dags/tutorial_taskflow_api_etl.py
[2024-11-05 15:24:25,659] {logging_mixin.py:115} INFO - [2024-11-05 15:24:25,659] {dag.py:2379} INFO - Sync 1 DAGs
[2024-11-05 15:24:25,674] {logging_mixin.py:115} INFO - [2024-11-05 15:24:25,674] {dag.py:2927} INFO - Setting next_dagrun for tutorial_taskflow_api_etl to None, run_after=None
[2024-11-05 15:24:25,803] {processor.py:161} INFO - Processing /home/paula/Documentos/airflow/venv/lib/python3.10/site-packages/airflow/example_dags/tutorial_taskflow_api_etl.py took 0.227 seconds
[2024-11-05 15:25:02,355] {processor.py:153} INFO - Started process (PID=1059878) to work on /home/paula/Documentos/airflow/venv/lib/python3.10/site-packages/airflow/example_dags/tutorial_taskflow_api_etl.py
[2024-11-05 15:25:02,431] {processor.py:641} INFO - Processing file /home/paula/Documentos/airflow/venv/lib/python3.10/site-packages/airflow/example_dags/tutorial_taskflow_api_etl.py for tasks to queue
[2024-11-05 15:25:02,432] {logging_mixin.py:115} INFO - [2024-11-05 15:25:02,432] {dagbag.py:507} INFO - Filling up the DagBag from /home/paula/Documentos/airflow/venv/lib/python3.10/site-packages/airflow/example_dags/tutorial_taskflow_api_etl.py
[2024-11-05 15:25:02,454] {processor.py:651} INFO - DAG(s) dict_keys(['tutorial_taskflow_api_etl']) retrieved from /home/paula/Documentos/airflow/venv/lib/python3.10/site-packages/airflow/example_dags/tutorial_taskflow_api_etl.py
[2024-11-05 15:25:02,505] {logging_mixin.py:115} INFO - [2024-11-05 15:25:02,505] {dag.py:2379} INFO - Sync 1 DAGs
[2024-11-05 15:25:02,520] {logging_mixin.py:115} INFO - [2024-11-05 15:25:02,520] {dag.py:2927} INFO - Setting next_dagrun for tutorial_taskflow_api_etl to None, run_after=None
[2024-11-05 15:25:02,761] {processor.py:161} INFO - Processing /home/paula/Documentos/airflow/venv/lib/python3.10/site-packages/airflow/example_dags/tutorial_taskflow_api_etl.py took 0.410 seconds
[2024-11-05 15:25:39,460] {processor.py:153} INFO - Started process (PID=1060156) to work on /home/paula/Documentos/airflow/venv/lib/python3.10/site-packages/airflow/example_dags/tutorial_taskflow_api_etl.py
[2024-11-05 15:25:39,461] {processor.py:641} INFO - Processing file /home/paula/Documentos/airflow/venv/lib/python3.10/site-packages/airflow/example_dags/tutorial_taskflow_api_etl.py for tasks to queue
[2024-11-05 15:25:39,462] {logging_mixin.py:115} INFO - [2024-11-05 15:25:39,462] {dagbag.py:507} INFO - Filling up the DagBag from /home/paula/Documentos/airflow/venv/lib/python3.10/site-packages/airflow/example_dags/tutorial_taskflow_api_etl.py
[2024-11-05 15:25:39,481] {processor.py:651} INFO - DAG(s) dict_keys(['tutorial_taskflow_api_etl']) retrieved from /home/paula/Documentos/airflow/venv/lib/python3.10/site-packages/airflow/example_dags/tutorial_taskflow_api_etl.py
[2024-11-05 15:25:39,523] {logging_mixin.py:115} INFO - [2024-11-05 15:25:39,523] {dag.py:2379} INFO - Sync 1 DAGs
[2024-11-05 15:25:39,536] {logging_mixin.py:115} INFO - [2024-11-05 15:25:39,536] {dag.py:2927} INFO - Setting next_dagrun for tutorial_taskflow_api_etl to None, run_after=None
[2024-11-05 15:25:39,632] {processor.py:161} INFO - Processing /home/paula/Documentos/airflow/venv/lib/python3.10/site-packages/airflow/example_dags/tutorial_taskflow_api_etl.py took 0.175 seconds
[2024-11-05 15:27:42,565] {processor.py:153} INFO - Started process (PID=1060806) to work on /home/paula/Documentos/airflow/venv/lib/python3.10/site-packages/airflow/example_dags/tutorial_taskflow_api_etl.py
[2024-11-05 15:27:42,567] {processor.py:641} INFO - Processing file /home/paula/Documentos/airflow/venv/lib/python3.10/site-packages/airflow/example_dags/tutorial_taskflow_api_etl.py for tasks to queue
[2024-11-05 15:27:42,570] {logging_mixin.py:115} INFO - [2024-11-05 15:27:42,569] {dagbag.py:507} INFO - Filling up the DagBag from /home/paula/Documentos/airflow/venv/lib/python3.10/site-packages/airflow/example_dags/tutorial_taskflow_api_etl.py
[2024-11-05 15:27:42,637] {processor.py:651} INFO - DAG(s) dict_keys(['tutorial_taskflow_api_etl']) retrieved from /home/paula/Documentos/airflow/venv/lib/python3.10/site-packages/airflow/example_dags/tutorial_taskflow_api_etl.py
[2024-11-05 15:27:42,831] {logging_mixin.py:115} INFO - [2024-11-05 15:27:42,831] {dag.py:2379} INFO - Sync 1 DAGs
[2024-11-05 15:27:42,891] {logging_mixin.py:115} INFO - [2024-11-05 15:27:42,891] {dag.py:2927} INFO - Setting next_dagrun for tutorial_taskflow_api_etl to None, run_after=None
[2024-11-05 15:27:43,072] {processor.py:161} INFO - Processing /home/paula/Documentos/airflow/venv/lib/python3.10/site-packages/airflow/example_dags/tutorial_taskflow_api_etl.py took 0.516 seconds
[2024-11-05 15:28:43,012] {processor.py:153} INFO - Started process (PID=1061266) to work on /home/paula/Documentos/airflow/venv/lib/python3.10/site-packages/airflow/example_dags/tutorial_taskflow_api_etl.py
[2024-11-05 15:28:43,033] {processor.py:641} INFO - Processing file /home/paula/Documentos/airflow/venv/lib/python3.10/site-packages/airflow/example_dags/tutorial_taskflow_api_etl.py for tasks to queue
[2024-11-05 15:28:43,034] {logging_mixin.py:115} INFO - [2024-11-05 15:28:43,034] {dagbag.py:507} INFO - Filling up the DagBag from /home/paula/Documentos/airflow/venv/lib/python3.10/site-packages/airflow/example_dags/tutorial_taskflow_api_etl.py
[2024-11-05 15:28:43,060] {processor.py:651} INFO - DAG(s) dict_keys(['tutorial_taskflow_api_etl']) retrieved from /home/paula/Documentos/airflow/venv/lib/python3.10/site-packages/airflow/example_dags/tutorial_taskflow_api_etl.py
[2024-11-05 15:28:43,109] {logging_mixin.py:115} INFO - [2024-11-05 15:28:43,109] {dag.py:2379} INFO - Sync 1 DAGs
[2024-11-05 15:28:43,125] {logging_mixin.py:115} INFO - [2024-11-05 15:28:43,125] {dag.py:2927} INFO - Setting next_dagrun for tutorial_taskflow_api_etl to None, run_after=None
[2024-11-05 15:28:43,235] {processor.py:161} INFO - Processing /home/paula/Documentos/airflow/venv/lib/python3.10/site-packages/airflow/example_dags/tutorial_taskflow_api_etl.py took 0.227 seconds
[2024-11-05 15:29:23,850] {processor.py:153} INFO - Started process (PID=1061553) to work on /home/paula/Documentos/airflow/venv/lib/python3.10/site-packages/airflow/example_dags/tutorial_taskflow_api_etl.py
[2024-11-05 15:29:23,925] {processor.py:641} INFO - Processing file /home/paula/Documentos/airflow/venv/lib/python3.10/site-packages/airflow/example_dags/tutorial_taskflow_api_etl.py for tasks to queue
[2024-11-05 15:29:23,926] {logging_mixin.py:115} INFO - [2024-11-05 15:29:23,926] {dagbag.py:507} INFO - Filling up the DagBag from /home/paula/Documentos/airflow/venv/lib/python3.10/site-packages/airflow/example_dags/tutorial_taskflow_api_etl.py
[2024-11-05 15:29:23,948] {processor.py:651} INFO - DAG(s) dict_keys(['tutorial_taskflow_api_etl']) retrieved from /home/paula/Documentos/airflow/venv/lib/python3.10/site-packages/airflow/example_dags/tutorial_taskflow_api_etl.py
[2024-11-05 15:29:23,994] {logging_mixin.py:115} INFO - [2024-11-05 15:29:23,994] {dag.py:2379} INFO - Sync 1 DAGs
[2024-11-05 15:29:24,018] {logging_mixin.py:115} INFO - [2024-11-05 15:29:24,017] {dag.py:2927} INFO - Setting next_dagrun for tutorial_taskflow_api_etl to None, run_after=None
[2024-11-05 15:29:24,136] {processor.py:161} INFO - Processing /home/paula/Documentos/airflow/venv/lib/python3.10/site-packages/airflow/example_dags/tutorial_taskflow_api_etl.py took 0.289 seconds
[2024-11-05 15:30:09,571] {processor.py:153} INFO - Started process (PID=1061828) to work on /home/paula/Documentos/airflow/venv/lib/python3.10/site-packages/airflow/example_dags/tutorial_taskflow_api_etl.py
[2024-11-05 15:30:09,589] {processor.py:641} INFO - Processing file /home/paula/Documentos/airflow/venv/lib/python3.10/site-packages/airflow/example_dags/tutorial_taskflow_api_etl.py for tasks to queue
[2024-11-05 15:30:09,590] {logging_mixin.py:115} INFO - [2024-11-05 15:30:09,589] {dagbag.py:507} INFO - Filling up the DagBag from /home/paula/Documentos/airflow/venv/lib/python3.10/site-packages/airflow/example_dags/tutorial_taskflow_api_etl.py
[2024-11-05 15:30:09,616] {processor.py:651} INFO - DAG(s) dict_keys(['tutorial_taskflow_api_etl']) retrieved from /home/paula/Documentos/airflow/venv/lib/python3.10/site-packages/airflow/example_dags/tutorial_taskflow_api_etl.py
[2024-11-05 15:30:09,632] {logging_mixin.py:115} INFO - [2024-11-05 15:30:09,632] {dag.py:2379} INFO - Sync 1 DAGs
[2024-11-05 15:30:09,650] {logging_mixin.py:115} INFO - [2024-11-05 15:30:09,650] {dag.py:2927} INFO - Setting next_dagrun for tutorial_taskflow_api_etl to None, run_after=None
[2024-11-05 15:30:09,735] {processor.py:161} INFO - Processing /home/paula/Documentos/airflow/venv/lib/python3.10/site-packages/airflow/example_dags/tutorial_taskflow_api_etl.py took 0.167 seconds
[2024-11-05 15:30:49,786] {processor.py:153} INFO - Started process (PID=1062066) to work on /home/paula/Documentos/airflow/venv/lib/python3.10/site-packages/airflow/example_dags/tutorial_taskflow_api_etl.py
[2024-11-05 15:30:49,795] {processor.py:641} INFO - Processing file /home/paula/Documentos/airflow/venv/lib/python3.10/site-packages/airflow/example_dags/tutorial_taskflow_api_etl.py for tasks to queue
[2024-11-05 15:30:49,796] {logging_mixin.py:115} INFO - [2024-11-05 15:30:49,796] {dagbag.py:507} INFO - Filling up the DagBag from /home/paula/Documentos/airflow/venv/lib/python3.10/site-packages/airflow/example_dags/tutorial_taskflow_api_etl.py
[2024-11-05 15:30:49,817] {processor.py:651} INFO - DAG(s) dict_keys(['tutorial_taskflow_api_etl']) retrieved from /home/paula/Documentos/airflow/venv/lib/python3.10/site-packages/airflow/example_dags/tutorial_taskflow_api_etl.py
[2024-11-05 15:30:50,026] {logging_mixin.py:115} INFO - [2024-11-05 15:30:50,026] {dag.py:2379} INFO - Sync 1 DAGs
[2024-11-05 15:30:50,041] {logging_mixin.py:115} INFO - [2024-11-05 15:30:50,041] {dag.py:2927} INFO - Setting next_dagrun for tutorial_taskflow_api_etl to None, run_after=None
[2024-11-05 15:30:50,199] {processor.py:161} INFO - Processing /home/paula/Documentos/airflow/venv/lib/python3.10/site-packages/airflow/example_dags/tutorial_taskflow_api_etl.py took 0.416 seconds
[2024-11-05 15:31:30,699] {processor.py:153} INFO - Started process (PID=1062304) to work on /home/paula/Documentos/airflow/venv/lib/python3.10/site-packages/airflow/example_dags/tutorial_taskflow_api_etl.py
[2024-11-05 15:31:30,710] {processor.py:641} INFO - Processing file /home/paula/Documentos/airflow/venv/lib/python3.10/site-packages/airflow/example_dags/tutorial_taskflow_api_etl.py for tasks to queue
[2024-11-05 15:31:30,711] {logging_mixin.py:115} INFO - [2024-11-05 15:31:30,710] {dagbag.py:507} INFO - Filling up the DagBag from /home/paula/Documentos/airflow/venv/lib/python3.10/site-packages/airflow/example_dags/tutorial_taskflow_api_etl.py
[2024-11-05 15:31:30,726] {processor.py:651} INFO - DAG(s) dict_keys(['tutorial_taskflow_api_etl']) retrieved from /home/paula/Documentos/airflow/venv/lib/python3.10/site-packages/airflow/example_dags/tutorial_taskflow_api_etl.py
[2024-11-05 15:31:30,740] {logging_mixin.py:115} INFO - [2024-11-05 15:31:30,739] {dag.py:2379} INFO - Sync 1 DAGs
[2024-11-05 15:31:30,756] {logging_mixin.py:115} INFO - [2024-11-05 15:31:30,756] {dag.py:2927} INFO - Setting next_dagrun for tutorial_taskflow_api_etl to None, run_after=None
[2024-11-05 15:31:30,846] {processor.py:161} INFO - Processing /home/paula/Documentos/airflow/venv/lib/python3.10/site-packages/airflow/example_dags/tutorial_taskflow_api_etl.py took 0.151 seconds
[2024-11-05 15:32:29,563] {processor.py:153} INFO - Started process (PID=1062674) to work on /home/paula/Documentos/airflow/venv/lib/python3.10/site-packages/airflow/example_dags/tutorial_taskflow_api_etl.py
[2024-11-05 15:32:29,564] {processor.py:641} INFO - Processing file /home/paula/Documentos/airflow/venv/lib/python3.10/site-packages/airflow/example_dags/tutorial_taskflow_api_etl.py for tasks to queue
[2024-11-05 15:32:29,564] {logging_mixin.py:115} INFO - [2024-11-05 15:32:29,564] {dagbag.py:507} INFO - Filling up the DagBag from /home/paula/Documentos/airflow/venv/lib/python3.10/site-packages/airflow/example_dags/tutorial_taskflow_api_etl.py
[2024-11-05 15:32:29,581] {processor.py:651} INFO - DAG(s) dict_keys(['tutorial_taskflow_api_etl']) retrieved from /home/paula/Documentos/airflow/venv/lib/python3.10/site-packages/airflow/example_dags/tutorial_taskflow_api_etl.py
[2024-11-05 15:32:29,627] {logging_mixin.py:115} INFO - [2024-11-05 15:32:29,627] {dag.py:2379} INFO - Sync 1 DAGs
[2024-11-05 15:32:29,644] {logging_mixin.py:115} INFO - [2024-11-05 15:32:29,644] {dag.py:2927} INFO - Setting next_dagrun for tutorial_taskflow_api_etl to None, run_after=None
[2024-11-05 15:32:29,760] {processor.py:161} INFO - Processing /home/paula/Documentos/airflow/venv/lib/python3.10/site-packages/airflow/example_dags/tutorial_taskflow_api_etl.py took 0.200 seconds
[2024-11-05 15:33:09,991] {processor.py:153} INFO - Started process (PID=1062974) to work on /home/paula/Documentos/airflow/venv/lib/python3.10/site-packages/airflow/example_dags/tutorial_taskflow_api_etl.py
[2024-11-05 15:33:09,992] {processor.py:641} INFO - Processing file /home/paula/Documentos/airflow/venv/lib/python3.10/site-packages/airflow/example_dags/tutorial_taskflow_api_etl.py for tasks to queue
[2024-11-05 15:33:09,993] {logging_mixin.py:115} INFO - [2024-11-05 15:33:09,993] {dagbag.py:507} INFO - Filling up the DagBag from /home/paula/Documentos/airflow/venv/lib/python3.10/site-packages/airflow/example_dags/tutorial_taskflow_api_etl.py
[2024-11-05 15:33:10,011] {processor.py:651} INFO - DAG(s) dict_keys(['tutorial_taskflow_api_etl']) retrieved from /home/paula/Documentos/airflow/venv/lib/python3.10/site-packages/airflow/example_dags/tutorial_taskflow_api_etl.py
[2024-11-05 15:33:10,053] {logging_mixin.py:115} INFO - [2024-11-05 15:33:10,053] {dag.py:2379} INFO - Sync 1 DAGs
[2024-11-05 15:33:10,066] {logging_mixin.py:115} INFO - [2024-11-05 15:33:10,066] {dag.py:2927} INFO - Setting next_dagrun for tutorial_taskflow_api_etl to None, run_after=None
[2024-11-05 15:33:10,182] {processor.py:161} INFO - Processing /home/paula/Documentos/airflow/venv/lib/python3.10/site-packages/airflow/example_dags/tutorial_taskflow_api_etl.py took 0.195 seconds
[2024-11-05 15:33:51,470] {processor.py:153} INFO - Started process (PID=1063220) to work on /home/paula/Documentos/airflow/venv/lib/python3.10/site-packages/airflow/example_dags/tutorial_taskflow_api_etl.py
[2024-11-05 15:33:51,470] {processor.py:641} INFO - Processing file /home/paula/Documentos/airflow/venv/lib/python3.10/site-packages/airflow/example_dags/tutorial_taskflow_api_etl.py for tasks to queue
[2024-11-05 15:33:51,471] {logging_mixin.py:115} INFO - [2024-11-05 15:33:51,471] {dagbag.py:507} INFO - Filling up the DagBag from /home/paula/Documentos/airflow/venv/lib/python3.10/site-packages/airflow/example_dags/tutorial_taskflow_api_etl.py
[2024-11-05 15:33:51,489] {processor.py:651} INFO - DAG(s) dict_keys(['tutorial_taskflow_api_etl']) retrieved from /home/paula/Documentos/airflow/venv/lib/python3.10/site-packages/airflow/example_dags/tutorial_taskflow_api_etl.py
[2024-11-05 15:33:51,505] {logging_mixin.py:115} INFO - [2024-11-05 15:33:51,505] {dag.py:2379} INFO - Sync 1 DAGs
[2024-11-05 15:33:51,528] {logging_mixin.py:115} INFO - [2024-11-05 15:33:51,528] {dag.py:2927} INFO - Setting next_dagrun for tutorial_taskflow_api_etl to None, run_after=None
[2024-11-05 15:33:51,646] {processor.py:161} INFO - Processing /home/paula/Documentos/airflow/venv/lib/python3.10/site-packages/airflow/example_dags/tutorial_taskflow_api_etl.py took 0.179 seconds
[2024-11-05 15:34:34,720] {processor.py:153} INFO - Started process (PID=1063578) to work on /home/paula/Documentos/airflow/venv/lib/python3.10/site-packages/airflow/example_dags/tutorial_taskflow_api_etl.py
[2024-11-05 15:34:34,720] {processor.py:641} INFO - Processing file /home/paula/Documentos/airflow/venv/lib/python3.10/site-packages/airflow/example_dags/tutorial_taskflow_api_etl.py for tasks to queue
[2024-11-05 15:34:34,721] {logging_mixin.py:115} INFO - [2024-11-05 15:34:34,721] {dagbag.py:507} INFO - Filling up the DagBag from /home/paula/Documentos/airflow/venv/lib/python3.10/site-packages/airflow/example_dags/tutorial_taskflow_api_etl.py
[2024-11-05 15:34:34,741] {processor.py:651} INFO - DAG(s) dict_keys(['tutorial_taskflow_api_etl']) retrieved from /home/paula/Documentos/airflow/venv/lib/python3.10/site-packages/airflow/example_dags/tutorial_taskflow_api_etl.py
[2024-11-05 15:34:34,782] {logging_mixin.py:115} INFO - [2024-11-05 15:34:34,782] {dag.py:2379} INFO - Sync 1 DAGs
[2024-11-05 15:34:34,797] {logging_mixin.py:115} INFO - [2024-11-05 15:34:34,797] {dag.py:2927} INFO - Setting next_dagrun for tutorial_taskflow_api_etl to None, run_after=None
[2024-11-05 15:34:34,928] {processor.py:161} INFO - Processing /home/paula/Documentos/airflow/venv/lib/python3.10/site-packages/airflow/example_dags/tutorial_taskflow_api_etl.py took 0.211 seconds
[2024-11-05 15:35:15,537] {processor.py:153} INFO - Started process (PID=1063882) to work on /home/paula/Documentos/airflow/venv/lib/python3.10/site-packages/airflow/example_dags/tutorial_taskflow_api_etl.py
[2024-11-05 15:35:15,548] {processor.py:641} INFO - Processing file /home/paula/Documentos/airflow/venv/lib/python3.10/site-packages/airflow/example_dags/tutorial_taskflow_api_etl.py for tasks to queue
[2024-11-05 15:35:15,549] {logging_mixin.py:115} INFO - [2024-11-05 15:35:15,549] {dagbag.py:507} INFO - Filling up the DagBag from /home/paula/Documentos/airflow/venv/lib/python3.10/site-packages/airflow/example_dags/tutorial_taskflow_api_etl.py
[2024-11-05 15:35:15,570] {processor.py:651} INFO - DAG(s) dict_keys(['tutorial_taskflow_api_etl']) retrieved from /home/paula/Documentos/airflow/venv/lib/python3.10/site-packages/airflow/example_dags/tutorial_taskflow_api_etl.py
[2024-11-05 15:35:15,584] {logging_mixin.py:115} INFO - [2024-11-05 15:35:15,584] {dag.py:2379} INFO - Sync 1 DAGs
[2024-11-05 15:35:15,601] {logging_mixin.py:115} INFO - [2024-11-05 15:35:15,601] {dag.py:2927} INFO - Setting next_dagrun for tutorial_taskflow_api_etl to None, run_after=None
[2024-11-05 15:35:15,691] {processor.py:161} INFO - Processing /home/paula/Documentos/airflow/venv/lib/python3.10/site-packages/airflow/example_dags/tutorial_taskflow_api_etl.py took 0.156 seconds
[2024-11-05 15:35:51,244] {processor.py:153} INFO - Started process (PID=1064090) to work on /home/paula/Documentos/airflow/venv/lib/python3.10/site-packages/airflow/example_dags/tutorial_taskflow_api_etl.py
[2024-11-05 15:35:51,245] {processor.py:641} INFO - Processing file /home/paula/Documentos/airflow/venv/lib/python3.10/site-packages/airflow/example_dags/tutorial_taskflow_api_etl.py for tasks to queue
[2024-11-05 15:35:51,246] {logging_mixin.py:115} INFO - [2024-11-05 15:35:51,245] {dagbag.py:507} INFO - Filling up the DagBag from /home/paula/Documentos/airflow/venv/lib/python3.10/site-packages/airflow/example_dags/tutorial_taskflow_api_etl.py
[2024-11-05 15:35:51,265] {processor.py:651} INFO - DAG(s) dict_keys(['tutorial_taskflow_api_etl']) retrieved from /home/paula/Documentos/airflow/venv/lib/python3.10/site-packages/airflow/example_dags/tutorial_taskflow_api_etl.py
[2024-11-05 15:35:51,309] {logging_mixin.py:115} INFO - [2024-11-05 15:35:51,309] {dag.py:2379} INFO - Sync 1 DAGs
[2024-11-05 15:35:51,325] {logging_mixin.py:115} INFO - [2024-11-05 15:35:51,325] {dag.py:2927} INFO - Setting next_dagrun for tutorial_taskflow_api_etl to None, run_after=None
[2024-11-05 15:35:51,410] {processor.py:161} INFO - Processing /home/paula/Documentos/airflow/venv/lib/python3.10/site-packages/airflow/example_dags/tutorial_taskflow_api_etl.py took 0.169 seconds
[2024-11-05 15:39:32,454] {processor.py:153} INFO - Started process (PID=1065129) to work on /home/paula/Documentos/airflow/venv/lib/python3.10/site-packages/airflow/example_dags/tutorial_taskflow_api_etl.py
[2024-11-05 15:39:32,455] {processor.py:641} INFO - Processing file /home/paula/Documentos/airflow/venv/lib/python3.10/site-packages/airflow/example_dags/tutorial_taskflow_api_etl.py for tasks to queue
[2024-11-05 15:39:32,455] {logging_mixin.py:115} INFO - [2024-11-05 15:39:32,455] {dagbag.py:507} INFO - Filling up the DagBag from /home/paula/Documentos/airflow/venv/lib/python3.10/site-packages/airflow/example_dags/tutorial_taskflow_api_etl.py
[2024-11-05 15:39:32,474] {processor.py:651} INFO - DAG(s) dict_keys(['tutorial_taskflow_api_etl']) retrieved from /home/paula/Documentos/airflow/venv/lib/python3.10/site-packages/airflow/example_dags/tutorial_taskflow_api_etl.py
[2024-11-05 15:39:32,518] {logging_mixin.py:115} INFO - [2024-11-05 15:39:32,518] {dag.py:2379} INFO - Sync 1 DAGs
[2024-11-05 15:39:32,540] {logging_mixin.py:115} INFO - [2024-11-05 15:39:32,540] {dag.py:2927} INFO - Setting next_dagrun for tutorial_taskflow_api_etl to None, run_after=None
[2024-11-05 15:39:32,631] {processor.py:161} INFO - Processing /home/paula/Documentos/airflow/venv/lib/python3.10/site-packages/airflow/example_dags/tutorial_taskflow_api_etl.py took 0.180 seconds
[2024-11-05 15:40:16,968] {processor.py:153} INFO - Started process (PID=1066076) to work on /home/paula/Documentos/airflow/venv/lib/python3.10/site-packages/airflow/example_dags/tutorial_taskflow_api_etl.py
[2024-11-05 15:40:16,989] {processor.py:641} INFO - Processing file /home/paula/Documentos/airflow/venv/lib/python3.10/site-packages/airflow/example_dags/tutorial_taskflow_api_etl.py for tasks to queue
[2024-11-05 15:40:16,990] {logging_mixin.py:115} INFO - [2024-11-05 15:40:16,990] {dagbag.py:507} INFO - Filling up the DagBag from /home/paula/Documentos/airflow/venv/lib/python3.10/site-packages/airflow/example_dags/tutorial_taskflow_api_etl.py
[2024-11-05 15:40:17,013] {processor.py:651} INFO - DAG(s) dict_keys(['tutorial_taskflow_api_etl']) retrieved from /home/paula/Documentos/airflow/venv/lib/python3.10/site-packages/airflow/example_dags/tutorial_taskflow_api_etl.py
[2024-11-05 15:40:17,056] {logging_mixin.py:115} INFO - [2024-11-05 15:40:17,056] {dag.py:2379} INFO - Sync 1 DAGs
[2024-11-05 15:40:17,071] {logging_mixin.py:115} INFO - [2024-11-05 15:40:17,071] {dag.py:2927} INFO - Setting next_dagrun for tutorial_taskflow_api_etl to None, run_after=None
[2024-11-05 15:40:17,221] {processor.py:161} INFO - Processing /home/paula/Documentos/airflow/venv/lib/python3.10/site-packages/airflow/example_dags/tutorial_taskflow_api_etl.py took 0.256 seconds
[2024-11-05 15:41:03,848] {processor.py:153} INFO - Started process (PID=1066387) to work on /home/paula/Documentos/airflow/venv/lib/python3.10/site-packages/airflow/example_dags/tutorial_taskflow_api_etl.py
[2024-11-05 15:41:03,849] {processor.py:641} INFO - Processing file /home/paula/Documentos/airflow/venv/lib/python3.10/site-packages/airflow/example_dags/tutorial_taskflow_api_etl.py for tasks to queue
[2024-11-05 15:41:03,850] {logging_mixin.py:115} INFO - [2024-11-05 15:41:03,850] {dagbag.py:507} INFO - Filling up the DagBag from /home/paula/Documentos/airflow/venv/lib/python3.10/site-packages/airflow/example_dags/tutorial_taskflow_api_etl.py
[2024-11-05 15:41:03,870] {processor.py:651} INFO - DAG(s) dict_keys(['tutorial_taskflow_api_etl']) retrieved from /home/paula/Documentos/airflow/venv/lib/python3.10/site-packages/airflow/example_dags/tutorial_taskflow_api_etl.py
[2024-11-05 15:41:03,885] {logging_mixin.py:115} INFO - [2024-11-05 15:41:03,885] {dag.py:2379} INFO - Sync 1 DAGs
[2024-11-05 15:41:03,903] {logging_mixin.py:115} INFO - [2024-11-05 15:41:03,903] {dag.py:2927} INFO - Setting next_dagrun for tutorial_taskflow_api_etl to None, run_after=None
[2024-11-05 15:41:03,997] {processor.py:161} INFO - Processing /home/paula/Documentos/airflow/venv/lib/python3.10/site-packages/airflow/example_dags/tutorial_taskflow_api_etl.py took 0.152 seconds
