[2024-11-05 15:07:18,802] {processor.py:153} INFO - Started process (PID=1053012) to work on /home/paula/Documentos/airflow/venv/lib/python3.10/site-packages/airflow/example_dags/subdags/subdag.py
[2024-11-05 15:07:18,802] {processor.py:641} INFO - Processing file /home/paula/Documentos/airflow/venv/lib/python3.10/site-packages/airflow/example_dags/subdags/subdag.py for tasks to queue
[2024-11-05 15:07:18,803] {logging_mixin.py:115} INFO - [2024-11-05 15:07:18,803] {dagbag.py:507} INFO - Filling up the DagBag from /home/paula/Documentos/airflow/venv/lib/python3.10/site-packages/airflow/example_dags/subdags/subdag.py
[2024-11-05 15:07:18,805] {processor.py:653} WARNING - No viable dags retrieved from /home/paula/Documentos/airflow/venv/lib/python3.10/site-packages/airflow/example_dags/subdags/subdag.py
[2024-11-05 15:07:18,855] {processor.py:161} INFO - Processing /home/paula/Documentos/airflow/venv/lib/python3.10/site-packages/airflow/example_dags/subdags/subdag.py took 0.067 seconds
[2024-11-05 15:08:34,757] {processor.py:153} INFO - Started process (PID=1053631) to work on /home/paula/Documentos/airflow/venv/lib/python3.10/site-packages/airflow/example_dags/subdags/subdag.py
[2024-11-05 15:08:34,771] {processor.py:641} INFO - Processing file /home/paula/Documentos/airflow/venv/lib/python3.10/site-packages/airflow/example_dags/subdags/subdag.py for tasks to queue
[2024-11-05 15:08:34,772] {logging_mixin.py:115} INFO - [2024-11-05 15:08:34,771] {dagbag.py:507} INFO - Filling up the DagBag from /home/paula/Documentos/airflow/venv/lib/python3.10/site-packages/airflow/example_dags/subdags/subdag.py
[2024-11-05 15:08:34,774] {processor.py:653} WARNING - No viable dags retrieved from /home/paula/Documentos/airflow/venv/lib/python3.10/site-packages/airflow/example_dags/subdags/subdag.py
[2024-11-05 15:08:34,786] {processor.py:161} INFO - Processing /home/paula/Documentos/airflow/venv/lib/python3.10/site-packages/airflow/example_dags/subdags/subdag.py took 0.032 seconds
[2024-11-05 15:09:16,086] {processor.py:153} INFO - Started process (PID=1053839) to work on /home/paula/Documentos/airflow/venv/lib/python3.10/site-packages/airflow/example_dags/subdags/subdag.py
[2024-11-05 15:09:16,089] {processor.py:641} INFO - Processing file /home/paula/Documentos/airflow/venv/lib/python3.10/site-packages/airflow/example_dags/subdags/subdag.py for tasks to queue
[2024-11-05 15:09:16,090] {logging_mixin.py:115} INFO - [2024-11-05 15:09:16,090] {dagbag.py:507} INFO - Filling up the DagBag from /home/paula/Documentos/airflow/venv/lib/python3.10/site-packages/airflow/example_dags/subdags/subdag.py
[2024-11-05 15:09:16,092] {processor.py:653} WARNING - No viable dags retrieved from /home/paula/Documentos/airflow/venv/lib/python3.10/site-packages/airflow/example_dags/subdags/subdag.py
[2024-11-05 15:09:16,103] {processor.py:161} INFO - Processing /home/paula/Documentos/airflow/venv/lib/python3.10/site-packages/airflow/example_dags/subdags/subdag.py took 0.020 seconds
[2024-11-05 15:09:55,149] {processor.py:153} INFO - Started process (PID=1054036) to work on /home/paula/Documentos/airflow/venv/lib/python3.10/site-packages/airflow/example_dags/subdags/subdag.py
[2024-11-05 15:09:55,174] {processor.py:641} INFO - Processing file /home/paula/Documentos/airflow/venv/lib/python3.10/site-packages/airflow/example_dags/subdags/subdag.py for tasks to queue
[2024-11-05 15:09:55,175] {logging_mixin.py:115} INFO - [2024-11-05 15:09:55,174] {dagbag.py:507} INFO - Filling up the DagBag from /home/paula/Documentos/airflow/venv/lib/python3.10/site-packages/airflow/example_dags/subdags/subdag.py
[2024-11-05 15:09:55,176] {processor.py:653} WARNING - No viable dags retrieved from /home/paula/Documentos/airflow/venv/lib/python3.10/site-packages/airflow/example_dags/subdags/subdag.py
[2024-11-05 15:09:55,185] {processor.py:161} INFO - Processing /home/paula/Documentos/airflow/venv/lib/python3.10/site-packages/airflow/example_dags/subdags/subdag.py took 0.040 seconds
[2024-11-05 15:10:27,348] {processor.py:153} INFO - Started process (PID=1054457) to work on /home/paula/Documentos/airflow/venv/lib/python3.10/site-packages/airflow/example_dags/subdags/subdag.py
[2024-11-05 15:10:27,402] {processor.py:641} INFO - Processing file /home/paula/Documentos/airflow/venv/lib/python3.10/site-packages/airflow/example_dags/subdags/subdag.py for tasks to queue
[2024-11-05 15:10:27,403] {logging_mixin.py:115} INFO - [2024-11-05 15:10:27,403] {dagbag.py:507} INFO - Filling up the DagBag from /home/paula/Documentos/airflow/venv/lib/python3.10/site-packages/airflow/example_dags/subdags/subdag.py
[2024-11-05 15:10:27,404] {processor.py:653} WARNING - No viable dags retrieved from /home/paula/Documentos/airflow/venv/lib/python3.10/site-packages/airflow/example_dags/subdags/subdag.py
[2024-11-05 15:10:27,417] {processor.py:161} INFO - Processing /home/paula/Documentos/airflow/venv/lib/python3.10/site-packages/airflow/example_dags/subdags/subdag.py took 0.073 seconds
[2024-11-05 15:11:04,575] {processor.py:153} INFO - Started process (PID=1054649) to work on /home/paula/Documentos/airflow/venv/lib/python3.10/site-packages/airflow/example_dags/subdags/subdag.py
[2024-11-05 15:11:04,615] {processor.py:641} INFO - Processing file /home/paula/Documentos/airflow/venv/lib/python3.10/site-packages/airflow/example_dags/subdags/subdag.py for tasks to queue
[2024-11-05 15:11:04,616] {logging_mixin.py:115} INFO - [2024-11-05 15:11:04,615] {dagbag.py:507} INFO - Filling up the DagBag from /home/paula/Documentos/airflow/venv/lib/python3.10/site-packages/airflow/example_dags/subdags/subdag.py
[2024-11-05 15:11:04,617] {processor.py:653} WARNING - No viable dags retrieved from /home/paula/Documentos/airflow/venv/lib/python3.10/site-packages/airflow/example_dags/subdags/subdag.py
[2024-11-05 15:11:04,631] {processor.py:161} INFO - Processing /home/paula/Documentos/airflow/venv/lib/python3.10/site-packages/airflow/example_dags/subdags/subdag.py took 0.060 seconds
[2024-11-05 15:11:38,716] {processor.py:153} INFO - Started process (PID=1054824) to work on /home/paula/Documentos/airflow/venv/lib/python3.10/site-packages/airflow/example_dags/subdags/subdag.py
[2024-11-05 15:11:38,716] {processor.py:641} INFO - Processing file /home/paula/Documentos/airflow/venv/lib/python3.10/site-packages/airflow/example_dags/subdags/subdag.py for tasks to queue
[2024-11-05 15:11:38,717] {logging_mixin.py:115} INFO - [2024-11-05 15:11:38,717] {dagbag.py:507} INFO - Filling up the DagBag from /home/paula/Documentos/airflow/venv/lib/python3.10/site-packages/airflow/example_dags/subdags/subdag.py
[2024-11-05 15:11:38,718] {processor.py:653} WARNING - No viable dags retrieved from /home/paula/Documentos/airflow/venv/lib/python3.10/site-packages/airflow/example_dags/subdags/subdag.py
[2024-11-05 15:11:38,728] {processor.py:161} INFO - Processing /home/paula/Documentos/airflow/venv/lib/python3.10/site-packages/airflow/example_dags/subdags/subdag.py took 0.016 seconds
[2024-11-05 15:12:12,334] {processor.py:153} INFO - Started process (PID=1055058) to work on /home/paula/Documentos/airflow/venv/lib/python3.10/site-packages/airflow/example_dags/subdags/subdag.py
[2024-11-05 15:12:12,346] {processor.py:641} INFO - Processing file /home/paula/Documentos/airflow/venv/lib/python3.10/site-packages/airflow/example_dags/subdags/subdag.py for tasks to queue
[2024-11-05 15:12:12,347] {logging_mixin.py:115} INFO - [2024-11-05 15:12:12,347] {dagbag.py:507} INFO - Filling up the DagBag from /home/paula/Documentos/airflow/venv/lib/python3.10/site-packages/airflow/example_dags/subdags/subdag.py
[2024-11-05 15:12:12,349] {processor.py:653} WARNING - No viable dags retrieved from /home/paula/Documentos/airflow/venv/lib/python3.10/site-packages/airflow/example_dags/subdags/subdag.py
[2024-11-05 15:12:12,364] {processor.py:161} INFO - Processing /home/paula/Documentos/airflow/venv/lib/python3.10/site-packages/airflow/example_dags/subdags/subdag.py took 0.035 seconds
[2024-11-05 15:12:44,098] {processor.py:153} INFO - Started process (PID=1055250) to work on /home/paula/Documentos/airflow/venv/lib/python3.10/site-packages/airflow/example_dags/subdags/subdag.py
[2024-11-05 15:12:44,100] {processor.py:641} INFO - Processing file /home/paula/Documentos/airflow/venv/lib/python3.10/site-packages/airflow/example_dags/subdags/subdag.py for tasks to queue
[2024-11-05 15:12:44,101] {logging_mixin.py:115} INFO - [2024-11-05 15:12:44,101] {dagbag.py:507} INFO - Filling up the DagBag from /home/paula/Documentos/airflow/venv/lib/python3.10/site-packages/airflow/example_dags/subdags/subdag.py
[2024-11-05 15:12:44,103] {processor.py:653} WARNING - No viable dags retrieved from /home/paula/Documentos/airflow/venv/lib/python3.10/site-packages/airflow/example_dags/subdags/subdag.py
[2024-11-05 15:12:44,114] {processor.py:161} INFO - Processing /home/paula/Documentos/airflow/venv/lib/python3.10/site-packages/airflow/example_dags/subdags/subdag.py took 0.020 seconds
[2024-11-05 15:13:19,365] {processor.py:153} INFO - Started process (PID=1055450) to work on /home/paula/Documentos/airflow/venv/lib/python3.10/site-packages/airflow/example_dags/subdags/subdag.py
[2024-11-05 15:13:19,409] {processor.py:641} INFO - Processing file /home/paula/Documentos/airflow/venv/lib/python3.10/site-packages/airflow/example_dags/subdags/subdag.py for tasks to queue
[2024-11-05 15:13:19,410] {logging_mixin.py:115} INFO - [2024-11-05 15:13:19,410] {dagbag.py:507} INFO - Filling up the DagBag from /home/paula/Documentos/airflow/venv/lib/python3.10/site-packages/airflow/example_dags/subdags/subdag.py
[2024-11-05 15:13:19,413] {processor.py:653} WARNING - No viable dags retrieved from /home/paula/Documentos/airflow/venv/lib/python3.10/site-packages/airflow/example_dags/subdags/subdag.py
[2024-11-05 15:13:19,429] {processor.py:161} INFO - Processing /home/paula/Documentos/airflow/venv/lib/python3.10/site-packages/airflow/example_dags/subdags/subdag.py took 0.067 seconds
[2024-11-05 15:13:55,591] {processor.py:153} INFO - Started process (PID=1055664) to work on /home/paula/Documentos/airflow/venv/lib/python3.10/site-packages/airflow/example_dags/subdags/subdag.py
[2024-11-05 15:13:55,618] {processor.py:641} INFO - Processing file /home/paula/Documentos/airflow/venv/lib/python3.10/site-packages/airflow/example_dags/subdags/subdag.py for tasks to queue
[2024-11-05 15:13:55,619] {logging_mixin.py:115} INFO - [2024-11-05 15:13:55,619] {dagbag.py:507} INFO - Filling up the DagBag from /home/paula/Documentos/airflow/venv/lib/python3.10/site-packages/airflow/example_dags/subdags/subdag.py
[2024-11-05 15:13:55,620] {processor.py:653} WARNING - No viable dags retrieved from /home/paula/Documentos/airflow/venv/lib/python3.10/site-packages/airflow/example_dags/subdags/subdag.py
[2024-11-05 15:13:55,631] {processor.py:161} INFO - Processing /home/paula/Documentos/airflow/venv/lib/python3.10/site-packages/airflow/example_dags/subdags/subdag.py took 0.042 seconds
[2024-11-05 15:14:30,116] {processor.py:153} INFO - Started process (PID=1055861) to work on /home/paula/Documentos/airflow/venv/lib/python3.10/site-packages/airflow/example_dags/subdags/subdag.py
[2024-11-05 15:14:30,134] {processor.py:641} INFO - Processing file /home/paula/Documentos/airflow/venv/lib/python3.10/site-packages/airflow/example_dags/subdags/subdag.py for tasks to queue
[2024-11-05 15:14:30,135] {logging_mixin.py:115} INFO - [2024-11-05 15:14:30,135] {dagbag.py:507} INFO - Filling up the DagBag from /home/paula/Documentos/airflow/venv/lib/python3.10/site-packages/airflow/example_dags/subdags/subdag.py
[2024-11-05 15:14:30,136] {processor.py:653} WARNING - No viable dags retrieved from /home/paula/Documentos/airflow/venv/lib/python3.10/site-packages/airflow/example_dags/subdags/subdag.py
[2024-11-05 15:14:30,149] {processor.py:161} INFO - Processing /home/paula/Documentos/airflow/venv/lib/python3.10/site-packages/airflow/example_dags/subdags/subdag.py took 0.037 seconds
[2024-11-05 15:15:06,046] {processor.py:153} INFO - Started process (PID=1056076) to work on /home/paula/Documentos/airflow/venv/lib/python3.10/site-packages/airflow/example_dags/subdags/subdag.py
[2024-11-05 15:15:06,070] {processor.py:641} INFO - Processing file /home/paula/Documentos/airflow/venv/lib/python3.10/site-packages/airflow/example_dags/subdags/subdag.py for tasks to queue
[2024-11-05 15:15:06,071] {logging_mixin.py:115} INFO - [2024-11-05 15:15:06,071] {dagbag.py:507} INFO - Filling up the DagBag from /home/paula/Documentos/airflow/venv/lib/python3.10/site-packages/airflow/example_dags/subdags/subdag.py
[2024-11-05 15:15:06,073] {processor.py:653} WARNING - No viable dags retrieved from /home/paula/Documentos/airflow/venv/lib/python3.10/site-packages/airflow/example_dags/subdags/subdag.py
[2024-11-05 15:15:06,091] {processor.py:161} INFO - Processing /home/paula/Documentos/airflow/venv/lib/python3.10/site-packages/airflow/example_dags/subdags/subdag.py took 0.049 seconds
[2024-11-05 15:15:39,890] {processor.py:153} INFO - Started process (PID=1056292) to work on /home/paula/Documentos/airflow/venv/lib/python3.10/site-packages/airflow/example_dags/subdags/subdag.py
[2024-11-05 15:15:39,912] {processor.py:641} INFO - Processing file /home/paula/Documentos/airflow/venv/lib/python3.10/site-packages/airflow/example_dags/subdags/subdag.py for tasks to queue
[2024-11-05 15:15:39,913] {logging_mixin.py:115} INFO - [2024-11-05 15:15:39,913] {dagbag.py:507} INFO - Filling up the DagBag from /home/paula/Documentos/airflow/venv/lib/python3.10/site-packages/airflow/example_dags/subdags/subdag.py
[2024-11-05 15:15:39,918] {processor.py:653} WARNING - No viable dags retrieved from /home/paula/Documentos/airflow/venv/lib/python3.10/site-packages/airflow/example_dags/subdags/subdag.py
[2024-11-05 15:15:39,955] {processor.py:161} INFO - Processing /home/paula/Documentos/airflow/venv/lib/python3.10/site-packages/airflow/example_dags/subdags/subdag.py took 0.067 seconds
[2024-11-05 15:16:20,916] {processor.py:153} INFO - Started process (PID=1056546) to work on /home/paula/Documentos/airflow/venv/lib/python3.10/site-packages/airflow/example_dags/subdags/subdag.py
[2024-11-05 15:16:20,927] {processor.py:641} INFO - Processing file /home/paula/Documentos/airflow/venv/lib/python3.10/site-packages/airflow/example_dags/subdags/subdag.py for tasks to queue
[2024-11-05 15:16:20,928] {logging_mixin.py:115} INFO - [2024-11-05 15:16:20,928] {dagbag.py:507} INFO - Filling up the DagBag from /home/paula/Documentos/airflow/venv/lib/python3.10/site-packages/airflow/example_dags/subdags/subdag.py
[2024-11-05 15:16:20,930] {processor.py:653} WARNING - No viable dags retrieved from /home/paula/Documentos/airflow/venv/lib/python3.10/site-packages/airflow/example_dags/subdags/subdag.py
[2024-11-05 15:16:20,945] {processor.py:161} INFO - Processing /home/paula/Documentos/airflow/venv/lib/python3.10/site-packages/airflow/example_dags/subdags/subdag.py took 0.031 seconds
[2024-11-05 15:16:56,148] {processor.py:153} INFO - Started process (PID=1056775) to work on /home/paula/Documentos/airflow/venv/lib/python3.10/site-packages/airflow/example_dags/subdags/subdag.py
[2024-11-05 15:16:56,148] {processor.py:641} INFO - Processing file /home/paula/Documentos/airflow/venv/lib/python3.10/site-packages/airflow/example_dags/subdags/subdag.py for tasks to queue
[2024-11-05 15:16:56,149] {logging_mixin.py:115} INFO - [2024-11-05 15:16:56,149] {dagbag.py:507} INFO - Filling up the DagBag from /home/paula/Documentos/airflow/venv/lib/python3.10/site-packages/airflow/example_dags/subdags/subdag.py
[2024-11-05 15:16:56,150] {processor.py:653} WARNING - No viable dags retrieved from /home/paula/Documentos/airflow/venv/lib/python3.10/site-packages/airflow/example_dags/subdags/subdag.py
[2024-11-05 15:16:56,162] {processor.py:161} INFO - Processing /home/paula/Documentos/airflow/venv/lib/python3.10/site-packages/airflow/example_dags/subdags/subdag.py took 0.018 seconds
[2024-11-05 15:17:32,388] {processor.py:153} INFO - Started process (PID=1056991) to work on /home/paula/Documentos/airflow/venv/lib/python3.10/site-packages/airflow/example_dags/subdags/subdag.py
[2024-11-05 15:17:32,389] {processor.py:641} INFO - Processing file /home/paula/Documentos/airflow/venv/lib/python3.10/site-packages/airflow/example_dags/subdags/subdag.py for tasks to queue
[2024-11-05 15:17:32,390] {logging_mixin.py:115} INFO - [2024-11-05 15:17:32,390] {dagbag.py:507} INFO - Filling up the DagBag from /home/paula/Documentos/airflow/venv/lib/python3.10/site-packages/airflow/example_dags/subdags/subdag.py
[2024-11-05 15:17:32,392] {processor.py:653} WARNING - No viable dags retrieved from /home/paula/Documentos/airflow/venv/lib/python3.10/site-packages/airflow/example_dags/subdags/subdag.py
[2024-11-05 15:17:32,407] {processor.py:161} INFO - Processing /home/paula/Documentos/airflow/venv/lib/python3.10/site-packages/airflow/example_dags/subdags/subdag.py took 0.022 seconds
[2024-11-05 15:18:09,237] {processor.py:153} INFO - Started process (PID=1057228) to work on /home/paula/Documentos/airflow/venv/lib/python3.10/site-packages/airflow/example_dags/subdags/subdag.py
[2024-11-05 15:18:09,253] {processor.py:641} INFO - Processing file /home/paula/Documentos/airflow/venv/lib/python3.10/site-packages/airflow/example_dags/subdags/subdag.py for tasks to queue
[2024-11-05 15:18:09,254] {logging_mixin.py:115} INFO - [2024-11-05 15:18:09,254] {dagbag.py:507} INFO - Filling up the DagBag from /home/paula/Documentos/airflow/venv/lib/python3.10/site-packages/airflow/example_dags/subdags/subdag.py
[2024-11-05 15:18:09,255] {processor.py:653} WARNING - No viable dags retrieved from /home/paula/Documentos/airflow/venv/lib/python3.10/site-packages/airflow/example_dags/subdags/subdag.py
[2024-11-05 15:18:09,267] {processor.py:161} INFO - Processing /home/paula/Documentos/airflow/venv/lib/python3.10/site-packages/airflow/example_dags/subdags/subdag.py took 0.033 seconds
[2024-11-05 15:18:43,279] {processor.py:153} INFO - Started process (PID=1057433) to work on /home/paula/Documentos/airflow/venv/lib/python3.10/site-packages/airflow/example_dags/subdags/subdag.py
[2024-11-05 15:18:43,280] {processor.py:641} INFO - Processing file /home/paula/Documentos/airflow/venv/lib/python3.10/site-packages/airflow/example_dags/subdags/subdag.py for tasks to queue
[2024-11-05 15:18:43,281] {logging_mixin.py:115} INFO - [2024-11-05 15:18:43,281] {dagbag.py:507} INFO - Filling up the DagBag from /home/paula/Documentos/airflow/venv/lib/python3.10/site-packages/airflow/example_dags/subdags/subdag.py
[2024-11-05 15:18:43,282] {processor.py:653} WARNING - No viable dags retrieved from /home/paula/Documentos/airflow/venv/lib/python3.10/site-packages/airflow/example_dags/subdags/subdag.py
[2024-11-05 15:18:43,294] {processor.py:161} INFO - Processing /home/paula/Documentos/airflow/venv/lib/python3.10/site-packages/airflow/example_dags/subdags/subdag.py took 0.018 seconds
[2024-11-05 15:19:15,362] {processor.py:153} INFO - Started process (PID=1057620) to work on /home/paula/Documentos/airflow/venv/lib/python3.10/site-packages/airflow/example_dags/subdags/subdag.py
[2024-11-05 15:19:15,386] {processor.py:641} INFO - Processing file /home/paula/Documentos/airflow/venv/lib/python3.10/site-packages/airflow/example_dags/subdags/subdag.py for tasks to queue
[2024-11-05 15:19:15,386] {logging_mixin.py:115} INFO - [2024-11-05 15:19:15,386] {dagbag.py:507} INFO - Filling up the DagBag from /home/paula/Documentos/airflow/venv/lib/python3.10/site-packages/airflow/example_dags/subdags/subdag.py
[2024-11-05 15:19:15,388] {processor.py:653} WARNING - No viable dags retrieved from /home/paula/Documentos/airflow/venv/lib/python3.10/site-packages/airflow/example_dags/subdags/subdag.py
[2024-11-05 15:19:15,405] {processor.py:161} INFO - Processing /home/paula/Documentos/airflow/venv/lib/python3.10/site-packages/airflow/example_dags/subdags/subdag.py took 0.045 seconds
[2024-11-05 15:19:48,384] {processor.py:153} INFO - Started process (PID=1057850) to work on /home/paula/Documentos/airflow/venv/lib/python3.10/site-packages/airflow/example_dags/subdags/subdag.py
[2024-11-05 15:19:48,385] {processor.py:641} INFO - Processing file /home/paula/Documentos/airflow/venv/lib/python3.10/site-packages/airflow/example_dags/subdags/subdag.py for tasks to queue
[2024-11-05 15:19:48,385] {logging_mixin.py:115} INFO - [2024-11-05 15:19:48,385] {dagbag.py:507} INFO - Filling up the DagBag from /home/paula/Documentos/airflow/venv/lib/python3.10/site-packages/airflow/example_dags/subdags/subdag.py
[2024-11-05 15:19:48,387] {processor.py:653} WARNING - No viable dags retrieved from /home/paula/Documentos/airflow/venv/lib/python3.10/site-packages/airflow/example_dags/subdags/subdag.py
[2024-11-05 15:19:48,398] {processor.py:161} INFO - Processing /home/paula/Documentos/airflow/venv/lib/python3.10/site-packages/airflow/example_dags/subdags/subdag.py took 0.017 seconds
[2024-11-05 15:20:23,642] {processor.py:153} INFO - Started process (PID=1058069) to work on /home/paula/Documentos/airflow/venv/lib/python3.10/site-packages/airflow/example_dags/subdags/subdag.py
[2024-11-05 15:20:23,649] {processor.py:641} INFO - Processing file /home/paula/Documentos/airflow/venv/lib/python3.10/site-packages/airflow/example_dags/subdags/subdag.py for tasks to queue
[2024-11-05 15:20:23,650] {logging_mixin.py:115} INFO - [2024-11-05 15:20:23,649] {dagbag.py:507} INFO - Filling up the DagBag from /home/paula/Documentos/airflow/venv/lib/python3.10/site-packages/airflow/example_dags/subdags/subdag.py
[2024-11-05 15:20:23,652] {processor.py:653} WARNING - No viable dags retrieved from /home/paula/Documentos/airflow/venv/lib/python3.10/site-packages/airflow/example_dags/subdags/subdag.py
[2024-11-05 15:20:23,667] {processor.py:161} INFO - Processing /home/paula/Documentos/airflow/venv/lib/python3.10/site-packages/airflow/example_dags/subdags/subdag.py took 0.028 seconds
[2024-11-05 15:21:09,270] {processor.py:153} INFO - Started process (PID=1058354) to work on /home/paula/Documentos/airflow/venv/lib/python3.10/site-packages/airflow/example_dags/subdags/subdag.py
[2024-11-05 15:21:09,273] {processor.py:641} INFO - Processing file /home/paula/Documentos/airflow/venv/lib/python3.10/site-packages/airflow/example_dags/subdags/subdag.py for tasks to queue
[2024-11-05 15:21:09,274] {logging_mixin.py:115} INFO - [2024-11-05 15:21:09,274] {dagbag.py:507} INFO - Filling up the DagBag from /home/paula/Documentos/airflow/venv/lib/python3.10/site-packages/airflow/example_dags/subdags/subdag.py
[2024-11-05 15:21:09,276] {processor.py:653} WARNING - No viable dags retrieved from /home/paula/Documentos/airflow/venv/lib/python3.10/site-packages/airflow/example_dags/subdags/subdag.py
[2024-11-05 15:21:09,307] {processor.py:161} INFO - Processing /home/paula/Documentos/airflow/venv/lib/python3.10/site-packages/airflow/example_dags/subdags/subdag.py took 0.047 seconds
[2024-11-05 15:21:51,217] {processor.py:153} INFO - Started process (PID=1058635) to work on /home/paula/Documentos/airflow/venv/lib/python3.10/site-packages/airflow/example_dags/subdags/subdag.py
[2024-11-05 15:21:51,246] {processor.py:641} INFO - Processing file /home/paula/Documentos/airflow/venv/lib/python3.10/site-packages/airflow/example_dags/subdags/subdag.py for tasks to queue
[2024-11-05 15:21:51,247] {logging_mixin.py:115} INFO - [2024-11-05 15:21:51,247] {dagbag.py:507} INFO - Filling up the DagBag from /home/paula/Documentos/airflow/venv/lib/python3.10/site-packages/airflow/example_dags/subdags/subdag.py
[2024-11-05 15:21:51,249] {processor.py:653} WARNING - No viable dags retrieved from /home/paula/Documentos/airflow/venv/lib/python3.10/site-packages/airflow/example_dags/subdags/subdag.py
[2024-11-05 15:21:51,259] {processor.py:161} INFO - Processing /home/paula/Documentos/airflow/venv/lib/python3.10/site-packages/airflow/example_dags/subdags/subdag.py took 0.045 seconds
[2024-11-05 15:22:28,440] {processor.py:153} INFO - Started process (PID=1058853) to work on /home/paula/Documentos/airflow/venv/lib/python3.10/site-packages/airflow/example_dags/subdags/subdag.py
[2024-11-05 15:22:28,441] {processor.py:641} INFO - Processing file /home/paula/Documentos/airflow/venv/lib/python3.10/site-packages/airflow/example_dags/subdags/subdag.py for tasks to queue
[2024-11-05 15:22:28,441] {logging_mixin.py:115} INFO - [2024-11-05 15:22:28,441] {dagbag.py:507} INFO - Filling up the DagBag from /home/paula/Documentos/airflow/venv/lib/python3.10/site-packages/airflow/example_dags/subdags/subdag.py
[2024-11-05 15:22:28,443] {processor.py:653} WARNING - No viable dags retrieved from /home/paula/Documentos/airflow/venv/lib/python3.10/site-packages/airflow/example_dags/subdags/subdag.py
[2024-11-05 15:22:28,454] {processor.py:161} INFO - Processing /home/paula/Documentos/airflow/venv/lib/python3.10/site-packages/airflow/example_dags/subdags/subdag.py took 0.016 seconds
[2024-11-05 15:23:03,151] {processor.py:153} INFO - Started process (PID=1059067) to work on /home/paula/Documentos/airflow/venv/lib/python3.10/site-packages/airflow/example_dags/subdags/subdag.py
[2024-11-05 15:23:03,178] {processor.py:641} INFO - Processing file /home/paula/Documentos/airflow/venv/lib/python3.10/site-packages/airflow/example_dags/subdags/subdag.py for tasks to queue
[2024-11-05 15:23:03,179] {logging_mixin.py:115} INFO - [2024-11-05 15:23:03,179] {dagbag.py:507} INFO - Filling up the DagBag from /home/paula/Documentos/airflow/venv/lib/python3.10/site-packages/airflow/example_dags/subdags/subdag.py
[2024-11-05 15:23:03,182] {processor.py:653} WARNING - No viable dags retrieved from /home/paula/Documentos/airflow/venv/lib/python3.10/site-packages/airflow/example_dags/subdags/subdag.py
[2024-11-05 15:23:03,197] {processor.py:161} INFO - Processing /home/paula/Documentos/airflow/venv/lib/python3.10/site-packages/airflow/example_dags/subdags/subdag.py took 0.051 seconds
[2024-11-05 15:23:37,432] {processor.py:153} INFO - Started process (PID=1059300) to work on /home/paula/Documentos/airflow/venv/lib/python3.10/site-packages/airflow/example_dags/subdags/subdag.py
[2024-11-05 15:23:37,451] {processor.py:641} INFO - Processing file /home/paula/Documentos/airflow/venv/lib/python3.10/site-packages/airflow/example_dags/subdags/subdag.py for tasks to queue
[2024-11-05 15:23:37,453] {logging_mixin.py:115} INFO - [2024-11-05 15:23:37,453] {dagbag.py:507} INFO - Filling up the DagBag from /home/paula/Documentos/airflow/venv/lib/python3.10/site-packages/airflow/example_dags/subdags/subdag.py
[2024-11-05 15:23:37,455] {processor.py:653} WARNING - No viable dags retrieved from /home/paula/Documentos/airflow/venv/lib/python3.10/site-packages/airflow/example_dags/subdags/subdag.py
[2024-11-05 15:23:37,475] {processor.py:161} INFO - Processing /home/paula/Documentos/airflow/venv/lib/python3.10/site-packages/airflow/example_dags/subdags/subdag.py took 0.046 seconds
[2024-11-05 15:24:14,362] {processor.py:153} INFO - Started process (PID=1059533) to work on /home/paula/Documentos/airflow/venv/lib/python3.10/site-packages/airflow/example_dags/subdags/subdag.py
[2024-11-05 15:24:14,370] {processor.py:641} INFO - Processing file /home/paula/Documentos/airflow/venv/lib/python3.10/site-packages/airflow/example_dags/subdags/subdag.py for tasks to queue
[2024-11-05 15:24:14,371] {logging_mixin.py:115} INFO - [2024-11-05 15:24:14,371] {dagbag.py:507} INFO - Filling up the DagBag from /home/paula/Documentos/airflow/venv/lib/python3.10/site-packages/airflow/example_dags/subdags/subdag.py
[2024-11-05 15:24:14,373] {processor.py:653} WARNING - No viable dags retrieved from /home/paula/Documentos/airflow/venv/lib/python3.10/site-packages/airflow/example_dags/subdags/subdag.py
[2024-11-05 15:24:14,386] {processor.py:161} INFO - Processing /home/paula/Documentos/airflow/venv/lib/python3.10/site-packages/airflow/example_dags/subdags/subdag.py took 0.030 seconds
[2024-11-05 15:24:50,405] {processor.py:153} INFO - Started process (PID=1059757) to work on /home/paula/Documentos/airflow/venv/lib/python3.10/site-packages/airflow/example_dags/subdags/subdag.py
[2024-11-05 15:24:50,425] {processor.py:641} INFO - Processing file /home/paula/Documentos/airflow/venv/lib/python3.10/site-packages/airflow/example_dags/subdags/subdag.py for tasks to queue
[2024-11-05 15:24:50,427] {logging_mixin.py:115} INFO - [2024-11-05 15:24:50,427] {dagbag.py:507} INFO - Filling up the DagBag from /home/paula/Documentos/airflow/venv/lib/python3.10/site-packages/airflow/example_dags/subdags/subdag.py
[2024-11-05 15:24:50,430] {processor.py:653} WARNING - No viable dags retrieved from /home/paula/Documentos/airflow/venv/lib/python3.10/site-packages/airflow/example_dags/subdags/subdag.py
[2024-11-05 15:24:50,447] {processor.py:161} INFO - Processing /home/paula/Documentos/airflow/venv/lib/python3.10/site-packages/airflow/example_dags/subdags/subdag.py took 0.045 seconds
[2024-11-05 15:25:35,820] {processor.py:153} INFO - Started process (PID=1060135) to work on /home/paula/Documentos/airflow/venv/lib/python3.10/site-packages/airflow/example_dags/subdags/subdag.py
[2024-11-05 15:25:35,821] {processor.py:641} INFO - Processing file /home/paula/Documentos/airflow/venv/lib/python3.10/site-packages/airflow/example_dags/subdags/subdag.py for tasks to queue
[2024-11-05 15:25:35,822] {logging_mixin.py:115} INFO - [2024-11-05 15:25:35,822] {dagbag.py:507} INFO - Filling up the DagBag from /home/paula/Documentos/airflow/venv/lib/python3.10/site-packages/airflow/example_dags/subdags/subdag.py
[2024-11-05 15:25:35,824] {processor.py:653} WARNING - No viable dags retrieved from /home/paula/Documentos/airflow/venv/lib/python3.10/site-packages/airflow/example_dags/subdags/subdag.py
[2024-11-05 15:25:35,841] {processor.py:161} INFO - Processing /home/paula/Documentos/airflow/venv/lib/python3.10/site-packages/airflow/example_dags/subdags/subdag.py took 0.025 seconds
[2024-11-05 15:27:38,051] {processor.py:153} INFO - Started process (PID=1060778) to work on /home/paula/Documentos/airflow/venv/lib/python3.10/site-packages/airflow/example_dags/subdags/subdag.py
[2024-11-05 15:27:38,072] {processor.py:641} INFO - Processing file /home/paula/Documentos/airflow/venv/lib/python3.10/site-packages/airflow/example_dags/subdags/subdag.py for tasks to queue
[2024-11-05 15:27:38,073] {logging_mixin.py:115} INFO - [2024-11-05 15:27:38,073] {dagbag.py:507} INFO - Filling up the DagBag from /home/paula/Documentos/airflow/venv/lib/python3.10/site-packages/airflow/example_dags/subdags/subdag.py
[2024-11-05 15:27:38,080] {processor.py:653} WARNING - No viable dags retrieved from /home/paula/Documentos/airflow/venv/lib/python3.10/site-packages/airflow/example_dags/subdags/subdag.py
[2024-11-05 15:27:38,111] {processor.py:161} INFO - Processing /home/paula/Documentos/airflow/venv/lib/python3.10/site-packages/airflow/example_dags/subdags/subdag.py took 0.072 seconds
[2024-11-05 15:28:38,484] {processor.py:153} INFO - Started process (PID=1061243) to work on /home/paula/Documentos/airflow/venv/lib/python3.10/site-packages/airflow/example_dags/subdags/subdag.py
[2024-11-05 15:28:38,496] {processor.py:641} INFO - Processing file /home/paula/Documentos/airflow/venv/lib/python3.10/site-packages/airflow/example_dags/subdags/subdag.py for tasks to queue
[2024-11-05 15:28:38,498] {logging_mixin.py:115} INFO - [2024-11-05 15:28:38,498] {dagbag.py:507} INFO - Filling up the DagBag from /home/paula/Documentos/airflow/venv/lib/python3.10/site-packages/airflow/example_dags/subdags/subdag.py
[2024-11-05 15:28:38,500] {processor.py:653} WARNING - No viable dags retrieved from /home/paula/Documentos/airflow/venv/lib/python3.10/site-packages/airflow/example_dags/subdags/subdag.py
[2024-11-05 15:28:38,519] {processor.py:161} INFO - Processing /home/paula/Documentos/airflow/venv/lib/python3.10/site-packages/airflow/example_dags/subdags/subdag.py took 0.040 seconds
[2024-11-05 15:29:20,525] {processor.py:153} INFO - Started process (PID=1061498) to work on /home/paula/Documentos/airflow/venv/lib/python3.10/site-packages/airflow/example_dags/subdags/subdag.py
[2024-11-05 15:29:20,535] {processor.py:641} INFO - Processing file /home/paula/Documentos/airflow/venv/lib/python3.10/site-packages/airflow/example_dags/subdags/subdag.py for tasks to queue
[2024-11-05 15:29:20,536] {logging_mixin.py:115} INFO - [2024-11-05 15:29:20,536] {dagbag.py:507} INFO - Filling up the DagBag from /home/paula/Documentos/airflow/venv/lib/python3.10/site-packages/airflow/example_dags/subdags/subdag.py
[2024-11-05 15:29:20,537] {processor.py:653} WARNING - No viable dags retrieved from /home/paula/Documentos/airflow/venv/lib/python3.10/site-packages/airflow/example_dags/subdags/subdag.py
[2024-11-05 15:29:20,549] {processor.py:161} INFO - Processing /home/paula/Documentos/airflow/venv/lib/python3.10/site-packages/airflow/example_dags/subdags/subdag.py took 0.026 seconds
[2024-11-05 15:30:06,232] {processor.py:153} INFO - Started process (PID=1061805) to work on /home/paula/Documentos/airflow/venv/lib/python3.10/site-packages/airflow/example_dags/subdags/subdag.py
[2024-11-05 15:30:06,251] {processor.py:641} INFO - Processing file /home/paula/Documentos/airflow/venv/lib/python3.10/site-packages/airflow/example_dags/subdags/subdag.py for tasks to queue
[2024-11-05 15:30:06,252] {logging_mixin.py:115} INFO - [2024-11-05 15:30:06,252] {dagbag.py:507} INFO - Filling up the DagBag from /home/paula/Documentos/airflow/venv/lib/python3.10/site-packages/airflow/example_dags/subdags/subdag.py
[2024-11-05 15:30:06,253] {processor.py:653} WARNING - No viable dags retrieved from /home/paula/Documentos/airflow/venv/lib/python3.10/site-packages/airflow/example_dags/subdags/subdag.py
[2024-11-05 15:30:06,266] {processor.py:161} INFO - Processing /home/paula/Documentos/airflow/venv/lib/python3.10/site-packages/airflow/example_dags/subdags/subdag.py took 0.037 seconds
[2024-11-05 15:30:45,728] {processor.py:153} INFO - Started process (PID=1062043) to work on /home/paula/Documentos/airflow/venv/lib/python3.10/site-packages/airflow/example_dags/subdags/subdag.py
[2024-11-05 15:30:45,749] {processor.py:641} INFO - Processing file /home/paula/Documentos/airflow/venv/lib/python3.10/site-packages/airflow/example_dags/subdags/subdag.py for tasks to queue
[2024-11-05 15:30:45,750] {logging_mixin.py:115} INFO - [2024-11-05 15:30:45,750] {dagbag.py:507} INFO - Filling up the DagBag from /home/paula/Documentos/airflow/venv/lib/python3.10/site-packages/airflow/example_dags/subdags/subdag.py
[2024-11-05 15:30:45,752] {processor.py:653} WARNING - No viable dags retrieved from /home/paula/Documentos/airflow/venv/lib/python3.10/site-packages/airflow/example_dags/subdags/subdag.py
[2024-11-05 15:30:45,766] {processor.py:161} INFO - Processing /home/paula/Documentos/airflow/venv/lib/python3.10/site-packages/airflow/example_dags/subdags/subdag.py took 0.042 seconds
[2024-11-05 15:31:27,242] {processor.py:153} INFO - Started process (PID=1062282) to work on /home/paula/Documentos/airflow/venv/lib/python3.10/site-packages/airflow/example_dags/subdags/subdag.py
[2024-11-05 15:31:27,262] {processor.py:641} INFO - Processing file /home/paula/Documentos/airflow/venv/lib/python3.10/site-packages/airflow/example_dags/subdags/subdag.py for tasks to queue
[2024-11-05 15:31:27,262] {logging_mixin.py:115} INFO - [2024-11-05 15:31:27,262] {dagbag.py:507} INFO - Filling up the DagBag from /home/paula/Documentos/airflow/venv/lib/python3.10/site-packages/airflow/example_dags/subdags/subdag.py
[2024-11-05 15:31:27,264] {processor.py:653} WARNING - No viable dags retrieved from /home/paula/Documentos/airflow/venv/lib/python3.10/site-packages/airflow/example_dags/subdags/subdag.py
[2024-11-05 15:31:27,412] {processor.py:161} INFO - Processing /home/paula/Documentos/airflow/venv/lib/python3.10/site-packages/airflow/example_dags/subdags/subdag.py took 0.175 seconds
[2024-11-05 15:32:25,408] {processor.py:153} INFO - Started process (PID=1062651) to work on /home/paula/Documentos/airflow/venv/lib/python3.10/site-packages/airflow/example_dags/subdags/subdag.py
[2024-11-05 15:32:25,427] {processor.py:641} INFO - Processing file /home/paula/Documentos/airflow/venv/lib/python3.10/site-packages/airflow/example_dags/subdags/subdag.py for tasks to queue
[2024-11-05 15:32:25,428] {logging_mixin.py:115} INFO - [2024-11-05 15:32:25,427] {dagbag.py:507} INFO - Filling up the DagBag from /home/paula/Documentos/airflow/venv/lib/python3.10/site-packages/airflow/example_dags/subdags/subdag.py
[2024-11-05 15:32:25,430] {processor.py:653} WARNING - No viable dags retrieved from /home/paula/Documentos/airflow/venv/lib/python3.10/site-packages/airflow/example_dags/subdags/subdag.py
[2024-11-05 15:32:25,444] {processor.py:161} INFO - Processing /home/paula/Documentos/airflow/venv/lib/python3.10/site-packages/airflow/example_dags/subdags/subdag.py took 0.045 seconds
[2024-11-05 15:33:05,982] {processor.py:153} INFO - Started process (PID=1062925) to work on /home/paula/Documentos/airflow/venv/lib/python3.10/site-packages/airflow/example_dags/subdags/subdag.py
[2024-11-05 15:33:06,002] {processor.py:641} INFO - Processing file /home/paula/Documentos/airflow/venv/lib/python3.10/site-packages/airflow/example_dags/subdags/subdag.py for tasks to queue
[2024-11-05 15:33:06,003] {logging_mixin.py:115} INFO - [2024-11-05 15:33:06,003] {dagbag.py:507} INFO - Filling up the DagBag from /home/paula/Documentos/airflow/venv/lib/python3.10/site-packages/airflow/example_dags/subdags/subdag.py
[2024-11-05 15:33:06,005] {processor.py:653} WARNING - No viable dags retrieved from /home/paula/Documentos/airflow/venv/lib/python3.10/site-packages/airflow/example_dags/subdags/subdag.py
[2024-11-05 15:33:06,018] {processor.py:161} INFO - Processing /home/paula/Documentos/airflow/venv/lib/python3.10/site-packages/airflow/example_dags/subdags/subdag.py took 0.039 seconds
[2024-11-05 15:33:47,565] {processor.py:153} INFO - Started process (PID=1063193) to work on /home/paula/Documentos/airflow/venv/lib/python3.10/site-packages/airflow/example_dags/subdags/subdag.py
[2024-11-05 15:33:47,565] {processor.py:641} INFO - Processing file /home/paula/Documentos/airflow/venv/lib/python3.10/site-packages/airflow/example_dags/subdags/subdag.py for tasks to queue
[2024-11-05 15:33:47,566] {logging_mixin.py:115} INFO - [2024-11-05 15:33:47,566] {dagbag.py:507} INFO - Filling up the DagBag from /home/paula/Documentos/airflow/venv/lib/python3.10/site-packages/airflow/example_dags/subdags/subdag.py
[2024-11-05 15:33:47,567] {processor.py:653} WARNING - No viable dags retrieved from /home/paula/Documentos/airflow/venv/lib/python3.10/site-packages/airflow/example_dags/subdags/subdag.py
[2024-11-05 15:33:47,580] {processor.py:161} INFO - Processing /home/paula/Documentos/airflow/venv/lib/python3.10/site-packages/airflow/example_dags/subdags/subdag.py took 0.019 seconds
[2024-11-05 15:34:31,603] {processor.py:153} INFO - Started process (PID=1063563) to work on /home/paula/Documentos/airflow/venv/lib/python3.10/site-packages/airflow/example_dags/subdags/subdag.py
[2024-11-05 15:34:31,604] {processor.py:641} INFO - Processing file /home/paula/Documentos/airflow/venv/lib/python3.10/site-packages/airflow/example_dags/subdags/subdag.py for tasks to queue
[2024-11-05 15:34:31,604] {logging_mixin.py:115} INFO - [2024-11-05 15:34:31,604] {dagbag.py:507} INFO - Filling up the DagBag from /home/paula/Documentos/airflow/venv/lib/python3.10/site-packages/airflow/example_dags/subdags/subdag.py
[2024-11-05 15:34:31,606] {processor.py:653} WARNING - No viable dags retrieved from /home/paula/Documentos/airflow/venv/lib/python3.10/site-packages/airflow/example_dags/subdags/subdag.py
[2024-11-05 15:34:31,618] {processor.py:161} INFO - Processing /home/paula/Documentos/airflow/venv/lib/python3.10/site-packages/airflow/example_dags/subdags/subdag.py took 0.019 seconds
[2024-11-05 15:35:05,550] {processor.py:153} INFO - Started process (PID=1063816) to work on /home/paula/Documentos/airflow/venv/lib/python3.10/site-packages/airflow/example_dags/subdags/subdag.py
[2024-11-05 15:35:05,556] {processor.py:641} INFO - Processing file /home/paula/Documentos/airflow/venv/lib/python3.10/site-packages/airflow/example_dags/subdags/subdag.py for tasks to queue
[2024-11-05 15:35:05,557] {logging_mixin.py:115} INFO - [2024-11-05 15:35:05,556] {dagbag.py:507} INFO - Filling up the DagBag from /home/paula/Documentos/airflow/venv/lib/python3.10/site-packages/airflow/example_dags/subdags/subdag.py
[2024-11-05 15:35:05,562] {processor.py:653} WARNING - No viable dags retrieved from /home/paula/Documentos/airflow/venv/lib/python3.10/site-packages/airflow/example_dags/subdags/subdag.py
[2024-11-05 15:35:05,603] {processor.py:161} INFO - Processing /home/paula/Documentos/airflow/venv/lib/python3.10/site-packages/airflow/example_dags/subdags/subdag.py took 0.063 seconds
[2024-11-05 15:35:40,450] {processor.py:153} INFO - Started process (PID=1064030) to work on /home/paula/Documentos/airflow/venv/lib/python3.10/site-packages/airflow/example_dags/subdags/subdag.py
[2024-11-05 15:35:40,473] {processor.py:641} INFO - Processing file /home/paula/Documentos/airflow/venv/lib/python3.10/site-packages/airflow/example_dags/subdags/subdag.py for tasks to queue
[2024-11-05 15:35:40,474] {logging_mixin.py:115} INFO - [2024-11-05 15:35:40,474] {dagbag.py:507} INFO - Filling up the DagBag from /home/paula/Documentos/airflow/venv/lib/python3.10/site-packages/airflow/example_dags/subdags/subdag.py
[2024-11-05 15:35:40,476] {processor.py:653} WARNING - No viable dags retrieved from /home/paula/Documentos/airflow/venv/lib/python3.10/site-packages/airflow/example_dags/subdags/subdag.py
[2024-11-05 15:35:40,489] {processor.py:161} INFO - Processing /home/paula/Documentos/airflow/venv/lib/python3.10/site-packages/airflow/example_dags/subdags/subdag.py took 0.041 seconds
[2024-11-05 15:39:28,501] {processor.py:153} INFO - Started process (PID=1065123) to work on /home/paula/Documentos/airflow/venv/lib/python3.10/site-packages/airflow/example_dags/subdags/subdag.py
[2024-11-05 15:39:28,524] {processor.py:641} INFO - Processing file /home/paula/Documentos/airflow/venv/lib/python3.10/site-packages/airflow/example_dags/subdags/subdag.py for tasks to queue
[2024-11-05 15:39:28,525] {logging_mixin.py:115} INFO - [2024-11-05 15:39:28,525] {dagbag.py:507} INFO - Filling up the DagBag from /home/paula/Documentos/airflow/venv/lib/python3.10/site-packages/airflow/example_dags/subdags/subdag.py
[2024-11-05 15:39:28,526] {processor.py:653} WARNING - No viable dags retrieved from /home/paula/Documentos/airflow/venv/lib/python3.10/site-packages/airflow/example_dags/subdags/subdag.py
[2024-11-05 15:39:28,536] {processor.py:161} INFO - Processing /home/paula/Documentos/airflow/venv/lib/python3.10/site-packages/airflow/example_dags/subdags/subdag.py took 0.039 seconds
[2024-11-05 15:40:13,096] {processor.py:153} INFO - Started process (PID=1066056) to work on /home/paula/Documentos/airflow/venv/lib/python3.10/site-packages/airflow/example_dags/subdags/subdag.py
[2024-11-05 15:40:13,115] {processor.py:641} INFO - Processing file /home/paula/Documentos/airflow/venv/lib/python3.10/site-packages/airflow/example_dags/subdags/subdag.py for tasks to queue
[2024-11-05 15:40:13,116] {logging_mixin.py:115} INFO - [2024-11-05 15:40:13,116] {dagbag.py:507} INFO - Filling up the DagBag from /home/paula/Documentos/airflow/venv/lib/python3.10/site-packages/airflow/example_dags/subdags/subdag.py
[2024-11-05 15:40:13,119] {processor.py:653} WARNING - No viable dags retrieved from /home/paula/Documentos/airflow/venv/lib/python3.10/site-packages/airflow/example_dags/subdags/subdag.py
[2024-11-05 15:40:13,132] {processor.py:161} INFO - Processing /home/paula/Documentos/airflow/venv/lib/python3.10/site-packages/airflow/example_dags/subdags/subdag.py took 0.040 seconds
[2024-11-05 15:41:00,507] {processor.py:153} INFO - Started process (PID=1066366) to work on /home/paula/Documentos/airflow/venv/lib/python3.10/site-packages/airflow/example_dags/subdags/subdag.py
[2024-11-05 15:41:00,528] {processor.py:641} INFO - Processing file /home/paula/Documentos/airflow/venv/lib/python3.10/site-packages/airflow/example_dags/subdags/subdag.py for tasks to queue
[2024-11-05 15:41:00,529] {logging_mixin.py:115} INFO - [2024-11-05 15:41:00,529] {dagbag.py:507} INFO - Filling up the DagBag from /home/paula/Documentos/airflow/venv/lib/python3.10/site-packages/airflow/example_dags/subdags/subdag.py
[2024-11-05 15:41:00,531] {processor.py:653} WARNING - No viable dags retrieved from /home/paula/Documentos/airflow/venv/lib/python3.10/site-packages/airflow/example_dags/subdags/subdag.py
[2024-11-05 15:41:00,543] {processor.py:161} INFO - Processing /home/paula/Documentos/airflow/venv/lib/python3.10/site-packages/airflow/example_dags/subdags/subdag.py took 0.039 seconds
