[2024-11-05 15:39:22,975] {taskinstance.py:1159} INFO - Dependencies all met for <TaskInstance: dados_climaticos.extrai_dados scheduled__2024-10-28T00:00:00+00:00 [queued]>
[2024-11-05 15:39:22,983] {taskinstance.py:1159} INFO - Dependencies all met for <TaskInstance: dados_climaticos.extrai_dados scheduled__2024-10-28T00:00:00+00:00 [queued]>
[2024-11-05 15:39:22,983] {taskinstance.py:1356} INFO - 
--------------------------------------------------------------------------------
[2024-11-05 15:39:22,983] {taskinstance.py:1357} INFO - Starting attempt 1 of 1
[2024-11-05 15:39:22,983] {taskinstance.py:1358} INFO - 
--------------------------------------------------------------------------------
[2024-11-05 15:39:23,208] {taskinstance.py:1377} INFO - Executing <Task(PythonOperator): extrai_dados> on 2024-10-28 00:00:00+00:00
[2024-11-05 15:39:23,213] {standard_task_runner.py:52} INFO - Started process 1065110 to run task
[2024-11-05 15:39:23,217] {standard_task_runner.py:79} INFO - Running: ['airflow', 'tasks', 'run', 'dados_climaticos', 'extrai_dados', 'scheduled__2024-10-28T00:00:00+00:00', '--job-id', '14', '--raw', '--subdir', 'DAGS_FOLDER/dados_climaticos_dag.py', '--cfg-path', '/tmp/tmpp551bmgg', '--error-file', '/tmp/tmp8k7nsh22']
[2024-11-05 15:39:23,218] {standard_task_runner.py:80} INFO - Job 14: Subtask extrai_dados
[2024-11-05 15:39:23,466] {task_command.py:370} INFO - Running <TaskInstance: dados_climaticos.extrai_dados scheduled__2024-10-28T00:00:00+00:00 [running]> on host paula-Aspire-E5-573G
[2024-11-05 15:39:24,558] {taskinstance.py:1569} INFO - Exporting the following env vars:
AIRFLOW_CTX_DAG_OWNER=airflow
AIRFLOW_CTX_DAG_ID=dados_climaticos
AIRFLOW_CTX_TASK_ID=extrai_dados
AIRFLOW_CTX_EXECUTION_DATE=2024-10-28T00:00:00+00:00
AIRFLOW_CTX_TRY_NUMBER=1
AIRFLOW_CTX_DAG_RUN_ID=scheduled__2024-10-28T00:00:00+00:00
[2024-11-05 15:39:27,596] {python.py:173} INFO - Done. Returned value was: None
[2024-11-05 15:39:27,610] {taskinstance.py:1395} INFO - Marking task as SUCCESS. dag_id=dados_climaticos, task_id=extrai_dados, execution_date=20241028T000000, start_date=20241105T183922, end_date=20241105T183927
[2024-11-05 15:39:27,855] {local_task_job.py:156} INFO - Task exited with return code 0
[2024-11-05 15:39:27,875] {local_task_job.py:273} INFO - 0 downstream tasks scheduled from follow-on schedule check
